[OK] auto + cuda disponible -> cuda (preserva comportamiento actual)
[OK] auto + sin cuda + xpu -> xpu
[OK] auto sin aceleradores -> cpu
[OK] device='cpu' fuerza cpu aunque haya acelerador
[OK] device='xpu' con xpu disponible -> xpu
[OK] pedir un backend ausente levanta RuntimeError (no cae en silencio)
[OK] device desconocido -> ValueError
[OK] pin_memory: True en cuda/xpu, False en cpu
[OK] synchronize(cpu) es no-op
[OK] seed_everything(42) reproduce la misma secuencia
[OK] pick_device('auto') real -> xpu

>>> DEVICE UTILS OK <<<
[OK] ${VAR} seteada -> se expande
[OK] ${VAR:-default} sin setear -> default (preserva login-1)
[OK] ${VAR:-default} seteada -> gana la variable
[OK] ${VAR} sin valor ni default -> RuntimeError nombrando la var
[OK] string sin variables -> intacto
[OK] expande recursivo en dict/lista y no toca int/bool/None
[OK] no muta el dict de entrada
[OK] config real sin NMR_DATA_DIR -> /home/lpassaglia.iquir/DB_200k (login-1 intacto)
[OK] config real con NMR_DATA_DIR -> ruta de Clementina

>>> CONFIG UTILS OK <<<
[OK] forward -> (4, 19)
[OK] molecula sin picos -> sin NaN/Inf
[OK] invariante a permutacion de los picos
[OK] parametros = 70,163 (chico por diseno)

>>> SMOKE SET TRANSFORMER E3 OK <<<
[OK] autoverificacion: el test detecta diferencias reales

--- Comparando CPU contra XPU (atol=2e-05, rtol=0.0001) ---
    forward: max|dif|=7.451e-08  media=2.212e-08
[OK] paridad forward CPU <-> XPU
    molecula vacia: max|dif|=7.451e-08  media=2.068e-08
[OK] paridad con moleculas sin picos (atencion 100% enmascarada)
    gradientes: max|dif|=3.027e-09  media=5.686e-11
[OK] paridad de gradientes CPU <-> XPU
[OK] XPU es determinista entre corridas

>>> PARIDAD CPU <-> XPU OK <<<
--- Dispositivo visible para PyTorch ---
torch 2.13.0+xpu
xpu? True
n_dev 2
--- ENTRENAMIENTO EXP E FASE 3 (settransformer): nmr_202k_e3_settransformer_2sets_19v ---
[INFO] Dispositivo: xpu
[INFO] Extrayendo formulas moleculares (C,H,N,O,S,Hal)...
[INFO] Formulas moleculares cargadas.
[INFO] Split congelado: SMILES invalidos=0 | train=187314 (leak removido=723, train_fraction=1.0) | val=14428
[INFO] Parametros totales del modelo (settransformer): 70,163 (chico por diseno; V10 ~8,603,299)
[INFO] Scheduler: patience=8, factor=0.7

[START] 100 epochs...
  Epoch [1/100] Batch 0/2927 Loss: 41.1624
  Epoch [1/100] Batch 200/2927 Loss: 0.4883
  Epoch [1/100] Batch 400/2927 Loss: 0.3510
  Epoch [1/100] Batch 600/2927 Loss: 0.3780
  Epoch [1/100] Batch 800/2927 Loss: 0.2191
  Epoch [1/100] Batch 1000/2927 Loss: 0.2565
  Epoch [1/100] Batch 1200/2927 Loss: 0.1771
  Epoch [1/100] Batch 1400/2927 Loss: 0.2077
  Epoch [1/100] Batch 1600/2927 Loss: 0.1669
  Epoch [1/100] Batch 1800/2927 Loss: 0.1365
  Epoch [1/100] Batch 2000/2927 Loss: 0.1968
  Epoch [1/100] Batch 2200/2927 Loss: 0.3115
  Epoch [1/100] Batch 2400/2927 Loss: 0.1409
  Epoch [1/100] Batch 2600/2927 Loss: 0.1771
  Epoch [1/100] Batch 2800/2927 Loss: 0.1095
[EPOCH 1] Train: 0.3289 | Val: 0.0984 | LR: 0.001000 | Time: 44.0s
[SAVE] Nuevo mejor modelo!
  Epoch [2/100] Batch 0/2927 Loss: 0.1124
  Epoch [2/100] Batch 200/2927 Loss: 0.1154
  Epoch [2/100] Batch 400/2927 Loss: 0.1026
  Epoch [2/100] Batch 600/2927 Loss: 0.1243
  Epoch [2/100] Batch 800/2927 Loss: 0.1043
  Epoch [2/100] Batch 1000/2927 Loss: 0.1490
  Epoch [2/100] Batch 1200/2927 Loss: 0.0758
  Epoch [2/100] Batch 1400/2927 Loss: 0.1270
  Epoch [2/100] Batch 1600/2927 Loss: 0.0643
  Epoch [2/100] Batch 1800/2927 Loss: 0.1030
  Epoch [2/100] Batch 2000/2927 Loss: 0.0666
  Epoch [2/100] Batch 2200/2927 Loss: 0.0749
  Epoch [2/100] Batch 2400/2927 Loss: 0.0479
  Epoch [2/100] Batch 2600/2927 Loss: 0.0612
  Epoch [2/100] Batch 2800/2927 Loss: 0.0652
[EPOCH 2] Train: 0.0819 | Val: 0.0497 | LR: 0.001000 | Time: 41.7s
[SAVE] Nuevo mejor modelo!
  Epoch [3/100] Batch 0/2927 Loss: 0.0637
  Epoch [3/100] Batch 200/2927 Loss: 0.0746
  Epoch [3/100] Batch 400/2927 Loss: 0.0446
  Epoch [3/100] Batch 600/2927 Loss: 0.0368
  Epoch [3/100] Batch 800/2927 Loss: 0.0563
  Epoch [3/100] Batch 1000/2927 Loss: 0.0405
  Epoch [3/100] Batch 1200/2927 Loss: 0.0490
  Epoch [3/100] Batch 1400/2927 Loss: 0.0503
  Epoch [3/100] Batch 1600/2927 Loss: 0.0431
  Epoch [3/100] Batch 1800/2927 Loss: 0.0635
  Epoch [3/100] Batch 2000/2927 Loss: 0.0558
  Epoch [3/100] Batch 2200/2927 Loss: 0.0458
  Epoch [3/100] Batch 2400/2927 Loss: 0.0482
  Epoch [3/100] Batch 2600/2927 Loss: 0.0431
  Epoch [3/100] Batch 2800/2927 Loss: 0.0373
[EPOCH 3] Train: 0.0524 | Val: 0.0361 | LR: 0.001000 | Time: 41.8s
[SAVE] Nuevo mejor modelo!
  Epoch [4/100] Batch 0/2927 Loss: 0.0526
  Epoch [4/100] Batch 200/2927 Loss: 0.0423
  Epoch [4/100] Batch 400/2927 Loss: 0.0469
  Epoch [4/100] Batch 600/2927 Loss: 0.0527
  Epoch [4/100] Batch 800/2927 Loss: 0.0298
  Epoch [4/100] Batch 1000/2927 Loss: 0.0501
  Epoch [4/100] Batch 1200/2927 Loss: 0.0409
  Epoch [4/100] Batch 1400/2927 Loss: 0.0296
  Epoch [4/100] Batch 1600/2927 Loss: 0.0670
  Epoch [4/100] Batch 1800/2927 Loss: 0.0359
  Epoch [4/100] Batch 2000/2927 Loss: 0.0421
  Epoch [4/100] Batch 2200/2927 Loss: 0.0388
  Epoch [4/100] Batch 2400/2927 Loss: 0.0454
  Epoch [4/100] Batch 2600/2927 Loss: 0.0418
  Epoch [4/100] Batch 2800/2927 Loss: 0.0378
[EPOCH 4] Train: 0.0429 | Val: 0.0314 | LR: 0.001000 | Time: 41.8s
[SAVE] Nuevo mejor modelo!
  Epoch [5/100] Batch 0/2927 Loss: 0.0296
  Epoch [5/100] Batch 200/2927 Loss: 0.0504
  Epoch [5/100] Batch 400/2927 Loss: 0.0350
  Epoch [5/100] Batch 600/2927 Loss: 0.0281
  Epoch [5/100] Batch 800/2927 Loss: 0.0364
  Epoch [5/100] Batch 1000/2927 Loss: 0.0275
  Epoch [5/100] Batch 1200/2927 Loss: 0.0307
  Epoch [5/100] Batch 1400/2927 Loss: 0.0597
  Epoch [5/100] Batch 1600/2927 Loss: 0.0372
  Epoch [5/100] Batch 1800/2927 Loss: 0.0281
  Epoch [5/100] Batch 2000/2927 Loss: 0.0473
  Epoch [5/100] Batch 2200/2927 Loss: 0.0219
  Epoch [5/100] Batch 2400/2927 Loss: 0.0385
  Epoch [5/100] Batch 2600/2927 Loss: 0.0234
  Epoch [5/100] Batch 2800/2927 Loss: 0.0474
[EPOCH 5] Train: 0.0377 | Val: 0.0298 | LR: 0.001000 | Time: 41.7s
[SAVE] Nuevo mejor modelo!
  Epoch [6/100] Batch 0/2927 Loss: 0.0400
  Epoch [6/100] Batch 200/2927 Loss: 0.0341
  Epoch [6/100] Batch 400/2927 Loss: 0.0354
  Epoch [6/100] Batch 600/2927 Loss: 0.0340
  Epoch [6/100] Batch 800/2927 Loss: 0.0280
  Epoch [6/100] Batch 1000/2927 Loss: 0.0315
  Epoch [6/100] Batch 1200/2927 Loss: 0.0208
  Epoch [6/100] Batch 1400/2927 Loss: 0.0307
  Epoch [6/100] Batch 1600/2927 Loss: 0.0383
  Epoch [6/100] Batch 1800/2927 Loss: 0.0343
  Epoch [6/100] Batch 2000/2927 Loss: 0.0216
  Epoch [6/100] Batch 2200/2927 Loss: 0.0389
  Epoch [6/100] Batch 2400/2927 Loss: 0.0504
  Epoch [6/100] Batch 2600/2927 Loss: 0.0240
  Epoch [6/100] Batch 2800/2927 Loss: 0.0284
[EPOCH 6] Train: 0.0349 | Val: 0.0258 | LR: 0.001000 | Time: 41.6s
[SAVE] Nuevo mejor modelo!
  Epoch [7/100] Batch 0/2927 Loss: 0.0348
  Epoch [7/100] Batch 200/2927 Loss: 0.1686
  Epoch [7/100] Batch 400/2927 Loss: 0.0318
  Epoch [7/100] Batch 600/2927 Loss: 0.0385
  Epoch [7/100] Batch 800/2927 Loss: 0.0335
  Epoch [7/100] Batch 1000/2927 Loss: 0.0266
  Epoch [7/100] Batch 1200/2927 Loss: 0.0392
  Epoch [7/100] Batch 1400/2927 Loss: 0.0274
  Epoch [7/100] Batch 1600/2927 Loss: 0.0339
  Epoch [7/100] Batch 1800/2927 Loss: 0.0220
  Epoch [7/100] Batch 2000/2927 Loss: 0.0348
  Epoch [7/100] Batch 2200/2927 Loss: 0.0303
  Epoch [7/100] Batch 2400/2927 Loss: 0.0311
  Epoch [7/100] Batch 2600/2927 Loss: 0.0294
  Epoch [7/100] Batch 2800/2927 Loss: 0.0289
[EPOCH 7] Train: 0.0322 | Val: 0.0230 | LR: 0.001000 | Time: 41.6s
[SAVE] Nuevo mejor modelo!
  Epoch [8/100] Batch 0/2927 Loss: 0.0296
  Epoch [8/100] Batch 200/2927 Loss: 0.0430
  Epoch [8/100] Batch 400/2927 Loss: 0.0301
  Epoch [8/100] Batch 600/2927 Loss: 0.0335
  Epoch [8/100] Batch 800/2927 Loss: 0.0227
  Epoch [8/100] Batch 1000/2927 Loss: 0.0332
  Epoch [8/100] Batch 1200/2927 Loss: 0.0266
  Epoch [8/100] Batch 1400/2927 Loss: 0.0314
  Epoch [8/100] Batch 1600/2927 Loss: 0.0228
  Epoch [8/100] Batch 1800/2927 Loss: 0.0245
  Epoch [8/100] Batch 2000/2927 Loss: 0.0348
  Epoch [8/100] Batch 2200/2927 Loss: 0.0201
  Epoch [8/100] Batch 2400/2927 Loss: 0.0326
  Epoch [8/100] Batch 2600/2927 Loss: 0.0539
  Epoch [8/100] Batch 2800/2927 Loss: 0.0306
[EPOCH 8] Train: 0.0301 | Val: 0.0218 | LR: 0.001000 | Time: 41.6s
[SAVE] Nuevo mejor modelo!
  Epoch [9/100] Batch 0/2927 Loss: 0.0163
  Epoch [9/100] Batch 200/2927 Loss: 0.0397
  Epoch [9/100] Batch 400/2927 Loss: 0.0211
  Epoch [9/100] Batch 600/2927 Loss: 0.0303
  Epoch [9/100] Batch 800/2927 Loss: 0.0248
  Epoch [9/100] Batch 1000/2927 Loss: 0.0259
  Epoch [9/100] Batch 1200/2927 Loss: 0.0253
  Epoch [9/100] Batch 1400/2927 Loss: 0.0360
  Epoch [9/100] Batch 1600/2927 Loss: 0.0222
  Epoch [9/100] Batch 1800/2927 Loss: 0.0360
  Epoch [9/100] Batch 2000/2927 Loss: 0.0231
  Epoch [9/100] Batch 2200/2927 Loss: 0.0364
  Epoch [9/100] Batch 2400/2927 Loss: 0.0240
  Epoch [9/100] Batch 2600/2927 Loss: 0.0347
  Epoch [9/100] Batch 2800/2927 Loss: 0.0209
[EPOCH 9] Train: 0.0287 | Val: 0.0217 | LR: 0.001000 | Time: 41.6s
[SAVE] Nuevo mejor modelo!
  Epoch [10/100] Batch 0/2927 Loss: 0.0228
  Epoch [10/100] Batch 200/2927 Loss: 0.0158
  Epoch [10/100] Batch 400/2927 Loss: 0.0224
  Epoch [10/100] Batch 600/2927 Loss: 0.0233
  Epoch [10/100] Batch 800/2927 Loss: 0.0332
  Epoch [10/100] Batch 1000/2927 Loss: 0.0198
  Epoch [10/100] Batch 1200/2927 Loss: 0.0205
  Epoch [10/100] Batch 1400/2927 Loss: 0.0296
  Epoch [10/100] Batch 1600/2927 Loss: 0.0215
  Epoch [10/100] Batch 1800/2927 Loss: 0.0215
  Epoch [10/100] Batch 2000/2927 Loss: 0.0359
  Epoch [10/100] Batch 2200/2927 Loss: 0.0268
  Epoch [10/100] Batch 2400/2927 Loss: 0.0442
  Epoch [10/100] Batch 2600/2927 Loss: 0.0266
  Epoch [10/100] Batch 2800/2927 Loss: 0.0225
[EPOCH 10] Train: 0.0280 | Val: 0.0211 | LR: 0.001000 | Time: 41.6s
[SAVE] Nuevo mejor modelo!
  Epoch [11/100] Batch 0/2927 Loss: 0.0286
  Epoch [11/100] Batch 200/2927 Loss: 0.0223
  Epoch [11/100] Batch 400/2927 Loss: 0.0246
  Epoch [11/100] Batch 600/2927 Loss: 0.0268
  Epoch [11/100] Batch 800/2927 Loss: 0.0257
  Epoch [11/100] Batch 1000/2927 Loss: 0.0391
  Epoch [11/100] Batch 1200/2927 Loss: 0.0198
  Epoch [11/100] Batch 1400/2927 Loss: 0.0195
  Epoch [11/100] Batch 1600/2927 Loss: 0.0242
  Epoch [11/100] Batch 1800/2927 Loss: 0.0305
  Epoch [11/100] Batch 2000/2927 Loss: 0.0211
  Epoch [11/100] Batch 2200/2927 Loss: 0.0321
  Epoch [11/100] Batch 2400/2927 Loss: 0.0195
  Epoch [11/100] Batch 2600/2927 Loss: 0.0295
  Epoch [11/100] Batch 2800/2927 Loss: 0.0398
[EPOCH 11] Train: 0.0260 | Val: 0.0195 | LR: 0.001000 | Time: 41.6s
[SAVE] Nuevo mejor modelo!
  Epoch [12/100] Batch 0/2927 Loss: 0.0290
  Epoch [12/100] Batch 200/2927 Loss: 0.0540
  Epoch [12/100] Batch 400/2927 Loss: 0.0292
  Epoch [12/100] Batch 600/2927 Loss: 0.0221
  Epoch [12/100] Batch 800/2927 Loss: 0.0316
  Epoch [12/100] Batch 1000/2927 Loss: 0.0266
  Epoch [12/100] Batch 1200/2927 Loss: 0.0171
  Epoch [12/100] Batch 1400/2927 Loss: 0.0230
  Epoch [12/100] Batch 1600/2927 Loss: 0.0252
  Epoch [12/100] Batch 1800/2927 Loss: 0.0211
  Epoch [12/100] Batch 2000/2927 Loss: 0.0205
  Epoch [12/100] Batch 2200/2927 Loss: 0.0205
  Epoch [12/100] Batch 2400/2927 Loss: 0.0298
  Epoch [12/100] Batch 2600/2927 Loss: 0.0337
  Epoch [12/100] Batch 2800/2927 Loss: 0.0242
[EPOCH 12] Train: 0.0253 | Val: 0.0178 | LR: 0.001000 | Time: 41.7s
[SAVE] Nuevo mejor modelo!
  Epoch [13/100] Batch 0/2927 Loss: 0.0173
  Epoch [13/100] Batch 200/2927 Loss: 0.0279
  Epoch [13/100] Batch 400/2927 Loss: 0.0191
  Epoch [13/100] Batch 600/2927 Loss: 0.0206
  Epoch [13/100] Batch 800/2927 Loss: 0.0247
  Epoch [13/100] Batch 1000/2927 Loss: 0.0207
  Epoch [13/100] Batch 1200/2927 Loss: 0.0376
  Epoch [13/100] Batch 1400/2927 Loss: 0.0157
  Epoch [13/100] Batch 1600/2927 Loss: 0.0286
  Epoch [13/100] Batch 1800/2927 Loss: 0.0181
  Epoch [13/100] Batch 2000/2927 Loss: 0.0236
  Epoch [13/100] Batch 2200/2927 Loss: 0.0215
  Epoch [13/100] Batch 2400/2927 Loss: 0.0164
  Epoch [13/100] Batch 2600/2927 Loss: 0.0256
  Epoch [13/100] Batch 2800/2927 Loss: 0.0226
[EPOCH 13] Train: 0.0243 | Val: 0.0178 | LR: 0.001000 | Time: 41.8s
  Epoch [14/100] Batch 0/2927 Loss: 0.0195
  Epoch [14/100] Batch 200/2927 Loss: 0.0230
  Epoch [14/100] Batch 400/2927 Loss: 0.0251
  Epoch [14/100] Batch 600/2927 Loss: 0.0220
  Epoch [14/100] Batch 800/2927 Loss: 0.0160
  Epoch [14/100] Batch 1000/2927 Loss: 0.0246
  Epoch [14/100] Batch 1200/2927 Loss: 0.0169
  Epoch [14/100] Batch 1400/2927 Loss: 0.0253
  Epoch [14/100] Batch 1600/2927 Loss: 0.0177
  Epoch [14/100] Batch 1800/2927 Loss: 0.0256
  Epoch [14/100] Batch 2000/2927 Loss: 0.0220
  Epoch [14/100] Batch 2200/2927 Loss: 0.0192
  Epoch [14/100] Batch 2400/2927 Loss: 0.0199
  Epoch [14/100] Batch 2600/2927 Loss: 0.0333
  Epoch [14/100] Batch 2800/2927 Loss: 0.0208
[EPOCH 14] Train: 0.0238 | Val: 0.0162 | LR: 0.001000 | Time: 41.8s
[SAVE] Nuevo mejor modelo!
  Epoch [15/100] Batch 0/2927 Loss: 0.0184
  Epoch [15/100] Batch 200/2927 Loss: 0.0159
  Epoch [15/100] Batch 400/2927 Loss: 0.0142
  Epoch [15/100] Batch 600/2927 Loss: 0.0268
  Epoch [15/100] Batch 800/2927 Loss: 0.0278
  Epoch [15/100] Batch 1000/2927 Loss: 0.0210
  Epoch [15/100] Batch 1200/2927 Loss: 0.0183
  Epoch [15/100] Batch 1400/2927 Loss: 0.0225
  Epoch [15/100] Batch 1600/2927 Loss: 0.0690
  Epoch [15/100] Batch 1800/2927 Loss: 0.0213
  Epoch [15/100] Batch 2000/2927 Loss: 0.0132
  Epoch [15/100] Batch 2200/2927 Loss: 0.0186
  Epoch [15/100] Batch 2400/2927 Loss: 0.0202
  Epoch [15/100] Batch 2600/2927 Loss: 0.0153
  Epoch [15/100] Batch 2800/2927 Loss: 0.0314
[EPOCH 15] Train: 0.0229 | Val: 0.0178 | LR: 0.001000 | Time: 41.9s
  Epoch [16/100] Batch 0/2927 Loss: 0.0133
  Epoch [16/100] Batch 200/2927 Loss: 0.0211
  Epoch [16/100] Batch 400/2927 Loss: 0.0255
  Epoch [16/100] Batch 600/2927 Loss: 0.0264
  Epoch [16/100] Batch 800/2927 Loss: 0.0166
  Epoch [16/100] Batch 1000/2927 Loss: 0.0216
  Epoch [16/100] Batch 1200/2927 Loss: 0.0160
  Epoch [16/100] Batch 1400/2927 Loss: 0.0238
  Epoch [16/100] Batch 1600/2927 Loss: 0.0236
  Epoch [16/100] Batch 1800/2927 Loss: 0.0202
  Epoch [16/100] Batch 2000/2927 Loss: 0.0134
  Epoch [16/100] Batch 2200/2927 Loss: 0.0193
  Epoch [16/100] Batch 2400/2927 Loss: 0.0253
  Epoch [16/100] Batch 2600/2927 Loss: 0.0199
  Epoch [16/100] Batch 2800/2927 Loss: 0.0413
[EPOCH 16] Train: 0.0223 | Val: 0.0164 | LR: 0.001000 | Time: 42.0s
  Epoch [17/100] Batch 0/2927 Loss: 0.0204
  Epoch [17/100] Batch 200/2927 Loss: 0.0268
  Epoch [17/100] Batch 400/2927 Loss: 0.0180
  Epoch [17/100] Batch 600/2927 Loss: 0.0195
  Epoch [17/100] Batch 800/2927 Loss: 0.0132
  Epoch [17/100] Batch 1000/2927 Loss: 0.0354
  Epoch [17/100] Batch 1200/2927 Loss: 0.0195
  Epoch [17/100] Batch 1400/2927 Loss: 0.0307
  Epoch [17/100] Batch 1600/2927 Loss: 0.0152
  Epoch [17/100] Batch 1800/2927 Loss: 0.0196
  Epoch [17/100] Batch 2000/2927 Loss: 0.0169
  Epoch [17/100] Batch 2200/2927 Loss: 0.0266
  Epoch [17/100] Batch 2400/2927 Loss: 0.0369
  Epoch [17/100] Batch 2600/2927 Loss: 0.0163
  Epoch [17/100] Batch 2800/2927 Loss: 0.0191
[EPOCH 17] Train: 0.0217 | Val: 0.0159 | LR: 0.001000 | Time: 42.1s
[SAVE] Nuevo mejor modelo!
  Epoch [18/100] Batch 0/2927 Loss: 0.0141
  Epoch [18/100] Batch 200/2927 Loss: 0.0241
  Epoch [18/100] Batch 400/2927 Loss: 0.0169
  Epoch [18/100] Batch 600/2927 Loss: 0.0201
  Epoch [18/100] Batch 800/2927 Loss: 0.0193
  Epoch [18/100] Batch 1000/2927 Loss: 0.0250
  Epoch [18/100] Batch 1200/2927 Loss: 0.0274
  Epoch [18/100] Batch 1400/2927 Loss: 0.0113
  Epoch [18/100] Batch 1600/2927 Loss: 0.0104
  Epoch [18/100] Batch 1800/2927 Loss: 0.0207
  Epoch [18/100] Batch 2000/2927 Loss: 0.0145
  Epoch [18/100] Batch 2200/2927 Loss: 0.0183
  Epoch [18/100] Batch 2400/2927 Loss: 0.0208
  Epoch [18/100] Batch 2600/2927 Loss: 0.0162
  Epoch [18/100] Batch 2800/2927 Loss: 0.0221
[EPOCH 18] Train: 0.0213 | Val: 0.0158 | LR: 0.001000 | Time: 42.1s
[SAVE] Nuevo mejor modelo!
  Epoch [19/100] Batch 0/2927 Loss: 0.0213
  Epoch [19/100] Batch 200/2927 Loss: 0.0156
  Epoch [19/100] Batch 400/2927 Loss: 0.0208
  Epoch [19/100] Batch 600/2927 Loss: 0.0199
  Epoch [19/100] Batch 800/2927 Loss: 0.0225
  Epoch [19/100] Batch 1000/2927 Loss: 0.0255
  Epoch [19/100] Batch 1200/2927 Loss: 0.0253
  Epoch [19/100] Batch 1400/2927 Loss: 0.0175
  Epoch [19/100] Batch 1600/2927 Loss: 0.0224
  Epoch [19/100] Batch 1800/2927 Loss: 0.0220
  Epoch [19/100] Batch 2000/2927 Loss: 0.0167
  Epoch [19/100] Batch 2200/2927 Loss: 0.0150
  Epoch [19/100] Batch 2400/2927 Loss: 0.0182
  Epoch [19/100] Batch 2600/2927 Loss: 0.0263
  Epoch [19/100] Batch 2800/2927 Loss: 0.0136
[EPOCH 19] Train: 0.0211 | Val: 0.0154 | LR: 0.001000 | Time: 42.2s
[SAVE] Nuevo mejor modelo!
  Epoch [20/100] Batch 0/2927 Loss: 0.0169
  Epoch [20/100] Batch 200/2927 Loss: 0.0269
  Epoch [20/100] Batch 400/2927 Loss: 0.0165
  Epoch [20/100] Batch 600/2927 Loss: 0.0154
  Epoch [20/100] Batch 800/2927 Loss: 0.0204
  Epoch [20/100] Batch 1000/2927 Loss: 0.0238
  Epoch [20/100] Batch 1200/2927 Loss: 0.0335
  Epoch [20/100] Batch 1400/2927 Loss: 0.0244
  Epoch [20/100] Batch 1600/2927 Loss: 0.0099
  Epoch [20/100] Batch 1800/2927 Loss: 0.0217
  Epoch [20/100] Batch 2000/2927 Loss: 0.0212
  Epoch [20/100] Batch 2200/2927 Loss: 0.0121
  Epoch [20/100] Batch 2400/2927 Loss: 0.0145
  Epoch [20/100] Batch 2600/2927 Loss: 0.0165
  Epoch [20/100] Batch 2800/2927 Loss: 0.0189
[EPOCH 20] Train: 0.0203 | Val: 0.0149 | LR: 0.001000 | Time: 42.2s
[SAVE] Nuevo mejor modelo!
  Epoch [21/100] Batch 0/2927 Loss: 0.0229
  Epoch [21/100] Batch 200/2927 Loss: 0.0124
  Epoch [21/100] Batch 400/2927 Loss: 0.0234
  Epoch [21/100] Batch 600/2927 Loss: 0.0215
  Epoch [21/100] Batch 800/2927 Loss: 0.0282
  Epoch [21/100] Batch 1000/2927 Loss: 0.0284
  Epoch [21/100] Batch 1200/2927 Loss: 0.0241
  Epoch [21/100] Batch 1400/2927 Loss: 0.0192
  Epoch [21/100] Batch 1600/2927 Loss: 0.0216
  Epoch [21/100] Batch 1800/2927 Loss: 0.0232
  Epoch [21/100] Batch 2000/2927 Loss: 0.0210
  Epoch [21/100] Batch 2200/2927 Loss: 0.0234
  Epoch [21/100] Batch 2400/2927 Loss: 0.0273
  Epoch [21/100] Batch 2600/2927 Loss: 0.0168
  Epoch [21/100] Batch 2800/2927 Loss: 0.0227
[EPOCH 21] Train: 0.0200 | Val: 0.0141 | LR: 0.001000 | Time: 42.3s
[SAVE] Nuevo mejor modelo!
  Epoch [22/100] Batch 0/2927 Loss: 0.0098
  Epoch [22/100] Batch 200/2927 Loss: 0.0371
  Epoch [22/100] Batch 400/2927 Loss: 0.0134
  Epoch [22/100] Batch 600/2927 Loss: 0.0236
  Epoch [22/100] Batch 800/2927 Loss: 0.0147
  Epoch [22/100] Batch 1000/2927 Loss: 0.0223
  Epoch [22/100] Batch 1200/2927 Loss: 0.0206
  Epoch [22/100] Batch 1400/2927 Loss: 0.0155
  Epoch [22/100] Batch 1600/2927 Loss: 0.0202
  Epoch [22/100] Batch 1800/2927 Loss: 0.0251
  Epoch [22/100] Batch 2000/2927 Loss: 0.0161
  Epoch [22/100] Batch 2200/2927 Loss: 0.0174
  Epoch [22/100] Batch 2400/2927 Loss: 0.0217
  Epoch [22/100] Batch 2600/2927 Loss: 0.0144
  Epoch [22/100] Batch 2800/2927 Loss: 0.0140
[EPOCH 22] Train: 0.0202 | Val: 0.0139 | LR: 0.001000 | Time: 42.3s
[SAVE] Nuevo mejor modelo!
  Epoch [23/100] Batch 0/2927 Loss: 0.0170
  Epoch [23/100] Batch 200/2927 Loss: 0.0187
  Epoch [23/100] Batch 400/2927 Loss: 0.0209
  Epoch [23/100] Batch 600/2927 Loss: 0.0168
  Epoch [23/100] Batch 800/2927 Loss: 0.0181
  Epoch [23/100] Batch 1000/2927 Loss: 0.0139
  Epoch [23/100] Batch 1200/2927 Loss: 0.0147
  Epoch [23/100] Batch 1400/2927 Loss: 0.0225
  Epoch [23/100] Batch 1600/2927 Loss: 0.0096
  Epoch [23/100] Batch 1800/2927 Loss: 0.0246
  Epoch [23/100] Batch 2000/2927 Loss: 0.0205
  Epoch [23/100] Batch 2200/2927 Loss: 0.0214
  Epoch [23/100] Batch 2400/2927 Loss: 0.0160
  Epoch [23/100] Batch 2600/2927 Loss: 0.0245
  Epoch [23/100] Batch 2800/2927 Loss: 0.0202
[EPOCH 23] Train: 0.0193 | Val: 0.0147 | LR: 0.001000 | Time: 42.4s
  Epoch [24/100] Batch 0/2927 Loss: 0.0147
  Epoch [24/100] Batch 200/2927 Loss: 0.0145
  Epoch [24/100] Batch 400/2927 Loss: 0.0180
  Epoch [24/100] Batch 600/2927 Loss: 0.0146
  Epoch [24/100] Batch 800/2927 Loss: 0.0119
  Epoch [24/100] Batch 1000/2927 Loss: 0.0178
  Epoch [24/100] Batch 1200/2927 Loss: 0.0203
  Epoch [24/100] Batch 1400/2927 Loss: 0.0196
  Epoch [24/100] Batch 1600/2927 Loss: 0.0212
  Epoch [24/100] Batch 1800/2927 Loss: 0.0128
  Epoch [24/100] Batch 2000/2927 Loss: 0.0161
  Epoch [24/100] Batch 2200/2927 Loss: 0.0209
  Epoch [24/100] Batch 2400/2927 Loss: 0.0151
  Epoch [24/100] Batch 2600/2927 Loss: 0.0310
  Epoch [24/100] Batch 2800/2927 Loss: 0.0327
[EPOCH 24] Train: 0.0193 | Val: 0.0146 | LR: 0.001000 | Time: 42.4s
  Epoch [25/100] Batch 0/2927 Loss: 0.0227
  Epoch [25/100] Batch 200/2927 Loss: 0.0346
  Epoch [25/100] Batch 400/2927 Loss: 0.0261
  Epoch [25/100] Batch 600/2927 Loss: 0.0328
  Epoch [25/100] Batch 800/2927 Loss: 0.0142
  Epoch [25/100] Batch 1000/2927 Loss: 0.0094
  Epoch [25/100] Batch 1200/2927 Loss: 0.0253
  Epoch [25/100] Batch 1400/2927 Loss: 0.0171
  Epoch [25/100] Batch 1600/2927 Loss: 0.0208
  Epoch [25/100] Batch 1800/2927 Loss: 0.0160
  Epoch [25/100] Batch 2000/2927 Loss: 0.0168
  Epoch [25/100] Batch 2200/2927 Loss: 0.0146
  Epoch [25/100] Batch 2400/2927 Loss: 0.0202
  Epoch [25/100] Batch 2600/2927 Loss: 0.0160
  Epoch [25/100] Batch 2800/2927 Loss: 0.0160
[EPOCH 25] Train: 0.0189 | Val: 0.0141 | LR: 0.001000 | Time: 42.4s
  Epoch [26/100] Batch 0/2927 Loss: 0.0125
  Epoch [26/100] Batch 200/2927 Loss: 0.0230
  Epoch [26/100] Batch 400/2927 Loss: 0.0267
  Epoch [26/100] Batch 600/2927 Loss: 0.0180
  Epoch [26/100] Batch 800/2927 Loss: 0.0214
  Epoch [26/100] Batch 1000/2927 Loss: 0.0200
  Epoch [26/100] Batch 1200/2927 Loss: 0.0190
  Epoch [26/100] Batch 1400/2927 Loss: 0.0129
  Epoch [26/100] Batch 1600/2927 Loss: 0.0280
  Epoch [26/100] Batch 1800/2927 Loss: 0.0387
  Epoch [26/100] Batch 2000/2927 Loss: 0.0172
  Epoch [26/100] Batch 2200/2927 Loss: 0.0293
  Epoch [26/100] Batch 2400/2927 Loss: 0.0186
  Epoch [26/100] Batch 2600/2927 Loss: 0.0229
  Epoch [26/100] Batch 2800/2927 Loss: 0.0118
[EPOCH 26] Train: 0.0187 | Val: 0.0138 | LR: 0.001000 | Time: 42.5s
[SAVE] Nuevo mejor modelo!
  Epoch [27/100] Batch 0/2927 Loss: 0.0145
  Epoch [27/100] Batch 200/2927 Loss: 0.0165
  Epoch [27/100] Batch 400/2927 Loss: 0.0119
  Epoch [27/100] Batch 600/2927 Loss: 0.0140
  Epoch [27/100] Batch 800/2927 Loss: 0.0133
  Epoch [27/100] Batch 1000/2927 Loss: 0.0188
  Epoch [27/100] Batch 1200/2927 Loss: 0.0236
  Epoch [27/100] Batch 1400/2927 Loss: 0.0243
  Epoch [27/100] Batch 1600/2927 Loss: 0.0231
  Epoch [27/100] Batch 1800/2927 Loss: 0.0160
  Epoch [27/100] Batch 2000/2927 Loss: 0.0143
  Epoch [27/100] Batch 2200/2927 Loss: 0.0262
  Epoch [27/100] Batch 2400/2927 Loss: 0.0198
  Epoch [27/100] Batch 2600/2927 Loss: 0.0183
  Epoch [27/100] Batch 2800/2927 Loss: 0.0297
[EPOCH 27] Train: 0.0186 | Val: 0.0149 | LR: 0.001000 | Time: 42.5s
  Epoch [28/100] Batch 0/2927 Loss: 0.0334
  Epoch [28/100] Batch 200/2927 Loss: 0.0155
  Epoch [28/100] Batch 400/2927 Loss: 0.0108
  Epoch [28/100] Batch 600/2927 Loss: 0.0256
  Epoch [28/100] Batch 800/2927 Loss: 0.0171
  Epoch [28/100] Batch 1000/2927 Loss: 0.0211
  Epoch [28/100] Batch 1200/2927 Loss: 0.0230
  Epoch [28/100] Batch 1400/2927 Loss: 0.0248
  Epoch [28/100] Batch 1600/2927 Loss: 0.0234
  Epoch [28/100] Batch 1800/2927 Loss: 0.0158
  Epoch [28/100] Batch 2000/2927 Loss: 0.0232
  Epoch [28/100] Batch 2200/2927 Loss: 0.0182
  Epoch [28/100] Batch 2400/2927 Loss: 0.0174
  Epoch [28/100] Batch 2600/2927 Loss: 0.0148
  Epoch [28/100] Batch 2800/2927 Loss: 0.0189
[EPOCH 28] Train: 0.0181 | Val: 0.0130 | LR: 0.001000 | Time: 42.5s
[SAVE] Nuevo mejor modelo!
  Epoch [29/100] Batch 0/2927 Loss: 0.0190
  Epoch [29/100] Batch 200/2927 Loss: 0.0216
  Epoch [29/100] Batch 400/2927 Loss: 0.0142
  Epoch [29/100] Batch 600/2927 Loss: 0.0185
  Epoch [29/100] Batch 800/2927 Loss: 0.0186
  Epoch [29/100] Batch 1000/2927 Loss: 0.0144
  Epoch [29/100] Batch 1200/2927 Loss: 0.0179
  Epoch [29/100] Batch 1400/2927 Loss: 0.0090
  Epoch [29/100] Batch 1600/2927 Loss: 0.0222
  Epoch [29/100] Batch 1800/2927 Loss: 0.0139
  Epoch [29/100] Batch 2000/2927 Loss: 0.0180
  Epoch [29/100] Batch 2200/2927 Loss: 0.0152
  Epoch [29/100] Batch 2400/2927 Loss: 0.0211
  Epoch [29/100] Batch 2600/2927 Loss: 0.0148
  Epoch [29/100] Batch 2800/2927 Loss: 0.0123
[EPOCH 29] Train: 0.0180 | Val: 0.0131 | LR: 0.001000 | Time: 42.5s
  Epoch [30/100] Batch 0/2927 Loss: 0.0316
  Epoch [30/100] Batch 200/2927 Loss: 0.0144
  Epoch [30/100] Batch 400/2927 Loss: 0.0157
  Epoch [30/100] Batch 600/2927 Loss: 0.0234
  Epoch [30/100] Batch 800/2927 Loss: 0.0169
  Epoch [30/100] Batch 1000/2927 Loss: 0.0164
  Epoch [30/100] Batch 1200/2927 Loss: 0.0267
  Epoch [30/100] Batch 1400/2927 Loss: 0.0102
  Epoch [30/100] Batch 1600/2927 Loss: 0.0226
  Epoch [30/100] Batch 1800/2927 Loss: 0.0093
  Epoch [30/100] Batch 2000/2927 Loss: 0.0232
  Epoch [30/100] Batch 2200/2927 Loss: 0.0092
  Epoch [30/100] Batch 2400/2927 Loss: 0.0172
  Epoch [30/100] Batch 2600/2927 Loss: 0.0168
  Epoch [30/100] Batch 2800/2927 Loss: 0.0134
[EPOCH 30] Train: 0.0178 | Val: 0.0141 | LR: 0.001000 | Time: 42.5s
  Epoch [31/100] Batch 0/2927 Loss: 0.0134
  Epoch [31/100] Batch 200/2927 Loss: 0.0122
  Epoch [31/100] Batch 400/2927 Loss: 0.0134
  Epoch [31/100] Batch 600/2927 Loss: 0.0166
  Epoch [31/100] Batch 800/2927 Loss: 0.0199
  Epoch [31/100] Batch 1000/2927 Loss: 0.0169
  Epoch [31/100] Batch 1200/2927 Loss: 0.0065
  Epoch [31/100] Batch 1400/2927 Loss: 0.0151
  Epoch [31/100] Batch 1600/2927 Loss: 0.0170
  Epoch [31/100] Batch 1800/2927 Loss: 0.0139
  Epoch [31/100] Batch 2000/2927 Loss: 0.0167
  Epoch [31/100] Batch 2200/2927 Loss: 0.0160
  Epoch [31/100] Batch 2400/2927 Loss: 0.0172
  Epoch [31/100] Batch 2600/2927 Loss: 0.0161
  Epoch [31/100] Batch 2800/2927 Loss: 0.0150
[EPOCH 31] Train: 0.0176 | Val: 0.0127 | LR: 0.001000 | Time: 42.6s
[SAVE] Nuevo mejor modelo!
  Epoch [32/100] Batch 0/2927 Loss: 0.0127
  Epoch [32/100] Batch 200/2927 Loss: 0.0213
  Epoch [32/100] Batch 400/2927 Loss: 0.0129
  Epoch [32/100] Batch 600/2927 Loss: 0.0206
  Epoch [32/100] Batch 800/2927 Loss: 0.0187
  Epoch [32/100] Batch 1000/2927 Loss: 0.0208
  Epoch [32/100] Batch 1200/2927 Loss: 0.0196
  Epoch [32/100] Batch 1400/2927 Loss: 0.0329
  Epoch [32/100] Batch 1600/2927 Loss: 0.0146
  Epoch [32/100] Batch 1800/2927 Loss: 0.0153
  Epoch [32/100] Batch 2000/2927 Loss: 0.0153
  Epoch [32/100] Batch 2200/2927 Loss: 0.0077
  Epoch [32/100] Batch 2400/2927 Loss: 0.0149
  Epoch [32/100] Batch 2600/2927 Loss: 0.0238
  Epoch [32/100] Batch 2800/2927 Loss: 0.0249
[EPOCH 32] Train: 0.0175 | Val: 0.0133 | LR: 0.001000 | Time: 42.6s
  Epoch [33/100] Batch 0/2927 Loss: 0.0186
  Epoch [33/100] Batch 200/2927 Loss: 0.0162
  Epoch [33/100] Batch 400/2927 Loss: 0.0174
  Epoch [33/100] Batch 600/2927 Loss: 0.0194
  Epoch [33/100] Batch 800/2927 Loss: 0.0186
  Epoch [33/100] Batch 1000/2927 Loss: 0.0126
  Epoch [33/100] Batch 1200/2927 Loss: 0.0204
  Epoch [33/100] Batch 1400/2927 Loss: 0.0098
  Epoch [33/100] Batch 1600/2927 Loss: 0.0121
  Epoch [33/100] Batch 1800/2927 Loss: 0.0111
  Epoch [33/100] Batch 2000/2927 Loss: 0.0097
  Epoch [33/100] Batch 2200/2927 Loss: 0.0259
  Epoch [33/100] Batch 2400/2927 Loss: 0.0176
  Epoch [33/100] Batch 2600/2927 Loss: 0.0225
  Epoch [33/100] Batch 2800/2927 Loss: 0.0152
[EPOCH 33] Train: 0.0172 | Val: 0.0125 | LR: 0.001000 | Time: 42.6s
[SAVE] Nuevo mejor modelo!
  Epoch [34/100] Batch 0/2927 Loss: 0.0186
  Epoch [34/100] Batch 200/2927 Loss: 0.0213
  Epoch [34/100] Batch 400/2927 Loss: 0.0247
  Epoch [34/100] Batch 600/2927 Loss: 0.0103
  Epoch [34/100] Batch 800/2927 Loss: 0.0149
  Epoch [34/100] Batch 1000/2927 Loss: 0.0117
  Epoch [34/100] Batch 1200/2927 Loss: 0.0237
  Epoch [34/100] Batch 1400/2927 Loss: 0.0195
  Epoch [34/100] Batch 1600/2927 Loss: 0.0212
  Epoch [34/100] Batch 1800/2927 Loss: 0.0335
  Epoch [34/100] Batch 2000/2927 Loss: 0.0206
  Epoch [34/100] Batch 2200/2927 Loss: 0.0184
  Epoch [34/100] Batch 2400/2927 Loss: 0.0114
  Epoch [34/100] Batch 2600/2927 Loss: 0.0163
  Epoch [34/100] Batch 2800/2927 Loss: 0.0210
[EPOCH 34] Train: 0.0172 | Val: 0.0126 | LR: 0.001000 | Time: 42.7s
  Epoch [35/100] Batch 0/2927 Loss: 0.0117
  Epoch [35/100] Batch 200/2927 Loss: 0.0183
  Epoch [35/100] Batch 400/2927 Loss: 0.0118
  Epoch [35/100] Batch 600/2927 Loss: 0.0102
  Epoch [35/100] Batch 800/2927 Loss: 0.0194
  Epoch [35/100] Batch 1000/2927 Loss: 0.0130
  Epoch [35/100] Batch 1200/2927 Loss: 0.0135
  Epoch [35/100] Batch 1400/2927 Loss: 0.0111
  Epoch [35/100] Batch 1600/2927 Loss: 0.0291
  Epoch [35/100] Batch 1800/2927 Loss: 0.0103
  Epoch [35/100] Batch 2000/2927 Loss: 0.0126
  Epoch [35/100] Batch 2200/2927 Loss: 0.0179
  Epoch [35/100] Batch 2400/2927 Loss: 0.0234
  Epoch [35/100] Batch 2600/2927 Loss: 0.0176
  Epoch [35/100] Batch 2800/2927 Loss: 0.0099
[EPOCH 35] Train: 0.0169 | Val: 0.0123 | LR: 0.001000 | Time: 42.7s
[SAVE] Nuevo mejor modelo!
  Epoch [36/100] Batch 0/2927 Loss: 0.0173
  Epoch [36/100] Batch 200/2927 Loss: 0.0386
  Epoch [36/100] Batch 400/2927 Loss: 0.0116
  Epoch [36/100] Batch 600/2927 Loss: 0.0186
  Epoch [36/100] Batch 800/2927 Loss: 0.0132
  Epoch [36/100] Batch 1000/2927 Loss: 0.0189
  Epoch [36/100] Batch 1200/2927 Loss: 0.0185
  Epoch [36/100] Batch 1400/2927 Loss: 0.0231
  Epoch [36/100] Batch 1600/2927 Loss: 0.0159
  Epoch [36/100] Batch 1800/2927 Loss: 0.0147
  Epoch [36/100] Batch 2000/2927 Loss: 0.0215
  Epoch [36/100] Batch 2200/2927 Loss: 0.0104
  Epoch [36/100] Batch 2400/2927 Loss: 0.0117
  Epoch [36/100] Batch 2600/2927 Loss: 0.0174
  Epoch [36/100] Batch 2800/2927 Loss: 0.0201
[EPOCH 36] Train: 0.0171 | Val: 0.0121 | LR: 0.001000 | Time: 42.7s
[SAVE] Nuevo mejor modelo!
  Epoch [37/100] Batch 0/2927 Loss: 0.0158
  Epoch [37/100] Batch 200/2927 Loss: 0.0144
  Epoch [37/100] Batch 400/2927 Loss: 0.0169
  Epoch [37/100] Batch 600/2927 Loss: 0.0121
  Epoch [37/100] Batch 800/2927 Loss: 0.0104
  Epoch [37/100] Batch 1000/2927 Loss: 0.0184
  Epoch [37/100] Batch 1200/2927 Loss: 0.0138
  Epoch [37/100] Batch 1400/2927 Loss: 0.0186
  Epoch [37/100] Batch 1600/2927 Loss: 0.0154
  Epoch [37/100] Batch 1800/2927 Loss: 0.0091
  Epoch [37/100] Batch 2000/2927 Loss: 0.0216
  Epoch [37/100] Batch 2200/2927 Loss: 0.0126
  Epoch [37/100] Batch 2400/2927 Loss: 0.0186
  Epoch [37/100] Batch 2600/2927 Loss: 0.0119
  Epoch [37/100] Batch 2800/2927 Loss: 0.0162
[EPOCH 37] Train: 0.0164 | Val: 0.0123 | LR: 0.001000 | Time: 42.7s
  Epoch [38/100] Batch 0/2927 Loss: 0.0075
  Epoch [38/100] Batch 200/2927 Loss: 0.0157
  Epoch [38/100] Batch 400/2927 Loss: 0.0133
  Epoch [38/100] Batch 600/2927 Loss: 0.0214
  Epoch [38/100] Batch 800/2927 Loss: 0.0181
  Epoch [38/100] Batch 1000/2927 Loss: 0.0229
  Epoch [38/100] Batch 1200/2927 Loss: 0.0149
  Epoch [38/100] Batch 1400/2927 Loss: 0.0100
  Epoch [38/100] Batch 1600/2927 Loss: 0.0073
  Epoch [38/100] Batch 1800/2927 Loss: 0.0153
  Epoch [38/100] Batch 2000/2927 Loss: 0.0176
  Epoch [38/100] Batch 2200/2927 Loss: 0.0221
  Epoch [38/100] Batch 2400/2927 Loss: 0.0136
  Epoch [38/100] Batch 2600/2927 Loss: 0.0140
  Epoch [38/100] Batch 2800/2927 Loss: 0.0177
[EPOCH 38] Train: 0.0164 | Val: 0.0116 | LR: 0.001000 | Time: 42.7s
[SAVE] Nuevo mejor modelo!
  Epoch [39/100] Batch 0/2927 Loss: 0.0176
  Epoch [39/100] Batch 200/2927 Loss: 0.0128
  Epoch [39/100] Batch 400/2927 Loss: 0.0111
  Epoch [39/100] Batch 600/2927 Loss: 0.0127
  Epoch [39/100] Batch 800/2927 Loss: 0.0177
  Epoch [39/100] Batch 1000/2927 Loss: 0.0126
  Epoch [39/100] Batch 1200/2927 Loss: 0.0126
  Epoch [39/100] Batch 1400/2927 Loss: 0.0141
  Epoch [39/100] Batch 1600/2927 Loss: 0.0126
  Epoch [39/100] Batch 1800/2927 Loss: 0.0219
  Epoch [39/100] Batch 2000/2927 Loss: 0.0125
  Epoch [39/100] Batch 2200/2927 Loss: 0.0129
  Epoch [39/100] Batch 2400/2927 Loss: 0.0115
  Epoch [39/100] Batch 2600/2927 Loss: 0.0122
  Epoch [39/100] Batch 2800/2927 Loss: 0.0163
[EPOCH 39] Train: 0.0162 | Val: 0.0119 | LR: 0.001000 | Time: 42.7s
  Epoch [40/100] Batch 0/2927 Loss: 0.0131
  Epoch [40/100] Batch 200/2927 Loss: 0.0128
  Epoch [40/100] Batch 400/2927 Loss: 0.0139
  Epoch [40/100] Batch 600/2927 Loss: 0.0164
  Epoch [40/100] Batch 800/2927 Loss: 0.0141
  Epoch [40/100] Batch 1000/2927 Loss: 0.0166
  Epoch [40/100] Batch 1200/2927 Loss: 0.0162
  Epoch [40/100] Batch 1400/2927 Loss: 0.0115
  Epoch [40/100] Batch 1600/2927 Loss: 0.0102
  Epoch [40/100] Batch 1800/2927 Loss: 0.0228
  Epoch [40/100] Batch 2000/2927 Loss: 0.0154
  Epoch [40/100] Batch 2200/2927 Loss: 0.0126
  Epoch [40/100] Batch 2400/2927 Loss: 0.0162
  Epoch [40/100] Batch 2600/2927 Loss: 0.0145
  Epoch [40/100] Batch 2800/2927 Loss: 0.0196
[EPOCH 40] Train: 0.0163 | Val: 0.0124 | LR: 0.001000 | Time: 42.8s
  Epoch [41/100] Batch 0/2927 Loss: 0.0159
  Epoch [41/100] Batch 200/2927 Loss: 0.0140
  Epoch [41/100] Batch 400/2927 Loss: 0.0138
  Epoch [41/100] Batch 600/2927 Loss: 0.0096
  Epoch [41/100] Batch 800/2927 Loss: 0.0138
  Epoch [41/100] Batch 1000/2927 Loss: 0.0228
  Epoch [41/100] Batch 1200/2927 Loss: 0.0169
  Epoch [41/100] Batch 1400/2927 Loss: 0.0131
  Epoch [41/100] Batch 1600/2927 Loss: 0.0176
  Epoch [41/100] Batch 1800/2927 Loss: 0.0101
  Epoch [41/100] Batch 2000/2927 Loss: 0.0244
  Epoch [41/100] Batch 2200/2927 Loss: 0.0081
  Epoch [41/100] Batch 2400/2927 Loss: 0.0125
  Epoch [41/100] Batch 2600/2927 Loss: 0.0146
  Epoch [41/100] Batch 2800/2927 Loss: 0.0230
[EPOCH 41] Train: 0.0161 | Val: 0.0113 | LR: 0.001000 | Time: 42.2s
[SAVE] Nuevo mejor modelo!
  Epoch [42/100] Batch 0/2927 Loss: 0.0107
  Epoch [42/100] Batch 200/2927 Loss: 0.0116
  Epoch [42/100] Batch 400/2927 Loss: 0.0151
  Epoch [42/100] Batch 600/2927 Loss: 0.0174
  Epoch [42/100] Batch 800/2927 Loss: 0.0120
  Epoch [42/100] Batch 1000/2927 Loss: 0.0180
  Epoch [42/100] Batch 1200/2927 Loss: 0.0142
  Epoch [42/100] Batch 1400/2927 Loss: 0.0153
  Epoch [42/100] Batch 1600/2927 Loss: 0.0137
  Epoch [42/100] Batch 1800/2927 Loss: 0.0136
  Epoch [42/100] Batch 2000/2927 Loss: 0.0159
  Epoch [42/100] Batch 2200/2927 Loss: 0.0201
  Epoch [42/100] Batch 2400/2927 Loss: 0.0210
  Epoch [42/100] Batch 2600/2927 Loss: 0.0144
  Epoch [42/100] Batch 2800/2927 Loss: 0.0160
[EPOCH 42] Train: 0.0160 | Val: 0.0119 | LR: 0.001000 | Time: 41.7s
  Epoch [43/100] Batch 0/2927 Loss: 0.0138
  Epoch [43/100] Batch 200/2927 Loss: 0.0180
  Epoch [43/100] Batch 400/2927 Loss: 0.0123
  Epoch [43/100] Batch 600/2927 Loss: 0.0151
  Epoch [43/100] Batch 800/2927 Loss: 0.0210
  Epoch [43/100] Batch 1000/2927 Loss: 0.0169
  Epoch [43/100] Batch 1200/2927 Loss: 0.0198
  Epoch [43/100] Batch 1400/2927 Loss: 0.0158
  Epoch [43/100] Batch 1600/2927 Loss: 0.0176
  Epoch [43/100] Batch 1800/2927 Loss: 0.0132
  Epoch [43/100] Batch 2000/2927 Loss: 0.0173
  Epoch [43/100] Batch 2200/2927 Loss: 0.0129
  Epoch [43/100] Batch 2400/2927 Loss: 0.0170
  Epoch [43/100] Batch 2600/2927 Loss: 0.0215
  Epoch [43/100] Batch 2800/2927 Loss: 0.0179
[EPOCH 43] Train: 0.0157 | Val: 0.0121 | LR: 0.001000 | Time: 41.8s
  Epoch [44/100] Batch 0/2927 Loss: 0.0154
  Epoch [44/100] Batch 200/2927 Loss: 0.0229
  Epoch [44/100] Batch 400/2927 Loss: 0.0096
  Epoch [44/100] Batch 600/2927 Loss: 0.0159
  Epoch [44/100] Batch 800/2927 Loss: 0.0157
  Epoch [44/100] Batch 1000/2927 Loss: 0.0165
  Epoch [44/100] Batch 1200/2927 Loss: 0.0207
  Epoch [44/100] Batch 1400/2927 Loss: 0.0096
  Epoch [44/100] Batch 1600/2927 Loss: 0.0191
  Epoch [44/100] Batch 1800/2927 Loss: 0.0306
  Epoch [44/100] Batch 2000/2927 Loss: 0.0091
  Epoch [44/100] Batch 2200/2927 Loss: 0.0142
  Epoch [44/100] Batch 2400/2927 Loss: 0.0156
  Epoch [44/100] Batch 2600/2927 Loss: 0.0153
  Epoch [44/100] Batch 2800/2927 Loss: 0.0171
[EPOCH 44] Train: 0.0157 | Val: 0.0118 | LR: 0.001000 | Time: 41.9s
  Epoch [45/100] Batch 0/2927 Loss: 0.0092
  Epoch [45/100] Batch 200/2927 Loss: 0.0123
  Epoch [45/100] Batch 400/2927 Loss: 0.0094
  Epoch [45/100] Batch 600/2927 Loss: 0.0167
  Epoch [45/100] Batch 800/2927 Loss: 0.0144
  Epoch [45/100] Batch 1000/2927 Loss: 0.0139
  Epoch [45/100] Batch 1200/2927 Loss: 0.0092
  Epoch [45/100] Batch 1400/2927 Loss: 0.0166
  Epoch [45/100] Batch 1600/2927 Loss: 0.0169
  Epoch [45/100] Batch 1800/2927 Loss: 0.0151
  Epoch [45/100] Batch 2000/2927 Loss: 0.0147
  Epoch [45/100] Batch 2200/2927 Loss: 0.0149
  Epoch [45/100] Batch 2400/2927 Loss: 0.0156
  Epoch [45/100] Batch 2600/2927 Loss: 0.0211
  Epoch [45/100] Batch 2800/2927 Loss: 0.0152
[EPOCH 45] Train: 0.0155 | Val: 0.0118 | LR: 0.001000 | Time: 41.9s
  Epoch [46/100] Batch 0/2927 Loss: 0.0168
  Epoch [46/100] Batch 200/2927 Loss: 0.0279
  Epoch [46/100] Batch 400/2927 Loss: 0.0148
  Epoch [46/100] Batch 600/2927 Loss: 0.0114
  Epoch [46/100] Batch 800/2927 Loss: 0.0156
  Epoch [46/100] Batch 1000/2927 Loss: 0.0318
  Epoch [46/100] Batch 1200/2927 Loss: 0.0131
  Epoch [46/100] Batch 1400/2927 Loss: 0.0173
  Epoch [46/100] Batch 1600/2927 Loss: 0.0111
  Epoch [46/100] Batch 1800/2927 Loss: 0.0104
  Epoch [46/100] Batch 2000/2927 Loss: 0.0168
  Epoch [46/100] Batch 2200/2927 Loss: 0.0165
  Epoch [46/100] Batch 2400/2927 Loss: 0.0137
  Epoch [46/100] Batch 2600/2927 Loss: 0.0205
  Epoch [46/100] Batch 2800/2927 Loss: 0.0103
[EPOCH 46] Train: 0.0154 | Val: 0.0121 | LR: 0.001000 | Time: 41.9s
  Epoch [47/100] Batch 0/2927 Loss: 0.0185
  Epoch [47/100] Batch 200/2927 Loss: 0.0089
  Epoch [47/100] Batch 400/2927 Loss: 0.0118
  Epoch [47/100] Batch 600/2927 Loss: 0.0148
  Epoch [47/100] Batch 800/2927 Loss: 0.0293
  Epoch [47/100] Batch 1000/2927 Loss: 0.0160
  Epoch [47/100] Batch 1200/2927 Loss: 0.0107
  Epoch [47/100] Batch 1400/2927 Loss: 0.0171
  Epoch [47/100] Batch 1600/2927 Loss: 0.0208
  Epoch [47/100] Batch 1800/2927 Loss: 0.0164
  Epoch [47/100] Batch 2000/2927 Loss: 0.0184
  Epoch [47/100] Batch 2200/2927 Loss: 0.0169
  Epoch [47/100] Batch 2400/2927 Loss: 0.0129
  Epoch [47/100] Batch 2600/2927 Loss: 0.0192
  Epoch [47/100] Batch 2800/2927 Loss: 0.0138
[EPOCH 47] Train: 0.0152 | Val: 0.0200 | LR: 0.001000 | Time: 42.0s
  Epoch [48/100] Batch 0/2927 Loss: 0.0263
  Epoch [48/100] Batch 200/2927 Loss: 0.0133
  Epoch [48/100] Batch 400/2927 Loss: 0.0104
  Epoch [48/100] Batch 600/2927 Loss: 0.0144
  Epoch [48/100] Batch 800/2927 Loss: 0.0141
  Epoch [48/100] Batch 1000/2927 Loss: 0.0145
  Epoch [48/100] Batch 1200/2927 Loss: 0.0167
  Epoch [48/100] Batch 1400/2927 Loss: 0.0113
  Epoch [48/100] Batch 1600/2927 Loss: 0.0142
  Epoch [48/100] Batch 1800/2927 Loss: 0.0086
  Epoch [48/100] Batch 2000/2927 Loss: 0.0142
  Epoch [48/100] Batch 2200/2927 Loss: 0.0133
  Epoch [48/100] Batch 2400/2927 Loss: 0.0146
  Epoch [48/100] Batch 2600/2927 Loss: 0.0142
  Epoch [48/100] Batch 2800/2927 Loss: 0.0192
[EPOCH 48] Train: 0.0154 | Val: 0.0123 | LR: 0.001000 | Time: 42.1s
  Epoch [49/100] Batch 0/2927 Loss: 0.0195
  Epoch [49/100] Batch 200/2927 Loss: 0.0210
  Epoch [49/100] Batch 400/2927 Loss: 0.0139
  Epoch [49/100] Batch 600/2927 Loss: 0.0127
  Epoch [49/100] Batch 800/2927 Loss: 0.0177
  Epoch [49/100] Batch 1000/2927 Loss: 0.0126
  Epoch [49/100] Batch 1200/2927 Loss: 0.0091
  Epoch [49/100] Batch 1400/2927 Loss: 0.0134
  Epoch [49/100] Batch 1600/2927 Loss: 0.0132
  Epoch [49/100] Batch 1800/2927 Loss: 0.0142
  Epoch [49/100] Batch 2000/2927 Loss: 0.0157
  Epoch [49/100] Batch 2200/2927 Loss: 0.0188
  Epoch [49/100] Batch 2400/2927 Loss: 0.0095
  Epoch [49/100] Batch 2600/2927 Loss: 0.0132
  Epoch [49/100] Batch 2800/2927 Loss: 0.0109
[EPOCH 49] Train: 0.0152 | Val: 0.0113 | LR: 0.001000 | Time: 42.1s
  Epoch [50/100] Batch 0/2927 Loss: 0.0161
  Epoch [50/100] Batch 200/2927 Loss: 0.0133
  Epoch [50/100] Batch 400/2927 Loss: 0.0197
  Epoch [50/100] Batch 600/2927 Loss: 0.0210
  Epoch [50/100] Batch 800/2927 Loss: 0.0122
  Epoch [50/100] Batch 1000/2927 Loss: 0.0176
  Epoch [50/100] Batch 1200/2927 Loss: 0.0221
  Epoch [50/100] Batch 1400/2927 Loss: 0.0090
  Epoch [50/100] Batch 1600/2927 Loss: 0.0193
  Epoch [50/100] Batch 1800/2927 Loss: 0.0149
  Epoch [50/100] Batch 2000/2927 Loss: 0.0124
  Epoch [50/100] Batch 2200/2927 Loss: 0.0171
  Epoch [50/100] Batch 2400/2927 Loss: 0.0148
  Epoch [50/100] Batch 2600/2927 Loss: 0.0160
  Epoch [50/100] Batch 2800/2927 Loss: 0.0155
[EPOCH 50] Train: 0.0151 | Val: 0.0109 | LR: 0.001000 | Time: 42.0s
[SAVE] Nuevo mejor modelo!
  Epoch [51/100] Batch 0/2927 Loss: 0.0089
  Epoch [51/100] Batch 200/2927 Loss: 0.0184
  Epoch [51/100] Batch 400/2927 Loss: 0.0113
  Epoch [51/100] Batch 600/2927 Loss: 0.0125
  Epoch [51/100] Batch 800/2927 Loss: 0.0114
  Epoch [51/100] Batch 1000/2927 Loss: 0.0208
  Epoch [51/100] Batch 1200/2927 Loss: 0.0135
  Epoch [51/100] Batch 1400/2927 Loss: 0.0228
  Epoch [51/100] Batch 1600/2927 Loss: 0.0130
  Epoch [51/100] Batch 1800/2927 Loss: 0.0130
  Epoch [51/100] Batch 2000/2927 Loss: 0.0136
  Epoch [51/100] Batch 2200/2927 Loss: 0.0130
  Epoch [51/100] Batch 2400/2927 Loss: 0.0173
  Epoch [51/100] Batch 2600/2927 Loss: 0.0186
  Epoch [51/100] Batch 2800/2927 Loss: 0.0137
[EPOCH 51] Train: 0.0148 | Val: 0.0115 | LR: 0.001000 | Time: 42.1s
  Epoch [52/100] Batch 0/2927 Loss: 0.0116
  Epoch [52/100] Batch 200/2927 Loss: 0.0201
  Epoch [52/100] Batch 400/2927 Loss: 0.0120
  Epoch [52/100] Batch 600/2927 Loss: 0.0147
  Epoch [52/100] Batch 800/2927 Loss: 0.0265
  Epoch [52/100] Batch 1000/2927 Loss: 0.0122
  Epoch [52/100] Batch 1200/2927 Loss: 0.0228
  Epoch [52/100] Batch 1400/2927 Loss: 0.0090
  Epoch [52/100] Batch 1600/2927 Loss: 0.0167
  Epoch [52/100] Batch 1800/2927 Loss: 0.0144
  Epoch [52/100] Batch 2000/2927 Loss: 0.0142
  Epoch [52/100] Batch 2200/2927 Loss: 0.0100
  Epoch [52/100] Batch 2400/2927 Loss: 0.0152
  Epoch [52/100] Batch 2600/2927 Loss: 0.0117
  Epoch [52/100] Batch 2800/2927 Loss: 0.0221
[EPOCH 52] Train: 0.0150 | Val: 0.0108 | LR: 0.001000 | Time: 41.9s
[SAVE] Nuevo mejor modelo!
  Epoch [53/100] Batch 0/2927 Loss: 0.0142
  Epoch [53/100] Batch 200/2927 Loss: 0.0200
  Epoch [53/100] Batch 400/2927 Loss: 0.0157
  Epoch [53/100] Batch 600/2927 Loss: 0.0098
  Epoch [53/100] Batch 800/2927 Loss: 0.0151
  Epoch [53/100] Batch 1000/2927 Loss: 0.0105
  Epoch [53/100] Batch 1200/2927 Loss: 0.0111
  Epoch [53/100] Batch 1400/2927 Loss: 0.0168
  Epoch [53/100] Batch 1600/2927 Loss: 0.0094
  Epoch [53/100] Batch 1800/2927 Loss: 0.0169
  Epoch [53/100] Batch 2000/2927 Loss: 0.0161
  Epoch [53/100] Batch 2200/2927 Loss: 0.0241
  Epoch [53/100] Batch 2400/2927 Loss: 0.0110
  Epoch [53/100] Batch 2600/2927 Loss: 0.0165
  Epoch [53/100] Batch 2800/2927 Loss: 0.0185
[EPOCH 53] Train: 0.0148 | Val: 0.0105 | LR: 0.001000 | Time: 41.8s
[SAVE] Nuevo mejor modelo!
  Epoch [54/100] Batch 0/2927 Loss: 0.0117
  Epoch [54/100] Batch 200/2927 Loss: 0.0129
  Epoch [54/100] Batch 400/2927 Loss: 0.0170
  Epoch [54/100] Batch 600/2927 Loss: 0.0146
  Epoch [54/100] Batch 800/2927 Loss: 0.0114
  Epoch [54/100] Batch 1000/2927 Loss: 0.0140
  Epoch [54/100] Batch 1200/2927 Loss: 0.0267
  Epoch [54/100] Batch 1400/2927 Loss: 0.0145
  Epoch [54/100] Batch 1600/2927 Loss: 0.0185
  Epoch [54/100] Batch 1800/2927 Loss: 0.0106
  Epoch [54/100] Batch 2000/2927 Loss: 0.0168
  Epoch [54/100] Batch 2200/2927 Loss: 0.0225
  Epoch [54/100] Batch 2400/2927 Loss: 0.0172
  Epoch [54/100] Batch 2600/2927 Loss: 0.0163
  Epoch [54/100] Batch 2800/2927 Loss: 0.0116
[EPOCH 54] Train: 0.0148 | Val: 0.0120 | LR: 0.001000 | Time: 41.7s
  Epoch [55/100] Batch 0/2927 Loss: 0.0137
  Epoch [55/100] Batch 200/2927 Loss: 0.0170
  Epoch [55/100] Batch 400/2927 Loss: 0.0137
  Epoch [55/100] Batch 600/2927 Loss: 0.0187
  Epoch [55/100] Batch 800/2927 Loss: 0.0168
  Epoch [55/100] Batch 1000/2927 Loss: 0.0105
  Epoch [55/100] Batch 1200/2927 Loss: 0.0128
  Epoch [55/100] Batch 1400/2927 Loss: 0.0147
  Epoch [55/100] Batch 1600/2927 Loss: 0.0094
  Epoch [55/100] Batch 1800/2927 Loss: 0.0160
  Epoch [55/100] Batch 2000/2927 Loss: 0.0153
  Epoch [55/100] Batch 2200/2927 Loss: 0.0173
  Epoch [55/100] Batch 2400/2927 Loss: 0.0147
  Epoch [55/100] Batch 2600/2927 Loss: 0.0137
  Epoch [55/100] Batch 2800/2927 Loss: 0.0096
[EPOCH 55] Train: 0.0147 | Val: 0.0109 | LR: 0.001000 | Time: 41.7s
  Epoch [56/100] Batch 0/2927 Loss: 0.0100
  Epoch [56/100] Batch 200/2927 Loss: 0.0195
  Epoch [56/100] Batch 400/2927 Loss: 0.0094
  Epoch [56/100] Batch 600/2927 Loss: 0.0190
  Epoch [56/100] Batch 800/2927 Loss: 0.0128
  Epoch [56/100] Batch 1000/2927 Loss: 0.0106
  Epoch [56/100] Batch 1200/2927 Loss: 0.0168
  Epoch [56/100] Batch 1400/2927 Loss: 0.0187
  Epoch [56/100] Batch 1600/2927 Loss: 0.0101
  Epoch [56/100] Batch 1800/2927 Loss: 0.0182
  Epoch [56/100] Batch 2000/2927 Loss: 0.0190
  Epoch [56/100] Batch 2200/2927 Loss: 0.0137
  Epoch [56/100] Batch 2400/2927 Loss: 0.0092
  Epoch [56/100] Batch 2600/2927 Loss: 0.0189
  Epoch [56/100] Batch 2800/2927 Loss: 0.0182
[EPOCH 56] Train: 0.0145 | Val: 0.0187 | LR: 0.001000 | Time: 41.8s
  Epoch [57/100] Batch 0/2927 Loss: 0.0194
  Epoch [57/100] Batch 200/2927 Loss: 0.0113
  Epoch [57/100] Batch 400/2927 Loss: 0.0070
  Epoch [57/100] Batch 600/2927 Loss: 0.0143
  Epoch [57/100] Batch 800/2927 Loss: 0.0164
  Epoch [57/100] Batch 1000/2927 Loss: 0.0096
  Epoch [57/100] Batch 1200/2927 Loss: 0.0166
  Epoch [57/100] Batch 1400/2927 Loss: 0.0092
  Epoch [57/100] Batch 1600/2927 Loss: 0.0182
  Epoch [57/100] Batch 1800/2927 Loss: 0.0096
  Epoch [57/100] Batch 2000/2927 Loss: 0.0241
  Epoch [57/100] Batch 2200/2927 Loss: 0.0150
  Epoch [57/100] Batch 2400/2927 Loss: 0.0110
  Epoch [57/100] Batch 2600/2927 Loss: 0.0134
  Epoch [57/100] Batch 2800/2927 Loss: 0.0182
[EPOCH 57] Train: 0.0148 | Val: 0.0125 | LR: 0.001000 | Time: 42.0s
  Epoch [58/100] Batch 0/2927 Loss: 0.0135
  Epoch [58/100] Batch 200/2927 Loss: 0.0150
  Epoch [58/100] Batch 400/2927 Loss: 0.0119
  Epoch [58/100] Batch 600/2927 Loss: 0.0162
  Epoch [58/100] Batch 800/2927 Loss: 0.0162
  Epoch [58/100] Batch 1000/2927 Loss: 0.0168
  Epoch [58/100] Batch 1200/2927 Loss: 0.0217
  Epoch [58/100] Batch 1400/2927 Loss: 0.0161
  Epoch [58/100] Batch 1600/2927 Loss: 0.0194
  Epoch [58/100] Batch 1800/2927 Loss: 0.0088
  Epoch [58/100] Batch 2000/2927 Loss: 0.0115
  Epoch [58/100] Batch 2200/2927 Loss: 0.0162
  Epoch [58/100] Batch 2400/2927 Loss: 0.0118
  Epoch [58/100] Batch 2600/2927 Loss: 0.0137
  Epoch [58/100] Batch 2800/2927 Loss: 0.0144
[EPOCH 58] Train: 0.0143 | Val: 0.0112 | LR: 0.001000 | Time: 41.9s
  Epoch [59/100] Batch 0/2927 Loss: 0.0146
  Epoch [59/100] Batch 200/2927 Loss: 0.0120
  Epoch [59/100] Batch 400/2927 Loss: 0.0130
  Epoch [59/100] Batch 600/2927 Loss: 0.0136
  Epoch [59/100] Batch 800/2927 Loss: 0.0139
  Epoch [59/100] Batch 1000/2927 Loss: 0.0098
  Epoch [59/100] Batch 1200/2927 Loss: 0.0091
  Epoch [59/100] Batch 1400/2927 Loss: 0.0152
  Epoch [59/100] Batch 1600/2927 Loss: 0.0110
  Epoch [59/100] Batch 1800/2927 Loss: 0.0243
  Epoch [59/100] Batch 2000/2927 Loss: 0.0128
  Epoch [59/100] Batch 2200/2927 Loss: 0.0156
  Epoch [59/100] Batch 2400/2927 Loss: 0.0107
  Epoch [59/100] Batch 2600/2927 Loss: 0.0080
  Epoch [59/100] Batch 2800/2927 Loss: 0.0097
[EPOCH 59] Train: 0.0143 | Val: 0.0107 | LR: 0.001000 | Time: 41.9s
  Epoch [60/100] Batch 0/2927 Loss: 0.0109
  Epoch [60/100] Batch 200/2927 Loss: 0.0135
  Epoch [60/100] Batch 400/2927 Loss: 0.0144
  Epoch [60/100] Batch 600/2927 Loss: 0.0118
  Epoch [60/100] Batch 800/2927 Loss: 0.0151
  Epoch [60/100] Batch 1000/2927 Loss: 0.0122
  Epoch [60/100] Batch 1200/2927 Loss: 0.0130
  Epoch [60/100] Batch 1400/2927 Loss: 0.0116
  Epoch [60/100] Batch 1600/2927 Loss: 0.0115
  Epoch [60/100] Batch 1800/2927 Loss: 0.0088
  Epoch [60/100] Batch 2000/2927 Loss: 0.0186
  Epoch [60/100] Batch 2200/2927 Loss: 0.0102
  Epoch [60/100] Batch 2400/2927 Loss: 0.0145
  Epoch [60/100] Batch 2600/2927 Loss: 0.0114
  Epoch [60/100] Batch 2800/2927 Loss: 0.0180
[EPOCH 60] Train: 0.0143 | Val: 0.0110 | LR: 0.001000 | Time: 41.9s
  Epoch [61/100] Batch 0/2927 Loss: 0.0169
  Epoch [61/100] Batch 200/2927 Loss: 0.0113
  Epoch [61/100] Batch 400/2927 Loss: 0.0150
  Epoch [61/100] Batch 600/2927 Loss: 0.0141
  Epoch [61/100] Batch 800/2927 Loss: 0.0119
  Epoch [61/100] Batch 1000/2927 Loss: 0.0106
  Epoch [61/100] Batch 1200/2927 Loss: 0.0186
  Epoch [61/100] Batch 1400/2927 Loss: 0.0087
  Epoch [61/100] Batch 1600/2927 Loss: 0.0175
  Epoch [61/100] Batch 1800/2927 Loss: 0.0179
  Epoch [61/100] Batch 2000/2927 Loss: 0.0096
  Epoch [61/100] Batch 2200/2927 Loss: 0.0091
  Epoch [61/100] Batch 2400/2927 Loss: 0.0101
  Epoch [61/100] Batch 2600/2927 Loss: 0.0124
  Epoch [61/100] Batch 2800/2927 Loss: 0.0168
[EPOCH 61] Train: 0.0145 | Val: 0.0119 | LR: 0.001000 | Time: 41.7s
  Epoch [62/100] Batch 0/2927 Loss: 0.0085
  Epoch [62/100] Batch 200/2927 Loss: 0.0114
  Epoch [62/100] Batch 400/2927 Loss: 0.0169
  Epoch [62/100] Batch 600/2927 Loss: 0.0163
  Epoch [62/100] Batch 800/2927 Loss: 0.0091
  Epoch [62/100] Batch 1000/2927 Loss: 0.0198
  Epoch [62/100] Batch 1200/2927 Loss: 0.0136
  Epoch [62/100] Batch 1400/2927 Loss: 0.0179
  Epoch [62/100] Batch 1600/2927 Loss: 0.0127
  Epoch [62/100] Batch 1800/2927 Loss: 0.0194
  Epoch [62/100] Batch 2000/2927 Loss: 0.0114
  Epoch [62/100] Batch 2200/2927 Loss: 0.0190
  Epoch [62/100] Batch 2400/2927 Loss: 0.0182
  Epoch [62/100] Batch 2600/2927 Loss: 0.0122
  Epoch [62/100] Batch 2800/2927 Loss: 0.0190
[EPOCH 62] Train: 0.0139 | Val: 0.0117 | LR: 0.000700 | Time: 41.8s
  Epoch [63/100] Batch 0/2927 Loss: 0.0161
  Epoch [63/100] Batch 200/2927 Loss: 0.0124
  Epoch [63/100] Batch 400/2927 Loss: 0.0144
  Epoch [63/100] Batch 600/2927 Loss: 0.0148
  Epoch [63/100] Batch 800/2927 Loss: 0.0125
  Epoch [63/100] Batch 1000/2927 Loss: 0.0072
  Epoch [63/100] Batch 1200/2927 Loss: 0.0102
  Epoch [63/100] Batch 1400/2927 Loss: 0.0084
  Epoch [63/100] Batch 1600/2927 Loss: 0.0114
  Epoch [63/100] Batch 1800/2927 Loss: 0.0128
  Epoch [63/100] Batch 2000/2927 Loss: 0.0175
  Epoch [63/100] Batch 2200/2927 Loss: 0.0248
  Epoch [63/100] Batch 2400/2927 Loss: 0.0113
  Epoch [63/100] Batch 2600/2927 Loss: 0.0128
  Epoch [63/100] Batch 2800/2927 Loss: 0.0162
[EPOCH 63] Train: 0.0127 | Val: 0.0100 | LR: 0.000700 | Time: 41.9s
[SAVE] Nuevo mejor modelo!
  Epoch [64/100] Batch 0/2927 Loss: 0.0157
  Epoch [64/100] Batch 200/2927 Loss: 0.0089
  Epoch [64/100] Batch 400/2927 Loss: 0.0089
  Epoch [64/100] Batch 600/2927 Loss: 0.0118
  Epoch [64/100] Batch 800/2927 Loss: 0.0136
  Epoch [64/100] Batch 1000/2927 Loss: 0.0099
  Epoch [64/100] Batch 1200/2927 Loss: 0.0080
  Epoch [64/100] Batch 1400/2927 Loss: 0.0147
  Epoch [64/100] Batch 1600/2927 Loss: 0.0144
  Epoch [64/100] Batch 1800/2927 Loss: 0.0214
  Epoch [64/100] Batch 2000/2927 Loss: 0.0131
  Epoch [64/100] Batch 2200/2927 Loss: 0.0125
  Epoch [64/100] Batch 2400/2927 Loss: 0.0082
  Epoch [64/100] Batch 2600/2927 Loss: 0.0097
  Epoch [64/100] Batch 2800/2927 Loss: 0.0135
[EPOCH 64] Train: 0.0125 | Val: 0.0102 | LR: 0.000700 | Time: 41.9s
  Epoch [65/100] Batch 0/2927 Loss: 0.0166
  Epoch [65/100] Batch 200/2927 Loss: 0.0082
  Epoch [65/100] Batch 400/2927 Loss: 0.0125
  Epoch [65/100] Batch 600/2927 Loss: 0.0130
  Epoch [65/100] Batch 800/2927 Loss: 0.0087
  Epoch [65/100] Batch 1000/2927 Loss: 0.0122
  Epoch [65/100] Batch 1200/2927 Loss: 0.0121
  Epoch [65/100] Batch 1400/2927 Loss: 0.0102
  Epoch [65/100] Batch 1600/2927 Loss: 0.0126
  Epoch [65/100] Batch 1800/2927 Loss: 0.0167
  Epoch [65/100] Batch 2000/2927 Loss: 0.0063
  Epoch [65/100] Batch 2200/2927 Loss: 0.0181
  Epoch [65/100] Batch 2400/2927 Loss: 0.0175
  Epoch [65/100] Batch 2600/2927 Loss: 0.0183
  Epoch [65/100] Batch 2800/2927 Loss: 0.0301
[EPOCH 65] Train: 0.0126 | Val: 0.0102 | LR: 0.000700 | Time: 42.0s
  Epoch [66/100] Batch 0/2927 Loss: 0.0087
  Epoch [66/100] Batch 200/2927 Loss: 0.0151
  Epoch [66/100] Batch 400/2927 Loss: 0.0123
  Epoch [66/100] Batch 600/2927 Loss: 0.0066
  Epoch [66/100] Batch 800/2927 Loss: 0.0126
  Epoch [66/100] Batch 1000/2927 Loss: 0.0118
  Epoch [66/100] Batch 1200/2927 Loss: 0.0123
  Epoch [66/100] Batch 1400/2927 Loss: 0.0068
  Epoch [66/100] Batch 1600/2927 Loss: 0.0270
  Epoch [66/100] Batch 1800/2927 Loss: 0.0116
  Epoch [66/100] Batch 2000/2927 Loss: 0.0195
  Epoch [66/100] Batch 2200/2927 Loss: 0.0092
  Epoch [66/100] Batch 2400/2927 Loss: 0.0173
  Epoch [66/100] Batch 2600/2927 Loss: 0.0186
  Epoch [66/100] Batch 2800/2927 Loss: 0.0069
[EPOCH 66] Train: 0.0125 | Val: 0.0100 | LR: 0.000700 | Time: 42.0s
  Epoch [67/100] Batch 0/2927 Loss: 0.0087
  Epoch [67/100] Batch 200/2927 Loss: 0.0147
  Epoch [67/100] Batch 400/2927 Loss: 0.0097
  Epoch [67/100] Batch 600/2927 Loss: 0.0090
  Epoch [67/100] Batch 800/2927 Loss: 0.0183
  Epoch [67/100] Batch 1000/2927 Loss: 0.0176
  Epoch [67/100] Batch 1200/2927 Loss: 0.0113
  Epoch [67/100] Batch 1400/2927 Loss: 0.0080
  Epoch [67/100] Batch 1600/2927 Loss: 0.0143
  Epoch [67/100] Batch 1800/2927 Loss: 0.0171
  Epoch [67/100] Batch 2000/2927 Loss: 0.0143
  Epoch [67/100] Batch 2200/2927 Loss: 0.0145
  Epoch [67/100] Batch 2400/2927 Loss: 0.0183
  Epoch [67/100] Batch 2600/2927 Loss: 0.0130
  Epoch [67/100] Batch 2800/2927 Loss: 0.0158
[EPOCH 67] Train: 0.0125 | Val: 0.0104 | LR: 0.000700 | Time: 42.0s
  Epoch [68/100] Batch 0/2927 Loss: 0.0175
  Epoch [68/100] Batch 200/2927 Loss: 0.0168
  Epoch [68/100] Batch 400/2927 Loss: 0.0163
  Epoch [68/100] Batch 600/2927 Loss: 0.0076
  Epoch [68/100] Batch 800/2927 Loss: 0.0122
  Epoch [68/100] Batch 1000/2927 Loss: 0.0090
  Epoch [68/100] Batch 1200/2927 Loss: 0.0123
  Epoch [68/100] Batch 1400/2927 Loss: 0.0118
  Epoch [68/100] Batch 1600/2927 Loss: 0.0108
  Epoch [68/100] Batch 1800/2927 Loss: 0.0163
  Epoch [68/100] Batch 2000/2927 Loss: 0.0078
  Epoch [68/100] Batch 2200/2927 Loss: 0.0129
  Epoch [68/100] Batch 2400/2927 Loss: 0.0076
  Epoch [68/100] Batch 2600/2927 Loss: 0.0123
  Epoch [68/100] Batch 2800/2927 Loss: 0.0116
[EPOCH 68] Train: 0.0124 | Val: 0.0099 | LR: 0.000700 | Time: 42.1s
[SAVE] Nuevo mejor modelo!
  Epoch [69/100] Batch 0/2927 Loss: 0.0162
  Epoch [69/100] Batch 200/2927 Loss: 0.0094
  Epoch [69/100] Batch 400/2927 Loss: 0.0104
  Epoch [69/100] Batch 600/2927 Loss: 0.0109
  Epoch [69/100] Batch 800/2927 Loss: 0.0089
  Epoch [69/100] Batch 1000/2927 Loss: 0.0127
  Epoch [69/100] Batch 1200/2927 Loss: 0.0127
  Epoch [69/100] Batch 1400/2927 Loss: 0.0080
  Epoch [69/100] Batch 1600/2927 Loss: 0.0112
  Epoch [69/100] Batch 1800/2927 Loss: 0.0123
  Epoch [69/100] Batch 2000/2927 Loss: 0.0167
  Epoch [69/100] Batch 2200/2927 Loss: 0.0103
  Epoch [69/100] Batch 2400/2927 Loss: 0.0088
  Epoch [69/100] Batch 2600/2927 Loss: 0.0111
  Epoch [69/100] Batch 2800/2927 Loss: 0.0064
[EPOCH 69] Train: 0.0123 | Val: 0.0106 | LR: 0.000700 | Time: 42.0s
  Epoch [70/100] Batch 0/2927 Loss: 0.0081
  Epoch [70/100] Batch 200/2927 Loss: 0.0125
  Epoch [70/100] Batch 400/2927 Loss: 0.0133
  Epoch [70/100] Batch 600/2927 Loss: 0.0091
  Epoch [70/100] Batch 800/2927 Loss: 0.0121
  Epoch [70/100] Batch 1000/2927 Loss: 0.0095
  Epoch [70/100] Batch 1200/2927 Loss: 0.0116
  Epoch [70/100] Batch 1400/2927 Loss: 0.0125
  Epoch [70/100] Batch 1600/2927 Loss: 0.0159
  Epoch [70/100] Batch 1800/2927 Loss: 0.0112
  Epoch [70/100] Batch 2000/2927 Loss: 0.0084
  Epoch [70/100] Batch 2200/2927 Loss: 0.0088
  Epoch [70/100] Batch 2400/2927 Loss: 0.0136
  Epoch [70/100] Batch 2600/2927 Loss: 0.0062
  Epoch [70/100] Batch 2800/2927 Loss: 0.0102
[EPOCH 70] Train: 0.0123 | Val: 0.0122 | LR: 0.000700 | Time: 42.1s
  Epoch [71/100] Batch 0/2927 Loss: 0.0190
  Epoch [71/100] Batch 200/2927 Loss: 0.0129
  Epoch [71/100] Batch 400/2927 Loss: 0.0082
  Epoch [71/100] Batch 600/2927 Loss: 0.0087
  Epoch [71/100] Batch 800/2927 Loss: 0.0153
  Epoch [71/100] Batch 1000/2927 Loss: 0.0151
  Epoch [71/100] Batch 1200/2927 Loss: 0.0170
  Epoch [71/100] Batch 1400/2927 Loss: 0.0084
  Epoch [71/100] Batch 1600/2927 Loss: 0.0109
  Epoch [71/100] Batch 1800/2927 Loss: 0.0186
  Epoch [71/100] Batch 2000/2927 Loss: 0.0103
  Epoch [71/100] Batch 2200/2927 Loss: 0.0105
  Epoch [71/100] Batch 2400/2927 Loss: 0.0082
  Epoch [71/100] Batch 2600/2927 Loss: 0.0088
  Epoch [71/100] Batch 2800/2927 Loss: 0.0124
[EPOCH 71] Train: 0.0123 | Val: 0.0107 | LR: 0.000700 | Time: 42.1s
  Epoch [72/100] Batch 0/2927 Loss: 0.0113
  Epoch [72/100] Batch 200/2927 Loss: 0.0159
  Epoch [72/100] Batch 400/2927 Loss: 0.0129
  Epoch [72/100] Batch 600/2927 Loss: 0.0118
  Epoch [72/100] Batch 800/2927 Loss: 0.0102
  Epoch [72/100] Batch 1000/2927 Loss: 0.0104
  Epoch [72/100] Batch 1200/2927 Loss: 0.0171
  Epoch [72/100] Batch 1400/2927 Loss: 0.0098
  Epoch [72/100] Batch 1600/2927 Loss: 0.0121
  Epoch [72/100] Batch 1800/2927 Loss: 0.0160
  Epoch [72/100] Batch 2000/2927 Loss: 0.0097
  Epoch [72/100] Batch 2200/2927 Loss: 0.0113
  Epoch [72/100] Batch 2400/2927 Loss: 0.0097
  Epoch [72/100] Batch 2600/2927 Loss: 0.0083
  Epoch [72/100] Batch 2800/2927 Loss: 0.0140
[EPOCH 72] Train: 0.0122 | Val: 0.0096 | LR: 0.000700 | Time: 42.1s
[SAVE] Nuevo mejor modelo!
  Epoch [73/100] Batch 0/2927 Loss: 0.0086
  Epoch [73/100] Batch 200/2927 Loss: 0.0059
  Epoch [73/100] Batch 400/2927 Loss: 0.0093
  Epoch [73/100] Batch 600/2927 Loss: 0.0066
  Epoch [73/100] Batch 800/2927 Loss: 0.0140
  Epoch [73/100] Batch 1000/2927 Loss: 0.0177
  Epoch [73/100] Batch 1200/2927 Loss: 0.0092
  Epoch [73/100] Batch 1400/2927 Loss: 0.0071
  Epoch [73/100] Batch 1600/2927 Loss: 0.0252
  Epoch [73/100] Batch 1800/2927 Loss: 0.0152
  Epoch [73/100] Batch 2000/2927 Loss: 0.0094
  Epoch [73/100] Batch 2200/2927 Loss: 0.0099
  Epoch [73/100] Batch 2400/2927 Loss: 0.0082
  Epoch [73/100] Batch 2600/2927 Loss: 0.0131
  Epoch [73/100] Batch 2800/2927 Loss: 0.0117
[EPOCH 73] Train: 0.0121 | Val: 0.0101 | LR: 0.000700 | Time: 42.1s
  Epoch [74/100] Batch 0/2927 Loss: 0.0149
  Epoch [74/100] Batch 200/2927 Loss: 0.0114
  Epoch [74/100] Batch 400/2927 Loss: 0.0116
  Epoch [74/100] Batch 600/2927 Loss: 0.0139
  Epoch [74/100] Batch 800/2927 Loss: 0.0147
  Epoch [74/100] Batch 1000/2927 Loss: 0.0100
  Epoch [74/100] Batch 1200/2927 Loss: 0.0112
  Epoch [74/100] Batch 1400/2927 Loss: 0.0081
  Epoch [74/100] Batch 1600/2927 Loss: 0.0192
  Epoch [74/100] Batch 1800/2927 Loss: 0.0195
  Epoch [74/100] Batch 2000/2927 Loss: 0.0121
  Epoch [74/100] Batch 2200/2927 Loss: 0.0103
  Epoch [74/100] Batch 2400/2927 Loss: 0.0090
  Epoch [74/100] Batch 2600/2927 Loss: 0.0121
  Epoch [74/100] Batch 2800/2927 Loss: 0.0177
[EPOCH 74] Train: 0.0123 | Val: 0.0103 | LR: 0.000700 | Time: 42.2s
  Epoch [75/100] Batch 0/2927 Loss: 0.0100
  Epoch [75/100] Batch 200/2927 Loss: 0.0075
  Epoch [75/100] Batch 400/2927 Loss: 0.0101
  Epoch [75/100] Batch 600/2927 Loss: 0.0077
  Epoch [75/100] Batch 800/2927 Loss: 0.0153
  Epoch [75/100] Batch 1000/2927 Loss: 0.0113
  Epoch [75/100] Batch 1200/2927 Loss: 0.0118
  Epoch [75/100] Batch 1400/2927 Loss: 0.0152
  Epoch [75/100] Batch 1600/2927 Loss: 0.0139
  Epoch [75/100] Batch 1800/2927 Loss: 0.0110
  Epoch [75/100] Batch 2000/2927 Loss: 0.0099
  Epoch [75/100] Batch 2200/2927 Loss: 0.0117
  Epoch [75/100] Batch 2400/2927 Loss: 0.0148
  Epoch [75/100] Batch 2600/2927 Loss: 0.0094
  Epoch [75/100] Batch 2800/2927 Loss: 0.0137
[EPOCH 75] Train: 0.0120 | Val: 0.0098 | LR: 0.000700 | Time: 42.2s
  Epoch [76/100] Batch 0/2927 Loss: 0.0111
  Epoch [76/100] Batch 200/2927 Loss: 0.0062
  Epoch [76/100] Batch 400/2927 Loss: 0.0198
  Epoch [76/100] Batch 600/2927 Loss: 0.0134
  Epoch [76/100] Batch 800/2927 Loss: 0.0113
  Epoch [76/100] Batch 1000/2927 Loss: 0.0131
  Epoch [76/100] Batch 1200/2927 Loss: 0.0104
  Epoch [76/100] Batch 1400/2927 Loss: 0.0121
  Epoch [76/100] Batch 1600/2927 Loss: 0.0261
  Epoch [76/100] Batch 1800/2927 Loss: 0.0176
  Epoch [76/100] Batch 2000/2927 Loss: 0.0123
  Epoch [76/100] Batch 2200/2927 Loss: 0.0101
  Epoch [76/100] Batch 2400/2927 Loss: 0.0170
  Epoch [76/100] Batch 2600/2927 Loss: 0.0125
  Epoch [76/100] Batch 2800/2927 Loss: 0.0117
[EPOCH 76] Train: 0.0121 | Val: 0.0097 | LR: 0.000700 | Time: 42.3s
  Epoch [77/100] Batch 0/2927 Loss: 0.0102
  Epoch [77/100] Batch 200/2927 Loss: 0.0105
  Epoch [77/100] Batch 400/2927 Loss: 0.0088
  Epoch [77/100] Batch 600/2927 Loss: 0.0098
  Epoch [77/100] Batch 800/2927 Loss: 0.0117
  Epoch [77/100] Batch 1000/2927 Loss: 0.0115
  Epoch [77/100] Batch 1200/2927 Loss: 0.0106
  Epoch [77/100] Batch 1400/2927 Loss: 0.0163
  Epoch [77/100] Batch 1600/2927 Loss: 0.0117
  Epoch [77/100] Batch 1800/2927 Loss: 0.0101
  Epoch [77/100] Batch 2000/2927 Loss: 0.0095
  Epoch [77/100] Batch 2200/2927 Loss: 0.0154
  Epoch [77/100] Batch 2400/2927 Loss: 0.0078
  Epoch [77/100] Batch 2600/2927 Loss: 0.0130
  Epoch [77/100] Batch 2800/2927 Loss: 0.0116
[EPOCH 77] Train: 0.0121 | Val: 0.0096 | LR: 0.000700 | Time: 42.3s
  Epoch [78/100] Batch 0/2927 Loss: 0.0070
  Epoch [78/100] Batch 200/2927 Loss: 0.0141
  Epoch [78/100] Batch 400/2927 Loss: 0.0108
  Epoch [78/100] Batch 600/2927 Loss: 0.0102
  Epoch [78/100] Batch 800/2927 Loss: 0.0115
  Epoch [78/100] Batch 1000/2927 Loss: 0.0064
  Epoch [78/100] Batch 1200/2927 Loss: 0.0082
  Epoch [78/100] Batch 1400/2927 Loss: 0.0133
  Epoch [78/100] Batch 1600/2927 Loss: 0.0083
  Epoch [78/100] Batch 1800/2927 Loss: 0.0112
  Epoch [78/100] Batch 2000/2927 Loss: 0.0075
  Epoch [78/100] Batch 2200/2927 Loss: 0.0065
  Epoch [78/100] Batch 2400/2927 Loss: 0.0147
  Epoch [78/100] Batch 2600/2927 Loss: 0.0163
  Epoch [78/100] Batch 2800/2927 Loss: 0.0130
[EPOCH 78] Train: 0.0120 | Val: 0.0094 | LR: 0.000700 | Time: 42.3s
[SAVE] Nuevo mejor modelo!
  Epoch [79/100] Batch 0/2927 Loss: 0.0114
  Epoch [79/100] Batch 200/2927 Loss: 0.0129
  Epoch [79/100] Batch 400/2927 Loss: 0.0101
  Epoch [79/100] Batch 600/2927 Loss: 0.0122
  Epoch [79/100] Batch 800/2927 Loss: 0.0106
  Epoch [79/100] Batch 1000/2927 Loss: 0.0102
  Epoch [79/100] Batch 1200/2927 Loss: 0.0129
  Epoch [79/100] Batch 1400/2927 Loss: 0.0088
  Epoch [79/100] Batch 1600/2927 Loss: 0.0065
  Epoch [79/100] Batch 1800/2927 Loss: 0.0092
  Epoch [79/100] Batch 2000/2927 Loss: 0.0107
  Epoch [79/100] Batch 2200/2927 Loss: 0.0075
  Epoch [79/100] Batch 2400/2927 Loss: 0.0090
  Epoch [79/100] Batch 2600/2927 Loss: 0.0124
  Epoch [79/100] Batch 2800/2927 Loss: 0.0225
[EPOCH 79] Train: 0.0121 | Val: 0.0095 | LR: 0.000700 | Time: 42.3s
  Epoch [80/100] Batch 0/2927 Loss: 0.0081
  Epoch [80/100] Batch 200/2927 Loss: 0.0099
  Epoch [80/100] Batch 400/2927 Loss: 0.0079
  Epoch [80/100] Batch 600/2927 Loss: 0.0057
  Epoch [80/100] Batch 800/2927 Loss: 0.0091
  Epoch [80/100] Batch 1000/2927 Loss: 0.0085
  Epoch [80/100] Batch 1200/2927 Loss: 0.0073
  Epoch [80/100] Batch 1400/2927 Loss: 0.0130
  Epoch [80/100] Batch 1600/2927 Loss: 0.0127
  Epoch [80/100] Batch 1800/2927 Loss: 0.0103
  Epoch [80/100] Batch 2000/2927 Loss: 0.0136
  Epoch [80/100] Batch 2200/2927 Loss: 0.0109
  Epoch [80/100] Batch 2400/2927 Loss: 0.0086
  Epoch [80/100] Batch 2600/2927 Loss: 0.0131
  Epoch [80/100] Batch 2800/2927 Loss: 0.0130
[EPOCH 80] Train: 0.0118 | Val: 0.0095 | LR: 0.000700 | Time: 42.4s
  Epoch [81/100] Batch 0/2927 Loss: 0.0088
  Epoch [81/100] Batch 200/2927 Loss: 0.0121
  Epoch [81/100] Batch 400/2927 Loss: 0.0132
  Epoch [81/100] Batch 600/2927 Loss: 0.0097
  Epoch [81/100] Batch 800/2927 Loss: 0.0103
  Epoch [81/100] Batch 1000/2927 Loss: 0.0137
  Epoch [81/100] Batch 1200/2927 Loss: 0.0109
  Epoch [81/100] Batch 1400/2927 Loss: 0.0144
  Epoch [81/100] Batch 1600/2927 Loss: 0.0094
  Epoch [81/100] Batch 1800/2927 Loss: 0.0065
  Epoch [81/100] Batch 2000/2927 Loss: 0.0123
  Epoch [81/100] Batch 2200/2927 Loss: 0.0105
  Epoch [81/100] Batch 2400/2927 Loss: 0.0204
  Epoch [81/100] Batch 2600/2927 Loss: 0.0117
  Epoch [81/100] Batch 2800/2927 Loss: 0.0098
[EPOCH 81] Train: 0.0119 | Val: 0.0093 | LR: 0.000700 | Time: 42.4s
[SAVE] Nuevo mejor modelo!
  Epoch [82/100] Batch 0/2927 Loss: 0.0123
  Epoch [82/100] Batch 200/2927 Loss: 0.0108
  Epoch [82/100] Batch 400/2927 Loss: 0.0076
  Epoch [82/100] Batch 600/2927 Loss: 0.0141
  Epoch [82/100] Batch 800/2927 Loss: 0.0093
  Epoch [82/100] Batch 1000/2927 Loss: 0.0113
  Epoch [82/100] Batch 1200/2927 Loss: 0.0121
  Epoch [82/100] Batch 1400/2927 Loss: 0.0138
  Epoch [82/100] Batch 1600/2927 Loss: 0.0126
  Epoch [82/100] Batch 1800/2927 Loss: 0.0084
  Epoch [82/100] Batch 2000/2927 Loss: 0.0152
  Epoch [82/100] Batch 2200/2927 Loss: 0.0101
  Epoch [82/100] Batch 2400/2927 Loss: 0.0120
  Epoch [82/100] Batch 2600/2927 Loss: 0.0147
  Epoch [82/100] Batch 2800/2927 Loss: 0.0155
[EPOCH 82] Train: 0.0119 | Val: 0.0097 | LR: 0.000700 | Time: 42.4s
  Epoch [83/100] Batch 0/2927 Loss: 0.0126
  Epoch [83/100] Batch 200/2927 Loss: 0.0119
  Epoch [83/100] Batch 400/2927 Loss: 0.0097
  Epoch [83/100] Batch 600/2927 Loss: 0.0141
  Epoch [83/100] Batch 800/2927 Loss: 0.0076
  Epoch [83/100] Batch 1000/2927 Loss: 0.0087
  Epoch [83/100] Batch 1200/2927 Loss: 0.0150
  Epoch [83/100] Batch 1400/2927 Loss: 0.0073
  Epoch [83/100] Batch 1600/2927 Loss: 0.0081
  Epoch [83/100] Batch 1800/2927 Loss: 0.0121
  Epoch [83/100] Batch 2000/2927 Loss: 0.0116
  Epoch [83/100] Batch 2200/2927 Loss: 0.0070
  Epoch [83/100] Batch 2400/2927 Loss: 0.0122
  Epoch [83/100] Batch 2600/2927 Loss: 0.0077
  Epoch [83/100] Batch 2800/2927 Loss: 0.0098
[EPOCH 83] Train: 0.0118 | Val: 0.0095 | LR: 0.000700 | Time: 42.5s
  Epoch [84/100] Batch 0/2927 Loss: 0.0118
  Epoch [84/100] Batch 200/2927 Loss: 0.0100
  Epoch [84/100] Batch 400/2927 Loss: 0.0127
  Epoch [84/100] Batch 600/2927 Loss: 0.0111
  Epoch [84/100] Batch 800/2927 Loss: 0.0171
  Epoch [84/100] Batch 1000/2927 Loss: 0.0154
  Epoch [84/100] Batch 1200/2927 Loss: 0.0072
  Epoch [84/100] Batch 1400/2927 Loss: 0.0123
  Epoch [84/100] Batch 1600/2927 Loss: 0.0159
  Epoch [84/100] Batch 1800/2927 Loss: 0.0079
  Epoch [84/100] Batch 2000/2927 Loss: 0.0144
  Epoch [84/100] Batch 2200/2927 Loss: 0.0102
  Epoch [84/100] Batch 2400/2927 Loss: 0.0138
  Epoch [84/100] Batch 2600/2927 Loss: 0.0128
  Epoch [84/100] Batch 2800/2927 Loss: 0.0174
[EPOCH 84] Train: 0.0118 | Val: 0.0099 | LR: 0.000700 | Time: 42.5s
  Epoch [85/100] Batch 0/2927 Loss: 0.0097
  Epoch [85/100] Batch 200/2927 Loss: 0.0124
  Epoch [85/100] Batch 400/2927 Loss: 0.0141
  Epoch [85/100] Batch 600/2927 Loss: 0.0153
  Epoch [85/100] Batch 800/2927 Loss: 0.0133
  Epoch [85/100] Batch 1000/2927 Loss: 0.0086
  Epoch [85/100] Batch 1200/2927 Loss: 0.0134
  Epoch [85/100] Batch 1400/2927 Loss: 0.0148
  Epoch [85/100] Batch 1600/2927 Loss: 0.0205
  Epoch [85/100] Batch 1800/2927 Loss: 0.0112
  Epoch [85/100] Batch 2000/2927 Loss: 0.0106
  Epoch [85/100] Batch 2200/2927 Loss: 0.0149
  Epoch [85/100] Batch 2400/2927 Loss: 0.0087
  Epoch [85/100] Batch 2600/2927 Loss: 0.0092
  Epoch [85/100] Batch 2800/2927 Loss: 0.0213
[EPOCH 85] Train: 0.0119 | Val: 0.0106 | LR: 0.000700 | Time: 42.5s
  Epoch [86/100] Batch 0/2927 Loss: 0.0127
  Epoch [86/100] Batch 200/2927 Loss: 0.0068
  Epoch [86/100] Batch 400/2927 Loss: 0.0144
  Epoch [86/100] Batch 600/2927 Loss: 0.0112
  Epoch [86/100] Batch 800/2927 Loss: 0.0105
  Epoch [86/100] Batch 1000/2927 Loss: 0.0120
  Epoch [86/100] Batch 1200/2927 Loss: 0.0127
  Epoch [86/100] Batch 1400/2927 Loss: 0.0088
  Epoch [86/100] Batch 1600/2927 Loss: 0.0142
  Epoch [86/100] Batch 1800/2927 Loss: 0.0060
  Epoch [86/100] Batch 2000/2927 Loss: 0.0146
  Epoch [86/100] Batch 2200/2927 Loss: 0.0122
  Epoch [86/100] Batch 2400/2927 Loss: 0.0109
  Epoch [86/100] Batch 2600/2927 Loss: 0.0100
  Epoch [86/100] Batch 2800/2927 Loss: 0.0100
[EPOCH 86] Train: 0.0117 | Val: 0.0092 | LR: 0.000700 | Time: 42.5s
[SAVE] Nuevo mejor modelo!
  Epoch [87/100] Batch 0/2927 Loss: 0.0076
  Epoch [87/100] Batch 200/2927 Loss: 0.0177
  Epoch [87/100] Batch 400/2927 Loss: 0.0147
  Epoch [87/100] Batch 600/2927 Loss: 0.0115
  Epoch [87/100] Batch 800/2927 Loss: 0.0146
  Epoch [87/100] Batch 1000/2927 Loss: 0.0107
  Epoch [87/100] Batch 1200/2927 Loss: 0.0178
  Epoch [87/100] Batch 1400/2927 Loss: 0.0090
  Epoch [87/100] Batch 1600/2927 Loss: 0.0168
  Epoch [87/100] Batch 1800/2927 Loss: 0.0115
  Epoch [87/100] Batch 2000/2927 Loss: 0.0130
  Epoch [87/100] Batch 2200/2927 Loss: 0.0093
  Epoch [87/100] Batch 2400/2927 Loss: 0.0097
  Epoch [87/100] Batch 2600/2927 Loss: 0.0047
  Epoch [87/100] Batch 2800/2927 Loss: 0.0128
[EPOCH 87] Train: 0.0117 | Val: 0.0095 | LR: 0.000700 | Time: 42.5s
  Epoch [88/100] Batch 0/2927 Loss: 0.0088
  Epoch [88/100] Batch 200/2927 Loss: 0.0147
  Epoch [88/100] Batch 400/2927 Loss: 0.0113
  Epoch [88/100] Batch 600/2927 Loss: 0.0047
  Epoch [88/100] Batch 800/2927 Loss: 0.0109
  Epoch [88/100] Batch 1000/2927 Loss: 0.0046
  Epoch [88/100] Batch 1200/2927 Loss: 0.0098
  Epoch [88/100] Batch 1400/2927 Loss: 0.0068
  Epoch [88/100] Batch 1600/2927 Loss: 0.0133
  Epoch [88/100] Batch 1800/2927 Loss: 0.0076
  Epoch [88/100] Batch 2000/2927 Loss: 0.0101
  Epoch [88/100] Batch 2200/2927 Loss: 0.0123
  Epoch [88/100] Batch 2400/2927 Loss: 0.0152
  Epoch [88/100] Batch 2600/2927 Loss: 0.0080
  Epoch [88/100] Batch 2800/2927 Loss: 0.0135
[EPOCH 88] Train: 0.0117 | Val: 0.0117 | LR: 0.000700 | Time: 42.4s
  Epoch [89/100] Batch 0/2927 Loss: 0.0142
  Epoch [89/100] Batch 200/2927 Loss: 0.0138
  Epoch [89/100] Batch 400/2927 Loss: 0.0084
  Epoch [89/100] Batch 600/2927 Loss: 0.0141
  Epoch [89/100] Batch 800/2927 Loss: 0.0153
  Epoch [89/100] Batch 1000/2927 Loss: 0.0087
  Epoch [89/100] Batch 1200/2927 Loss: 0.0091
  Epoch [89/100] Batch 1400/2927 Loss: 0.0148
  Epoch [89/100] Batch 1600/2927 Loss: 0.0093
  Epoch [89/100] Batch 1800/2927 Loss: 0.0067
  Epoch [89/100] Batch 2000/2927 Loss: 0.0160
  Epoch [89/100] Batch 2200/2927 Loss: 0.0069
  Epoch [89/100] Batch 2400/2927 Loss: 0.0138
  Epoch [89/100] Batch 2600/2927 Loss: 0.0117
  Epoch [89/100] Batch 2800/2927 Loss: 0.0093
[EPOCH 89] Train: 0.0118 | Val: 0.0093 | LR: 0.000700 | Time: 42.1s
  Epoch [90/100] Batch 0/2927 Loss: 0.0148
  Epoch [90/100] Batch 200/2927 Loss: 0.0126
  Epoch [90/100] Batch 400/2927 Loss: 0.0114
  Epoch [90/100] Batch 600/2927 Loss: 0.0118
  Epoch [90/100] Batch 800/2927 Loss: 0.0163
  Epoch [90/100] Batch 1000/2927 Loss: 0.0134
  Epoch [90/100] Batch 1200/2927 Loss: 0.0139
  Epoch [90/100] Batch 1400/2927 Loss: 0.0157
  Epoch [90/100] Batch 1600/2927 Loss: 0.0167
  Epoch [90/100] Batch 1800/2927 Loss: 0.0114
  Epoch [90/100] Batch 2000/2927 Loss: 0.0133
  Epoch [90/100] Batch 2200/2927 Loss: 0.0070
  Epoch [90/100] Batch 2400/2927 Loss: 0.0163
  Epoch [90/100] Batch 2600/2927 Loss: 0.0103
  Epoch [90/100] Batch 2800/2927 Loss: 0.0055
[EPOCH 90] Train: 0.0117 | Val: 0.0096 | LR: 0.000700 | Time: 42.1s
  Epoch [91/100] Batch 0/2927 Loss: 0.0087
  Epoch [91/100] Batch 200/2927 Loss: 0.0101
  Epoch [91/100] Batch 400/2927 Loss: 0.0115
  Epoch [91/100] Batch 600/2927 Loss: 0.0067
  Epoch [91/100] Batch 800/2927 Loss: 0.0135
  Epoch [91/100] Batch 1000/2927 Loss: 0.0134
  Epoch [91/100] Batch 1200/2927 Loss: 0.0071
  Epoch [91/100] Batch 1400/2927 Loss: 0.0088
  Epoch [91/100] Batch 1600/2927 Loss: 0.0099
  Epoch [91/100] Batch 1800/2927 Loss: 0.0164
  Epoch [91/100] Batch 2000/2927 Loss: 0.0139
  Epoch [91/100] Batch 2200/2927 Loss: 0.0124
  Epoch [91/100] Batch 2400/2927 Loss: 0.0137
  Epoch [91/100] Batch 2600/2927 Loss: 0.0180
  Epoch [91/100] Batch 2800/2927 Loss: 0.0064
[EPOCH 91] Train: 0.0116 | Val: 0.0094 | LR: 0.000700 | Time: 42.2s
  Epoch [92/100] Batch 0/2927 Loss: 0.0201
  Epoch [92/100] Batch 200/2927 Loss: 0.0093
  Epoch [92/100] Batch 400/2927 Loss: 0.0132
  Epoch [92/100] Batch 600/2927 Loss: 0.0114
  Epoch [92/100] Batch 800/2927 Loss: 0.0070
  Epoch [92/100] Batch 1000/2927 Loss: 0.0108
  Epoch [92/100] Batch 1200/2927 Loss: 0.0150
  Epoch [92/100] Batch 1400/2927 Loss: 0.0078
  Epoch [92/100] Batch 1600/2927 Loss: 0.0065
  Epoch [92/100] Batch 1800/2927 Loss: 0.0078
  Epoch [92/100] Batch 2000/2927 Loss: 0.0090
  Epoch [92/100] Batch 2200/2927 Loss: 0.0132
  Epoch [92/100] Batch 2400/2927 Loss: 0.0121
  Epoch [92/100] Batch 2600/2927 Loss: 0.0101
  Epoch [92/100] Batch 2800/2927 Loss: 0.0074
[EPOCH 92] Train: 0.0115 | Val: 0.0099 | LR: 0.000700 | Time: 42.2s
  Epoch [93/100] Batch 0/2927 Loss: 0.0088
  Epoch [93/100] Batch 200/2927 Loss: 0.0102
  Epoch [93/100] Batch 400/2927 Loss: 0.0091
  Epoch [93/100] Batch 600/2927 Loss: 0.0062
  Epoch [93/100] Batch 800/2927 Loss: 0.0130
  Epoch [93/100] Batch 1000/2927 Loss: 0.0119
  Epoch [93/100] Batch 1200/2927 Loss: 0.0133
  Epoch [93/100] Batch 1400/2927 Loss: 0.0127
  Epoch [93/100] Batch 1600/2927 Loss: 0.0101
  Epoch [93/100] Batch 1800/2927 Loss: 0.0105
  Epoch [93/100] Batch 2000/2927 Loss: 0.0095
  Epoch [93/100] Batch 2200/2927 Loss: 0.0184
  Epoch [93/100] Batch 2400/2927 Loss: 0.0129
  Epoch [93/100] Batch 2600/2927 Loss: 0.0092
  Epoch [93/100] Batch 2800/2927 Loss: 0.0171
[EPOCH 93] Train: 0.0116 | Val: 0.0095 | LR: 0.000700 | Time: 42.2s
  Epoch [94/100] Batch 0/2927 Loss: 0.0162
  Epoch [94/100] Batch 200/2927 Loss: 0.0157
  Epoch [94/100] Batch 400/2927 Loss: 0.0109
  Epoch [94/100] Batch 600/2927 Loss: 0.0089
  Epoch [94/100] Batch 800/2927 Loss: 0.0078
  Epoch [94/100] Batch 1000/2927 Loss: 0.0140
  Epoch [94/100] Batch 1200/2927 Loss: 0.0129
  Epoch [94/100] Batch 1400/2927 Loss: 0.0104
  Epoch [94/100] Batch 1600/2927 Loss: 0.0127
  Epoch [94/100] Batch 1800/2927 Loss: 0.0107
  Epoch [94/100] Batch 2000/2927 Loss: 0.0091
  Epoch [94/100] Batch 2200/2927 Loss: 0.0131
  Epoch [94/100] Batch 2400/2927 Loss: 0.0046
  Epoch [94/100] Batch 2600/2927 Loss: 0.0158
  Epoch [94/100] Batch 2800/2927 Loss: 0.0102
[EPOCH 94] Train: 0.0116 | Val: 0.0094 | LR: 0.000700 | Time: 42.3s
  Epoch [95/100] Batch 0/2927 Loss: 0.0110
  Epoch [95/100] Batch 200/2927 Loss: 0.0085
  Epoch [95/100] Batch 400/2927 Loss: 0.0102
  Epoch [95/100] Batch 600/2927 Loss: 0.0123
  Epoch [95/100] Batch 800/2927 Loss: 0.0135
  Epoch [95/100] Batch 1000/2927 Loss: 0.0110
  Epoch [95/100] Batch 1200/2927 Loss: 0.0170
  Epoch [95/100] Batch 1400/2927 Loss: 0.0090
  Epoch [95/100] Batch 1600/2927 Loss: 0.0125
  Epoch [95/100] Batch 1800/2927 Loss: 0.0115
  Epoch [95/100] Batch 2000/2927 Loss: 0.0097
  Epoch [95/100] Batch 2200/2927 Loss: 0.0112
  Epoch [95/100] Batch 2400/2927 Loss: 0.0107
  Epoch [95/100] Batch 2600/2927 Loss: 0.0068
  Epoch [95/100] Batch 2800/2927 Loss: 0.0134
[EPOCH 95] Train: 0.0114 | Val: 0.0106 | LR: 0.000490 | Time: 42.3s
  Epoch [96/100] Batch 0/2927 Loss: 0.0140
  Epoch [96/100] Batch 200/2927 Loss: 0.0070
  Epoch [96/100] Batch 400/2927 Loss: 0.0085
  Epoch [96/100] Batch 600/2927 Loss: 0.0090
  Epoch [96/100] Batch 800/2927 Loss: 0.0114
  Epoch [96/100] Batch 1000/2927 Loss: 0.0141
  Epoch [96/100] Batch 1200/2927 Loss: 0.0123
  Epoch [96/100] Batch 1400/2927 Loss: 0.0170
  Epoch [96/100] Batch 1600/2927 Loss: 0.0086
  Epoch [96/100] Batch 1800/2927 Loss: 0.0107
  Epoch [96/100] Batch 2000/2927 Loss: 0.0104
  Epoch [96/100] Batch 2200/2927 Loss: 0.0053
  Epoch [96/100] Batch 2400/2927 Loss: 0.0130
  Epoch [96/100] Batch 2600/2927 Loss: 0.0081
  Epoch [96/100] Batch 2800/2927 Loss: 0.0147
[EPOCH 96] Train: 0.0106 | Val: 0.0088 | LR: 0.000490 | Time: 42.3s
[SAVE] Nuevo mejor modelo!
  Epoch [97/100] Batch 0/2927 Loss: 0.0096
  Epoch [97/100] Batch 200/2927 Loss: 0.0120
  Epoch [97/100] Batch 400/2927 Loss: 0.0090
  Epoch [97/100] Batch 600/2927 Loss: 0.0065
  Epoch [97/100] Batch 800/2927 Loss: 0.0090
  Epoch [97/100] Batch 1000/2927 Loss: 0.0094
  Epoch [97/100] Batch 1200/2927 Loss: 0.0124
  Epoch [97/100] Batch 1400/2927 Loss: 0.0125
  Epoch [97/100] Batch 1600/2927 Loss: 0.0114
  Epoch [97/100] Batch 1800/2927 Loss: 0.0116
  Epoch [97/100] Batch 2000/2927 Loss: 0.0088
  Epoch [97/100] Batch 2200/2927 Loss: 0.0108
  Epoch [97/100] Batch 2400/2927 Loss: 0.0093
  Epoch [97/100] Batch 2600/2927 Loss: 0.0156
  Epoch [97/100] Batch 2800/2927 Loss: 0.0167
[EPOCH 97] Train: 0.0105 | Val: 0.0089 | LR: 0.000490 | Time: 42.3s
  Epoch [98/100] Batch 0/2927 Loss: 0.0127
  Epoch [98/100] Batch 200/2927 Loss: 0.0061
  Epoch [98/100] Batch 400/2927 Loss: 0.0144
  Epoch [98/100] Batch 600/2927 Loss: 0.0090
  Epoch [98/100] Batch 800/2927 Loss: 0.0111
  Epoch [98/100] Batch 1000/2927 Loss: 0.0068
  Epoch [98/100] Batch 1200/2927 Loss: 0.0088
  Epoch [98/100] Batch 1400/2927 Loss: 0.0097
  Epoch [98/100] Batch 1600/2927 Loss: 0.0071
  Epoch [98/100] Batch 1800/2927 Loss: 0.0122
  Epoch [98/100] Batch 2000/2927 Loss: 0.0116
  Epoch [98/100] Batch 2200/2927 Loss: 0.0147
  Epoch [98/100] Batch 2400/2927 Loss: 0.0101
  Epoch [98/100] Batch 2600/2927 Loss: 0.0146
  Epoch [98/100] Batch 2800/2927 Loss: 0.0121
[EPOCH 98] Train: 0.0105 | Val: 0.0090 | LR: 0.000490 | Time: 42.4s
  Epoch [99/100] Batch 0/2927 Loss: 0.0182
  Epoch [99/100] Batch 200/2927 Loss: 0.0107
  Epoch [99/100] Batch 400/2927 Loss: 0.0130
  Epoch [99/100] Batch 600/2927 Loss: 0.0088
  Epoch [99/100] Batch 800/2927 Loss: 0.0047
  Epoch [99/100] Batch 1000/2927 Loss: 0.0044
  Epoch [99/100] Batch 1200/2927 Loss: 0.0164
  Epoch [99/100] Batch 1400/2927 Loss: 0.0071
  Epoch [99/100] Batch 1600/2927 Loss: 0.0124
  Epoch [99/100] Batch 1800/2927 Loss: 0.0108
  Epoch [99/100] Batch 2000/2927 Loss: 0.0078
  Epoch [99/100] Batch 2200/2927 Loss: 0.0132
  Epoch [99/100] Batch 2400/2927 Loss: 0.0150
  Epoch [99/100] Batch 2600/2927 Loss: 0.0116
  Epoch [99/100] Batch 2800/2927 Loss: 0.0098
[EPOCH 99] Train: 0.0105 | Val: 0.0086 | LR: 0.000490 | Time: 42.4s
[SAVE] Nuevo mejor modelo!
  Epoch [100/100] Batch 0/2927 Loss: 0.0049
  Epoch [100/100] Batch 200/2927 Loss: 0.0115
  Epoch [100/100] Batch 400/2927 Loss: 0.0090
  Epoch [100/100] Batch 600/2927 Loss: 0.0134
  Epoch [100/100] Batch 800/2927 Loss: 0.0092
  Epoch [100/100] Batch 1000/2927 Loss: 0.0091
  Epoch [100/100] Batch 1200/2927 Loss: 0.0099
  Epoch [100/100] Batch 1400/2927 Loss: 0.0090
  Epoch [100/100] Batch 1600/2927 Loss: 0.0094
  Epoch [100/100] Batch 1800/2927 Loss: 0.0126
  Epoch [100/100] Batch 2000/2927 Loss: 0.0077
  Epoch [100/100] Batch 2200/2927 Loss: 0.0117
  Epoch [100/100] Batch 2400/2927 Loss: 0.0113
  Epoch [100/100] Batch 2600/2927 Loss: 0.0080
  Epoch [100/100] Batch 2800/2927 Loss: 0.0103
[EPOCH 100] Train: 0.0104 | Val: 0.0095 | LR: 0.000490 | Time: 42.5s

[DONE] 70.3 min. Mejor Val: 0.0086
