--- ENTRENAMIENTO EXP B (V10 + dropout + weight_decay): nmr_202k_v11b_reg_2ch_fm_19v ---
[INFO] Dispositivo: cuda
[INFO] Extrayendo formulas moleculares (C,H,N,O,S,Hal)...
[INFO] Formulas moleculares cargadas.
[INFO] Split congelado: SMILES invalidos=0 | train=187314 (leak removido=723) | val=14428
[INFO] Regularizacion: dropout=0.25, weight_decay=1e-05
[INFO] Scheduler: patience=8, factor=0.7

[START] 100 epochs...
  Epoch [1/100] Batch 0/2927 Loss: 81.4429
  Epoch [1/100] Batch 200/2927 Loss: 2.5700
  Epoch [1/100] Batch 400/2927 Loss: 2.5611
  Epoch [1/100] Batch 600/2927 Loss: 1.7278
  Epoch [1/100] Batch 800/2927 Loss: 1.5439
  Epoch [1/100] Batch 1000/2927 Loss: 1.2933
  Epoch [1/100] Batch 1200/2927 Loss: 1.2900
  Epoch [1/100] Batch 1400/2927 Loss: 1.3665
  Epoch [1/100] Batch 1600/2927 Loss: 1.2068
  Epoch [1/100] Batch 1800/2927 Loss: 1.2108
  Epoch [1/100] Batch 2000/2927 Loss: 0.8137
  Epoch [1/100] Batch 2200/2927 Loss: 0.8723
  Epoch [1/100] Batch 2400/2927 Loss: 0.9685
  Epoch [1/100] Batch 2600/2927 Loss: 1.2066
  Epoch [1/100] Batch 2800/2927 Loss: 1.5127
[EPOCH 1] Train: 1.7228 | Val: 0.4734 | LR: 0.001000 | Time: 394.9s
[SAVE] Nuevo mejor modelo!
  Epoch [2/100] Batch 0/2927 Loss: 1.0258
  Epoch [2/100] Batch 200/2927 Loss: 0.9931
  Epoch [2/100] Batch 400/2927 Loss: 0.7392
  Epoch [2/100] Batch 600/2927 Loss: 0.7660
  Epoch [2/100] Batch 800/2927 Loss: 0.6298
  Epoch [2/100] Batch 1000/2927 Loss: 0.8599
  Epoch [2/100] Batch 1200/2927 Loss: 0.6412
  Epoch [2/100] Batch 1400/2927 Loss: 1.2067
  Epoch [2/100] Batch 1600/2927 Loss: 0.5940
  Epoch [2/100] Batch 1800/2927 Loss: 0.8472
  Epoch [2/100] Batch 2000/2927 Loss: 0.6753
  Epoch [2/100] Batch 2200/2927 Loss: 0.8747
  Epoch [2/100] Batch 2400/2927 Loss: 0.7966
  Epoch [2/100] Batch 2600/2927 Loss: 0.9935
  Epoch [2/100] Batch 2800/2927 Loss: 0.6913
[EPOCH 2] Train: 0.7945 | Val: 0.3560 | LR: 0.001000 | Time: 370.0s
[SAVE] Nuevo mejor modelo!
  Epoch [3/100] Batch 0/2927 Loss: 0.8618
  Epoch [3/100] Batch 200/2927 Loss: 0.5890
  Epoch [3/100] Batch 400/2927 Loss: 0.6082
  Epoch [3/100] Batch 600/2927 Loss: 0.6460
  Epoch [3/100] Batch 800/2927 Loss: 0.6854
  Epoch [3/100] Batch 1000/2927 Loss: 0.5696
  Epoch [3/100] Batch 1200/2927 Loss: 0.6941
  Epoch [3/100] Batch 1400/2927 Loss: 0.7666
  Epoch [3/100] Batch 1600/2927 Loss: 0.6325
  Epoch [3/100] Batch 1800/2927 Loss: 0.5795
  Epoch [3/100] Batch 2000/2927 Loss: 0.6222
  Epoch [3/100] Batch 2200/2927 Loss: 0.6253
  Epoch [3/100] Batch 2400/2927 Loss: 0.7504
  Epoch [3/100] Batch 2600/2927 Loss: 0.5794
  Epoch [3/100] Batch 2800/2927 Loss: 0.6176
[EPOCH 3] Train: 0.6734 | Val: 0.3282 | LR: 0.001000 | Time: 369.6s
[SAVE] Nuevo mejor modelo!
  Epoch [4/100] Batch 0/2927 Loss: 0.5388
  Epoch [4/100] Batch 200/2927 Loss: 0.5276
  Epoch [4/100] Batch 400/2927 Loss: 0.4839
  Epoch [4/100] Batch 600/2927 Loss: 0.7091
  Epoch [4/100] Batch 800/2927 Loss: 0.6671
  Epoch [4/100] Batch 1000/2927 Loss: 0.5659
  Epoch [4/100] Batch 1200/2927 Loss: 0.6046
  Epoch [4/100] Batch 1400/2927 Loss: 0.5615
  Epoch [4/100] Batch 1600/2927 Loss: 0.6452
  Epoch [4/100] Batch 1800/2927 Loss: 0.4897
  Epoch [4/100] Batch 2000/2927 Loss: 0.6827
  Epoch [4/100] Batch 2200/2927 Loss: 0.4689
  Epoch [4/100] Batch 2400/2927 Loss: 0.6833
  Epoch [4/100] Batch 2600/2927 Loss: 0.7695
  Epoch [4/100] Batch 2800/2927 Loss: 0.6987
[EPOCH 4] Train: 0.6157 | Val: 0.3246 | LR: 0.001000 | Time: 369.8s
[SAVE] Nuevo mejor modelo!
  Epoch [5/100] Batch 0/2927 Loss: 0.6170
  Epoch [5/100] Batch 200/2927 Loss: 0.4835
  Epoch [5/100] Batch 400/2927 Loss: 0.8969
  Epoch [5/100] Batch 600/2927 Loss: 0.4512
  Epoch [5/100] Batch 800/2927 Loss: 0.5765
  Epoch [5/100] Batch 1000/2927 Loss: 0.5481
  Epoch [5/100] Batch 1200/2927 Loss: 0.5830
  Epoch [5/100] Batch 1400/2927 Loss: 0.4873
  Epoch [5/100] Batch 1600/2927 Loss: 0.4802
  Epoch [5/100] Batch 1800/2927 Loss: 0.4666
  Epoch [5/100] Batch 2000/2927 Loss: 0.4956
  Epoch [5/100] Batch 2200/2927 Loss: 0.5629
  Epoch [5/100] Batch 2400/2927 Loss: 0.5888
  Epoch [5/100] Batch 2600/2927 Loss: 0.4731
  Epoch [5/100] Batch 2800/2927 Loss: 0.4395
[EPOCH 5] Train: 0.5668 | Val: 0.3720 | LR: 0.001000 | Time: 368.9s
  Epoch [6/100] Batch 0/2927 Loss: 0.5878
  Epoch [6/100] Batch 200/2927 Loss: 0.5680
  Epoch [6/100] Batch 400/2927 Loss: 0.4639
  Epoch [6/100] Batch 600/2927 Loss: 0.7152
  Epoch [6/100] Batch 800/2927 Loss: 0.4983
  Epoch [6/100] Batch 1000/2927 Loss: 0.4914
  Epoch [6/100] Batch 1200/2927 Loss: 0.4969
  Epoch [6/100] Batch 1400/2927 Loss: 0.6063
  Epoch [6/100] Batch 1600/2927 Loss: 0.5068
  Epoch [6/100] Batch 1800/2927 Loss: 0.4804
  Epoch [6/100] Batch 2000/2927 Loss: 0.4662
  Epoch [6/100] Batch 2200/2927 Loss: 0.7346
  Epoch [6/100] Batch 2400/2927 Loss: 0.5962
  Epoch [6/100] Batch 2600/2927 Loss: 0.5388
  Epoch [6/100] Batch 2800/2927 Loss: 0.6043
[EPOCH 6] Train: 0.5487 | Val: 0.3384 | LR: 0.001000 | Time: 368.4s
  Epoch [7/100] Batch 0/2927 Loss: 0.4802
  Epoch [7/100] Batch 200/2927 Loss: 0.5447
  Epoch [7/100] Batch 400/2927 Loss: 0.6998
  Epoch [7/100] Batch 600/2927 Loss: 0.4894
  Epoch [7/100] Batch 800/2927 Loss: 0.3854
  Epoch [7/100] Batch 1000/2927 Loss: 0.4998
  Epoch [7/100] Batch 1200/2927 Loss: 0.4178
  Epoch [7/100] Batch 1400/2927 Loss: 0.4908
  Epoch [7/100] Batch 1600/2927 Loss: 0.5288
  Epoch [7/100] Batch 1800/2927 Loss: 0.3760
  Epoch [7/100] Batch 2000/2927 Loss: 0.4769
  Epoch [7/100] Batch 2200/2927 Loss: 0.5367
  Epoch [7/100] Batch 2400/2927 Loss: 0.4816
  Epoch [7/100] Batch 2600/2927 Loss: 0.5309
  Epoch [7/100] Batch 2800/2927 Loss: 0.5791
[EPOCH 7] Train: 0.5291 | Val: 0.2579 | LR: 0.001000 | Time: 368.1s
[SAVE] Nuevo mejor modelo!
  Epoch [8/100] Batch 0/2927 Loss: 0.8632
  Epoch [8/100] Batch 200/2927 Loss: 0.4774
  Epoch [8/100] Batch 400/2927 Loss: 0.4514
  Epoch [8/100] Batch 600/2927 Loss: 0.5591
  Epoch [8/100] Batch 800/2927 Loss: 0.5782
  Epoch [8/100] Batch 1000/2927 Loss: 0.5605
  Epoch [8/100] Batch 1200/2927 Loss: 0.5727
  Epoch [8/100] Batch 1400/2927 Loss: 0.6859
  Epoch [8/100] Batch 1600/2927 Loss: 0.4680
  Epoch [8/100] Batch 1800/2927 Loss: 0.4116
  Epoch [8/100] Batch 2000/2927 Loss: 0.4806
  Epoch [8/100] Batch 2200/2927 Loss: 0.4922
  Epoch [8/100] Batch 2400/2927 Loss: 0.4407
  Epoch [8/100] Batch 2600/2927 Loss: 0.5113
  Epoch [8/100] Batch 2800/2927 Loss: 0.5936
[EPOCH 8] Train: 0.5201 | Val: 0.4625 | LR: 0.001000 | Time: 368.3s
  Epoch [9/100] Batch 0/2927 Loss: 0.4220
  Epoch [9/100] Batch 200/2927 Loss: 0.4653
  Epoch [9/100] Batch 400/2927 Loss: 0.5181
  Epoch [9/100] Batch 600/2927 Loss: 0.6799
  Epoch [9/100] Batch 800/2927 Loss: 0.5531
  Epoch [9/100] Batch 1000/2927 Loss: 0.4528
  Epoch [9/100] Batch 1200/2927 Loss: 0.6454
  Epoch [9/100] Batch 1400/2927 Loss: 0.4166
  Epoch [9/100] Batch 1600/2927 Loss: 0.5428
  Epoch [9/100] Batch 1800/2927 Loss: 0.6800
  Epoch [9/100] Batch 2000/2927 Loss: 0.4971
  Epoch [9/100] Batch 2200/2927 Loss: 0.6688
  Epoch [9/100] Batch 2400/2927 Loss: 0.4418
  Epoch [9/100] Batch 2600/2927 Loss: 0.6338
  Epoch [9/100] Batch 2800/2927 Loss: 0.6548
[EPOCH 9] Train: 0.5135 | Val: 0.2688 | LR: 0.001000 | Time: 368.4s
  Epoch [10/100] Batch 0/2927 Loss: 0.3547
  Epoch [10/100] Batch 200/2927 Loss: 0.4960
  Epoch [10/100] Batch 400/2927 Loss: 0.4790
  Epoch [10/100] Batch 600/2927 Loss: 0.4407
  Epoch [10/100] Batch 800/2927 Loss: 0.3903
  Epoch [10/100] Batch 1000/2927 Loss: 0.5401
  Epoch [10/100] Batch 1200/2927 Loss: 0.4214
  Epoch [10/100] Batch 1400/2927 Loss: 0.4515
  Epoch [10/100] Batch 1600/2927 Loss: 0.4488
  Epoch [10/100] Batch 1800/2927 Loss: 0.3709
  Epoch [10/100] Batch 2000/2927 Loss: 0.5463
  Epoch [10/100] Batch 2200/2927 Loss: 0.5389
  Epoch [10/100] Batch 2400/2927 Loss: 0.4372
  Epoch [10/100] Batch 2600/2927 Loss: 0.6547
  Epoch [10/100] Batch 2800/2927 Loss: 0.5277
[EPOCH 10] Train: 0.5162 | Val: 0.4172 | LR: 0.001000 | Time: 368.4s
  Epoch [11/100] Batch 0/2927 Loss: 0.5372
  Epoch [11/100] Batch 200/2927 Loss: 0.8060
  Epoch [11/100] Batch 400/2927 Loss: 0.4065
  Epoch [11/100] Batch 600/2927 Loss: 0.3517
  Epoch [11/100] Batch 800/2927 Loss: 0.6652
  Epoch [11/100] Batch 1000/2927 Loss: 0.4628
  Epoch [11/100] Batch 1200/2927 Loss: 0.5487
  Epoch [11/100] Batch 1400/2927 Loss: 0.4994
  Epoch [11/100] Batch 1600/2927 Loss: 0.4798
  Epoch [11/100] Batch 1800/2927 Loss: 0.5563
  Epoch [11/100] Batch 2000/2927 Loss: 0.5717
  Epoch [11/100] Batch 2200/2927 Loss: 0.5918
  Epoch [11/100] Batch 2400/2927 Loss: 0.3980
  Epoch [11/100] Batch 2600/2927 Loss: 0.4543
  Epoch [11/100] Batch 2800/2927 Loss: 0.5118
[EPOCH 11] Train: 0.5084 | Val: 0.4604 | LR: 0.001000 | Time: 368.4s
  Epoch [12/100] Batch 0/2927 Loss: 0.4812
  Epoch [12/100] Batch 200/2927 Loss: 0.5174
  Epoch [12/100] Batch 400/2927 Loss: 0.5147
  Epoch [12/100] Batch 600/2927 Loss: 0.6603
  Epoch [12/100] Batch 800/2927 Loss: 0.4477
  Epoch [12/100] Batch 1000/2927 Loss: 0.4088
  Epoch [12/100] Batch 1200/2927 Loss: 0.4582
  Epoch [12/100] Batch 1400/2927 Loss: 0.4853
  Epoch [12/100] Batch 1600/2927 Loss: 0.4696
  Epoch [12/100] Batch 1800/2927 Loss: 0.4944
  Epoch [12/100] Batch 2000/2927 Loss: 0.3343
  Epoch [12/100] Batch 2200/2927 Loss: 0.3906
  Epoch [12/100] Batch 2400/2927 Loss: 0.7006
  Epoch [12/100] Batch 2600/2927 Loss: 0.4818
  Epoch [12/100] Batch 2800/2927 Loss: 0.8394
[EPOCH 12] Train: 0.5043 | Val: 0.3002 | LR: 0.001000 | Time: 368.1s
  Epoch [13/100] Batch 0/2927 Loss: 0.4404
  Epoch [13/100] Batch 200/2927 Loss: 0.4363
  Epoch [13/100] Batch 400/2927 Loss: 0.5259
  Epoch [13/100] Batch 600/2927 Loss: 0.6400
  Epoch [13/100] Batch 800/2927 Loss: 0.6136
  Epoch [13/100] Batch 1000/2927 Loss: 0.4865
  Epoch [13/100] Batch 1200/2927 Loss: 0.4317
  Epoch [13/100] Batch 1400/2927 Loss: 0.5830
  Epoch [13/100] Batch 1600/2927 Loss: 0.4988
  Epoch [13/100] Batch 1800/2927 Loss: 0.5501
  Epoch [13/100] Batch 2000/2927 Loss: 0.6153
  Epoch [13/100] Batch 2200/2927 Loss: 0.4656
  Epoch [13/100] Batch 2400/2927 Loss: 0.7161
  Epoch [13/100] Batch 2600/2927 Loss: 0.5395
  Epoch [13/100] Batch 2800/2927 Loss: 0.5077
[EPOCH 13] Train: 0.5028 | Val: 0.2967 | LR: 0.001000 | Time: 368.0s
  Epoch [14/100] Batch 0/2927 Loss: 0.4676
  Epoch [14/100] Batch 200/2927 Loss: 0.5153
  Epoch [14/100] Batch 400/2927 Loss: 0.5158
  Epoch [14/100] Batch 600/2927 Loss: 0.4834
  Epoch [14/100] Batch 800/2927 Loss: 0.4637
  Epoch [14/100] Batch 1000/2927 Loss: 0.4904
  Epoch [14/100] Batch 1200/2927 Loss: 0.6819
  Epoch [14/100] Batch 1400/2927 Loss: 0.5939
  Epoch [14/100] Batch 1600/2927 Loss: 0.4016
  Epoch [14/100] Batch 1800/2927 Loss: 0.5288
  Epoch [14/100] Batch 2000/2927 Loss: 0.6173
  Epoch [14/100] Batch 2200/2927 Loss: 0.9138
  Epoch [14/100] Batch 2400/2927 Loss: 0.4005
  Epoch [14/100] Batch 2600/2927 Loss: 0.4099
  Epoch [14/100] Batch 2800/2927 Loss: 0.5058
[EPOCH 14] Train: 0.4973 | Val: 0.3012 | LR: 0.001000 | Time: 367.8s
  Epoch [15/100] Batch 0/2927 Loss: 0.3884
  Epoch [15/100] Batch 200/2927 Loss: 0.4363
  Epoch [15/100] Batch 400/2927 Loss: 0.4732
  Epoch [15/100] Batch 600/2927 Loss: 0.4741
  Epoch [15/100] Batch 800/2927 Loss: 0.4158
  Epoch [15/100] Batch 1000/2927 Loss: 0.5188
  Epoch [15/100] Batch 1200/2927 Loss: 0.4891
  Epoch [15/100] Batch 1400/2927 Loss: 0.4011
  Epoch [15/100] Batch 1600/2927 Loss: 0.4760
  Epoch [15/100] Batch 1800/2927 Loss: 0.4651
  Epoch [15/100] Batch 2000/2927 Loss: 0.5145
  Epoch [15/100] Batch 2200/2927 Loss: 0.3621
  Epoch [15/100] Batch 2400/2927 Loss: 0.7916
  Epoch [15/100] Batch 2600/2927 Loss: 0.6031
  Epoch [15/100] Batch 2800/2927 Loss: 0.6629
[EPOCH 15] Train: 0.4968 | Val: 0.2897 | LR: 0.001000 | Time: 367.7s
  Epoch [16/100] Batch 0/2927 Loss: 0.3763
  Epoch [16/100] Batch 200/2927 Loss: 0.4248
  Epoch [16/100] Batch 400/2927 Loss: 0.4571
  Epoch [16/100] Batch 600/2927 Loss: 0.4479
  Epoch [16/100] Batch 800/2927 Loss: 0.4483
  Epoch [16/100] Batch 1000/2927 Loss: 0.6474
  Epoch [16/100] Batch 1200/2927 Loss: 0.3195
  Epoch [16/100] Batch 1400/2927 Loss: 0.4910
  Epoch [16/100] Batch 1600/2927 Loss: 0.6126
  Epoch [16/100] Batch 1800/2927 Loss: 0.7491
  Epoch [16/100] Batch 2000/2927 Loss: 0.4894
  Epoch [16/100] Batch 2200/2927 Loss: 0.5701
  Epoch [16/100] Batch 2400/2927 Loss: 0.6673
  Epoch [16/100] Batch 2600/2927 Loss: 0.4450
  Epoch [16/100] Batch 2800/2927 Loss: 0.4624
[EPOCH 16] Train: 0.4960 | Val: 0.2667 | LR: 0.000700 | Time: 367.5s
  Epoch [17/100] Batch 0/2927 Loss: 0.4428
  Epoch [17/100] Batch 200/2927 Loss: 0.7986
  Epoch [17/100] Batch 400/2927 Loss: 0.4312
  Epoch [17/100] Batch 600/2927 Loss: 0.3718
  Epoch [17/100] Batch 800/2927 Loss: 0.3879
  Epoch [17/100] Batch 1000/2927 Loss: 0.4792
  Epoch [17/100] Batch 1200/2927 Loss: 0.5058
  Epoch [17/100] Batch 1400/2927 Loss: 0.4042
  Epoch [17/100] Batch 1600/2927 Loss: 0.5510
  Epoch [17/100] Batch 1800/2927 Loss: 0.4928
  Epoch [17/100] Batch 2000/2927 Loss: 0.4838
  Epoch [17/100] Batch 2200/2927 Loss: 0.3626
  Epoch [17/100] Batch 2400/2927 Loss: 0.5693
  Epoch [17/100] Batch 2600/2927 Loss: 0.4830
  Epoch [17/100] Batch 2800/2927 Loss: 0.3516
[EPOCH 17] Train: 0.4778 | Val: 0.2379 | LR: 0.000700 | Time: 367.8s
[SAVE] Nuevo mejor modelo!
  Epoch [18/100] Batch 0/2927 Loss: 0.5747
  Epoch [18/100] Batch 200/2927 Loss: 0.4440
  Epoch [18/100] Batch 400/2927 Loss: 0.4737
  Epoch [18/100] Batch 600/2927 Loss: 0.3910
  Epoch [18/100] Batch 800/2927 Loss: 0.4168
  Epoch [18/100] Batch 1000/2927 Loss: 0.4313
  Epoch [18/100] Batch 1200/2927 Loss: 0.4189
  Epoch [18/100] Batch 1400/2927 Loss: 0.5644
  Epoch [18/100] Batch 1600/2927 Loss: 0.3366
  Epoch [18/100] Batch 1800/2927 Loss: 0.4567
  Epoch [18/100] Batch 2000/2927 Loss: 0.4245
  Epoch [18/100] Batch 2200/2927 Loss: 0.4507
  Epoch [18/100] Batch 2400/2927 Loss: 0.4552
  Epoch [18/100] Batch 2600/2927 Loss: 0.3100
  Epoch [18/100] Batch 2800/2927 Loss: 0.5376
[EPOCH 18] Train: 0.4774 | Val: 0.2547 | LR: 0.000700 | Time: 367.6s
  Epoch [19/100] Batch 0/2927 Loss: 0.4238
  Epoch [19/100] Batch 200/2927 Loss: 0.6164
  Epoch [19/100] Batch 400/2927 Loss: 0.4336
  Epoch [19/100] Batch 600/2927 Loss: 0.4307
  Epoch [19/100] Batch 800/2927 Loss: 0.6206
  Epoch [19/100] Batch 1000/2927 Loss: 0.5582
  Epoch [19/100] Batch 1200/2927 Loss: 0.5756
  Epoch [19/100] Batch 1400/2927 Loss: 0.4647
  Epoch [19/100] Batch 1600/2927 Loss: 0.4279
  Epoch [19/100] Batch 1800/2927 Loss: 0.3730
  Epoch [19/100] Batch 2000/2927 Loss: 0.5944
  Epoch [19/100] Batch 2200/2927 Loss: 0.3926
  Epoch [19/100] Batch 2400/2927 Loss: 0.3853
  Epoch [19/100] Batch 2600/2927 Loss: 0.6192
  Epoch [19/100] Batch 2800/2927 Loss: 0.5832
[EPOCH 19] Train: 0.4771 | Val: 0.3198 | LR: 0.000700 | Time: 368.2s
  Epoch [20/100] Batch 0/2927 Loss: 0.4696
  Epoch [20/100] Batch 200/2927 Loss: 0.5414
  Epoch [20/100] Batch 400/2927 Loss: 0.4867
  Epoch [20/100] Batch 600/2927 Loss: 0.4099
  Epoch [20/100] Batch 800/2927 Loss: 0.5146
  Epoch [20/100] Batch 1000/2927 Loss: 0.3447
  Epoch [20/100] Batch 1200/2927 Loss: 0.3907
  Epoch [20/100] Batch 1400/2927 Loss: 0.4105
  Epoch [20/100] Batch 1600/2927 Loss: 0.5618
  Epoch [20/100] Batch 1800/2927 Loss: 0.3941
  Epoch [20/100] Batch 2000/2927 Loss: 0.5756
  Epoch [20/100] Batch 2200/2927 Loss: 0.4550
  Epoch [20/100] Batch 2400/2927 Loss: 0.5070
  Epoch [20/100] Batch 2600/2927 Loss: 0.5324
  Epoch [20/100] Batch 2800/2927 Loss: 0.3350
[EPOCH 20] Train: 0.4723 | Val: 0.3501 | LR: 0.000700 | Time: 368.1s
  Epoch [21/100] Batch 0/2927 Loss: 0.4594
  Epoch [21/100] Batch 200/2927 Loss: 0.3484
  Epoch [21/100] Batch 400/2927 Loss: 0.4284
  Epoch [21/100] Batch 600/2927 Loss: 0.5033
  Epoch [21/100] Batch 800/2927 Loss: 0.5645
  Epoch [21/100] Batch 1000/2927 Loss: 0.5783
  Epoch [21/100] Batch 1200/2927 Loss: 0.4458
  Epoch [21/100] Batch 1400/2927 Loss: 0.4594
  Epoch [21/100] Batch 1600/2927 Loss: 0.5052
  Epoch [21/100] Batch 1800/2927 Loss: 0.4014
  Epoch [21/100] Batch 2000/2927 Loss: 0.5545
  Epoch [21/100] Batch 2200/2927 Loss: 0.5321
  Epoch [21/100] Batch 2400/2927 Loss: 0.4632
  Epoch [21/100] Batch 2600/2927 Loss: 0.4834
  Epoch [21/100] Batch 2800/2927 Loss: 0.4126
[EPOCH 21] Train: 0.4752 | Val: 0.4401 | LR: 0.000700 | Time: 367.8s
  Epoch [22/100] Batch 0/2927 Loss: 0.6246
  Epoch [22/100] Batch 200/2927 Loss: 0.4836
  Epoch [22/100] Batch 400/2927 Loss: 0.3393
  Epoch [22/100] Batch 600/2927 Loss: 0.4037
  Epoch [22/100] Batch 800/2927 Loss: 0.3840
  Epoch [22/100] Batch 1000/2927 Loss: 0.2816
  Epoch [22/100] Batch 1200/2927 Loss: 0.4378
  Epoch [22/100] Batch 1400/2927 Loss: 0.5073
  Epoch [22/100] Batch 1600/2927 Loss: 0.6767
  Epoch [22/100] Batch 1800/2927 Loss: 0.3995
  Epoch [22/100] Batch 2000/2927 Loss: 0.4754
  Epoch [22/100] Batch 2200/2927 Loss: 0.5778
  Epoch [22/100] Batch 2400/2927 Loss: 0.5386
  Epoch [22/100] Batch 2600/2927 Loss: 0.4597
  Epoch [22/100] Batch 2800/2927 Loss: 0.3551
[EPOCH 22] Train: 0.4718 | Val: 0.3231 | LR: 0.000700 | Time: 366.6s
  Epoch [23/100] Batch 0/2927 Loss: 0.3202
  Epoch [23/100] Batch 200/2927 Loss: 0.3979
  Epoch [23/100] Batch 400/2927 Loss: 0.5332
  Epoch [23/100] Batch 600/2927 Loss: 0.4448
  Epoch [23/100] Batch 800/2927 Loss: 0.5537
  Epoch [23/100] Batch 1000/2927 Loss: 0.5858
  Epoch [23/100] Batch 1200/2927 Loss: 0.4226
  Epoch [23/100] Batch 1400/2927 Loss: 0.4435
  Epoch [23/100] Batch 1600/2927 Loss: 0.4896
  Epoch [23/100] Batch 1800/2927 Loss: 0.4250
  Epoch [23/100] Batch 2000/2927 Loss: 0.4752
  Epoch [23/100] Batch 2200/2927 Loss: 0.4360
  Epoch [23/100] Batch 2400/2927 Loss: 0.5722
  Epoch [23/100] Batch 2600/2927 Loss: 0.5099
  Epoch [23/100] Batch 2800/2927 Loss: 0.5367
[EPOCH 23] Train: 0.4726 | Val: 0.1980 | LR: 0.000700 | Time: 366.7s
[SAVE] Nuevo mejor modelo!
  Epoch [24/100] Batch 0/2927 Loss: 0.7529
  Epoch [24/100] Batch 200/2927 Loss: 0.4722
  Epoch [24/100] Batch 400/2927 Loss: 0.4135
  Epoch [24/100] Batch 600/2927 Loss: 0.4461
  Epoch [24/100] Batch 800/2927 Loss: 0.8033
  Epoch [24/100] Batch 1000/2927 Loss: 0.3351
  Epoch [24/100] Batch 1200/2927 Loss: 0.4985
  Epoch [24/100] Batch 1400/2927 Loss: 0.4021
  Epoch [24/100] Batch 1600/2927 Loss: 0.5875
  Epoch [24/100] Batch 1800/2927 Loss: 0.4767
  Epoch [24/100] Batch 2000/2927 Loss: 0.5285
  Epoch [24/100] Batch 2200/2927 Loss: 1.0078
  Epoch [24/100] Batch 2400/2927 Loss: 0.4578
  Epoch [24/100] Batch 2600/2927 Loss: 0.5748
  Epoch [24/100] Batch 2800/2927 Loss: 0.7753
[EPOCH 24] Train: 0.4724 | Val: 0.3208 | LR: 0.000700 | Time: 366.8s
  Epoch [25/100] Batch 0/2927 Loss: 0.3738
  Epoch [25/100] Batch 200/2927 Loss: 0.3631
  Epoch [25/100] Batch 400/2927 Loss: 0.5932
  Epoch [25/100] Batch 600/2927 Loss: 0.6858
  Epoch [25/100] Batch 800/2927 Loss: 0.5917
  Epoch [25/100] Batch 1000/2927 Loss: 0.5909
  Epoch [25/100] Batch 1200/2927 Loss: 0.4720
  Epoch [25/100] Batch 1400/2927 Loss: 0.3254
  Epoch [25/100] Batch 1600/2927 Loss: 0.7144
  Epoch [25/100] Batch 1800/2927 Loss: 0.4199
  Epoch [25/100] Batch 2000/2927 Loss: 0.4342
  Epoch [25/100] Batch 2200/2927 Loss: 0.3533
  Epoch [25/100] Batch 2400/2927 Loss: 0.3264
  Epoch [25/100] Batch 2600/2927 Loss: 0.4260
  Epoch [25/100] Batch 2800/2927 Loss: 0.4351
[EPOCH 25] Train: 0.4700 | Val: 0.2786 | LR: 0.000700 | Time: 366.6s
  Epoch [26/100] Batch 0/2927 Loss: 0.3758
  Epoch [26/100] Batch 200/2927 Loss: 0.3097
  Epoch [26/100] Batch 400/2927 Loss: 0.5096
  Epoch [26/100] Batch 600/2927 Loss: 0.3538
  Epoch [26/100] Batch 800/2927 Loss: 0.4405
  Epoch [26/100] Batch 1000/2927 Loss: 0.5025
  Epoch [26/100] Batch 1200/2927 Loss: 0.5295
  Epoch [26/100] Batch 1400/2927 Loss: 0.5126
  Epoch [26/100] Batch 1600/2927 Loss: 0.5498
  Epoch [26/100] Batch 1800/2927 Loss: 0.8135
  Epoch [26/100] Batch 2000/2927 Loss: 0.5776
  Epoch [26/100] Batch 2200/2927 Loss: 0.5137
  Epoch [26/100] Batch 2400/2927 Loss: 0.6913
  Epoch [26/100] Batch 2600/2927 Loss: 0.4756
  Epoch [26/100] Batch 2800/2927 Loss: 0.3714
[EPOCH 26] Train: 0.4683 | Val: 0.4121 | LR: 0.000700 | Time: 366.5s
  Epoch [27/100] Batch 0/2927 Loss: 0.3883
  Epoch [27/100] Batch 200/2927 Loss: 0.4160
  Epoch [27/100] Batch 400/2927 Loss: 0.5894
  Epoch [27/100] Batch 600/2927 Loss: 0.4330
  Epoch [27/100] Batch 800/2927 Loss: 0.5175
  Epoch [27/100] Batch 1000/2927 Loss: 0.7042
  Epoch [27/100] Batch 1200/2927 Loss: 0.4933
  Epoch [27/100] Batch 1400/2927 Loss: 0.4470
  Epoch [27/100] Batch 1600/2927 Loss: 0.4757
  Epoch [27/100] Batch 1800/2927 Loss: 0.5233
  Epoch [27/100] Batch 2000/2927 Loss: 0.4812
  Epoch [27/100] Batch 2200/2927 Loss: 0.3677
  Epoch [27/100] Batch 2400/2927 Loss: 0.3969
  Epoch [27/100] Batch 2600/2927 Loss: 0.6683
  Epoch [27/100] Batch 2800/2927 Loss: 0.4384
[EPOCH 27] Train: 0.4670 | Val: 0.2647 | LR: 0.000700 | Time: 366.5s
  Epoch [28/100] Batch 0/2927 Loss: 0.4912
  Epoch [28/100] Batch 200/2927 Loss: 0.3513
  Epoch [28/100] Batch 400/2927 Loss: 0.4020
  Epoch [28/100] Batch 600/2927 Loss: 0.4725
  Epoch [28/100] Batch 800/2927 Loss: 0.5475
  Epoch [28/100] Batch 1000/2927 Loss: 0.5118
  Epoch [28/100] Batch 1200/2927 Loss: 0.4559
  Epoch [28/100] Batch 1400/2927 Loss: 0.5197
  Epoch [28/100] Batch 1600/2927 Loss: 0.6262
  Epoch [28/100] Batch 1800/2927 Loss: 0.4735
  Epoch [28/100] Batch 2000/2927 Loss: 0.3242
  Epoch [28/100] Batch 2200/2927 Loss: 0.4197
  Epoch [28/100] Batch 2400/2927 Loss: 0.3835
  Epoch [28/100] Batch 2600/2927 Loss: 0.5666
  Epoch [28/100] Batch 2800/2927 Loss: 0.4566
[EPOCH 28] Train: 0.4674 | Val: 0.2861 | LR: 0.000700 | Time: 366.9s
  Epoch [29/100] Batch 0/2927 Loss: 0.5303
  Epoch [29/100] Batch 200/2927 Loss: 0.5325
  Epoch [29/100] Batch 400/2927 Loss: 0.5011
  Epoch [29/100] Batch 600/2927 Loss: 0.4018
  Epoch [29/100] Batch 800/2927 Loss: 0.3545
  Epoch [29/100] Batch 1000/2927 Loss: 0.6459
  Epoch [29/100] Batch 1200/2927 Loss: 0.6656
  Epoch [29/100] Batch 1400/2927 Loss: 0.4102
  Epoch [29/100] Batch 1600/2927 Loss: 0.4839
  Epoch [29/100] Batch 1800/2927 Loss: 0.4549
  Epoch [29/100] Batch 2000/2927 Loss: 0.3985
  Epoch [29/100] Batch 2200/2927 Loss: 0.4927
  Epoch [29/100] Batch 2400/2927 Loss: 0.5129
  Epoch [29/100] Batch 2600/2927 Loss: 0.3797
  Epoch [29/100] Batch 2800/2927 Loss: 0.5655
[EPOCH 29] Train: 0.4627 | Val: 0.3068 | LR: 0.000700 | Time: 366.8s
  Epoch [30/100] Batch 0/2927 Loss: 0.4698
  Epoch [30/100] Batch 200/2927 Loss: 0.3963
  Epoch [30/100] Batch 400/2927 Loss: 0.4283
  Epoch [30/100] Batch 600/2927 Loss: 0.5111
  Epoch [30/100] Batch 800/2927 Loss: 0.3287
  Epoch [30/100] Batch 1000/2927 Loss: 0.3847
  Epoch [30/100] Batch 1200/2927 Loss: 0.3877
  Epoch [30/100] Batch 1400/2927 Loss: 0.5934
  Epoch [30/100] Batch 1600/2927 Loss: 0.5036
  Epoch [30/100] Batch 1800/2927 Loss: 0.4402
  Epoch [30/100] Batch 2000/2927 Loss: 0.4397
  Epoch [30/100] Batch 2200/2927 Loss: 0.4856
  Epoch [30/100] Batch 2400/2927 Loss: 0.4771
  Epoch [30/100] Batch 2600/2927 Loss: 0.4467
  Epoch [30/100] Batch 2800/2927 Loss: 0.4353
[EPOCH 30] Train: 0.4676 | Val: 0.3199 | LR: 0.000700 | Time: 366.7s
  Epoch [31/100] Batch 0/2927 Loss: 0.5591
  Epoch [31/100] Batch 200/2927 Loss: 0.2833
  Epoch [31/100] Batch 400/2927 Loss: 0.4349
  Epoch [31/100] Batch 600/2927 Loss: 0.3929
  Epoch [31/100] Batch 800/2927 Loss: 0.3659
  Epoch [31/100] Batch 1000/2927 Loss: 0.4640
  Epoch [31/100] Batch 1200/2927 Loss: 0.3713
  Epoch [31/100] Batch 1400/2927 Loss: 0.5147
  Epoch [31/100] Batch 1600/2927 Loss: 0.6658
  Epoch [31/100] Batch 1800/2927 Loss: 0.4347
  Epoch [31/100] Batch 2000/2927 Loss: 0.3608
  Epoch [31/100] Batch 2200/2927 Loss: 0.5387
  Epoch [31/100] Batch 2400/2927 Loss: 0.3862
  Epoch [31/100] Batch 2600/2927 Loss: 0.5724
  Epoch [31/100] Batch 2800/2927 Loss: 0.4293
[EPOCH 31] Train: 0.4644 | Val: 0.3099 | LR: 0.000700 | Time: 366.7s
  Epoch [32/100] Batch 0/2927 Loss: 0.3215
  Epoch [32/100] Batch 200/2927 Loss: 0.6923
  Epoch [32/100] Batch 400/2927 Loss: 0.4982
  Epoch [32/100] Batch 600/2927 Loss: 0.4472
  Epoch [32/100] Batch 800/2927 Loss: 0.5177
  Epoch [32/100] Batch 1000/2927 Loss: 0.4297
  Epoch [32/100] Batch 1200/2927 Loss: 0.4058
  Epoch [32/100] Batch 1400/2927 Loss: 0.3280
  Epoch [32/100] Batch 1600/2927 Loss: 0.3672
  Epoch [32/100] Batch 1800/2927 Loss: 0.5292
  Epoch [32/100] Batch 2000/2927 Loss: 0.3482
  Epoch [32/100] Batch 2200/2927 Loss: 0.5096
  Epoch [32/100] Batch 2400/2927 Loss: 0.5201
  Epoch [32/100] Batch 2600/2927 Loss: 0.4511
  Epoch [32/100] Batch 2800/2927 Loss: 0.5073
[EPOCH 32] Train: 0.4641 | Val: 0.3670 | LR: 0.000490 | Time: 366.6s
  Epoch [33/100] Batch 0/2927 Loss: 0.4201
  Epoch [33/100] Batch 200/2927 Loss: 0.3710
  Epoch [33/100] Batch 400/2927 Loss: 0.3582
  Epoch [33/100] Batch 600/2927 Loss: 0.4106
  Epoch [33/100] Batch 800/2927 Loss: 0.4814
  Epoch [33/100] Batch 1000/2927 Loss: 0.4278
  Epoch [33/100] Batch 1200/2927 Loss: 0.4000
  Epoch [33/100] Batch 1400/2927 Loss: 0.5047
  Epoch [33/100] Batch 1600/2927 Loss: 0.3978
  Epoch [33/100] Batch 1800/2927 Loss: 0.4889
  Epoch [33/100] Batch 2000/2927 Loss: 0.4507
  Epoch [33/100] Batch 2200/2927 Loss: 0.5247
  Epoch [33/100] Batch 2400/2927 Loss: 0.5682
  Epoch [33/100] Batch 2600/2927 Loss: 0.5960
  Epoch [33/100] Batch 2800/2927 Loss: 0.4357
[EPOCH 33] Train: 0.4510 | Val: 0.2734 | LR: 0.000490 | Time: 367.0s
  Epoch [34/100] Batch 0/2927 Loss: 0.4424
  Epoch [34/100] Batch 200/2927 Loss: 0.3768
  Epoch [34/100] Batch 400/2927 Loss: 0.4473
  Epoch [34/100] Batch 600/2927 Loss: 0.5065
  Epoch [34/100] Batch 800/2927 Loss: 0.4966
  Epoch [34/100] Batch 1000/2927 Loss: 0.4321
  Epoch [34/100] Batch 1200/2927 Loss: 0.3843
  Epoch [34/100] Batch 1400/2927 Loss: 0.5104
  Epoch [34/100] Batch 1600/2927 Loss: 0.3845
  Epoch [34/100] Batch 1800/2927 Loss: 0.4069
  Epoch [34/100] Batch 2000/2927 Loss: 0.6945
  Epoch [34/100] Batch 2200/2927 Loss: 0.3583
  Epoch [34/100] Batch 2400/2927 Loss: 0.4282
  Epoch [34/100] Batch 2600/2927 Loss: 0.4723
  Epoch [34/100] Batch 2800/2927 Loss: 0.3903
[EPOCH 34] Train: 0.4518 | Val: 0.2710 | LR: 0.000490 | Time: 366.9s
  Epoch [35/100] Batch 0/2927 Loss: 0.4424
  Epoch [35/100] Batch 200/2927 Loss: 0.3540
  Epoch [35/100] Batch 400/2927 Loss: 0.5450
  Epoch [35/100] Batch 600/2927 Loss: 0.4664
  Epoch [35/100] Batch 800/2927 Loss: 0.4246
  Epoch [35/100] Batch 1000/2927 Loss: 0.3587
  Epoch [35/100] Batch 1200/2927 Loss: 0.3795
  Epoch [35/100] Batch 1400/2927 Loss: 0.3578
  Epoch [35/100] Batch 1600/2927 Loss: 0.6900
  Epoch [35/100] Batch 1800/2927 Loss: 0.4666
  Epoch [35/100] Batch 2000/2927 Loss: 0.3497
  Epoch [35/100] Batch 2200/2927 Loss: 0.4643
  Epoch [35/100] Batch 2400/2927 Loss: 0.5533
  Epoch [35/100] Batch 2600/2927 Loss: 0.4193
  Epoch [35/100] Batch 2800/2927 Loss: 0.3699
[EPOCH 35] Train: 0.4453 | Val: 0.2568 | LR: 0.000490 | Time: 366.9s
  Epoch [36/100] Batch 0/2927 Loss: 0.4900
  Epoch [36/100] Batch 200/2927 Loss: 0.3918
  Epoch [36/100] Batch 400/2927 Loss: 0.3912
  Epoch [36/100] Batch 600/2927 Loss: 0.4243
  Epoch [36/100] Batch 800/2927 Loss: 0.4557
  Epoch [36/100] Batch 1000/2927 Loss: 0.3407
  Epoch [36/100] Batch 1200/2927 Loss: 0.4166
  Epoch [36/100] Batch 1400/2927 Loss: 0.5316
  Epoch [36/100] Batch 1600/2927 Loss: 0.4188
  Epoch [36/100] Batch 1800/2927 Loss: 0.3278
  Epoch [36/100] Batch 2000/2927 Loss: 0.5164
  Epoch [36/100] Batch 2200/2927 Loss: 0.4093
  Epoch [36/100] Batch 2400/2927 Loss: 0.4038
  Epoch [36/100] Batch 2600/2927 Loss: 0.4466
  Epoch [36/100] Batch 2800/2927 Loss: 0.4339
[EPOCH 36] Train: 0.4475 | Val: 0.2382 | LR: 0.000490 | Time: 367.0s
  Epoch [37/100] Batch 0/2927 Loss: 0.4378
  Epoch [37/100] Batch 200/2927 Loss: 0.3929
  Epoch [37/100] Batch 400/2927 Loss: 0.2819
  Epoch [37/100] Batch 600/2927 Loss: 0.4542
  Epoch [37/100] Batch 800/2927 Loss: 0.3567
  Epoch [37/100] Batch 1000/2927 Loss: 0.3354
  Epoch [37/100] Batch 1200/2927 Loss: 0.5265
  Epoch [37/100] Batch 1400/2927 Loss: 0.5598
  Epoch [37/100] Batch 1600/2927 Loss: 0.4146
  Epoch [37/100] Batch 1800/2927 Loss: 0.4075
  Epoch [37/100] Batch 2000/2927 Loss: 0.5130
  Epoch [37/100] Batch 2200/2927 Loss: 0.3856
  Epoch [37/100] Batch 2400/2927 Loss: 0.3955
  Epoch [37/100] Batch 2600/2927 Loss: 0.5257
  Epoch [37/100] Batch 2800/2927 Loss: 0.3592
[EPOCH 37] Train: 0.4476 | Val: 0.2417 | LR: 0.000490 | Time: 366.8s
  Epoch [38/100] Batch 0/2927 Loss: 0.4125
  Epoch [38/100] Batch 200/2927 Loss: 0.3338
  Epoch [38/100] Batch 400/2927 Loss: 0.5876
  Epoch [38/100] Batch 600/2927 Loss: 0.4610
  Epoch [38/100] Batch 800/2927 Loss: 0.3839
  Epoch [38/100] Batch 1000/2927 Loss: 0.4056
  Epoch [38/100] Batch 1200/2927 Loss: 0.4059
  Epoch [38/100] Batch 1400/2927 Loss: 0.4875
  Epoch [38/100] Batch 1600/2927 Loss: 0.3774
  Epoch [38/100] Batch 1800/2927 Loss: 0.3783
  Epoch [38/100] Batch 2000/2927 Loss: 0.4462
  Epoch [38/100] Batch 2200/2927 Loss: 0.9218
  Epoch [38/100] Batch 2400/2927 Loss: 0.4104
  Epoch [38/100] Batch 2600/2927 Loss: 0.4240
  Epoch [38/100] Batch 2800/2927 Loss: 0.4296
[EPOCH 38] Train: 0.4456 | Val: 0.2650 | LR: 0.000490 | Time: 366.6s
  Epoch [39/100] Batch 0/2927 Loss: 0.3517
  Epoch [39/100] Batch 200/2927 Loss: 0.3568
  Epoch [39/100] Batch 400/2927 Loss: 0.3968
  Epoch [39/100] Batch 600/2927 Loss: 0.3910
  Epoch [39/100] Batch 800/2927 Loss: 0.3726
  Epoch [39/100] Batch 1000/2927 Loss: 0.4537
  Epoch [39/100] Batch 1200/2927 Loss: 0.3745
  Epoch [39/100] Batch 1400/2927 Loss: 0.3431
  Epoch [39/100] Batch 1600/2927 Loss: 0.5060
  Epoch [39/100] Batch 1800/2927 Loss: 0.3836
  Epoch [39/100] Batch 2000/2927 Loss: 0.4672
  Epoch [39/100] Batch 2200/2927 Loss: 0.4359
  Epoch [39/100] Batch 2400/2927 Loss: 0.5262
  Epoch [39/100] Batch 2600/2927 Loss: 0.5038
  Epoch [39/100] Batch 2800/2927 Loss: 0.3499
[EPOCH 39] Train: 0.4459 | Val: 0.2731 | LR: 0.000490 | Time: 366.7s
  Epoch [40/100] Batch 0/2927 Loss: 0.4691
  Epoch [40/100] Batch 200/2927 Loss: 0.4707
  Epoch [40/100] Batch 400/2927 Loss: 0.4495
  Epoch [40/100] Batch 600/2927 Loss: 0.4212
  Epoch [40/100] Batch 800/2927 Loss: 0.3854
  Epoch [40/100] Batch 1000/2927 Loss: 0.3656
  Epoch [40/100] Batch 1200/2927 Loss: 0.4867
  Epoch [40/100] Batch 1400/2927 Loss: 0.3518
  Epoch [40/100] Batch 1600/2927 Loss: 0.3950
  Epoch [40/100] Batch 1800/2927 Loss: 0.4605
  Epoch [40/100] Batch 2000/2927 Loss: 0.4849
  Epoch [40/100] Batch 2200/2927 Loss: 0.3525
  Epoch [40/100] Batch 2400/2927 Loss: 0.3873
  Epoch [40/100] Batch 2600/2927 Loss: 0.3983
  Epoch [40/100] Batch 2800/2927 Loss: 0.4267
[EPOCH 40] Train: 0.4458 | Val: 0.2664 | LR: 0.000490 | Time: 366.6s
  Epoch [41/100] Batch 0/2927 Loss: 0.4101
  Epoch [41/100] Batch 200/2927 Loss: 0.4705
  Epoch [41/100] Batch 400/2927 Loss: 0.4396
  Epoch [41/100] Batch 600/2927 Loss: 0.3360
  Epoch [41/100] Batch 800/2927 Loss: 0.4071
  Epoch [41/100] Batch 1000/2927 Loss: 0.5778
  Epoch [41/100] Batch 1200/2927 Loss: 0.4185
  Epoch [41/100] Batch 1400/2927 Loss: 0.5213
  Epoch [41/100] Batch 1600/2927 Loss: 0.5525
  Epoch [41/100] Batch 1800/2927 Loss: 0.4570
  Epoch [41/100] Batch 2000/2927 Loss: 0.4104
  Epoch [41/100] Batch 2200/2927 Loss: 0.4701
  Epoch [41/100] Batch 2400/2927 Loss: 0.4864
  Epoch [41/100] Batch 2600/2927 Loss: 0.4503
  Epoch [41/100] Batch 2800/2927 Loss: 0.3984
[EPOCH 41] Train: 0.4488 | Val: 0.2252 | LR: 0.000343 | Time: 366.9s
  Epoch [42/100] Batch 0/2927 Loss: 0.5405
  Epoch [42/100] Batch 200/2927 Loss: 0.3597
  Epoch [42/100] Batch 400/2927 Loss: 0.3808
  Epoch [42/100] Batch 600/2927 Loss: 0.3539
  Epoch [42/100] Batch 800/2927 Loss: 0.5066
  Epoch [42/100] Batch 1000/2927 Loss: 0.5105
  Epoch [42/100] Batch 1200/2927 Loss: 0.5044
  Epoch [42/100] Batch 1400/2927 Loss: 0.3708
  Epoch [42/100] Batch 1600/2927 Loss: 0.4032
  Epoch [42/100] Batch 1800/2927 Loss: 0.3171
  Epoch [42/100] Batch 2000/2927 Loss: 0.5152
  Epoch [42/100] Batch 2200/2927 Loss: 0.5224
  Epoch [42/100] Batch 2400/2927 Loss: 0.7241
  Epoch [42/100] Batch 2600/2927 Loss: 0.2784
  Epoch [42/100] Batch 2800/2927 Loss: 0.4033
[EPOCH 42] Train: 0.4354 | Val: 0.3051 | LR: 0.000343 | Time: 366.9s
  Epoch [43/100] Batch 0/2927 Loss: 0.3312
  Epoch [43/100] Batch 200/2927 Loss: 0.4574
  Epoch [43/100] Batch 400/2927 Loss: 0.5643
  Epoch [43/100] Batch 600/2927 Loss: 0.3557
  Epoch [43/100] Batch 800/2927 Loss: 0.5573
  Epoch [43/100] Batch 1000/2927 Loss: 0.4263
  Epoch [43/100] Batch 1200/2927 Loss: 0.4609
  Epoch [43/100] Batch 1400/2927 Loss: 0.5138
  Epoch [43/100] Batch 1600/2927 Loss: 0.3955
  Epoch [43/100] Batch 1800/2927 Loss: 0.4673
  Epoch [43/100] Batch 2000/2927 Loss: 0.3984
  Epoch [43/100] Batch 2200/2927 Loss: 0.2946
  Epoch [43/100] Batch 2400/2927 Loss: 0.3349
  Epoch [43/100] Batch 2600/2927 Loss: 0.5105
  Epoch [43/100] Batch 2800/2927 Loss: 0.3634
[EPOCH 43] Train: 0.4366 | Val: 0.2330 | LR: 0.000343 | Time: 367.0s
  Epoch [44/100] Batch 0/2927 Loss: 0.4023
  Epoch [44/100] Batch 200/2927 Loss: 0.3299
  Epoch [44/100] Batch 400/2927 Loss: 0.3430
  Epoch [44/100] Batch 600/2927 Loss: 0.6928
  Epoch [44/100] Batch 800/2927 Loss: 0.4189
  Epoch [44/100] Batch 1000/2927 Loss: 0.4242
  Epoch [44/100] Batch 1200/2927 Loss: 0.5063
  Epoch [44/100] Batch 1400/2927 Loss: 0.5137
  Epoch [44/100] Batch 1600/2927 Loss: 0.4262
  Epoch [44/100] Batch 1800/2927 Loss: 0.4637
  Epoch [44/100] Batch 2000/2927 Loss: 0.3610
  Epoch [44/100] Batch 2200/2927 Loss: 0.4186
  Epoch [44/100] Batch 2400/2927 Loss: 0.4371
  Epoch [44/100] Batch 2600/2927 Loss: 0.5071
  Epoch [44/100] Batch 2800/2927 Loss: 0.4993
[EPOCH 44] Train: 0.4349 | Val: 0.2580 | LR: 0.000343 | Time: 366.9s
  Epoch [45/100] Batch 0/2927 Loss: 0.7359
  Epoch [45/100] Batch 200/2927 Loss: 0.4624
  Epoch [45/100] Batch 400/2927 Loss: 0.7144
  Epoch [45/100] Batch 600/2927 Loss: 0.4048
  Epoch [45/100] Batch 800/2927 Loss: 0.3683
  Epoch [45/100] Batch 1000/2927 Loss: 0.3248
  Epoch [45/100] Batch 1200/2927 Loss: 0.5759
  Epoch [45/100] Batch 1400/2927 Loss: 0.3929
  Epoch [45/100] Batch 1600/2927 Loss: 0.5062
  Epoch [45/100] Batch 1800/2927 Loss: 0.4250
  Epoch [45/100] Batch 2000/2927 Loss: 0.4125
  Epoch [45/100] Batch 2200/2927 Loss: 0.4552
  Epoch [45/100] Batch 2400/2927 Loss: 0.5861
  Epoch [45/100] Batch 2600/2927 Loss: 0.4750
  Epoch [45/100] Batch 2800/2927 Loss: 0.3598
[EPOCH 45] Train: 0.4333 | Val: 0.2466 | LR: 0.000343 | Time: 367.0s
  Epoch [46/100] Batch 0/2927 Loss: 0.5035
  Epoch [46/100] Batch 200/2927 Loss: 0.3435
  Epoch [46/100] Batch 400/2927 Loss: 0.6063
  Epoch [46/100] Batch 600/2927 Loss: 0.3104
  Epoch [46/100] Batch 800/2927 Loss: 0.3548
  Epoch [46/100] Batch 1000/2927 Loss: 0.5094
  Epoch [46/100] Batch 1200/2927 Loss: 0.4976
  Epoch [46/100] Batch 1400/2927 Loss: 0.3717
  Epoch [46/100] Batch 1600/2927 Loss: 0.6239
  Epoch [46/100] Batch 1800/2927 Loss: 0.3731
  Epoch [46/100] Batch 2000/2927 Loss: 0.3922
  Epoch [46/100] Batch 2200/2927 Loss: 0.5305
  Epoch [46/100] Batch 2400/2927 Loss: 0.3977
  Epoch [46/100] Batch 2600/2927 Loss: 0.3873
  Epoch [46/100] Batch 2800/2927 Loss: 0.3430
[EPOCH 46] Train: 0.4328 | Val: 0.2725 | LR: 0.000343 | Time: 366.9s
  Epoch [47/100] Batch 0/2927 Loss: 0.4062
  Epoch [47/100] Batch 200/2927 Loss: 0.4602
  Epoch [47/100] Batch 400/2927 Loss: 0.3244
  Epoch [47/100] Batch 600/2927 Loss: 0.3772
  Epoch [47/100] Batch 800/2927 Loss: 0.4236
  Epoch [47/100] Batch 1000/2927 Loss: 0.4369
  Epoch [47/100] Batch 1200/2927 Loss: 0.3192
  Epoch [47/100] Batch 1400/2927 Loss: 0.3468
  Epoch [47/100] Batch 1600/2927 Loss: 0.3740
  Epoch [47/100] Batch 1800/2927 Loss: 0.5205
  Epoch [47/100] Batch 2000/2927 Loss: 0.3463
  Epoch [47/100] Batch 2200/2927 Loss: 0.3420
  Epoch [47/100] Batch 2400/2927 Loss: 0.4022
  Epoch [47/100] Batch 2600/2927 Loss: 0.3211
  Epoch [47/100] Batch 2800/2927 Loss: 0.5966
[EPOCH 47] Train: 0.4322 | Val: 0.2958 | LR: 0.000343 | Time: 366.8s
  Epoch [48/100] Batch 0/2927 Loss: 0.4943
  Epoch [48/100] Batch 200/2927 Loss: 0.3833
  Epoch [48/100] Batch 400/2927 Loss: 0.4171
  Epoch [48/100] Batch 600/2927 Loss: 0.4867
  Epoch [48/100] Batch 800/2927 Loss: 0.3452
  Epoch [48/100] Batch 1000/2927 Loss: 0.4129
  Epoch [48/100] Batch 1200/2927 Loss: 0.4461
  Epoch [48/100] Batch 1400/2927 Loss: 0.4625
  Epoch [48/100] Batch 1600/2927 Loss: 0.4282
  Epoch [48/100] Batch 1800/2927 Loss: 0.3901
  Epoch [48/100] Batch 2000/2927 Loss: 0.5317
  Epoch [48/100] Batch 2200/2927 Loss: 0.4189
  Epoch [48/100] Batch 2400/2927 Loss: 0.4899
  Epoch [48/100] Batch 2600/2927 Loss: 0.3532
  Epoch [48/100] Batch 2800/2927 Loss: 0.3751
[EPOCH 48] Train: 0.4296 | Val: 0.2581 | LR: 0.000343 | Time: 366.8s
  Epoch [49/100] Batch 0/2927 Loss: 0.4615
  Epoch [49/100] Batch 200/2927 Loss: 0.3885
  Epoch [49/100] Batch 400/2927 Loss: 0.3765
  Epoch [49/100] Batch 600/2927 Loss: 0.4306
  Epoch [49/100] Batch 800/2927 Loss: 0.5077
  Epoch [49/100] Batch 1000/2927 Loss: 0.5156
  Epoch [49/100] Batch 1200/2927 Loss: 0.3365
  Epoch [49/100] Batch 1400/2927 Loss: 0.4512
  Epoch [49/100] Batch 1600/2927 Loss: 0.4663
  Epoch [49/100] Batch 1800/2927 Loss: 0.4144
  Epoch [49/100] Batch 2000/2927 Loss: 0.5424
  Epoch [49/100] Batch 2200/2927 Loss: 0.3633
  Epoch [49/100] Batch 2400/2927 Loss: 0.4028
  Epoch [49/100] Batch 2600/2927 Loss: 0.3482
  Epoch [49/100] Batch 2800/2927 Loss: 0.4034
[EPOCH 49] Train: 0.4306 | Val: 0.2317 | LR: 0.000343 | Time: 367.0s
  Epoch [50/100] Batch 0/2927 Loss: 0.4206
  Epoch [50/100] Batch 200/2927 Loss: 0.4040
  Epoch [50/100] Batch 400/2927 Loss: 0.4168
  Epoch [50/100] Batch 600/2927 Loss: 0.3743
  Epoch [50/100] Batch 800/2927 Loss: 0.4117
  Epoch [50/100] Batch 1000/2927 Loss: 0.3636
  Epoch [50/100] Batch 1200/2927 Loss: 0.4989
  Epoch [50/100] Batch 1400/2927 Loss: 0.3098
  Epoch [50/100] Batch 1600/2927 Loss: 0.4330
  Epoch [50/100] Batch 1800/2927 Loss: 0.4052
  Epoch [50/100] Batch 2000/2927 Loss: 0.3957
  Epoch [50/100] Batch 2200/2927 Loss: 0.3519
  Epoch [50/100] Batch 2400/2927 Loss: 0.4257
  Epoch [50/100] Batch 2600/2927 Loss: 0.3863
  Epoch [50/100] Batch 2800/2927 Loss: 0.3734
[EPOCH 50] Train: 0.4296 | Val: 0.2927 | LR: 0.000240 | Time: 366.8s
  Epoch [51/100] Batch 0/2927 Loss: 0.6560
  Epoch [51/100] Batch 200/2927 Loss: 0.5015
  Epoch [51/100] Batch 400/2927 Loss: 0.3952
  Epoch [51/100] Batch 600/2927 Loss: 0.4813
  Epoch [51/100] Batch 800/2927 Loss: 0.4437
  Epoch [51/100] Batch 1000/2927 Loss: 0.3689
  Epoch [51/100] Batch 1200/2927 Loss: 0.3472
  Epoch [51/100] Batch 1400/2927 Loss: 0.3627
  Epoch [51/100] Batch 1600/2927 Loss: 0.4605
  Epoch [51/100] Batch 1800/2927 Loss: 0.4622
  Epoch [51/100] Batch 2000/2927 Loss: 0.4106
  Epoch [51/100] Batch 2200/2927 Loss: 0.4073
  Epoch [51/100] Batch 2400/2927 Loss: 0.4342
  Epoch [51/100] Batch 2600/2927 Loss: 0.4037
  Epoch [51/100] Batch 2800/2927 Loss: 0.3987
[EPOCH 51] Train: 0.4202 | Val: 0.2754 | LR: 0.000240 | Time: 366.9s
  Epoch [52/100] Batch 0/2927 Loss: 0.3614
  Epoch [52/100] Batch 200/2927 Loss: 0.5193
  Epoch [52/100] Batch 400/2927 Loss: 0.4161
  Epoch [52/100] Batch 600/2927 Loss: 0.3944
  Epoch [52/100] Batch 800/2927 Loss: 0.3136
  Epoch [52/100] Batch 1000/2927 Loss: 0.4420
  Epoch [52/100] Batch 1200/2927 Loss: 0.4173
  Epoch [52/100] Batch 1400/2927 Loss: 0.5312
  Epoch [52/100] Batch 1600/2927 Loss: 0.4403
  Epoch [52/100] Batch 1800/2927 Loss: 0.5370
  Epoch [52/100] Batch 2000/2927 Loss: 0.5417
  Epoch [52/100] Batch 2200/2927 Loss: 0.4791
  Epoch [52/100] Batch 2400/2927 Loss: 0.4182
  Epoch [52/100] Batch 2600/2927 Loss: 0.6054
  Epoch [52/100] Batch 2800/2927 Loss: 0.3737
[EPOCH 52] Train: 0.4198 | Val: 0.2439 | LR: 0.000240 | Time: 367.2s
  Epoch [53/100] Batch 0/2927 Loss: 0.4975
  Epoch [53/100] Batch 200/2927 Loss: 0.4318
  Epoch [53/100] Batch 400/2927 Loss: 0.5045
  Epoch [53/100] Batch 600/2927 Loss: 0.4066
  Epoch [53/100] Batch 800/2927 Loss: 0.4038
  Epoch [53/100] Batch 1000/2927 Loss: 0.3597
  Epoch [53/100] Batch 1200/2927 Loss: 0.3510
  Epoch [53/100] Batch 1400/2927 Loss: 0.3739
  Epoch [53/100] Batch 1600/2927 Loss: 0.3763
  Epoch [53/100] Batch 1800/2927 Loss: 0.3086
  Epoch [53/100] Batch 2000/2927 Loss: 0.3652
  Epoch [53/100] Batch 2200/2927 Loss: 0.3518
  Epoch [53/100] Batch 2400/2927 Loss: 0.5254
  Epoch [53/100] Batch 2600/2927 Loss: 0.3009
  Epoch [53/100] Batch 2800/2927 Loss: 0.4221
[EPOCH 53] Train: 0.4218 | Val: 0.2255 | LR: 0.000240 | Time: 367.1s
  Epoch [54/100] Batch 0/2927 Loss: 0.3615
  Epoch [54/100] Batch 200/2927 Loss: 0.4238
  Epoch [54/100] Batch 400/2927 Loss: 0.4260
  Epoch [54/100] Batch 600/2927 Loss: 0.3316
  Epoch [54/100] Batch 800/2927 Loss: 0.4038
  Epoch [54/100] Batch 1000/2927 Loss: 0.3606
  Epoch [54/100] Batch 1200/2927 Loss: 0.4390
  Epoch [54/100] Batch 1400/2927 Loss: 0.2817
  Epoch [54/100] Batch 1600/2927 Loss: 0.4260
  Epoch [54/100] Batch 1800/2927 Loss: 0.5052
  Epoch [54/100] Batch 2000/2927 Loss: 0.4894
  Epoch [54/100] Batch 2200/2927 Loss: 0.3343
  Epoch [54/100] Batch 2400/2927 Loss: 0.4969
  Epoch [54/100] Batch 2600/2927 Loss: 0.5624
  Epoch [54/100] Batch 2800/2927 Loss: 0.3975
[EPOCH 54] Train: 0.4188 | Val: 0.1786 | LR: 0.000240 | Time: 367.0s
[SAVE] Nuevo mejor modelo!
  Epoch [55/100] Batch 0/2927 Loss: 0.4662
  Epoch [55/100] Batch 200/2927 Loss: 0.4417
  Epoch [55/100] Batch 400/2927 Loss: 0.3490
  Epoch [55/100] Batch 600/2927 Loss: 0.3981
  Epoch [55/100] Batch 800/2927 Loss: 0.4131
  Epoch [55/100] Batch 1000/2927 Loss: 0.3065
  Epoch [55/100] Batch 1200/2927 Loss: 0.5358
  Epoch [55/100] Batch 1400/2927 Loss: 0.4020
  Epoch [55/100] Batch 1600/2927 Loss: 0.5217
  Epoch [55/100] Batch 1800/2927 Loss: 0.4739
  Epoch [55/100] Batch 2000/2927 Loss: 0.3153
  Epoch [55/100] Batch 2200/2927 Loss: 0.4606
  Epoch [55/100] Batch 2400/2927 Loss: 0.4541
  Epoch [55/100] Batch 2600/2927 Loss: 0.2877
  Epoch [55/100] Batch 2800/2927 Loss: 0.5083
[EPOCH 55] Train: 0.4184 | Val: 0.2389 | LR: 0.000240 | Time: 367.1s
  Epoch [56/100] Batch 0/2927 Loss: 0.3948
  Epoch [56/100] Batch 200/2927 Loss: 0.4178
  Epoch [56/100] Batch 400/2927 Loss: 0.4222
  Epoch [56/100] Batch 600/2927 Loss: 0.3984
  Epoch [56/100] Batch 800/2927 Loss: 0.4791
  Epoch [56/100] Batch 1000/2927 Loss: 0.4619
  Epoch [56/100] Batch 1200/2927 Loss: 0.3752
  Epoch [56/100] Batch 1400/2927 Loss: 0.4308
  Epoch [56/100] Batch 1600/2927 Loss: 0.3580
  Epoch [56/100] Batch 1800/2927 Loss: 0.3770
  Epoch [56/100] Batch 2000/2927 Loss: 0.4996
  Epoch [56/100] Batch 2200/2927 Loss: 0.4932
  Epoch [56/100] Batch 2400/2927 Loss: 0.3113
  Epoch [56/100] Batch 2600/2927 Loss: 0.3902
  Epoch [56/100] Batch 2800/2927 Loss: 0.5658
[EPOCH 56] Train: 0.4151 | Val: 0.2368 | LR: 0.000240 | Time: 367.1s
  Epoch [57/100] Batch 0/2927 Loss: 0.5250
  Epoch [57/100] Batch 200/2927 Loss: 0.3366
  Epoch [57/100] Batch 400/2927 Loss: 0.6225
  Epoch [57/100] Batch 600/2927 Loss: 0.3276
  Epoch [57/100] Batch 800/2927 Loss: 0.4046
  Epoch [57/100] Batch 1000/2927 Loss: 0.3069
  Epoch [57/100] Batch 1200/2927 Loss: 0.4327
  Epoch [57/100] Batch 1400/2927 Loss: 0.3653
  Epoch [57/100] Batch 1600/2927 Loss: 0.4706
  Epoch [57/100] Batch 1800/2927 Loss: 0.4998
  Epoch [57/100] Batch 2000/2927 Loss: 0.4640
  Epoch [57/100] Batch 2200/2927 Loss: 0.4523
  Epoch [57/100] Batch 2400/2927 Loss: 0.3733
  Epoch [57/100] Batch 2600/2927 Loss: 0.4158
  Epoch [57/100] Batch 2800/2927 Loss: 0.3533
[EPOCH 57] Train: 0.4155 | Val: 0.2577 | LR: 0.000240 | Time: 366.9s
  Epoch [58/100] Batch 0/2927 Loss: 0.3140
  Epoch [58/100] Batch 200/2927 Loss: 0.2903
  Epoch [58/100] Batch 400/2927 Loss: 0.2701
  Epoch [58/100] Batch 600/2927 Loss: 0.3529
  Epoch [58/100] Batch 800/2927 Loss: 0.3714
  Epoch [58/100] Batch 1000/2927 Loss: 0.3679
  Epoch [58/100] Batch 1200/2927 Loss: 0.4363
  Epoch [58/100] Batch 1400/2927 Loss: 0.4255
  Epoch [58/100] Batch 1600/2927 Loss: 0.3363
  Epoch [58/100] Batch 1800/2927 Loss: 0.3302
  Epoch [58/100] Batch 2000/2927 Loss: 0.5156
  Epoch [58/100] Batch 2200/2927 Loss: 0.5511
  Epoch [58/100] Batch 2400/2927 Loss: 0.3906
  Epoch [58/100] Batch 2600/2927 Loss: 0.4741
  Epoch [58/100] Batch 2800/2927 Loss: 0.4978
[EPOCH 58] Train: 0.4152 | Val: 0.2534 | LR: 0.000240 | Time: 367.0s
  Epoch [59/100] Batch 0/2927 Loss: 0.4372
  Epoch [59/100] Batch 200/2927 Loss: 0.4959
  Epoch [59/100] Batch 400/2927 Loss: 0.4640
  Epoch [59/100] Batch 600/2927 Loss: 0.4214
  Epoch [59/100] Batch 800/2927 Loss: 0.3099
  Epoch [59/100] Batch 1000/2927 Loss: 0.4810
  Epoch [59/100] Batch 1200/2927 Loss: 0.4042
  Epoch [59/100] Batch 1400/2927 Loss: 0.3533
  Epoch [59/100] Batch 1600/2927 Loss: 0.5183
  Epoch [59/100] Batch 1800/2927 Loss: 0.3961
  Epoch [59/100] Batch 2000/2927 Loss: 0.4757
  Epoch [59/100] Batch 2200/2927 Loss: 0.4105
  Epoch [59/100] Batch 2400/2927 Loss: 0.4653
  Epoch [59/100] Batch 2600/2927 Loss: 0.4389
  Epoch [59/100] Batch 2800/2927 Loss: 0.4693
[EPOCH 59] Train: 0.4134 | Val: 0.2144 | LR: 0.000240 | Time: 367.2s
  Epoch [60/100] Batch 0/2927 Loss: 0.3424
  Epoch [60/100] Batch 200/2927 Loss: 0.3944
  Epoch [60/100] Batch 400/2927 Loss: 0.4292
  Epoch [60/100] Batch 600/2927 Loss: 0.3312
  Epoch [60/100] Batch 800/2927 Loss: 0.4643
  Epoch [60/100] Batch 1000/2927 Loss: 0.3867
  Epoch [60/100] Batch 1200/2927 Loss: 0.3770
  Epoch [60/100] Batch 1400/2927 Loss: 0.4433
  Epoch [60/100] Batch 1600/2927 Loss: 0.3299
  Epoch [60/100] Batch 1800/2927 Loss: 0.3411
  Epoch [60/100] Batch 2000/2927 Loss: 0.3501
  Epoch [60/100] Batch 2200/2927 Loss: 0.4013
  Epoch [60/100] Batch 2400/2927 Loss: 0.3535
  Epoch [60/100] Batch 2600/2927 Loss: 0.3718
  Epoch [60/100] Batch 2800/2927 Loss: 0.4550
[EPOCH 60] Train: 0.4148 | Val: 0.2577 | LR: 0.000240 | Time: 367.3s
  Epoch [61/100] Batch 0/2927 Loss: 0.4139
  Epoch [61/100] Batch 200/2927 Loss: 0.3688
  Epoch [61/100] Batch 400/2927 Loss: 0.5415
  Epoch [61/100] Batch 600/2927 Loss: 0.4873
  Epoch [61/100] Batch 800/2927 Loss: 0.2728
  Epoch [61/100] Batch 1000/2927 Loss: 0.4517
  Epoch [61/100] Batch 1200/2927 Loss: 0.3996
  Epoch [61/100] Batch 1400/2927 Loss: 0.3130
  Epoch [61/100] Batch 1600/2927 Loss: 0.4089
  Epoch [61/100] Batch 1800/2927 Loss: 0.3644
  Epoch [61/100] Batch 2000/2927 Loss: 0.3368
  Epoch [61/100] Batch 2200/2927 Loss: 0.3616
  Epoch [61/100] Batch 2400/2927 Loss: 0.4431
  Epoch [61/100] Batch 2600/2927 Loss: 0.3229
  Epoch [61/100] Batch 2800/2927 Loss: 0.6368
[EPOCH 61] Train: 0.4125 | Val: 0.2028 | LR: 0.000240 | Time: 366.9s
  Epoch [62/100] Batch 0/2927 Loss: 0.3007
  Epoch [62/100] Batch 200/2927 Loss: 0.3913
  Epoch [62/100] Batch 400/2927 Loss: 0.4781
  Epoch [62/100] Batch 600/2927 Loss: 0.4555
  Epoch [62/100] Batch 800/2927 Loss: 0.2885
  Epoch [62/100] Batch 1000/2927 Loss: 0.5641
  Epoch [62/100] Batch 1200/2927 Loss: 0.4094
  Epoch [62/100] Batch 1400/2927 Loss: 0.2551
  Epoch [62/100] Batch 1600/2927 Loss: 0.4144
  Epoch [62/100] Batch 1800/2927 Loss: 0.3968
  Epoch [62/100] Batch 2000/2927 Loss: 0.2823
  Epoch [62/100] Batch 2200/2927 Loss: 0.4702
  Epoch [62/100] Batch 2400/2927 Loss: 0.3914
  Epoch [62/100] Batch 2600/2927 Loss: 0.3270
  Epoch [62/100] Batch 2800/2927 Loss: 0.4672
[EPOCH 62] Train: 0.4119 | Val: 0.2032 | LR: 0.000240 | Time: 367.0s
  Epoch [63/100] Batch 0/2927 Loss: 0.3985
  Epoch [63/100] Batch 200/2927 Loss: 0.4047
  Epoch [63/100] Batch 400/2927 Loss: 0.4622
  Epoch [63/100] Batch 600/2927 Loss: 0.3792
  Epoch [63/100] Batch 800/2927 Loss: 0.3512
  Epoch [63/100] Batch 1000/2927 Loss: 0.3096
  Epoch [63/100] Batch 1200/2927 Loss: 0.5281
  Epoch [63/100] Batch 1400/2927 Loss: 0.4790
  Epoch [63/100] Batch 1600/2927 Loss: 0.5464
  Epoch [63/100] Batch 1800/2927 Loss: 0.4286
  Epoch [63/100] Batch 2000/2927 Loss: 0.3185
  Epoch [63/100] Batch 2200/2927 Loss: 0.5337
  Epoch [63/100] Batch 2400/2927 Loss: 0.3338
  Epoch [63/100] Batch 2600/2927 Loss: 0.3662
  Epoch [63/100] Batch 2800/2927 Loss: 0.3736
[EPOCH 63] Train: 0.4109 | Val: 0.1928 | LR: 0.000168 | Time: 366.9s
  Epoch [64/100] Batch 0/2927 Loss: 0.3486
  Epoch [64/100] Batch 200/2927 Loss: 0.4725
  Epoch [64/100] Batch 400/2927 Loss: 0.4059
  Epoch [64/100] Batch 600/2927 Loss: 0.3082
  Epoch [64/100] Batch 800/2927 Loss: 0.3367
  Epoch [64/100] Batch 1000/2927 Loss: 0.4205
  Epoch [64/100] Batch 1200/2927 Loss: 0.5013
  Epoch [64/100] Batch 1400/2927 Loss: 0.3893
  Epoch [64/100] Batch 1600/2927 Loss: 0.4939
  Epoch [64/100] Batch 1800/2927 Loss: 0.5376
  Epoch [64/100] Batch 2000/2927 Loss: 0.4462
  Epoch [64/100] Batch 2200/2927 Loss: 0.3884
  Epoch [64/100] Batch 2400/2927 Loss: 0.4142
  Epoch [64/100] Batch 2600/2927 Loss: 0.3598
  Epoch [64/100] Batch 2800/2927 Loss: 0.4191
[EPOCH 64] Train: 0.4079 | Val: 0.1966 | LR: 0.000168 | Time: 366.9s
  Epoch [65/100] Batch 0/2927 Loss: 0.6215
  Epoch [65/100] Batch 200/2927 Loss: 0.3832
  Epoch [65/100] Batch 400/2927 Loss: 0.5263
  Epoch [65/100] Batch 600/2927 Loss: 0.4000
  Epoch [65/100] Batch 800/2927 Loss: 0.4448
  Epoch [65/100] Batch 1000/2927 Loss: 0.4336
  Epoch [65/100] Batch 1200/2927 Loss: 0.6703
  Epoch [65/100] Batch 1400/2927 Loss: 0.5788
  Epoch [65/100] Batch 1600/2927 Loss: 0.3333
  Epoch [65/100] Batch 1800/2927 Loss: 0.3155
  Epoch [65/100] Batch 2000/2927 Loss: 0.5621
  Epoch [65/100] Batch 2200/2927 Loss: 0.3287
  Epoch [65/100] Batch 2400/2927 Loss: 0.3740
  Epoch [65/100] Batch 2600/2927 Loss: 0.4220
  Epoch [65/100] Batch 2800/2927 Loss: 0.3651
[EPOCH 65] Train: 0.4043 | Val: 0.2344 | LR: 0.000168 | Time: 367.0s
  Epoch [66/100] Batch 0/2927 Loss: 0.4058
  Epoch [66/100] Batch 200/2927 Loss: 0.3532
  Epoch [66/100] Batch 400/2927 Loss: 0.3724
  Epoch [66/100] Batch 600/2927 Loss: 0.3955
  Epoch [66/100] Batch 800/2927 Loss: 0.4689
  Epoch [66/100] Batch 1000/2927 Loss: 0.5008
  Epoch [66/100] Batch 1200/2927 Loss: 0.4328
  Epoch [66/100] Batch 1400/2927 Loss: 0.5287
  Epoch [66/100] Batch 1600/2927 Loss: 0.4939
  Epoch [66/100] Batch 1800/2927 Loss: 0.2633
  Epoch [66/100] Batch 2000/2927 Loss: 0.4137
  Epoch [66/100] Batch 2200/2927 Loss: 0.4652
  Epoch [66/100] Batch 2400/2927 Loss: 0.3081
  Epoch [66/100] Batch 2600/2927 Loss: 0.4168
  Epoch [66/100] Batch 2800/2927 Loss: 0.3937
[EPOCH 66] Train: 0.4033 | Val: 0.2183 | LR: 0.000168 | Time: 366.9s
  Epoch [67/100] Batch 0/2927 Loss: 0.3478
  Epoch [67/100] Batch 200/2927 Loss: 0.3613
  Epoch [67/100] Batch 400/2927 Loss: 0.3734
  Epoch [67/100] Batch 600/2927 Loss: 0.4299
  Epoch [67/100] Batch 800/2927 Loss: 0.4256
  Epoch [67/100] Batch 1000/2927 Loss: 0.4488
  Epoch [67/100] Batch 1200/2927 Loss: 0.4929
  Epoch [67/100] Batch 1400/2927 Loss: 0.3950
  Epoch [67/100] Batch 1600/2927 Loss: 0.5311
  Epoch [67/100] Batch 1800/2927 Loss: 0.4711
  Epoch [67/100] Batch 2000/2927 Loss: 0.3759
  Epoch [67/100] Batch 2200/2927 Loss: 0.2432
  Epoch [67/100] Batch 2400/2927 Loss: 0.3921
  Epoch [67/100] Batch 2600/2927 Loss: 0.4476
  Epoch [67/100] Batch 2800/2927 Loss: 0.3266
[EPOCH 67] Train: 0.4022 | Val: 0.2094 | LR: 0.000168 | Time: 366.9s
  Epoch [68/100] Batch 0/2927 Loss: 0.5108
  Epoch [68/100] Batch 200/2927 Loss: 0.3513
  Epoch [68/100] Batch 400/2927 Loss: 0.4161
  Epoch [68/100] Batch 600/2927 Loss: 0.3672
  Epoch [68/100] Batch 800/2927 Loss: 0.4266
  Epoch [68/100] Batch 1000/2927 Loss: 0.4194
  Epoch [68/100] Batch 1200/2927 Loss: 0.3910
  Epoch [68/100] Batch 1400/2927 Loss: 0.3434
  Epoch [68/100] Batch 1600/2927 Loss: 0.3494
  Epoch [68/100] Batch 1800/2927 Loss: 0.3432
  Epoch [68/100] Batch 2000/2927 Loss: 0.3851
  Epoch [68/100] Batch 2200/2927 Loss: 0.5100
  Epoch [68/100] Batch 2400/2927 Loss: 0.4537
  Epoch [68/100] Batch 2600/2927 Loss: 0.4104
  Epoch [68/100] Batch 2800/2927 Loss: 0.3263
[EPOCH 68] Train: 0.4014 | Val: 0.2459 | LR: 0.000168 | Time: 367.2s
  Epoch [69/100] Batch 0/2927 Loss: 0.4702
  Epoch [69/100] Batch 200/2927 Loss: 0.3846
  Epoch [69/100] Batch 400/2927 Loss: 0.3061
  Epoch [69/100] Batch 600/2927 Loss: 0.6824
  Epoch [69/100] Batch 800/2927 Loss: 0.2938
  Epoch [69/100] Batch 1000/2927 Loss: 0.4167
  Epoch [69/100] Batch 1200/2927 Loss: 0.5176
  Epoch [69/100] Batch 1400/2927 Loss: 0.4967
  Epoch [69/100] Batch 1600/2927 Loss: 0.3418
  Epoch [69/100] Batch 1800/2927 Loss: 0.4546
  Epoch [69/100] Batch 2000/2927 Loss: 0.4879
  Epoch [69/100] Batch 2200/2927 Loss: 0.4111
  Epoch [69/100] Batch 2400/2927 Loss: 0.4698
  Epoch [69/100] Batch 2600/2927 Loss: 0.3923
  Epoch [69/100] Batch 2800/2927 Loss: 0.3628
[EPOCH 69] Train: 0.3999 | Val: 0.2267 | LR: 0.000168 | Time: 367.1s
  Epoch [70/100] Batch 0/2927 Loss: 0.3912
  Epoch [70/100] Batch 200/2927 Loss: 0.4785
  Epoch [70/100] Batch 400/2927 Loss: 0.3955
  Epoch [70/100] Batch 600/2927 Loss: 0.4751
  Epoch [70/100] Batch 800/2927 Loss: 0.3962
  Epoch [70/100] Batch 1000/2927 Loss: 0.4668
  Epoch [70/100] Batch 1200/2927 Loss: 0.4740
  Epoch [70/100] Batch 1400/2927 Loss: 0.4437
  Epoch [70/100] Batch 1600/2927 Loss: 0.4290
  Epoch [70/100] Batch 1800/2927 Loss: 0.3726
  Epoch [70/100] Batch 2000/2927 Loss: 0.3484
  Epoch [70/100] Batch 2200/2927 Loss: 0.3690
  Epoch [70/100] Batch 2400/2927 Loss: 0.2743
  Epoch [70/100] Batch 2600/2927 Loss: 0.5509
  Epoch [70/100] Batch 2800/2927 Loss: 0.7047
[EPOCH 70] Train: 0.4005 | Val: 0.2486 | LR: 0.000168 | Time: 367.0s
  Epoch [71/100] Batch 0/2927 Loss: 0.3586
  Epoch [71/100] Batch 200/2927 Loss: 0.4140
  Epoch [71/100] Batch 400/2927 Loss: 0.3073
  Epoch [71/100] Batch 600/2927 Loss: 0.3750
  Epoch [71/100] Batch 800/2927 Loss: 0.4288
  Epoch [71/100] Batch 1000/2927 Loss: 0.5788
  Epoch [71/100] Batch 1200/2927 Loss: 0.4848
  Epoch [71/100] Batch 1400/2927 Loss: 0.4715
  Epoch [71/100] Batch 1600/2927 Loss: 0.2885
  Epoch [71/100] Batch 1800/2927 Loss: 0.3420
  Epoch [71/100] Batch 2000/2927 Loss: 0.3823
  Epoch [71/100] Batch 2200/2927 Loss: 0.4957
  Epoch [71/100] Batch 2400/2927 Loss: 0.4274
  Epoch [71/100] Batch 2600/2927 Loss: 0.3573
  Epoch [71/100] Batch 2800/2927 Loss: 0.3197
[EPOCH 71] Train: 0.3994 | Val: 0.2351 | LR: 0.000168 | Time: 366.9s
  Epoch [72/100] Batch 0/2927 Loss: 0.4346
  Epoch [72/100] Batch 200/2927 Loss: 0.3665
  Epoch [72/100] Batch 400/2927 Loss: 0.2937
  Epoch [72/100] Batch 600/2927 Loss: 0.3667
  Epoch [72/100] Batch 800/2927 Loss: 0.3452
  Epoch [72/100] Batch 1000/2927 Loss: 0.3782
  Epoch [72/100] Batch 1200/2927 Loss: 0.3016
  Epoch [72/100] Batch 1400/2927 Loss: 0.4360
  Epoch [72/100] Batch 1600/2927 Loss: 0.4110
  Epoch [72/100] Batch 1800/2927 Loss: 0.3098
  Epoch [72/100] Batch 2000/2927 Loss: 0.3763
  Epoch [72/100] Batch 2200/2927 Loss: 0.2800
  Epoch [72/100] Batch 2400/2927 Loss: 0.4524
  Epoch [72/100] Batch 2600/2927 Loss: 0.4273
  Epoch [72/100] Batch 2800/2927 Loss: 0.3505
[EPOCH 72] Train: 0.3986 | Val: 0.2436 | LR: 0.000118 | Time: 367.0s
  Epoch [73/100] Batch 0/2927 Loss: 0.3788
  Epoch [73/100] Batch 200/2927 Loss: 0.3367
  Epoch [73/100] Batch 400/2927 Loss: 0.2748
  Epoch [73/100] Batch 600/2927 Loss: 0.3584
  Epoch [73/100] Batch 800/2927 Loss: 0.3215
  Epoch [73/100] Batch 1000/2927 Loss: 0.4016
  Epoch [73/100] Batch 1200/2927 Loss: 0.3700
  Epoch [73/100] Batch 1400/2927 Loss: 0.2991
  Epoch [73/100] Batch 1600/2927 Loss: 0.3766
  Epoch [73/100] Batch 1800/2927 Loss: 0.4361
  Epoch [73/100] Batch 2000/2927 Loss: 0.3058
  Epoch [73/100] Batch 2200/2927 Loss: 0.4441
  Epoch [73/100] Batch 2400/2927 Loss: 0.3029
  Epoch [73/100] Batch 2600/2927 Loss: 0.3587
  Epoch [73/100] Batch 2800/2927 Loss: 0.6648
[EPOCH 73] Train: 0.3981 | Val: 0.1878 | LR: 0.000118 | Time: 367.0s
  Epoch [74/100] Batch 0/2927 Loss: 0.3519
  Epoch [74/100] Batch 200/2927 Loss: 0.3533
  Epoch [74/100] Batch 400/2927 Loss: 0.4738
  Epoch [74/100] Batch 600/2927 Loss: 0.3926
  Epoch [74/100] Batch 800/2927 Loss: 0.3581
  Epoch [74/100] Batch 1000/2927 Loss: 0.4020
  Epoch [74/100] Batch 1200/2927 Loss: 0.4078
  Epoch [74/100] Batch 1400/2927 Loss: 0.4051
  Epoch [74/100] Batch 1600/2927 Loss: 0.4073
  Epoch [74/100] Batch 1800/2927 Loss: 0.4162
  Epoch [74/100] Batch 2000/2927 Loss: 0.4068
  Epoch [74/100] Batch 2200/2927 Loss: 0.4163
  Epoch [74/100] Batch 2400/2927 Loss: 0.3466
  Epoch [74/100] Batch 2600/2927 Loss: 0.3807
  Epoch [74/100] Batch 2800/2927 Loss: 0.3533
[EPOCH 74] Train: 0.3944 | Val: 0.2051 | LR: 0.000118 | Time: 366.9s
  Epoch [75/100] Batch 0/2927 Loss: 0.4549
  Epoch [75/100] Batch 200/2927 Loss: 0.6403
  Epoch [75/100] Batch 400/2927 Loss: 0.6311
  Epoch [75/100] Batch 600/2927 Loss: 0.3096
  Epoch [75/100] Batch 800/2927 Loss: 0.4249
  Epoch [75/100] Batch 1000/2927 Loss: 0.3893
  Epoch [75/100] Batch 1200/2927 Loss: 0.6034
  Epoch [75/100] Batch 1400/2927 Loss: 0.3769
  Epoch [75/100] Batch 1600/2927 Loss: 0.3105
  Epoch [75/100] Batch 1800/2927 Loss: 0.3551
  Epoch [75/100] Batch 2000/2927 Loss: 0.5540
  Epoch [75/100] Batch 2200/2927 Loss: 0.4105
  Epoch [75/100] Batch 2400/2927 Loss: 0.3217
  Epoch [75/100] Batch 2600/2927 Loss: 0.5590
  Epoch [75/100] Batch 2800/2927 Loss: 0.2936
[EPOCH 75] Train: 0.3926 | Val: 0.2246 | LR: 0.000118 | Time: 367.1s
  Epoch [76/100] Batch 0/2927 Loss: 0.3327
  Epoch [76/100] Batch 200/2927 Loss: 0.3870
  Epoch [76/100] Batch 400/2927 Loss: 0.3855
  Epoch [76/100] Batch 600/2927 Loss: 0.2875
  Epoch [76/100] Batch 800/2927 Loss: 0.4961
  Epoch [76/100] Batch 1000/2927 Loss: 0.3710
  Epoch [76/100] Batch 1200/2927 Loss: 0.2820
  Epoch [76/100] Batch 1400/2927 Loss: 0.4385
  Epoch [76/100] Batch 1600/2927 Loss: 0.5043
  Epoch [76/100] Batch 1800/2927 Loss: 0.4290
  Epoch [76/100] Batch 2000/2927 Loss: 0.4716
  Epoch [76/100] Batch 2200/2927 Loss: 0.3854
  Epoch [76/100] Batch 2400/2927 Loss: 0.3288
  Epoch [76/100] Batch 2600/2927 Loss: 0.5812
  Epoch [76/100] Batch 2800/2927 Loss: 0.3148
[EPOCH 76] Train: 0.3924 | Val: 0.2227 | LR: 0.000118 | Time: 367.1s
  Epoch [77/100] Batch 0/2927 Loss: 0.4435
  Epoch [77/100] Batch 200/2927 Loss: 0.3713
  Epoch [77/100] Batch 400/2927 Loss: 0.4334
  Epoch [77/100] Batch 600/2927 Loss: 0.3940
  Epoch [77/100] Batch 800/2927 Loss: 0.4296
  Epoch [77/100] Batch 1000/2927 Loss: 0.3786
  Epoch [77/100] Batch 1200/2927 Loss: 0.5635
  Epoch [77/100] Batch 1400/2927 Loss: 0.4637
  Epoch [77/100] Batch 1600/2927 Loss: 0.3681
  Epoch [77/100] Batch 1800/2927 Loss: 0.3434
  Epoch [77/100] Batch 2000/2927 Loss: 0.3927
  Epoch [77/100] Batch 2200/2927 Loss: 0.2454
  Epoch [77/100] Batch 2400/2927 Loss: 0.3584
  Epoch [77/100] Batch 2600/2927 Loss: 0.3962
  Epoch [77/100] Batch 2800/2927 Loss: 0.4055
[EPOCH 77] Train: 0.3929 | Val: 0.2072 | LR: 0.000118 | Time: 367.2s
  Epoch [78/100] Batch 0/2927 Loss: 0.3777
  Epoch [78/100] Batch 200/2927 Loss: 0.4193
  Epoch [78/100] Batch 400/2927 Loss: 0.4053
  Epoch [78/100] Batch 600/2927 Loss: 0.6659
  Epoch [78/100] Batch 800/2927 Loss: 0.3529
  Epoch [78/100] Batch 1000/2927 Loss: 0.3413
  Epoch [78/100] Batch 1200/2927 Loss: 0.4732
  Epoch [78/100] Batch 1400/2927 Loss: 0.3545
  Epoch [78/100] Batch 1600/2927 Loss: 0.3744
  Epoch [78/100] Batch 1800/2927 Loss: 0.3374
  Epoch [78/100] Batch 2000/2927 Loss: 0.3445
  Epoch [78/100] Batch 2200/2927 Loss: 0.4044
  Epoch [78/100] Batch 2400/2927 Loss: 0.5409
  Epoch [78/100] Batch 2600/2927 Loss: 0.3552
  Epoch [78/100] Batch 2800/2927 Loss: 0.4598
[EPOCH 78] Train: 0.3907 | Val: 0.1765 | LR: 0.000118 | Time: 367.1s
[SAVE] Nuevo mejor modelo!
  Epoch [79/100] Batch 0/2927 Loss: 0.4021
  Epoch [79/100] Batch 200/2927 Loss: 0.2734
  Epoch [79/100] Batch 400/2927 Loss: 0.4882
  Epoch [79/100] Batch 600/2927 Loss: 0.4126
  Epoch [79/100] Batch 800/2927 Loss: 0.3695
  Epoch [79/100] Batch 1000/2927 Loss: 0.4556
  Epoch [79/100] Batch 1200/2927 Loss: 0.3696
  Epoch [79/100] Batch 1400/2927 Loss: 0.3801
  Epoch [79/100] Batch 1600/2927 Loss: 0.2835
  Epoch [79/100] Batch 1800/2927 Loss: 0.3782
  Epoch [79/100] Batch 2000/2927 Loss: 0.3301
  Epoch [79/100] Batch 2200/2927 Loss: 0.4029
  Epoch [79/100] Batch 2400/2927 Loss: 0.4118
  Epoch [79/100] Batch 2600/2927 Loss: 0.4504
  Epoch [79/100] Batch 2800/2927 Loss: 0.4011
[EPOCH 79] Train: 0.3903 | Val: 0.2540 | LR: 0.000118 | Time: 367.1s
  Epoch [80/100] Batch 0/2927 Loss: 0.4547
  Epoch [80/100] Batch 200/2927 Loss: 0.3456
  Epoch [80/100] Batch 400/2927 Loss: 0.3154
  Epoch [80/100] Batch 600/2927 Loss: 0.4391
  Epoch [80/100] Batch 800/2927 Loss: 0.3885
  Epoch [80/100] Batch 1000/2927 Loss: 0.3890
  Epoch [80/100] Batch 1200/2927 Loss: 0.3225
  Epoch [80/100] Batch 1400/2927 Loss: 0.4475
  Epoch [80/100] Batch 1600/2927 Loss: 0.4697
  Epoch [80/100] Batch 1800/2927 Loss: 0.3596
  Epoch [80/100] Batch 2000/2927 Loss: 0.3217
  Epoch [80/100] Batch 2200/2927 Loss: 0.6785
  Epoch [80/100] Batch 2400/2927 Loss: 0.3692
  Epoch [80/100] Batch 2600/2927 Loss: 0.3773
  Epoch [80/100] Batch 2800/2927 Loss: 0.5032
[EPOCH 80] Train: 0.3903 | Val: 0.2223 | LR: 0.000118 | Time: 367.0s
  Epoch [81/100] Batch 0/2927 Loss: 0.4397
  Epoch [81/100] Batch 200/2927 Loss: 0.3580
  Epoch [81/100] Batch 400/2927 Loss: 0.4363
  Epoch [81/100] Batch 600/2927 Loss: 0.4088
  Epoch [81/100] Batch 800/2927 Loss: 0.3619
  Epoch [81/100] Batch 1000/2927 Loss: 0.3467
  Epoch [81/100] Batch 1200/2927 Loss: 0.3644
  Epoch [81/100] Batch 1400/2927 Loss: 0.3846
  Epoch [81/100] Batch 1600/2927 Loss: 0.4568
  Epoch [81/100] Batch 1800/2927 Loss: 0.3098
  Epoch [81/100] Batch 2000/2927 Loss: 0.3922
  Epoch [81/100] Batch 2200/2927 Loss: 0.4323
  Epoch [81/100] Batch 2400/2927 Loss: 0.3787
  Epoch [81/100] Batch 2600/2927 Loss: 0.4655
  Epoch [81/100] Batch 2800/2927 Loss: 0.3003
[EPOCH 81] Train: 0.3905 | Val: 0.1994 | LR: 0.000118 | Time: 367.2s
  Epoch [82/100] Batch 0/2927 Loss: 0.4342
  Epoch [82/100] Batch 200/2927 Loss: 0.5441
  Epoch [82/100] Batch 400/2927 Loss: 0.4769
  Epoch [82/100] Batch 600/2927 Loss: 0.2962
  Epoch [82/100] Batch 800/2927 Loss: 0.4953
  Epoch [82/100] Batch 1000/2927 Loss: 0.3900
  Epoch [82/100] Batch 1200/2927 Loss: 0.4227
  Epoch [82/100] Batch 1400/2927 Loss: 0.4408
  Epoch [82/100] Batch 1600/2927 Loss: 0.4324
  Epoch [82/100] Batch 1800/2927 Loss: 0.3254
  Epoch [82/100] Batch 2000/2927 Loss: 0.4999
  Epoch [82/100] Batch 2200/2927 Loss: 0.4412
  Epoch [82/100] Batch 2400/2927 Loss: 0.3640
  Epoch [82/100] Batch 2600/2927 Loss: 0.3195
  Epoch [82/100] Batch 2800/2927 Loss: 0.3603
[EPOCH 82] Train: 0.3881 | Val: 0.2615 | LR: 0.000118 | Time: 367.3s
  Epoch [83/100] Batch 0/2927 Loss: 0.5205
  Epoch [83/100] Batch 200/2927 Loss: 0.3320
  Epoch [83/100] Batch 400/2927 Loss: 0.3497
  Epoch [83/100] Batch 600/2927 Loss: 0.3024
  Epoch [83/100] Batch 800/2927 Loss: 0.4847
  Epoch [83/100] Batch 1000/2927 Loss: 0.3225
  Epoch [83/100] Batch 1200/2927 Loss: 0.3487
  Epoch [83/100] Batch 1400/2927 Loss: 0.3876
  Epoch [83/100] Batch 1600/2927 Loss: 0.3283
  Epoch [83/100] Batch 1800/2927 Loss: 0.4088
  Epoch [83/100] Batch 2000/2927 Loss: 0.4140
  Epoch [83/100] Batch 2200/2927 Loss: 0.3809
  Epoch [83/100] Batch 2400/2927 Loss: 0.2499
  Epoch [83/100] Batch 2600/2927 Loss: 0.3952
  Epoch [83/100] Batch 2800/2927 Loss: 0.2504
[EPOCH 83] Train: 0.3860 | Val: 0.2025 | LR: 0.000118 | Time: 367.3s
  Epoch [84/100] Batch 0/2927 Loss: 0.3459
  Epoch [84/100] Batch 200/2927 Loss: 0.3148
  Epoch [84/100] Batch 400/2927 Loss: 0.3804
  Epoch [84/100] Batch 600/2927 Loss: 0.3284
  Epoch [84/100] Batch 800/2927 Loss: 0.4160
  Epoch [84/100] Batch 1000/2927 Loss: 0.3195
  Epoch [84/100] Batch 1200/2927 Loss: 0.3156
  Epoch [84/100] Batch 1400/2927 Loss: 0.3075
  Epoch [84/100] Batch 1600/2927 Loss: 0.4818
  Epoch [84/100] Batch 1800/2927 Loss: 0.2248
  Epoch [84/100] Batch 2000/2927 Loss: 0.3380
  Epoch [84/100] Batch 2200/2927 Loss: 0.3666
  Epoch [84/100] Batch 2400/2927 Loss: 0.4010
  Epoch [84/100] Batch 2600/2927 Loss: 0.5500
  Epoch [84/100] Batch 2800/2927 Loss: 0.8924
[EPOCH 84] Train: 0.3868 | Val: 0.2136 | LR: 0.000118 | Time: 367.2s
  Epoch [85/100] Batch 0/2927 Loss: 0.3052
  Epoch [85/100] Batch 200/2927 Loss: 0.3468
  Epoch [85/100] Batch 400/2927 Loss: 0.3813
  Epoch [85/100] Batch 600/2927 Loss: 0.3587
  Epoch [85/100] Batch 800/2927 Loss: 0.3874
  Epoch [85/100] Batch 1000/2927 Loss: 0.3427
  Epoch [85/100] Batch 1200/2927 Loss: 0.2779
  Epoch [85/100] Batch 1400/2927 Loss: 0.4209
  Epoch [85/100] Batch 1600/2927 Loss: 0.2796
  Epoch [85/100] Batch 1800/2927 Loss: 0.2944
  Epoch [85/100] Batch 2000/2927 Loss: 0.3944
  Epoch [85/100] Batch 2200/2927 Loss: 0.6477
  Epoch [85/100] Batch 2400/2927 Loss: 0.3377
  Epoch [85/100] Batch 2600/2927 Loss: 0.3105
  Epoch [85/100] Batch 2800/2927 Loss: 0.2860
[EPOCH 85] Train: 0.3863 | Val: 0.2126 | LR: 0.000118 | Time: 367.3s
  Epoch [86/100] Batch 0/2927 Loss: 0.2841
  Epoch [86/100] Batch 200/2927 Loss: 0.3045
  Epoch [86/100] Batch 400/2927 Loss: 0.3529
  Epoch [86/100] Batch 600/2927 Loss: 0.6078
  Epoch [86/100] Batch 800/2927 Loss: 0.3855
  Epoch [86/100] Batch 1000/2927 Loss: 0.4760
  Epoch [86/100] Batch 1200/2927 Loss: 0.6499
  Epoch [86/100] Batch 1400/2927 Loss: 0.3695
  Epoch [86/100] Batch 1600/2927 Loss: 0.4819
  Epoch [86/100] Batch 1800/2927 Loss: 0.3358
  Epoch [86/100] Batch 2000/2927 Loss: 0.3274
  Epoch [86/100] Batch 2200/2927 Loss: 0.4165
  Epoch [86/100] Batch 2400/2927 Loss: 0.3488
  Epoch [86/100] Batch 2600/2927 Loss: 0.3292
  Epoch [86/100] Batch 2800/2927 Loss: 0.5812
[EPOCH 86] Train: 0.3867 | Val: 0.2067 | LR: 0.000118 | Time: 367.1s
  Epoch [87/100] Batch 0/2927 Loss: 0.3018
  Epoch [87/100] Batch 200/2927 Loss: 0.3944
  Epoch [87/100] Batch 400/2927 Loss: 0.3410
  Epoch [87/100] Batch 600/2927 Loss: 0.4099
  Epoch [87/100] Batch 800/2927 Loss: 0.4074
  Epoch [87/100] Batch 1000/2927 Loss: 0.5706
  Epoch [87/100] Batch 1200/2927 Loss: 0.3869
  Epoch [87/100] Batch 1400/2927 Loss: 0.3655
  Epoch [87/100] Batch 1600/2927 Loss: 0.3754
  Epoch [87/100] Batch 1800/2927 Loss: 0.3769
  Epoch [87/100] Batch 2000/2927 Loss: 0.5128
  Epoch [87/100] Batch 2200/2927 Loss: 0.3610
  Epoch [87/100] Batch 2400/2927 Loss: 0.3572
  Epoch [87/100] Batch 2600/2927 Loss: 0.3583
  Epoch [87/100] Batch 2800/2927 Loss: 0.3592
[EPOCH 87] Train: 0.3840 | Val: 0.2258 | LR: 0.000082 | Time: 367.2s
  Epoch [88/100] Batch 0/2927 Loss: 0.5493
  Epoch [88/100] Batch 200/2927 Loss: 0.3492
  Epoch [88/100] Batch 400/2927 Loss: 0.4636
  Epoch [88/100] Batch 600/2927 Loss: 0.3450
  Epoch [88/100] Batch 800/2927 Loss: 0.3061
  Epoch [88/100] Batch 1000/2927 Loss: 0.2866
  Epoch [88/100] Batch 1200/2927 Loss: 0.4360
  Epoch [88/100] Batch 1400/2927 Loss: 0.3673
  Epoch [88/100] Batch 1600/2927 Loss: 0.4174
  Epoch [88/100] Batch 1800/2927 Loss: 0.3425
  Epoch [88/100] Batch 2000/2927 Loss: 0.3427
  Epoch [88/100] Batch 2200/2927 Loss: 0.2964
  Epoch [88/100] Batch 2400/2927 Loss: 0.3824
  Epoch [88/100] Batch 2600/2927 Loss: 0.3437
  Epoch [88/100] Batch 2800/2927 Loss: 0.4615
[EPOCH 88] Train: 0.3829 | Val: 0.2024 | LR: 0.000082 | Time: 367.2s
  Epoch [89/100] Batch 0/2927 Loss: 0.3198
  Epoch [89/100] Batch 200/2927 Loss: 0.3862
  Epoch [89/100] Batch 400/2927 Loss: 0.4572
  Epoch [89/100] Batch 600/2927 Loss: 0.3872
  Epoch [89/100] Batch 800/2927 Loss: 0.4730
  Epoch [89/100] Batch 1000/2927 Loss: 0.3988
  Epoch [89/100] Batch 1200/2927 Loss: 0.4460
  Epoch [89/100] Batch 1400/2927 Loss: 0.2870
  Epoch [89/100] Batch 1600/2927 Loss: 0.2884
  Epoch [89/100] Batch 1800/2927 Loss: 0.6299
  Epoch [89/100] Batch 2000/2927 Loss: 0.3704
  Epoch [89/100] Batch 2200/2927 Loss: 0.3130
  Epoch [89/100] Batch 2400/2927 Loss: 0.3440
  Epoch [89/100] Batch 2600/2927 Loss: 0.4715
  Epoch [89/100] Batch 2800/2927 Loss: 0.2992
[EPOCH 89] Train: 0.3858 | Val: 0.2173 | LR: 0.000082 | Time: 367.2s
  Epoch [90/100] Batch 0/2927 Loss: 0.3267
  Epoch [90/100] Batch 200/2927 Loss: 0.4619
  Epoch [90/100] Batch 400/2927 Loss: 0.3338
  Epoch [90/100] Batch 600/2927 Loss: 0.5806
  Epoch [90/100] Batch 800/2927 Loss: 0.3359
  Epoch [90/100] Batch 1000/2927 Loss: 0.2652
  Epoch [90/100] Batch 1200/2927 Loss: 0.5860
  Epoch [90/100] Batch 1400/2927 Loss: 0.3557
  Epoch [90/100] Batch 1600/2927 Loss: 0.3234
  Epoch [90/100] Batch 1800/2927 Loss: 0.5785
  Epoch [90/100] Batch 2000/2927 Loss: 0.4731
  Epoch [90/100] Batch 2200/2927 Loss: 0.3267
  Epoch [90/100] Batch 2400/2927 Loss: 0.3378
  Epoch [90/100] Batch 2600/2927 Loss: 0.2738
  Epoch [90/100] Batch 2800/2927 Loss: 0.3285
[EPOCH 90] Train: 0.3822 | Val: 0.2034 | LR: 0.000082 | Time: 367.2s
  Epoch [91/100] Batch 0/2927 Loss: 0.4086
  Epoch [91/100] Batch 200/2927 Loss: 0.4143
  Epoch [91/100] Batch 400/2927 Loss: 0.4418
  Epoch [91/100] Batch 600/2927 Loss: 0.5496
  Epoch [91/100] Batch 800/2927 Loss: 0.3758
  Epoch [91/100] Batch 1000/2927 Loss: 0.3162
  Epoch [91/100] Batch 1200/2927 Loss: 0.4318
  Epoch [91/100] Batch 1400/2927 Loss: 0.2968
  Epoch [91/100] Batch 1600/2927 Loss: 0.3070
  Epoch [91/100] Batch 1800/2927 Loss: 0.3371
  Epoch [91/100] Batch 2000/2927 Loss: 0.2852
  Epoch [91/100] Batch 2200/2927 Loss: 0.3143
  Epoch [91/100] Batch 2400/2927 Loss: 0.4228
  Epoch [91/100] Batch 2600/2927 Loss: 0.4599
  Epoch [91/100] Batch 2800/2927 Loss: 0.2901
[EPOCH 91] Train: 0.3799 | Val: 0.1929 | LR: 0.000082 | Time: 367.3s
  Epoch [92/100] Batch 0/2927 Loss: 0.3166
  Epoch [92/100] Batch 200/2927 Loss: 0.4582
  Epoch [92/100] Batch 400/2927 Loss: 0.3352
  Epoch [92/100] Batch 600/2927 Loss: 0.6044
  Epoch [92/100] Batch 800/2927 Loss: 0.3409
  Epoch [92/100] Batch 1000/2927 Loss: 0.2736
  Epoch [92/100] Batch 1200/2927 Loss: 0.3102
  Epoch [92/100] Batch 1400/2927 Loss: 0.3552
  Epoch [92/100] Batch 1600/2927 Loss: 0.2996
  Epoch [92/100] Batch 1800/2927 Loss: 0.3519
  Epoch [92/100] Batch 2000/2927 Loss: 0.2941
  Epoch [92/100] Batch 2200/2927 Loss: 0.4571
  Epoch [92/100] Batch 2400/2927 Loss: 0.3432
  Epoch [92/100] Batch 2600/2927 Loss: 0.4316
  Epoch [92/100] Batch 2800/2927 Loss: 0.2999
[EPOCH 92] Train: 0.3813 | Val: 0.2269 | LR: 0.000082 | Time: 367.1s
  Epoch [93/100] Batch 0/2927 Loss: 0.4841
  Epoch [93/100] Batch 200/2927 Loss: 0.3750
  Epoch [93/100] Batch 400/2927 Loss: 0.5863
  Epoch [93/100] Batch 600/2927 Loss: 0.3442
  Epoch [93/100] Batch 800/2927 Loss: 0.3399
  Epoch [93/100] Batch 1000/2927 Loss: 0.3395
  Epoch [93/100] Batch 1200/2927 Loss: 0.3699
  Epoch [93/100] Batch 1400/2927 Loss: 0.3405
  Epoch [93/100] Batch 1600/2927 Loss: 0.3481
  Epoch [93/100] Batch 1800/2927 Loss: 0.5438
  Epoch [93/100] Batch 2000/2927 Loss: 0.3565
  Epoch [93/100] Batch 2200/2927 Loss: 0.4794
  Epoch [93/100] Batch 2400/2927 Loss: 0.4080
  Epoch [93/100] Batch 2600/2927 Loss: 0.3245
  Epoch [93/100] Batch 2800/2927 Loss: 0.4195
[EPOCH 93] Train: 0.3802 | Val: 0.1973 | LR: 0.000082 | Time: 367.4s
  Epoch [94/100] Batch 0/2927 Loss: 0.4214
  Epoch [94/100] Batch 200/2927 Loss: 0.3121
  Epoch [94/100] Batch 400/2927 Loss: 0.4396
  Epoch [94/100] Batch 600/2927 Loss: 0.3456
  Epoch [94/100] Batch 800/2927 Loss: 0.3454
  Epoch [94/100] Batch 1000/2927 Loss: 0.3315
  Epoch [94/100] Batch 1200/2927 Loss: 0.3686
  Epoch [94/100] Batch 1400/2927 Loss: 0.3170
  Epoch [94/100] Batch 1600/2927 Loss: 0.4352
  Epoch [94/100] Batch 1800/2927 Loss: 0.4910
  Epoch [94/100] Batch 2000/2927 Loss: 0.5463
  Epoch [94/100] Batch 2200/2927 Loss: 0.6143
  Epoch [94/100] Batch 2400/2927 Loss: 0.2472
  Epoch [94/100] Batch 2600/2927 Loss: 0.3799
  Epoch [94/100] Batch 2800/2927 Loss: 0.3074
[EPOCH 94] Train: 0.3796 | Val: 0.2105 | LR: 0.000082 | Time: 367.2s
  Epoch [95/100] Batch 0/2927 Loss: 0.3681
  Epoch [95/100] Batch 200/2927 Loss: 0.3519
  Epoch [95/100] Batch 400/2927 Loss: 0.2677
  Epoch [95/100] Batch 600/2927 Loss: 0.4728
  Epoch [95/100] Batch 800/2927 Loss: 0.4361
  Epoch [95/100] Batch 1000/2927 Loss: 0.4453
  Epoch [95/100] Batch 1200/2927 Loss: 0.2856
  Epoch [95/100] Batch 1400/2927 Loss: 0.4526
  Epoch [95/100] Batch 1600/2927 Loss: 0.3299
  Epoch [95/100] Batch 1800/2927 Loss: 0.3135
  Epoch [95/100] Batch 2000/2927 Loss: 0.3941
  Epoch [95/100] Batch 2200/2927 Loss: 0.3803
  Epoch [95/100] Batch 2400/2927 Loss: 0.4228
  Epoch [95/100] Batch 2600/2927 Loss: 0.2669
  Epoch [95/100] Batch 2800/2927 Loss: 0.4958
[EPOCH 95] Train: 0.3795 | Val: 0.1809 | LR: 0.000082 | Time: 367.2s
  Epoch [96/100] Batch 0/2927 Loss: 0.3254
  Epoch [96/100] Batch 200/2927 Loss: 0.2845
  Epoch [96/100] Batch 400/2927 Loss: 0.4528
  Epoch [96/100] Batch 600/2927 Loss: 0.5050
  Epoch [96/100] Batch 800/2927 Loss: 0.3085
  Epoch [96/100] Batch 1000/2927 Loss: 0.4301
  Epoch [96/100] Batch 1200/2927 Loss: 0.2934
  Epoch [96/100] Batch 1400/2927 Loss: 0.4448
  Epoch [96/100] Batch 1600/2927 Loss: 0.3631
  Epoch [96/100] Batch 1800/2927 Loss: 0.2664
  Epoch [96/100] Batch 2000/2927 Loss: 0.2891
  Epoch [96/100] Batch 2200/2927 Loss: 0.4573
  Epoch [96/100] Batch 2400/2927 Loss: 0.3905
  Epoch [96/100] Batch 2600/2927 Loss: 0.2867
  Epoch [96/100] Batch 2800/2927 Loss: 0.3952
[EPOCH 96] Train: 0.3786 | Val: 0.2188 | LR: 0.000058 | Time: 367.4s
  Epoch [97/100] Batch 0/2927 Loss: 0.3894
  Epoch [97/100] Batch 200/2927 Loss: 0.3474
  Epoch [97/100] Batch 400/2927 Loss: 0.4254
  Epoch [97/100] Batch 600/2927 Loss: 0.5779
  Epoch [97/100] Batch 800/2927 Loss: 0.4010
  Epoch [97/100] Batch 1000/2927 Loss: 0.3891
  Epoch [97/100] Batch 1200/2927 Loss: 0.3652
  Epoch [97/100] Batch 1400/2927 Loss: 0.4090
  Epoch [97/100] Batch 1600/2927 Loss: 0.2854
  Epoch [97/100] Batch 1800/2927 Loss: 0.4496
  Epoch [97/100] Batch 2000/2927 Loss: 0.3417
  Epoch [97/100] Batch 2200/2927 Loss: 0.3564
  Epoch [97/100] Batch 2400/2927 Loss: 0.3412
  Epoch [97/100] Batch 2600/2927 Loss: 0.3194
  Epoch [97/100] Batch 2800/2927 Loss: 0.3423
[EPOCH 97] Train: 0.3778 | Val: 0.1764 | LR: 0.000058 | Time: 367.1s
[SAVE] Nuevo mejor modelo!
  Epoch [98/100] Batch 0/2927 Loss: 0.2483
  Epoch [98/100] Batch 200/2927 Loss: 0.3197
  Epoch [98/100] Batch 400/2927 Loss: 0.3950
  Epoch [98/100] Batch 600/2927 Loss: 0.2649
  Epoch [98/100] Batch 800/2927 Loss: 0.3983
  Epoch [98/100] Batch 1000/2927 Loss: 0.3413
  Epoch [98/100] Batch 1200/2927 Loss: 0.3387
  Epoch [98/100] Batch 1400/2927 Loss: 0.3227
  Epoch [98/100] Batch 1600/2927 Loss: 0.3909
  Epoch [98/100] Batch 1800/2927 Loss: 0.4022
  Epoch [98/100] Batch 2000/2927 Loss: 0.3064
  Epoch [98/100] Batch 2200/2927 Loss: 0.2980
  Epoch [98/100] Batch 2400/2927 Loss: 0.2905
  Epoch [98/100] Batch 2600/2927 Loss: 0.3262
  Epoch [98/100] Batch 2800/2927 Loss: 0.3069
[EPOCH 98] Train: 0.3771 | Val: 0.1961 | LR: 0.000058 | Time: 367.4s
  Epoch [99/100] Batch 0/2927 Loss: 0.3067
  Epoch [99/100] Batch 200/2927 Loss: 0.3631
  Epoch [99/100] Batch 400/2927 Loss: 0.2547
  Epoch [99/100] Batch 600/2927 Loss: 0.2731
  Epoch [99/100] Batch 800/2927 Loss: 0.3040
  Epoch [99/100] Batch 1000/2927 Loss: 0.3326
  Epoch [99/100] Batch 1200/2927 Loss: 0.3592
  Epoch [99/100] Batch 1400/2927 Loss: 0.3656
  Epoch [99/100] Batch 1600/2927 Loss: 0.4155
  Epoch [99/100] Batch 1800/2927 Loss: 0.2642
  Epoch [99/100] Batch 2000/2927 Loss: 0.3016
  Epoch [99/100] Batch 2200/2927 Loss: 0.3066
  Epoch [99/100] Batch 2400/2927 Loss: 0.3566
  Epoch [99/100] Batch 2600/2927 Loss: 0.3515
  Epoch [99/100] Batch 2800/2927 Loss: 0.4135
[EPOCH 99] Train: 0.3759 | Val: 0.1831 | LR: 0.000058 | Time: 367.5s
  Epoch [100/100] Batch 0/2927 Loss: 0.2996
  Epoch [100/100] Batch 200/2927 Loss: 0.3516
  Epoch [100/100] Batch 400/2927 Loss: 0.3297
  Epoch [100/100] Batch 600/2927 Loss: 0.5254
  Epoch [100/100] Batch 800/2927 Loss: 0.3693
  Epoch [100/100] Batch 1000/2927 Loss: 0.3939
  Epoch [100/100] Batch 1200/2927 Loss: 0.4524
  Epoch [100/100] Batch 1400/2927 Loss: 0.3456
  Epoch [100/100] Batch 1600/2927 Loss: 0.3157
  Epoch [100/100] Batch 1800/2927 Loss: 0.2995
  Epoch [100/100] Batch 2000/2927 Loss: 0.4573
  Epoch [100/100] Batch 2200/2927 Loss: 0.5852
  Epoch [100/100] Batch 2400/2927 Loss: 0.4137
  Epoch [100/100] Batch 2600/2927 Loss: 0.3798
  Epoch [100/100] Batch 2800/2927 Loss: 0.3297
[EPOCH 100] Train: 0.3745 | Val: 0.2152 | LR: 0.000058 | Time: 367.3s

[DONE] 612.6 min. Mejor Val: 0.1764
