--- ENTRENAMIENTO EXP E FASE 2 (DeepSets sobre picos): nmr_202k_e2_deepsets_picos_19v ---
[INFO] Dispositivo: cuda
[INFO] Extrayendo formulas moleculares (C,H,N,O,S,Hal)...
[INFO] Formulas moleculares cargadas.
[INFO] Split congelado: SMILES invalidos=0 | train=187314 (leak removido=723) | val=14428
[INFO] Parametros totales del modelo: 23,315 (esperado ~23,315; V10 original ~8,603,299, Exp C ~223,000)
[INFO] Scheduler: patience=8, factor=0.7

[START] 100 epochs...
  Epoch [1/100] Batch 0/2927 Loss: 56.6784
  Epoch [1/100] Batch 200/2927 Loss: 0.6523
  Epoch [1/100] Batch 400/2927 Loss: 0.5526
  Epoch [1/100] Batch 600/2927 Loss: 0.3417
  Epoch [1/100] Batch 800/2927 Loss: 0.2676
  Epoch [1/100] Batch 1000/2927 Loss: 0.2849
  Epoch [1/100] Batch 1200/2927 Loss: 0.3108
  Epoch [1/100] Batch 1400/2927 Loss: 0.2267
  Epoch [1/100] Batch 1600/2927 Loss: 0.2658
  Epoch [1/100] Batch 1800/2927 Loss: 0.2249
  Epoch [1/100] Batch 2000/2927 Loss: 0.2170
  Epoch [1/100] Batch 2200/2927 Loss: 0.2134
  Epoch [1/100] Batch 2400/2927 Loss: 0.3138
  Epoch [1/100] Batch 2600/2927 Loss: 0.1781
  Epoch [1/100] Batch 2800/2927 Loss: 0.1694
[EPOCH 1] Train: 0.4204 | Val: 0.1528 | LR: 0.001000 | Time: 10.5s
[SAVE] Nuevo mejor modelo!
  Epoch [2/100] Batch 0/2927 Loss: 0.1692
  Epoch [2/100] Batch 200/2927 Loss: 0.1958
  Epoch [2/100] Batch 400/2927 Loss: 0.1811
  Epoch [2/100] Batch 600/2927 Loss: 0.2078
  Epoch [2/100] Batch 800/2927 Loss: 0.1484
  Epoch [2/100] Batch 1000/2927 Loss: 0.1500
  Epoch [2/100] Batch 1200/2927 Loss: 0.1242
  Epoch [2/100] Batch 1400/2927 Loss: 0.1628
  Epoch [2/100] Batch 1600/2927 Loss: 0.1378
  Epoch [2/100] Batch 1800/2927 Loss: 0.1209
  Epoch [2/100] Batch 2000/2927 Loss: 0.1276
  Epoch [2/100] Batch 2200/2927 Loss: 0.1065
  Epoch [2/100] Batch 2400/2927 Loss: 0.1248
  Epoch [2/100] Batch 2600/2927 Loss: 0.1386
  Epoch [2/100] Batch 2800/2927 Loss: 0.1209
[EPOCH 2] Train: 0.1540 | Val: 0.1039 | LR: 0.001000 | Time: 9.2s
[SAVE] Nuevo mejor modelo!
  Epoch [3/100] Batch 0/2927 Loss: 0.1134
  Epoch [3/100] Batch 200/2927 Loss: 0.1270
  Epoch [3/100] Batch 400/2927 Loss: 0.1073
  Epoch [3/100] Batch 600/2927 Loss: 0.1280
  Epoch [3/100] Batch 800/2927 Loss: 0.1731
  Epoch [3/100] Batch 1000/2927 Loss: 0.1161
  Epoch [3/100] Batch 1200/2927 Loss: 0.1212
  Epoch [3/100] Batch 1400/2927 Loss: 0.1179
  Epoch [3/100] Batch 1600/2927 Loss: 0.1452
  Epoch [3/100] Batch 1800/2927 Loss: 0.1191
  Epoch [3/100] Batch 2000/2927 Loss: 0.1207
  Epoch [3/100] Batch 2200/2927 Loss: 0.1741
  Epoch [3/100] Batch 2400/2927 Loss: 0.1016
  Epoch [3/100] Batch 2600/2927 Loss: 0.1067
  Epoch [3/100] Batch 2800/2927 Loss: 0.1055
[EPOCH 3] Train: 0.1241 | Val: 0.0957 | LR: 0.001000 | Time: 9.2s
[SAVE] Nuevo mejor modelo!
  Epoch [4/100] Batch 0/2927 Loss: 0.1294
  Epoch [4/100] Batch 200/2927 Loss: 0.1003
  Epoch [4/100] Batch 400/2927 Loss: 0.1096
  Epoch [4/100] Batch 600/2927 Loss: 0.0936
  Epoch [4/100] Batch 800/2927 Loss: 0.1134
  Epoch [4/100] Batch 1000/2927 Loss: 0.0928
  Epoch [4/100] Batch 1200/2927 Loss: 0.0874
  Epoch [4/100] Batch 1400/2927 Loss: 0.1050
  Epoch [4/100] Batch 1600/2927 Loss: 0.1030
  Epoch [4/100] Batch 1800/2927 Loss: 0.0741
  Epoch [4/100] Batch 2000/2927 Loss: 0.0808
  Epoch [4/100] Batch 2200/2927 Loss: 0.0948
  Epoch [4/100] Batch 2400/2927 Loss: 0.0928
  Epoch [4/100] Batch 2600/2927 Loss: 0.0926
  Epoch [4/100] Batch 2800/2927 Loss: 0.1127
[EPOCH 4] Train: 0.1041 | Val: 0.6017 | LR: 0.001000 | Time: 9.2s
  Epoch [5/100] Batch 0/2927 Loss: 0.9005
  Epoch [5/100] Batch 200/2927 Loss: 0.2112
  Epoch [5/100] Batch 400/2927 Loss: 0.0885
  Epoch [5/100] Batch 600/2927 Loss: 0.1247
  Epoch [5/100] Batch 800/2927 Loss: 0.0858
  Epoch [5/100] Batch 1000/2927 Loss: 0.1162
  Epoch [5/100] Batch 1200/2927 Loss: 0.0799
  Epoch [5/100] Batch 1400/2927 Loss: 0.0972
  Epoch [5/100] Batch 1600/2927 Loss: 0.0755
  Epoch [5/100] Batch 1800/2927 Loss: 0.0699
  Epoch [5/100] Batch 2000/2927 Loss: 0.0887
  Epoch [5/100] Batch 2200/2927 Loss: 0.1237
  Epoch [5/100] Batch 2400/2927 Loss: 0.0843
  Epoch [5/100] Batch 2600/2927 Loss: 0.0780
  Epoch [5/100] Batch 2800/2927 Loss: 0.0937
[EPOCH 5] Train: 0.0996 | Val: 0.0738 | LR: 0.001000 | Time: 9.2s
[SAVE] Nuevo mejor modelo!
  Epoch [6/100] Batch 0/2927 Loss: 0.0907
  Epoch [6/100] Batch 200/2927 Loss: 0.0800
  Epoch [6/100] Batch 400/2927 Loss: 0.0828
  Epoch [6/100] Batch 600/2927 Loss: 0.0751
  Epoch [6/100] Batch 800/2927 Loss: 0.0947
  Epoch [6/100] Batch 1000/2927 Loss: 0.1267
  Epoch [6/100] Batch 1200/2927 Loss: 0.0663
  Epoch [6/100] Batch 1400/2927 Loss: 0.0831
  Epoch [6/100] Batch 1600/2927 Loss: 0.0798
  Epoch [6/100] Batch 1800/2927 Loss: 0.0767
  Epoch [6/100] Batch 2000/2927 Loss: 0.0768
  Epoch [6/100] Batch 2200/2927 Loss: 0.1017
  Epoch [6/100] Batch 2400/2927 Loss: 0.0642
  Epoch [6/100] Batch 2600/2927 Loss: 0.0786
  Epoch [6/100] Batch 2800/2927 Loss: 0.0698
[EPOCH 6] Train: 0.0844 | Val: 0.0670 | LR: 0.001000 | Time: 9.2s
[SAVE] Nuevo mejor modelo!
  Epoch [7/100] Batch 0/2927 Loss: 0.0816
  Epoch [7/100] Batch 200/2927 Loss: 0.0866
  Epoch [7/100] Batch 400/2927 Loss: 0.0868
  Epoch [7/100] Batch 600/2927 Loss: 0.0698
  Epoch [7/100] Batch 800/2927 Loss: 0.0814
  Epoch [7/100] Batch 1000/2927 Loss: 0.0824
  Epoch [7/100] Batch 1200/2927 Loss: 0.1202
  Epoch [7/100] Batch 1400/2927 Loss: 0.0652
  Epoch [7/100] Batch 1600/2927 Loss: 0.0655
  Epoch [7/100] Batch 1800/2927 Loss: 0.1047
  Epoch [7/100] Batch 2000/2927 Loss: 0.0612
  Epoch [7/100] Batch 2200/2927 Loss: 0.0711
  Epoch [7/100] Batch 2400/2927 Loss: 0.0560
  Epoch [7/100] Batch 2600/2927 Loss: 0.1468
  Epoch [7/100] Batch 2800/2927 Loss: 0.1132
[EPOCH 7] Train: 0.0974 | Val: 0.0763 | LR: 0.001000 | Time: 9.2s
  Epoch [8/100] Batch 0/2927 Loss: 0.0873
  Epoch [8/100] Batch 200/2927 Loss: 0.0845
  Epoch [8/100] Batch 400/2927 Loss: 0.0567
  Epoch [8/100] Batch 600/2927 Loss: 0.0775
  Epoch [8/100] Batch 800/2927 Loss: 0.0828
  Epoch [8/100] Batch 1000/2927 Loss: 0.0640
  Epoch [8/100] Batch 1200/2927 Loss: 0.0625
  Epoch [8/100] Batch 1400/2927 Loss: 0.0790
  Epoch [8/100] Batch 1600/2927 Loss: 0.0752
  Epoch [8/100] Batch 1800/2927 Loss: 0.0800
  Epoch [8/100] Batch 2000/2927 Loss: 0.0904
  Epoch [8/100] Batch 2200/2927 Loss: 0.0646
  Epoch [8/100] Batch 2400/2927 Loss: 0.0663
  Epoch [8/100] Batch 2600/2927 Loss: 0.0617
  Epoch [8/100] Batch 2800/2927 Loss: 0.0949
[EPOCH 8] Train: 0.0760 | Val: 0.0601 | LR: 0.001000 | Time: 9.2s
[SAVE] Nuevo mejor modelo!
  Epoch [9/100] Batch 0/2927 Loss: 0.0764
  Epoch [9/100] Batch 200/2927 Loss: 0.0608
  Epoch [9/100] Batch 400/2927 Loss: 0.0762
  Epoch [9/100] Batch 600/2927 Loss: 0.0770
  Epoch [9/100] Batch 800/2927 Loss: 0.0537
  Epoch [9/100] Batch 1000/2927 Loss: 0.0764
  Epoch [9/100] Batch 1200/2927 Loss: 0.0553
  Epoch [9/100] Batch 1400/2927 Loss: 0.0595
  Epoch [9/100] Batch 1600/2927 Loss: 0.0594
  Epoch [9/100] Batch 1800/2927 Loss: 0.0471
  Epoch [9/100] Batch 2000/2927 Loss: 0.1057
  Epoch [9/100] Batch 2200/2927 Loss: 0.0931
  Epoch [9/100] Batch 2400/2927 Loss: 0.0794
  Epoch [9/100] Batch 2600/2927 Loss: 0.0581
  Epoch [9/100] Batch 2800/2927 Loss: 0.0750
[EPOCH 9] Train: 0.0717 | Val: 0.0600 | LR: 0.001000 | Time: 9.2s
[SAVE] Nuevo mejor modelo!
  Epoch [10/100] Batch 0/2927 Loss: 0.0663
  Epoch [10/100] Batch 200/2927 Loss: 0.0600
  Epoch [10/100] Batch 400/2927 Loss: 0.0598
  Epoch [10/100] Batch 600/2927 Loss: 0.0588
  Epoch [10/100] Batch 800/2927 Loss: 0.0604
  Epoch [10/100] Batch 1000/2927 Loss: 0.0813
  Epoch [10/100] Batch 1200/2927 Loss: 0.0581
  Epoch [10/100] Batch 1400/2927 Loss: 0.0628
  Epoch [10/100] Batch 1600/2927 Loss: 0.0754
  Epoch [10/100] Batch 1800/2927 Loss: 0.0715
  Epoch [10/100] Batch 2000/2927 Loss: 0.0651
  Epoch [10/100] Batch 2200/2927 Loss: 0.0685
  Epoch [10/100] Batch 2400/2927 Loss: 0.0688
  Epoch [10/100] Batch 2600/2927 Loss: 0.0510
  Epoch [10/100] Batch 2800/2927 Loss: 0.0558
[EPOCH 10] Train: 0.0677 | Val: 0.0546 | LR: 0.001000 | Time: 9.2s
[SAVE] Nuevo mejor modelo!
  Epoch [11/100] Batch 0/2927 Loss: 0.0824
  Epoch [11/100] Batch 200/2927 Loss: 0.0773
  Epoch [11/100] Batch 400/2927 Loss: 0.0955
  Epoch [11/100] Batch 600/2927 Loss: 0.1019
  Epoch [11/100] Batch 800/2927 Loss: 0.0618
  Epoch [11/100] Batch 1000/2927 Loss: 0.0754
  Epoch [11/100] Batch 1200/2927 Loss: 0.0582
  Epoch [11/100] Batch 1400/2927 Loss: 0.0822
  Epoch [11/100] Batch 1600/2927 Loss: 0.0697
  Epoch [11/100] Batch 1800/2927 Loss: 0.0554
  Epoch [11/100] Batch 2000/2927 Loss: 0.0641
  Epoch [11/100] Batch 2200/2927 Loss: 0.0595
  Epoch [11/100] Batch 2400/2927 Loss: 0.0567
  Epoch [11/100] Batch 2600/2927 Loss: 0.0644
  Epoch [11/100] Batch 2800/2927 Loss: 0.0724
[EPOCH 11] Train: 0.0687 | Val: 0.0523 | LR: 0.001000 | Time: 9.3s
[SAVE] Nuevo mejor modelo!
  Epoch [12/100] Batch 0/2927 Loss: 0.0803
  Epoch [12/100] Batch 200/2927 Loss: 0.0542
  Epoch [12/100] Batch 400/2927 Loss: 0.0687
  Epoch [12/100] Batch 600/2927 Loss: 0.0802
  Epoch [12/100] Batch 800/2927 Loss: 0.0697
  Epoch [12/100] Batch 1000/2927 Loss: 0.0456
  Epoch [12/100] Batch 1200/2927 Loss: 0.0537
  Epoch [12/100] Batch 1400/2927 Loss: 0.0698
  Epoch [12/100] Batch 1600/2927 Loss: 0.0707
  Epoch [12/100] Batch 1800/2927 Loss: 0.0669
  Epoch [12/100] Batch 2000/2927 Loss: 0.0707
  Epoch [12/100] Batch 2200/2927 Loss: 0.0649
  Epoch [12/100] Batch 2400/2927 Loss: 0.0579
  Epoch [12/100] Batch 2600/2927 Loss: 0.0624
  Epoch [12/100] Batch 2800/2927 Loss: 0.1152
[EPOCH 12] Train: 0.0694 | Val: 0.0624 | LR: 0.001000 | Time: 9.3s
  Epoch [13/100] Batch 0/2927 Loss: 0.0710
  Epoch [13/100] Batch 200/2927 Loss: 0.0630
  Epoch [13/100] Batch 400/2927 Loss: 0.0690
  Epoch [13/100] Batch 600/2927 Loss: 0.0591
  Epoch [13/100] Batch 800/2927 Loss: 0.0670
  Epoch [13/100] Batch 1000/2927 Loss: 0.0544
  Epoch [13/100] Batch 1200/2927 Loss: 0.0890
  Epoch [13/100] Batch 1400/2927 Loss: 0.0573
  Epoch [13/100] Batch 1600/2927 Loss: 0.0736
  Epoch [13/100] Batch 1800/2927 Loss: 0.0644
  Epoch [13/100] Batch 2000/2927 Loss: 0.0668
  Epoch [13/100] Batch 2200/2927 Loss: 0.0481
  Epoch [13/100] Batch 2400/2927 Loss: 0.0589
  Epoch [13/100] Batch 2600/2927 Loss: 0.0467
  Epoch [13/100] Batch 2800/2927 Loss: 0.0724
[EPOCH 13] Train: 0.0626 | Val: 0.0498 | LR: 0.001000 | Time: 9.3s
[SAVE] Nuevo mejor modelo!
  Epoch [14/100] Batch 0/2927 Loss: 0.0623
  Epoch [14/100] Batch 200/2927 Loss: 0.0519
  Epoch [14/100] Batch 400/2927 Loss: 0.0712
  Epoch [14/100] Batch 600/2927 Loss: 0.0617
  Epoch [14/100] Batch 800/2927 Loss: 0.0595
  Epoch [14/100] Batch 1000/2927 Loss: 0.0763
  Epoch [14/100] Batch 1200/2927 Loss: 0.0603
  Epoch [14/100] Batch 1400/2927 Loss: 0.0494
  Epoch [14/100] Batch 1600/2927 Loss: 0.0760
  Epoch [14/100] Batch 1800/2927 Loss: 0.0818
  Epoch [14/100] Batch 2000/2927 Loss: 0.0610
  Epoch [14/100] Batch 2200/2927 Loss: 0.0523
  Epoch [14/100] Batch 2400/2927 Loss: 0.0555
  Epoch [14/100] Batch 2600/2927 Loss: 0.0665
  Epoch [14/100] Batch 2800/2927 Loss: 0.0557
[EPOCH 14] Train: 0.0622 | Val: 0.0515 | LR: 0.001000 | Time: 9.3s
  Epoch [15/100] Batch 0/2927 Loss: 0.0558
  Epoch [15/100] Batch 200/2927 Loss: 0.0579
  Epoch [15/100] Batch 400/2927 Loss: 0.0625
  Epoch [15/100] Batch 600/2927 Loss: 0.0656
  Epoch [15/100] Batch 800/2927 Loss: 0.0604
  Epoch [15/100] Batch 1000/2927 Loss: 0.0792
  Epoch [15/100] Batch 1200/2927 Loss: 0.0630
  Epoch [15/100] Batch 1400/2927 Loss: 0.0666
  Epoch [15/100] Batch 1600/2927 Loss: 0.0723
  Epoch [15/100] Batch 1800/2927 Loss: 0.0595
  Epoch [15/100] Batch 2000/2927 Loss: 0.0458
  Epoch [15/100] Batch 2200/2927 Loss: 0.0583
  Epoch [15/100] Batch 2400/2927 Loss: 0.0591
  Epoch [15/100] Batch 2600/2927 Loss: 0.0623
  Epoch [15/100] Batch 2800/2927 Loss: 0.0670
[EPOCH 15] Train: 0.0606 | Val: 0.0477 | LR: 0.001000 | Time: 9.3s
[SAVE] Nuevo mejor modelo!
  Epoch [16/100] Batch 0/2927 Loss: 0.0446
  Epoch [16/100] Batch 200/2927 Loss: 0.0576
  Epoch [16/100] Batch 400/2927 Loss: 0.0497
  Epoch [16/100] Batch 600/2927 Loss: 0.0636
  Epoch [16/100] Batch 800/2927 Loss: 0.0458
  Epoch [16/100] Batch 1000/2927 Loss: 0.0622
  Epoch [16/100] Batch 1200/2927 Loss: 0.0648
  Epoch [16/100] Batch 1400/2927 Loss: 0.0644
  Epoch [16/100] Batch 1600/2927 Loss: 0.0602
  Epoch [16/100] Batch 1800/2927 Loss: 0.0704
  Epoch [16/100] Batch 2000/2927 Loss: 0.0540
  Epoch [16/100] Batch 2200/2927 Loss: 0.0464
  Epoch [16/100] Batch 2400/2927 Loss: 0.0638
  Epoch [16/100] Batch 2600/2927 Loss: 0.0572
  Epoch [16/100] Batch 2800/2927 Loss: 0.0529
[EPOCH 16] Train: 0.0589 | Val: 0.0475 | LR: 0.001000 | Time: 9.3s
[SAVE] Nuevo mejor modelo!
  Epoch [17/100] Batch 0/2927 Loss: 0.0611
  Epoch [17/100] Batch 200/2927 Loss: 0.0529
  Epoch [17/100] Batch 400/2927 Loss: 0.0741
  Epoch [17/100] Batch 600/2927 Loss: 0.0561
  Epoch [17/100] Batch 800/2927 Loss: 0.0780
  Epoch [17/100] Batch 1000/2927 Loss: 0.0673
  Epoch [17/100] Batch 1200/2927 Loss: 0.0568
  Epoch [17/100] Batch 1400/2927 Loss: 0.0491
  Epoch [17/100] Batch 1600/2927 Loss: 0.0766
  Epoch [17/100] Batch 1800/2927 Loss: 0.0485
  Epoch [17/100] Batch 2000/2927 Loss: 0.0514
  Epoch [17/100] Batch 2200/2927 Loss: 0.0537
  Epoch [17/100] Batch 2400/2927 Loss: 0.0592
  Epoch [17/100] Batch 2600/2927 Loss: 0.0580
  Epoch [17/100] Batch 2800/2927 Loss: 0.0455
[EPOCH 17] Train: 0.0575 | Val: 0.0476 | LR: 0.001000 | Time: 9.3s
  Epoch [18/100] Batch 0/2927 Loss: 0.0549
  Epoch [18/100] Batch 200/2927 Loss: 0.0572
  Epoch [18/100] Batch 400/2927 Loss: 0.0574
  Epoch [18/100] Batch 600/2927 Loss: 0.0385
  Epoch [18/100] Batch 800/2927 Loss: 0.0630
  Epoch [18/100] Batch 1000/2927 Loss: 0.0516
  Epoch [18/100] Batch 1200/2927 Loss: 0.1057
  Epoch [18/100] Batch 1400/2927 Loss: 0.0660
  Epoch [18/100] Batch 1600/2927 Loss: 0.0567
  Epoch [18/100] Batch 1800/2927 Loss: 0.0525
  Epoch [18/100] Batch 2000/2927 Loss: 0.0623
  Epoch [18/100] Batch 2200/2927 Loss: 0.0538
  Epoch [18/100] Batch 2400/2927 Loss: 0.0548
  Epoch [18/100] Batch 2600/2927 Loss: 0.0578
  Epoch [18/100] Batch 2800/2927 Loss: 0.0502
[EPOCH 18] Train: 0.0566 | Val: 0.0457 | LR: 0.001000 | Time: 9.3s
[SAVE] Nuevo mejor modelo!
  Epoch [19/100] Batch 0/2927 Loss: 0.0561
  Epoch [19/100] Batch 200/2927 Loss: 0.0496
  Epoch [19/100] Batch 400/2927 Loss: 0.0450
  Epoch [19/100] Batch 600/2927 Loss: 0.0553
  Epoch [19/100] Batch 800/2927 Loss: 0.0497
  Epoch [19/100] Batch 1000/2927 Loss: 0.0709
  Epoch [19/100] Batch 1200/2927 Loss: 0.0571
  Epoch [19/100] Batch 1400/2927 Loss: 0.0622
  Epoch [19/100] Batch 1600/2927 Loss: 0.0448
  Epoch [19/100] Batch 1800/2927 Loss: 0.0995
  Epoch [19/100] Batch 2000/2927 Loss: 0.0566
  Epoch [19/100] Batch 2200/2927 Loss: 0.0700
  Epoch [19/100] Batch 2400/2927 Loss: 0.0550
  Epoch [19/100] Batch 2600/2927 Loss: 0.0580
  Epoch [19/100] Batch 2800/2927 Loss: 0.0564
[EPOCH 19] Train: 0.0559 | Val: 0.0457 | LR: 0.001000 | Time: 9.3s
[SAVE] Nuevo mejor modelo!
  Epoch [20/100] Batch 0/2927 Loss: 0.0480
  Epoch [20/100] Batch 200/2927 Loss: 0.0461
  Epoch [20/100] Batch 400/2927 Loss: 0.0558
  Epoch [20/100] Batch 600/2927 Loss: 0.0677
  Epoch [20/100] Batch 800/2927 Loss: 0.0735
  Epoch [20/100] Batch 1000/2927 Loss: 0.0517
  Epoch [20/100] Batch 1200/2927 Loss: 0.0585
  Epoch [20/100] Batch 1400/2927 Loss: 0.0579
  Epoch [20/100] Batch 1600/2927 Loss: 0.0556
  Epoch [20/100] Batch 1800/2927 Loss: 0.0566
  Epoch [20/100] Batch 2000/2927 Loss: 0.0551
  Epoch [20/100] Batch 2200/2927 Loss: 0.0499
  Epoch [20/100] Batch 2400/2927 Loss: 0.0605
  Epoch [20/100] Batch 2600/2927 Loss: 0.0615
  Epoch [20/100] Batch 2800/2927 Loss: 0.0416
[EPOCH 20] Train: 0.0553 | Val: 0.0571 | LR: 0.001000 | Time: 9.3s
  Epoch [21/100] Batch 0/2927 Loss: 0.0687
  Epoch [21/100] Batch 200/2927 Loss: 0.0546
  Epoch [21/100] Batch 400/2927 Loss: 0.0564
  Epoch [21/100] Batch 600/2927 Loss: 0.0618
  Epoch [21/100] Batch 800/2927 Loss: 0.1030
  Epoch [21/100] Batch 1000/2927 Loss: 0.0472
  Epoch [21/100] Batch 1200/2927 Loss: 0.0466
  Epoch [21/100] Batch 1400/2927 Loss: 0.0618
  Epoch [21/100] Batch 1600/2927 Loss: 0.0580
  Epoch [21/100] Batch 1800/2927 Loss: 0.0436
  Epoch [21/100] Batch 2000/2927 Loss: 0.0491
  Epoch [21/100] Batch 2200/2927 Loss: 0.0524
  Epoch [21/100] Batch 2400/2927 Loss: 0.0640
  Epoch [21/100] Batch 2600/2927 Loss: 0.0546
  Epoch [21/100] Batch 2800/2927 Loss: 0.0582
[EPOCH 21] Train: 0.0565 | Val: 0.0488 | LR: 0.001000 | Time: 9.3s
  Epoch [22/100] Batch 0/2927 Loss: 0.0581
  Epoch [22/100] Batch 200/2927 Loss: 0.0486
  Epoch [22/100] Batch 400/2927 Loss: 0.0738
  Epoch [22/100] Batch 600/2927 Loss: 0.0787
  Epoch [22/100] Batch 800/2927 Loss: 0.0465
  Epoch [22/100] Batch 1000/2927 Loss: 0.0511
  Epoch [22/100] Batch 1200/2927 Loss: 0.0739
  Epoch [22/100] Batch 1400/2927 Loss: 0.0531
  Epoch [22/100] Batch 1600/2927 Loss: 0.0652
  Epoch [22/100] Batch 1800/2927 Loss: 0.0675
  Epoch [22/100] Batch 2000/2927 Loss: 0.0464
  Epoch [22/100] Batch 2200/2927 Loss: 0.0536
  Epoch [22/100] Batch 2400/2927 Loss: 0.0695
  Epoch [22/100] Batch 2600/2927 Loss: 0.0513
  Epoch [22/100] Batch 2800/2927 Loss: 0.0639
[EPOCH 22] Train: 0.0546 | Val: 0.0476 | LR: 0.001000 | Time: 9.3s
  Epoch [23/100] Batch 0/2927 Loss: 0.0639
  Epoch [23/100] Batch 200/2927 Loss: 0.0519
  Epoch [23/100] Batch 400/2927 Loss: 0.0494
  Epoch [23/100] Batch 600/2927 Loss: 0.0521
  Epoch [23/100] Batch 800/2927 Loss: 0.0443
  Epoch [23/100] Batch 1000/2927 Loss: 0.0435
  Epoch [23/100] Batch 1200/2927 Loss: 0.0515
  Epoch [23/100] Batch 1400/2927 Loss: 0.0611
  Epoch [23/100] Batch 1600/2927 Loss: 0.0573
  Epoch [23/100] Batch 1800/2927 Loss: 0.0474
  Epoch [23/100] Batch 2000/2927 Loss: 0.0626
  Epoch [23/100] Batch 2200/2927 Loss: 0.0535
  Epoch [23/100] Batch 2400/2927 Loss: 0.0433
  Epoch [23/100] Batch 2600/2927 Loss: 0.0499
  Epoch [23/100] Batch 2800/2927 Loss: 0.1504
[EPOCH 23] Train: 0.0545 | Val: 0.0449 | LR: 0.001000 | Time: 9.3s
[SAVE] Nuevo mejor modelo!
  Epoch [24/100] Batch 0/2927 Loss: 0.0513
  Epoch [24/100] Batch 200/2927 Loss: 0.0553
  Epoch [24/100] Batch 400/2927 Loss: 0.0467
  Epoch [24/100] Batch 600/2927 Loss: 0.0407
  Epoch [24/100] Batch 800/2927 Loss: 0.0514
  Epoch [24/100] Batch 1000/2927 Loss: 0.0575
  Epoch [24/100] Batch 1200/2927 Loss: 0.0502
  Epoch [24/100] Batch 1400/2927 Loss: 0.0450
  Epoch [24/100] Batch 1600/2927 Loss: 0.0509
  Epoch [24/100] Batch 1800/2927 Loss: 0.0533
  Epoch [24/100] Batch 2000/2927 Loss: 0.0622
  Epoch [24/100] Batch 2200/2927 Loss: 0.0579
  Epoch [24/100] Batch 2400/2927 Loss: 0.0474
  Epoch [24/100] Batch 2600/2927 Loss: 0.0460
  Epoch [24/100] Batch 2800/2927 Loss: 0.0403
[EPOCH 24] Train: 0.0536 | Val: 0.0740 | LR: 0.001000 | Time: 9.3s
  Epoch [25/100] Batch 0/2927 Loss: 0.0837
  Epoch [25/100] Batch 200/2927 Loss: 0.0444
  Epoch [25/100] Batch 400/2927 Loss: 0.0564
  Epoch [25/100] Batch 600/2927 Loss: 0.0553
  Epoch [25/100] Batch 800/2927 Loss: 0.0448
  Epoch [25/100] Batch 1000/2927 Loss: 0.0442
  Epoch [25/100] Batch 1200/2927 Loss: 0.0463
  Epoch [25/100] Batch 1400/2927 Loss: 0.0467
  Epoch [25/100] Batch 1600/2927 Loss: 0.0454
  Epoch [25/100] Batch 1800/2927 Loss: 0.0637
  Epoch [25/100] Batch 2000/2927 Loss: 0.0524
  Epoch [25/100] Batch 2200/2927 Loss: 0.0547
  Epoch [25/100] Batch 2400/2927 Loss: 0.0621
  Epoch [25/100] Batch 2600/2927 Loss: 0.0555
  Epoch [25/100] Batch 2800/2927 Loss: 0.0700
[EPOCH 25] Train: 0.0521 | Val: 0.0430 | LR: 0.001000 | Time: 9.3s
[SAVE] Nuevo mejor modelo!
  Epoch [26/100] Batch 0/2927 Loss: 0.0450
  Epoch [26/100] Batch 200/2927 Loss: 0.0462
  Epoch [26/100] Batch 400/2927 Loss: 0.0397
  Epoch [26/100] Batch 600/2927 Loss: 0.0446
  Epoch [26/100] Batch 800/2927 Loss: 0.0639
  Epoch [26/100] Batch 1000/2927 Loss: 0.0497
  Epoch [26/100] Batch 1200/2927 Loss: 0.0670
  Epoch [26/100] Batch 1400/2927 Loss: 0.0499
  Epoch [26/100] Batch 1600/2927 Loss: 0.0465
  Epoch [26/100] Batch 1800/2927 Loss: 0.0417
  Epoch [26/100] Batch 2000/2927 Loss: 0.0528
  Epoch [26/100] Batch 2200/2927 Loss: 0.0344
  Epoch [26/100] Batch 2400/2927 Loss: 0.0550
  Epoch [26/100] Batch 2600/2927 Loss: 0.0643
  Epoch [26/100] Batch 2800/2927 Loss: 0.0361
[EPOCH 26] Train: 0.0619 | Val: 0.0428 | LR: 0.001000 | Time: 9.3s
[SAVE] Nuevo mejor modelo!
  Epoch [27/100] Batch 0/2927 Loss: 0.0646
  Epoch [27/100] Batch 200/2927 Loss: 0.0579
  Epoch [27/100] Batch 400/2927 Loss: 0.0460
  Epoch [27/100] Batch 600/2927 Loss: 0.0508
  Epoch [27/100] Batch 800/2927 Loss: 0.0355
  Epoch [27/100] Batch 1000/2927 Loss: 0.0544
  Epoch [27/100] Batch 1200/2927 Loss: 0.0483
  Epoch [27/100] Batch 1400/2927 Loss: 0.0424
  Epoch [27/100] Batch 1600/2927 Loss: 0.0520
  Epoch [27/100] Batch 1800/2927 Loss: 0.0445
  Epoch [27/100] Batch 2000/2927 Loss: 0.0677
  Epoch [27/100] Batch 2200/2927 Loss: 0.0544
  Epoch [27/100] Batch 2400/2927 Loss: 0.0536
  Epoch [27/100] Batch 2600/2927 Loss: 0.0436
  Epoch [27/100] Batch 2800/2927 Loss: 0.0484
[EPOCH 27] Train: 0.0522 | Val: 0.0435 | LR: 0.001000 | Time: 9.3s
  Epoch [28/100] Batch 0/2927 Loss: 0.0423
  Epoch [28/100] Batch 200/2927 Loss: 0.0568
  Epoch [28/100] Batch 400/2927 Loss: 0.0463
  Epoch [28/100] Batch 600/2927 Loss: 0.0742
  Epoch [28/100] Batch 800/2927 Loss: 0.0595
  Epoch [28/100] Batch 1000/2927 Loss: 0.0426
  Epoch [28/100] Batch 1200/2927 Loss: 0.0537
  Epoch [28/100] Batch 1400/2927 Loss: 0.0519
  Epoch [28/100] Batch 1600/2927 Loss: 0.0494
  Epoch [28/100] Batch 1800/2927 Loss: 0.0574
  Epoch [28/100] Batch 2000/2927 Loss: 0.0474
  Epoch [28/100] Batch 2200/2927 Loss: 0.0362
  Epoch [28/100] Batch 2400/2927 Loss: 0.0398
  Epoch [28/100] Batch 2600/2927 Loss: 0.0582
  Epoch [28/100] Batch 2800/2927 Loss: 0.0581
[EPOCH 28] Train: 0.0518 | Val: 0.0423 | LR: 0.001000 | Time: 9.3s
[SAVE] Nuevo mejor modelo!
  Epoch [29/100] Batch 0/2927 Loss: 0.0506
  Epoch [29/100] Batch 200/2927 Loss: 0.0411
  Epoch [29/100] Batch 400/2927 Loss: 0.0489
  Epoch [29/100] Batch 600/2927 Loss: 0.0508
  Epoch [29/100] Batch 800/2927 Loss: 0.0405
  Epoch [29/100] Batch 1000/2927 Loss: 0.0336
  Epoch [29/100] Batch 1200/2927 Loss: 0.0531
  Epoch [29/100] Batch 1400/2927 Loss: 0.0507
  Epoch [29/100] Batch 1600/2927 Loss: 0.0521
  Epoch [29/100] Batch 1800/2927 Loss: 0.0585
  Epoch [29/100] Batch 2000/2927 Loss: 0.0515
  Epoch [29/100] Batch 2200/2927 Loss: 0.0550
  Epoch [29/100] Batch 2400/2927 Loss: 0.0535
  Epoch [29/100] Batch 2600/2927 Loss: 0.0452
  Epoch [29/100] Batch 2800/2927 Loss: 0.0591
[EPOCH 29] Train: 0.0513 | Val: 0.0422 | LR: 0.001000 | Time: 9.3s
[SAVE] Nuevo mejor modelo!
  Epoch [30/100] Batch 0/2927 Loss: 0.0591
  Epoch [30/100] Batch 200/2927 Loss: 0.0418
  Epoch [30/100] Batch 400/2927 Loss: 0.0485
  Epoch [30/100] Batch 600/2927 Loss: 0.0523
  Epoch [30/100] Batch 800/2927 Loss: 0.0497
  Epoch [30/100] Batch 1000/2927 Loss: 0.0462
  Epoch [30/100] Batch 1200/2927 Loss: 0.0610
  Epoch [30/100] Batch 1400/2927 Loss: 0.0615
  Epoch [30/100] Batch 1600/2927 Loss: 0.0469
  Epoch [30/100] Batch 1800/2927 Loss: 0.0533
  Epoch [30/100] Batch 2000/2927 Loss: 0.0604
  Epoch [30/100] Batch 2200/2927 Loss: 0.0480
  Epoch [30/100] Batch 2400/2927 Loss: 0.0532
  Epoch [30/100] Batch 2600/2927 Loss: 0.0467
  Epoch [30/100] Batch 2800/2927 Loss: 0.0509
[EPOCH 30] Train: 0.0517 | Val: 0.0417 | LR: 0.001000 | Time: 9.3s
[SAVE] Nuevo mejor modelo!
  Epoch [31/100] Batch 0/2927 Loss: 0.0651
  Epoch [31/100] Batch 200/2927 Loss: 0.0527
  Epoch [31/100] Batch 400/2927 Loss: 0.0458
  Epoch [31/100] Batch 600/2927 Loss: 0.0410
  Epoch [31/100] Batch 800/2927 Loss: 0.0682
  Epoch [31/100] Batch 1000/2927 Loss: 0.0541
  Epoch [31/100] Batch 1200/2927 Loss: 0.0568
  Epoch [31/100] Batch 1400/2927 Loss: 0.0593
  Epoch [31/100] Batch 1600/2927 Loss: 0.0586
  Epoch [31/100] Batch 1800/2927 Loss: 0.0750
  Epoch [31/100] Batch 2000/2927 Loss: 0.0648
  Epoch [31/100] Batch 2200/2927 Loss: 0.0536
  Epoch [31/100] Batch 2400/2927 Loss: 0.0476
  Epoch [31/100] Batch 2600/2927 Loss: 0.0521
  Epoch [31/100] Batch 2800/2927 Loss: 0.0500
[EPOCH 31] Train: 0.0515 | Val: 0.0435 | LR: 0.001000 | Time: 9.3s
  Epoch [32/100] Batch 0/2927 Loss: 0.0707
  Epoch [32/100] Batch 200/2927 Loss: 0.0516
  Epoch [32/100] Batch 400/2927 Loss: 0.0343
  Epoch [32/100] Batch 600/2927 Loss: 0.0376
  Epoch [32/100] Batch 800/2927 Loss: 0.0433
  Epoch [32/100] Batch 1000/2927 Loss: 0.0557
  Epoch [32/100] Batch 1200/2927 Loss: 0.0501
  Epoch [32/100] Batch 1400/2927 Loss: 0.0518
  Epoch [32/100] Batch 1600/2927 Loss: 0.0351
  Epoch [32/100] Batch 1800/2927 Loss: 0.0393
  Epoch [32/100] Batch 2000/2927 Loss: 0.0507
  Epoch [32/100] Batch 2200/2927 Loss: 0.0369
  Epoch [32/100] Batch 2400/2927 Loss: 0.0566
  Epoch [32/100] Batch 2600/2927 Loss: 0.0412
  Epoch [32/100] Batch 2800/2927 Loss: 0.0415
[EPOCH 32] Train: 0.0500 | Val: 0.0426 | LR: 0.001000 | Time: 9.3s
  Epoch [33/100] Batch 0/2927 Loss: 0.0435
  Epoch [33/100] Batch 200/2927 Loss: 0.1216
  Epoch [33/100] Batch 400/2927 Loss: 0.0542
  Epoch [33/100] Batch 600/2927 Loss: 0.0434
  Epoch [33/100] Batch 800/2927 Loss: 0.0459
  Epoch [33/100] Batch 1000/2927 Loss: 0.0533
  Epoch [33/100] Batch 1200/2927 Loss: 0.0586
  Epoch [33/100] Batch 1400/2927 Loss: 0.0621
  Epoch [33/100] Batch 1600/2927 Loss: 0.0423
  Epoch [33/100] Batch 1800/2927 Loss: 0.0585
  Epoch [33/100] Batch 2000/2927 Loss: 0.0723
  Epoch [33/100] Batch 2200/2927 Loss: 0.0426
  Epoch [33/100] Batch 2400/2927 Loss: 0.0451
  Epoch [33/100] Batch 2600/2927 Loss: 0.0478
  Epoch [33/100] Batch 2800/2927 Loss: 0.0404
[EPOCH 33] Train: 0.0497 | Val: 0.0398 | LR: 0.001000 | Time: 9.3s
[SAVE] Nuevo mejor modelo!
  Epoch [34/100] Batch 0/2927 Loss: 0.0396
  Epoch [34/100] Batch 200/2927 Loss: 0.0396
  Epoch [34/100] Batch 400/2927 Loss: 0.0546
  Epoch [34/100] Batch 600/2927 Loss: 0.0705
  Epoch [34/100] Batch 800/2927 Loss: 0.0635
  Epoch [34/100] Batch 1000/2927 Loss: 0.0544
  Epoch [34/100] Batch 1200/2927 Loss: 0.0520
  Epoch [34/100] Batch 1400/2927 Loss: 0.0438
  Epoch [34/100] Batch 1600/2927 Loss: 0.0335
  Epoch [34/100] Batch 1800/2927 Loss: 0.0433
  Epoch [34/100] Batch 2000/2927 Loss: 0.0587
  Epoch [34/100] Batch 2200/2927 Loss: 0.0498
  Epoch [34/100] Batch 2400/2927 Loss: 0.0495
  Epoch [34/100] Batch 2600/2927 Loss: 0.0410
  Epoch [34/100] Batch 2800/2927 Loss: 0.0484
[EPOCH 34] Train: 0.0488 | Val: 0.0412 | LR: 0.001000 | Time: 9.3s
  Epoch [35/100] Batch 0/2927 Loss: 0.0554
  Epoch [35/100] Batch 200/2927 Loss: 0.0345
  Epoch [35/100] Batch 400/2927 Loss: 0.0385
  Epoch [35/100] Batch 600/2927 Loss: 0.0455
  Epoch [35/100] Batch 800/2927 Loss: 0.0497
  Epoch [35/100] Batch 1000/2927 Loss: 0.0763
  Epoch [35/100] Batch 1200/2927 Loss: 0.0787
  Epoch [35/100] Batch 1400/2927 Loss: 0.0380
  Epoch [35/100] Batch 1600/2927 Loss: 0.0425
  Epoch [35/100] Batch 1800/2927 Loss: 0.0508
  Epoch [35/100] Batch 2000/2927 Loss: 0.0494
  Epoch [35/100] Batch 2200/2927 Loss: 0.0659
  Epoch [35/100] Batch 2400/2927 Loss: 0.0724
  Epoch [35/100] Batch 2600/2927 Loss: 0.0408
  Epoch [35/100] Batch 2800/2927 Loss: 0.0346
[EPOCH 35] Train: 0.0487 | Val: 0.0395 | LR: 0.001000 | Time: 9.3s
[SAVE] Nuevo mejor modelo!
  Epoch [36/100] Batch 0/2927 Loss: 0.0414
  Epoch [36/100] Batch 200/2927 Loss: 0.0458
  Epoch [36/100] Batch 400/2927 Loss: 0.0402
  Epoch [36/100] Batch 600/2927 Loss: 0.0432
  Epoch [36/100] Batch 800/2927 Loss: 0.0551
  Epoch [36/100] Batch 1000/2927 Loss: 0.0530
  Epoch [36/100] Batch 1200/2927 Loss: 0.0358
  Epoch [36/100] Batch 1400/2927 Loss: 0.0404
  Epoch [36/100] Batch 1600/2927 Loss: 0.0436
  Epoch [36/100] Batch 1800/2927 Loss: 0.0577
  Epoch [36/100] Batch 2000/2927 Loss: 0.0473
  Epoch [36/100] Batch 2200/2927 Loss: 0.0522
  Epoch [36/100] Batch 2400/2927 Loss: 0.0423
  Epoch [36/100] Batch 2600/2927 Loss: 0.0401
  Epoch [36/100] Batch 2800/2927 Loss: 0.0571
[EPOCH 36] Train: 0.0491 | Val: 0.0412 | LR: 0.001000 | Time: 9.3s
  Epoch [37/100] Batch 0/2927 Loss: 0.0599
  Epoch [37/100] Batch 200/2927 Loss: 0.0376
  Epoch [37/100] Batch 400/2927 Loss: 0.0451
  Epoch [37/100] Batch 600/2927 Loss: 0.0388
  Epoch [37/100] Batch 800/2927 Loss: 0.0551
  Epoch [37/100] Batch 1000/2927 Loss: 0.0548
  Epoch [37/100] Batch 1200/2927 Loss: 0.0402
  Epoch [37/100] Batch 1400/2927 Loss: 0.0487
  Epoch [37/100] Batch 1600/2927 Loss: 0.0486
  Epoch [37/100] Batch 1800/2927 Loss: 0.0376
  Epoch [37/100] Batch 2000/2927 Loss: 0.0496
  Epoch [37/100] Batch 2200/2927 Loss: 0.0513
  Epoch [37/100] Batch 2400/2927 Loss: 0.0338
  Epoch [37/100] Batch 2600/2927 Loss: 0.0528
  Epoch [37/100] Batch 2800/2927 Loss: 0.0411
[EPOCH 37] Train: 0.0490 | Val: 0.0396 | LR: 0.001000 | Time: 9.3s
  Epoch [38/100] Batch 0/2927 Loss: 0.0421
  Epoch [38/100] Batch 200/2927 Loss: 0.0384
  Epoch [38/100] Batch 400/2927 Loss: 0.0447
  Epoch [38/100] Batch 600/2927 Loss: 0.0461
  Epoch [38/100] Batch 800/2927 Loss: 0.0503
  Epoch [38/100] Batch 1000/2927 Loss: 0.0516
  Epoch [38/100] Batch 1200/2927 Loss: 0.0462
  Epoch [38/100] Batch 1400/2927 Loss: 0.0474
  Epoch [38/100] Batch 1600/2927 Loss: 0.0432
  Epoch [38/100] Batch 1800/2927 Loss: 0.0495
  Epoch [38/100] Batch 2000/2927 Loss: 0.0530
  Epoch [38/100] Batch 2200/2927 Loss: 0.0520
  Epoch [38/100] Batch 2400/2927 Loss: 0.0438
  Epoch [38/100] Batch 2600/2927 Loss: 0.0397
  Epoch [38/100] Batch 2800/2927 Loss: 0.0426
[EPOCH 38] Train: 0.0482 | Val: 0.0389 | LR: 0.001000 | Time: 9.3s
[SAVE] Nuevo mejor modelo!
  Epoch [39/100] Batch 0/2927 Loss: 0.0405
  Epoch [39/100] Batch 200/2927 Loss: 0.0536
  Epoch [39/100] Batch 400/2927 Loss: 0.0539
  Epoch [39/100] Batch 600/2927 Loss: 0.0481
  Epoch [39/100] Batch 800/2927 Loss: 0.0518
  Epoch [39/100] Batch 1000/2927 Loss: 0.0513
  Epoch [39/100] Batch 1200/2927 Loss: 0.0441
  Epoch [39/100] Batch 1400/2927 Loss: 0.0441
  Epoch [39/100] Batch 1600/2927 Loss: 0.0542
  Epoch [39/100] Batch 1800/2927 Loss: 0.0522
  Epoch [39/100] Batch 2000/2927 Loss: 0.0509
  Epoch [39/100] Batch 2200/2927 Loss: 0.0479
  Epoch [39/100] Batch 2400/2927 Loss: 0.0501
  Epoch [39/100] Batch 2600/2927 Loss: 0.0430
  Epoch [39/100] Batch 2800/2927 Loss: 0.0524
[EPOCH 39] Train: 0.0478 | Val: 0.0405 | LR: 0.001000 | Time: 9.3s
  Epoch [40/100] Batch 0/2927 Loss: 0.0536
  Epoch [40/100] Batch 200/2927 Loss: 0.0489
  Epoch [40/100] Batch 400/2927 Loss: 0.0602
  Epoch [40/100] Batch 600/2927 Loss: 0.0462
  Epoch [40/100] Batch 800/2927 Loss: 0.0504
  Epoch [40/100] Batch 1000/2927 Loss: 0.0387
  Epoch [40/100] Batch 1200/2927 Loss: 0.0522
  Epoch [40/100] Batch 1400/2927 Loss: 0.0421
  Epoch [40/100] Batch 1600/2927 Loss: 0.0425
  Epoch [40/100] Batch 1800/2927 Loss: 0.0381
  Epoch [40/100] Batch 2000/2927 Loss: 0.0375
  Epoch [40/100] Batch 2200/2927 Loss: 0.0564
  Epoch [40/100] Batch 2400/2927 Loss: 0.0640
  Epoch [40/100] Batch 2600/2927 Loss: 0.0388
  Epoch [40/100] Batch 2800/2927 Loss: 0.0598
[EPOCH 40] Train: 0.0500 | Val: 0.0443 | LR: 0.001000 | Time: 9.3s
  Epoch [41/100] Batch 0/2927 Loss: 0.0404
  Epoch [41/100] Batch 200/2927 Loss: 0.0401
  Epoch [41/100] Batch 400/2927 Loss: 0.0458
  Epoch [41/100] Batch 600/2927 Loss: 0.0399
  Epoch [41/100] Batch 800/2927 Loss: 0.0429
  Epoch [41/100] Batch 1000/2927 Loss: 0.0525
  Epoch [41/100] Batch 1200/2927 Loss: 0.0571
  Epoch [41/100] Batch 1400/2927 Loss: 0.0473
  Epoch [41/100] Batch 1600/2927 Loss: 0.0434
  Epoch [41/100] Batch 1800/2927 Loss: 0.0573
  Epoch [41/100] Batch 2000/2927 Loss: 0.0634
  Epoch [41/100] Batch 2200/2927 Loss: 0.0431
  Epoch [41/100] Batch 2400/2927 Loss: 0.0404
  Epoch [41/100] Batch 2600/2927 Loss: 0.0410
  Epoch [41/100] Batch 2800/2927 Loss: 0.0462
[EPOCH 41] Train: 0.0480 | Val: 0.0404 | LR: 0.001000 | Time: 9.2s
  Epoch [42/100] Batch 0/2927 Loss: 0.0476
  Epoch [42/100] Batch 200/2927 Loss: 0.0485
  Epoch [42/100] Batch 400/2927 Loss: 0.0397
  Epoch [42/100] Batch 600/2927 Loss: 0.0589
  Epoch [42/100] Batch 800/2927 Loss: 0.0450
  Epoch [42/100] Batch 1000/2927 Loss: 0.0337
  Epoch [42/100] Batch 1200/2927 Loss: 0.0402
  Epoch [42/100] Batch 1400/2927 Loss: 0.0383
  Epoch [42/100] Batch 1600/2927 Loss: 0.0547
  Epoch [42/100] Batch 1800/2927 Loss: 0.0356
  Epoch [42/100] Batch 2000/2927 Loss: 0.0486
  Epoch [42/100] Batch 2200/2927 Loss: 0.0397
  Epoch [42/100] Batch 2400/2927 Loss: 0.0438
  Epoch [42/100] Batch 2600/2927 Loss: 0.0324
  Epoch [42/100] Batch 2800/2927 Loss: 0.0386
[EPOCH 42] Train: 0.0472 | Val: 0.0385 | LR: 0.001000 | Time: 9.3s
[SAVE] Nuevo mejor modelo!
  Epoch [43/100] Batch 0/2927 Loss: 0.0540
  Epoch [43/100] Batch 200/2927 Loss: 0.0451
  Epoch [43/100] Batch 400/2927 Loss: 0.0691
  Epoch [43/100] Batch 600/2927 Loss: 0.0452
  Epoch [43/100] Batch 800/2927 Loss: 0.0677
  Epoch [43/100] Batch 1000/2927 Loss: 0.0434
  Epoch [43/100] Batch 1200/2927 Loss: 0.0420
  Epoch [43/100] Batch 1400/2927 Loss: 0.0469
  Epoch [43/100] Batch 1600/2927 Loss: 0.0544
  Epoch [43/100] Batch 1800/2927 Loss: 0.0470
  Epoch [43/100] Batch 2000/2927 Loss: 0.0407
  Epoch [43/100] Batch 2200/2927 Loss: 0.0585
  Epoch [43/100] Batch 2400/2927 Loss: 0.0437
  Epoch [43/100] Batch 2600/2927 Loss: 0.0394
  Epoch [43/100] Batch 2800/2927 Loss: 0.0386
[EPOCH 43] Train: 0.0483 | Val: 0.0397 | LR: 0.001000 | Time: 9.2s
  Epoch [44/100] Batch 0/2927 Loss: 0.0351
  Epoch [44/100] Batch 200/2927 Loss: 0.0496
  Epoch [44/100] Batch 400/2927 Loss: 0.0458
  Epoch [44/100] Batch 600/2927 Loss: 0.0503
  Epoch [44/100] Batch 800/2927 Loss: 0.0572
  Epoch [44/100] Batch 1000/2927 Loss: 0.0481
  Epoch [44/100] Batch 1200/2927 Loss: 0.0643
  Epoch [44/100] Batch 1400/2927 Loss: 0.0470
  Epoch [44/100] Batch 1600/2927 Loss: 0.0506
  Epoch [44/100] Batch 1800/2927 Loss: 0.0623
  Epoch [44/100] Batch 2000/2927 Loss: 0.0476
  Epoch [44/100] Batch 2200/2927 Loss: 0.0399
  Epoch [44/100] Batch 2400/2927 Loss: 0.0630
  Epoch [44/100] Batch 2600/2927 Loss: 0.1346
  Epoch [44/100] Batch 2800/2927 Loss: 0.0597
[EPOCH 44] Train: 0.0600 | Val: 0.0441 | LR: 0.001000 | Time: 9.2s
  Epoch [45/100] Batch 0/2927 Loss: 0.0575
  Epoch [45/100] Batch 200/2927 Loss: 0.0421
  Epoch [45/100] Batch 400/2927 Loss: 0.0501
  Epoch [45/100] Batch 600/2927 Loss: 0.0485
  Epoch [45/100] Batch 800/2927 Loss: 0.0486
  Epoch [45/100] Batch 1000/2927 Loss: 0.0555
  Epoch [45/100] Batch 1200/2927 Loss: 0.0444
  Epoch [45/100] Batch 1400/2927 Loss: 0.0413
  Epoch [45/100] Batch 1600/2927 Loss: 0.0413
  Epoch [45/100] Batch 1800/2927 Loss: 0.0568
  Epoch [45/100] Batch 2000/2927 Loss: 0.0490
  Epoch [45/100] Batch 2200/2927 Loss: 0.0464
  Epoch [45/100] Batch 2400/2927 Loss: 0.0485
  Epoch [45/100] Batch 2600/2927 Loss: 0.0436
  Epoch [45/100] Batch 2800/2927 Loss: 0.0442
[EPOCH 45] Train: 0.0496 | Val: 0.0416 | LR: 0.001000 | Time: 9.3s
  Epoch [46/100] Batch 0/2927 Loss: 0.0502
  Epoch [46/100] Batch 200/2927 Loss: 0.0395
  Epoch [46/100] Batch 400/2927 Loss: 0.0472
  Epoch [46/100] Batch 600/2927 Loss: 0.0360
  Epoch [46/100] Batch 800/2927 Loss: 0.0418
  Epoch [46/100] Batch 1000/2927 Loss: 0.0412
  Epoch [46/100] Batch 1200/2927 Loss: 0.0389
  Epoch [46/100] Batch 1400/2927 Loss: 0.0507
  Epoch [46/100] Batch 1600/2927 Loss: 0.0653
  Epoch [46/100] Batch 1800/2927 Loss: 0.0452
  Epoch [46/100] Batch 2000/2927 Loss: 0.0412
  Epoch [46/100] Batch 2200/2927 Loss: 0.0427
  Epoch [46/100] Batch 2400/2927 Loss: 0.0579
  Epoch [46/100] Batch 2600/2927 Loss: 0.0534
  Epoch [46/100] Batch 2800/2927 Loss: 0.0417
[EPOCH 46] Train: 0.0480 | Val: 0.0399 | LR: 0.001000 | Time: 9.3s
  Epoch [47/100] Batch 0/2927 Loss: 0.0477
  Epoch [47/100] Batch 200/2927 Loss: 0.0596
  Epoch [47/100] Batch 400/2927 Loss: 0.0570
  Epoch [47/100] Batch 600/2927 Loss: 0.0429
  Epoch [47/100] Batch 800/2927 Loss: 0.0332
  Epoch [47/100] Batch 1000/2927 Loss: 0.0380
  Epoch [47/100] Batch 1200/2927 Loss: 0.0342
  Epoch [47/100] Batch 1400/2927 Loss: 0.0598
  Epoch [47/100] Batch 1600/2927 Loss: 0.0323
  Epoch [47/100] Batch 1800/2927 Loss: 0.0377
  Epoch [47/100] Batch 2000/2927 Loss: 0.0384
  Epoch [47/100] Batch 2200/2927 Loss: 0.0419
  Epoch [47/100] Batch 2400/2927 Loss: 0.0402
  Epoch [47/100] Batch 2600/2927 Loss: 0.0257
  Epoch [47/100] Batch 2800/2927 Loss: 0.0458
[EPOCH 47] Train: 0.0472 | Val: 0.0379 | LR: 0.001000 | Time: 9.2s
[SAVE] Nuevo mejor modelo!
  Epoch [48/100] Batch 0/2927 Loss: 0.0424
  Epoch [48/100] Batch 200/2927 Loss: 0.0354
  Epoch [48/100] Batch 400/2927 Loss: 0.0599
  Epoch [48/100] Batch 600/2927 Loss: 0.0483
  Epoch [48/100] Batch 800/2927 Loss: 0.0520
  Epoch [48/100] Batch 1000/2927 Loss: 0.0613
  Epoch [48/100] Batch 1200/2927 Loss: 0.0357
  Epoch [48/100] Batch 1400/2927 Loss: 0.0479
  Epoch [48/100] Batch 1600/2927 Loss: 0.0532
  Epoch [48/100] Batch 1800/2927 Loss: 0.0447
  Epoch [48/100] Batch 2000/2927 Loss: 0.0521
  Epoch [48/100] Batch 2200/2927 Loss: 0.0458
  Epoch [48/100] Batch 2400/2927 Loss: 0.1023
  Epoch [48/100] Batch 2600/2927 Loss: 0.0402
  Epoch [48/100] Batch 2800/2927 Loss: 0.0510
[EPOCH 48] Train: 0.0468 | Val: 0.0428 | LR: 0.001000 | Time: 9.2s
  Epoch [49/100] Batch 0/2927 Loss: 0.0458
  Epoch [49/100] Batch 200/2927 Loss: 0.0491
  Epoch [49/100] Batch 400/2927 Loss: 0.0421
  Epoch [49/100] Batch 600/2927 Loss: 0.0573
  Epoch [49/100] Batch 800/2927 Loss: 0.0478
  Epoch [49/100] Batch 1000/2927 Loss: 0.0526
  Epoch [49/100] Batch 1200/2927 Loss: 0.0440
  Epoch [49/100] Batch 1400/2927 Loss: 0.0373
  Epoch [49/100] Batch 1600/2927 Loss: 0.0431
  Epoch [49/100] Batch 1800/2927 Loss: 0.0431
  Epoch [49/100] Batch 2000/2927 Loss: 0.0341
  Epoch [49/100] Batch 2200/2927 Loss: 0.0392
  Epoch [49/100] Batch 2400/2927 Loss: 0.0443
  Epoch [49/100] Batch 2600/2927 Loss: 0.0430
  Epoch [49/100] Batch 2800/2927 Loss: 0.0531
[EPOCH 49] Train: 0.0466 | Val: 0.0388 | LR: 0.001000 | Time: 9.2s
  Epoch [50/100] Batch 0/2927 Loss: 0.0362
  Epoch [50/100] Batch 200/2927 Loss: 0.0411
  Epoch [50/100] Batch 400/2927 Loss: 0.0345
  Epoch [50/100] Batch 600/2927 Loss: 0.0542
  Epoch [50/100] Batch 800/2927 Loss: 0.0408
  Epoch [50/100] Batch 1000/2927 Loss: 0.0430
  Epoch [50/100] Batch 1200/2927 Loss: 0.0481
  Epoch [50/100] Batch 1400/2927 Loss: 0.0465
  Epoch [50/100] Batch 1600/2927 Loss: 0.0457
  Epoch [50/100] Batch 1800/2927 Loss: 0.0779
  Epoch [50/100] Batch 2000/2927 Loss: 0.0324
  Epoch [50/100] Batch 2200/2927 Loss: 0.0494
  Epoch [50/100] Batch 2400/2927 Loss: 0.0468
  Epoch [50/100] Batch 2600/2927 Loss: 0.0475
  Epoch [50/100] Batch 2800/2927 Loss: 0.0457
[EPOCH 50] Train: 0.0462 | Val: 0.0397 | LR: 0.001000 | Time: 9.2s
  Epoch [51/100] Batch 0/2927 Loss: 0.0342
  Epoch [51/100] Batch 200/2927 Loss: 0.0542
  Epoch [51/100] Batch 400/2927 Loss: 0.0373
  Epoch [51/100] Batch 600/2927 Loss: 0.0451
  Epoch [51/100] Batch 800/2927 Loss: 0.0488
  Epoch [51/100] Batch 1000/2927 Loss: 0.0403
  Epoch [51/100] Batch 1200/2927 Loss: 0.0354
  Epoch [51/100] Batch 1400/2927 Loss: 0.0504
  Epoch [51/100] Batch 1600/2927 Loss: 0.0725
  Epoch [51/100] Batch 1800/2927 Loss: 0.0441
  Epoch [51/100] Batch 2000/2927 Loss: 0.0514
  Epoch [51/100] Batch 2200/2927 Loss: 0.1493
  Epoch [51/100] Batch 2400/2927 Loss: 0.0483
  Epoch [51/100] Batch 2600/2927 Loss: 0.0518
  Epoch [51/100] Batch 2800/2927 Loss: 0.0512
[EPOCH 51] Train: 0.0512 | Val: 0.0398 | LR: 0.001000 | Time: 9.2s
  Epoch [52/100] Batch 0/2927 Loss: 0.0586
  Epoch [52/100] Batch 200/2927 Loss: 0.0383
  Epoch [52/100] Batch 400/2927 Loss: 0.0518
  Epoch [52/100] Batch 600/2927 Loss: 0.0325
  Epoch [52/100] Batch 800/2927 Loss: 0.0444
  Epoch [52/100] Batch 1000/2927 Loss: 0.0394
  Epoch [52/100] Batch 1200/2927 Loss: 0.0381
  Epoch [52/100] Batch 1400/2927 Loss: 0.0404
  Epoch [52/100] Batch 1600/2927 Loss: 0.0451
  Epoch [52/100] Batch 1800/2927 Loss: 0.0467
  Epoch [52/100] Batch 2000/2927 Loss: 0.0445
  Epoch [52/100] Batch 2200/2927 Loss: 0.0387
  Epoch [52/100] Batch 2400/2927 Loss: 0.0349
  Epoch [52/100] Batch 2600/2927 Loss: 0.0312
  Epoch [52/100] Batch 2800/2927 Loss: 0.0358
[EPOCH 52] Train: 0.0469 | Val: 0.0398 | LR: 0.001000 | Time: 9.2s
  Epoch [53/100] Batch 0/2927 Loss: 0.0479
  Epoch [53/100] Batch 200/2927 Loss: 0.0602
  Epoch [53/100] Batch 400/2927 Loss: 0.0348
  Epoch [53/100] Batch 600/2927 Loss: 0.0500
  Epoch [53/100] Batch 800/2927 Loss: 0.0481
  Epoch [53/100] Batch 1000/2927 Loss: 0.0464
  Epoch [53/100] Batch 1200/2927 Loss: 0.0421
  Epoch [53/100] Batch 1400/2927 Loss: 0.0462
  Epoch [53/100] Batch 1600/2927 Loss: 0.0361
  Epoch [53/100] Batch 1800/2927 Loss: 0.0384
  Epoch [53/100] Batch 2000/2927 Loss: 0.0485
  Epoch [53/100] Batch 2200/2927 Loss: 0.0488
  Epoch [53/100] Batch 2400/2927 Loss: 0.0407
  Epoch [53/100] Batch 2600/2927 Loss: 0.0367
  Epoch [53/100] Batch 2800/2927 Loss: 0.0471
[EPOCH 53] Train: 0.0461 | Val: 0.0387 | LR: 0.001000 | Time: 9.2s
  Epoch [54/100] Batch 0/2927 Loss: 0.0350
  Epoch [54/100] Batch 200/2927 Loss: 0.0540
  Epoch [54/100] Batch 400/2927 Loss: 0.0434
  Epoch [54/100] Batch 600/2927 Loss: 0.0438
  Epoch [54/100] Batch 800/2927 Loss: 0.0316
  Epoch [54/100] Batch 1000/2927 Loss: 0.0450
  Epoch [54/100] Batch 1200/2927 Loss: 0.0467
  Epoch [54/100] Batch 1400/2927 Loss: 0.0575
  Epoch [54/100] Batch 1600/2927 Loss: 0.0439
  Epoch [54/100] Batch 1800/2927 Loss: 0.0448
  Epoch [54/100] Batch 2000/2927 Loss: 0.0457
  Epoch [54/100] Batch 2200/2927 Loss: 0.0528
  Epoch [54/100] Batch 2400/2927 Loss: 0.0491
  Epoch [54/100] Batch 2600/2927 Loss: 0.0469
  Epoch [54/100] Batch 2800/2927 Loss: 0.0538
[EPOCH 54] Train: 0.0468 | Val: 0.0377 | LR: 0.001000 | Time: 9.2s
[SAVE] Nuevo mejor modelo!
  Epoch [55/100] Batch 0/2927 Loss: 0.0460
  Epoch [55/100] Batch 200/2927 Loss: 0.0359
  Epoch [55/100] Batch 400/2927 Loss: 0.0396
  Epoch [55/100] Batch 600/2927 Loss: 0.0439
  Epoch [55/100] Batch 800/2927 Loss: 0.0393
  Epoch [55/100] Batch 1000/2927 Loss: 0.0504
  Epoch [55/100] Batch 1200/2927 Loss: 0.0426
  Epoch [55/100] Batch 1400/2927 Loss: 0.0404
  Epoch [55/100] Batch 1600/2927 Loss: 0.0438
  Epoch [55/100] Batch 1800/2927 Loss: 0.0470
  Epoch [55/100] Batch 2000/2927 Loss: 0.0486
  Epoch [55/100] Batch 2200/2927 Loss: 0.0392
  Epoch [55/100] Batch 2400/2927 Loss: 0.0401
  Epoch [55/100] Batch 2600/2927 Loss: 0.0452
  Epoch [55/100] Batch 2800/2927 Loss: 0.0627
[EPOCH 55] Train: 0.0455 | Val: 0.0393 | LR: 0.001000 | Time: 9.2s
  Epoch [56/100] Batch 0/2927 Loss: 0.0549
  Epoch [56/100] Batch 200/2927 Loss: 0.0405
  Epoch [56/100] Batch 400/2927 Loss: 0.0552
  Epoch [56/100] Batch 600/2927 Loss: 0.0588
  Epoch [56/100] Batch 800/2927 Loss: 0.0469
  Epoch [56/100] Batch 1000/2927 Loss: 0.0524
  Epoch [56/100] Batch 1200/2927 Loss: 0.0434
  Epoch [56/100] Batch 1400/2927 Loss: 0.0508
  Epoch [56/100] Batch 1600/2927 Loss: 0.0626
  Epoch [56/100] Batch 1800/2927 Loss: 0.0460
  Epoch [56/100] Batch 2000/2927 Loss: 0.0431
  Epoch [56/100] Batch 2200/2927 Loss: 0.0343
  Epoch [56/100] Batch 2400/2927 Loss: 0.0422
  Epoch [56/100] Batch 2600/2927 Loss: 0.0574
  Epoch [56/100] Batch 2800/2927 Loss: 0.0456
[EPOCH 56] Train: 0.0457 | Val: 0.0393 | LR: 0.001000 | Time: 9.2s
  Epoch [57/100] Batch 0/2927 Loss: 0.0491
  Epoch [57/100] Batch 200/2927 Loss: 0.0337
  Epoch [57/100] Batch 400/2927 Loss: 0.0488
  Epoch [57/100] Batch 600/2927 Loss: 0.0436
  Epoch [57/100] Batch 800/2927 Loss: 0.0390
  Epoch [57/100] Batch 1000/2927 Loss: 0.0318
  Epoch [57/100] Batch 1200/2927 Loss: 0.0439
  Epoch [57/100] Batch 1400/2927 Loss: 0.0386
  Epoch [57/100] Batch 1600/2927 Loss: 0.0532
  Epoch [57/100] Batch 1800/2927 Loss: 0.0305
  Epoch [57/100] Batch 2000/2927 Loss: 0.0436
  Epoch [57/100] Batch 2200/2927 Loss: 0.0487
  Epoch [57/100] Batch 2400/2927 Loss: 0.0484
  Epoch [57/100] Batch 2600/2927 Loss: 0.0361
  Epoch [57/100] Batch 2800/2927 Loss: 0.0396
[EPOCH 57] Train: 0.0452 | Val: 0.0384 | LR: 0.001000 | Time: 9.2s
  Epoch [58/100] Batch 0/2927 Loss: 0.0780
  Epoch [58/100] Batch 200/2927 Loss: 0.0445
  Epoch [58/100] Batch 400/2927 Loss: 0.0607
  Epoch [58/100] Batch 600/2927 Loss: 0.0419
  Epoch [58/100] Batch 800/2927 Loss: 0.0611
  Epoch [58/100] Batch 1000/2927 Loss: 0.0446
  Epoch [58/100] Batch 1200/2927 Loss: 0.0325
  Epoch [58/100] Batch 1400/2927 Loss: 0.0448
  Epoch [58/100] Batch 1600/2927 Loss: 0.0404
  Epoch [58/100] Batch 1800/2927 Loss: 0.0490
  Epoch [58/100] Batch 2000/2927 Loss: 0.0536
  Epoch [58/100] Batch 2200/2927 Loss: 0.0408
  Epoch [58/100] Batch 2400/2927 Loss: 0.0521
  Epoch [58/100] Batch 2600/2927 Loss: 0.0624
  Epoch [58/100] Batch 2800/2927 Loss: 0.0532
[EPOCH 58] Train: 0.0453 | Val: 0.0384 | LR: 0.001000 | Time: 9.2s
  Epoch [59/100] Batch 0/2927 Loss: 0.0449
  Epoch [59/100] Batch 200/2927 Loss: 0.0933
  Epoch [59/100] Batch 400/2927 Loss: 0.0674
  Epoch [59/100] Batch 600/2927 Loss: 0.0564
  Epoch [59/100] Batch 800/2927 Loss: 0.0532
  Epoch [59/100] Batch 1000/2927 Loss: 0.0482
  Epoch [59/100] Batch 1200/2927 Loss: 0.0489
  Epoch [59/100] Batch 1400/2927 Loss: 0.0416
  Epoch [59/100] Batch 1600/2927 Loss: 0.0480
  Epoch [59/100] Batch 1800/2927 Loss: 0.0490
  Epoch [59/100] Batch 2000/2927 Loss: 0.0536
  Epoch [59/100] Batch 2200/2927 Loss: 0.0529
  Epoch [59/100] Batch 2400/2927 Loss: 0.0584
  Epoch [59/100] Batch 2600/2927 Loss: 0.0372
  Epoch [59/100] Batch 2800/2927 Loss: 0.0420
[EPOCH 59] Train: 0.0588 | Val: 0.0413 | LR: 0.001000 | Time: 9.2s
  Epoch [60/100] Batch 0/2927 Loss: 0.0375
  Epoch [60/100] Batch 200/2927 Loss: 0.0437
  Epoch [60/100] Batch 400/2927 Loss: 0.0368
  Epoch [60/100] Batch 600/2927 Loss: 0.0322
  Epoch [60/100] Batch 800/2927 Loss: 0.0378
  Epoch [60/100] Batch 1000/2927 Loss: 0.0540
  Epoch [60/100] Batch 1200/2927 Loss: 0.0584
  Epoch [60/100] Batch 1400/2927 Loss: 0.0436
  Epoch [60/100] Batch 1600/2927 Loss: 0.0401
  Epoch [60/100] Batch 1800/2927 Loss: 0.0456
  Epoch [60/100] Batch 2000/2927 Loss: 0.0464
  Epoch [60/100] Batch 2200/2927 Loss: 0.0382
  Epoch [60/100] Batch 2400/2927 Loss: 0.0479
  Epoch [60/100] Batch 2600/2927 Loss: 0.0486
  Epoch [60/100] Batch 2800/2927 Loss: 0.0392
[EPOCH 60] Train: 0.0453 | Val: 0.0368 | LR: 0.001000 | Time: 9.2s
[SAVE] Nuevo mejor modelo!
  Epoch [61/100] Batch 0/2927 Loss: 0.0481
  Epoch [61/100] Batch 200/2927 Loss: 0.0494
  Epoch [61/100] Batch 400/2927 Loss: 0.0523
  Epoch [61/100] Batch 600/2927 Loss: 0.0388
  Epoch [61/100] Batch 800/2927 Loss: 0.0412
  Epoch [61/100] Batch 1000/2927 Loss: 0.0492
  Epoch [61/100] Batch 1200/2927 Loss: 0.0341
  Epoch [61/100] Batch 1400/2927 Loss: 0.0342
  Epoch [61/100] Batch 1600/2927 Loss: 0.0393
  Epoch [61/100] Batch 1800/2927 Loss: 0.0502
  Epoch [61/100] Batch 2000/2927 Loss: 0.0366
  Epoch [61/100] Batch 2200/2927 Loss: 0.0445
  Epoch [61/100] Batch 2400/2927 Loss: 0.0453
  Epoch [61/100] Batch 2600/2927 Loss: 0.0418
  Epoch [61/100] Batch 2800/2927 Loss: 0.0415
[EPOCH 61] Train: 0.0449 | Val: 0.0372 | LR: 0.001000 | Time: 9.2s
  Epoch [62/100] Batch 0/2927 Loss: 0.0417
  Epoch [62/100] Batch 200/2927 Loss: 0.0296
  Epoch [62/100] Batch 400/2927 Loss: 0.0395
  Epoch [62/100] Batch 600/2927 Loss: 0.0515
  Epoch [62/100] Batch 800/2927 Loss: 0.0436
  Epoch [62/100] Batch 1000/2927 Loss: 0.0381
  Epoch [62/100] Batch 1200/2927 Loss: 0.0387
  Epoch [62/100] Batch 1400/2927 Loss: 0.0413
  Epoch [62/100] Batch 1600/2927 Loss: 0.0385
  Epoch [62/100] Batch 1800/2927 Loss: 0.0363
  Epoch [62/100] Batch 2000/2927 Loss: 0.0382
  Epoch [62/100] Batch 2200/2927 Loss: 0.0429
  Epoch [62/100] Batch 2400/2927 Loss: 0.0355
  Epoch [62/100] Batch 2600/2927 Loss: 0.0451
  Epoch [62/100] Batch 2800/2927 Loss: 0.0567
[EPOCH 62] Train: 0.0449 | Val: 0.0405 | LR: 0.001000 | Time: 9.2s
  Epoch [63/100] Batch 0/2927 Loss: 0.0339
  Epoch [63/100] Batch 200/2927 Loss: 0.0403
  Epoch [63/100] Batch 400/2927 Loss: 0.0438
  Epoch [63/100] Batch 600/2927 Loss: 0.0328
  Epoch [63/100] Batch 800/2927 Loss: 0.0469
  Epoch [63/100] Batch 1000/2927 Loss: 0.0406
  Epoch [63/100] Batch 1200/2927 Loss: 0.0564
  Epoch [63/100] Batch 1400/2927 Loss: 0.0429
  Epoch [63/100] Batch 1600/2927 Loss: 0.0433
  Epoch [63/100] Batch 1800/2927 Loss: 0.0403
  Epoch [63/100] Batch 2000/2927 Loss: 0.0460
  Epoch [63/100] Batch 2200/2927 Loss: 0.0447
  Epoch [63/100] Batch 2400/2927 Loss: 0.0316
  Epoch [63/100] Batch 2600/2927 Loss: 0.0358
  Epoch [63/100] Batch 2800/2927 Loss: 0.0408
[EPOCH 63] Train: 0.0445 | Val: 0.0359 | LR: 0.001000 | Time: 9.2s
[SAVE] Nuevo mejor modelo!
  Epoch [64/100] Batch 0/2927 Loss: 0.0406
  Epoch [64/100] Batch 200/2927 Loss: 0.0412
  Epoch [64/100] Batch 400/2927 Loss: 0.0336
  Epoch [64/100] Batch 600/2927 Loss: 0.0397
  Epoch [64/100] Batch 800/2927 Loss: 0.0413
  Epoch [64/100] Batch 1000/2927 Loss: 0.0416
  Epoch [64/100] Batch 1200/2927 Loss: 0.0369
  Epoch [64/100] Batch 1400/2927 Loss: 0.0397
  Epoch [64/100] Batch 1600/2927 Loss: 0.0516
  Epoch [64/100] Batch 1800/2927 Loss: 0.0599
  Epoch [64/100] Batch 2000/2927 Loss: 0.0445
  Epoch [64/100] Batch 2200/2927 Loss: 0.0311
  Epoch [64/100] Batch 2400/2927 Loss: 0.0516
  Epoch [64/100] Batch 2600/2927 Loss: 0.0451
  Epoch [64/100] Batch 2800/2927 Loss: 0.0449
[EPOCH 64] Train: 0.0448 | Val: 0.0386 | LR: 0.001000 | Time: 9.2s
  Epoch [65/100] Batch 0/2927 Loss: 0.0399
  Epoch [65/100] Batch 200/2927 Loss: 0.0425
  Epoch [65/100] Batch 400/2927 Loss: 0.0462
  Epoch [65/100] Batch 600/2927 Loss: 0.0353
  Epoch [65/100] Batch 800/2927 Loss: 0.0527
  Epoch [65/100] Batch 1000/2927 Loss: 0.0428
  Epoch [65/100] Batch 1200/2927 Loss: 0.0513
  Epoch [65/100] Batch 1400/2927 Loss: 0.0348
  Epoch [65/100] Batch 1600/2927 Loss: 0.0375
  Epoch [65/100] Batch 1800/2927 Loss: 0.0475
  Epoch [65/100] Batch 2000/2927 Loss: 0.0339
  Epoch [65/100] Batch 2200/2927 Loss: 0.0409
  Epoch [65/100] Batch 2400/2927 Loss: 0.0394
  Epoch [65/100] Batch 2600/2927 Loss: 0.0363
  Epoch [65/100] Batch 2800/2927 Loss: 0.0443
[EPOCH 65] Train: 0.0446 | Val: 0.0371 | LR: 0.001000 | Time: 9.2s
  Epoch [66/100] Batch 0/2927 Loss: 0.0528
  Epoch [66/100] Batch 200/2927 Loss: 0.0442
  Epoch [66/100] Batch 400/2927 Loss: 0.0310
  Epoch [66/100] Batch 600/2927 Loss: 0.0378
  Epoch [66/100] Batch 800/2927 Loss: 0.0403
  Epoch [66/100] Batch 1000/2927 Loss: 0.0384
  Epoch [66/100] Batch 1200/2927 Loss: 0.0438
  Epoch [66/100] Batch 1400/2927 Loss: 0.0531
  Epoch [66/100] Batch 1600/2927 Loss: 0.0413
  Epoch [66/100] Batch 1800/2927 Loss: 0.0379
  Epoch [66/100] Batch 2000/2927 Loss: 0.0430
  Epoch [66/100] Batch 2200/2927 Loss: 0.0338
  Epoch [66/100] Batch 2400/2927 Loss: 0.0470
  Epoch [66/100] Batch 2600/2927 Loss: 0.0456
  Epoch [66/100] Batch 2800/2927 Loss: 0.0370
[EPOCH 66] Train: 0.0443 | Val: 0.0363 | LR: 0.001000 | Time: 9.2s
  Epoch [67/100] Batch 0/2927 Loss: 0.0376
  Epoch [67/100] Batch 200/2927 Loss: 0.0434
  Epoch [67/100] Batch 400/2927 Loss: 0.0412
  Epoch [67/100] Batch 600/2927 Loss: 0.0380
  Epoch [67/100] Batch 800/2927 Loss: 0.0519
  Epoch [67/100] Batch 1000/2927 Loss: 0.0353
  Epoch [67/100] Batch 1200/2927 Loss: 0.0426
  Epoch [67/100] Batch 1400/2927 Loss: 0.0433
  Epoch [67/100] Batch 1600/2927 Loss: 0.0622
  Epoch [67/100] Batch 1800/2927 Loss: 0.0399
  Epoch [67/100] Batch 2000/2927 Loss: 0.0356
  Epoch [67/100] Batch 2200/2927 Loss: 0.0520
  Epoch [67/100] Batch 2400/2927 Loss: 0.0327
  Epoch [67/100] Batch 2600/2927 Loss: 0.0298
  Epoch [67/100] Batch 2800/2927 Loss: 0.0401
[EPOCH 67] Train: 0.0440 | Val: 0.0356 | LR: 0.001000 | Time: 9.2s
[SAVE] Nuevo mejor modelo!
  Epoch [68/100] Batch 0/2927 Loss: 0.0403
  Epoch [68/100] Batch 200/2927 Loss: 0.0454
  Epoch [68/100] Batch 400/2927 Loss: 0.0434
  Epoch [68/100] Batch 600/2927 Loss: 0.0393
  Epoch [68/100] Batch 800/2927 Loss: 0.0592
  Epoch [68/100] Batch 1000/2927 Loss: 0.0433
  Epoch [68/100] Batch 1200/2927 Loss: 0.0358
  Epoch [68/100] Batch 1400/2927 Loss: 0.0547
  Epoch [68/100] Batch 1600/2927 Loss: 0.0484
  Epoch [68/100] Batch 1800/2927 Loss: 0.0309
  Epoch [68/100] Batch 2000/2927 Loss: 0.0252
  Epoch [68/100] Batch 2200/2927 Loss: 0.0521
  Epoch [68/100] Batch 2400/2927 Loss: 0.0366
  Epoch [68/100] Batch 2600/2927 Loss: 0.0572
  Epoch [68/100] Batch 2800/2927 Loss: 0.0489
[EPOCH 68] Train: 0.0441 | Val: 0.0370 | LR: 0.001000 | Time: 9.2s
  Epoch [69/100] Batch 0/2927 Loss: 0.0474
  Epoch [69/100] Batch 200/2927 Loss: 0.0417
  Epoch [69/100] Batch 400/2927 Loss: 0.0618
  Epoch [69/100] Batch 600/2927 Loss: 0.0399
  Epoch [69/100] Batch 800/2927 Loss: 0.0466
  Epoch [69/100] Batch 1000/2927 Loss: 0.0501
  Epoch [69/100] Batch 1200/2927 Loss: 0.0388
  Epoch [69/100] Batch 1400/2927 Loss: 0.0457
  Epoch [69/100] Batch 1600/2927 Loss: 0.0503
  Epoch [69/100] Batch 1800/2927 Loss: 0.0462
  Epoch [69/100] Batch 2000/2927 Loss: 0.0403
  Epoch [69/100] Batch 2200/2927 Loss: 0.0338
  Epoch [69/100] Batch 2400/2927 Loss: 0.0369
  Epoch [69/100] Batch 2600/2927 Loss: 0.0469
  Epoch [69/100] Batch 2800/2927 Loss: 0.0459
[EPOCH 69] Train: 0.0438 | Val: 0.0372 | LR: 0.001000 | Time: 9.2s
  Epoch [70/100] Batch 0/2927 Loss: 0.0499
  Epoch [70/100] Batch 200/2927 Loss: 0.0407
  Epoch [70/100] Batch 400/2927 Loss: 0.0424
  Epoch [70/100] Batch 600/2927 Loss: 0.0336
  Epoch [70/100] Batch 800/2927 Loss: 0.0363
  Epoch [70/100] Batch 1000/2927 Loss: 0.0460
  Epoch [70/100] Batch 1200/2927 Loss: 0.0326
  Epoch [70/100] Batch 1400/2927 Loss: 0.0655
  Epoch [70/100] Batch 1600/2927 Loss: 0.0414
  Epoch [70/100] Batch 1800/2927 Loss: 0.0395
  Epoch [70/100] Batch 2000/2927 Loss: 0.0349
  Epoch [70/100] Batch 2200/2927 Loss: 0.0520
  Epoch [70/100] Batch 2400/2927 Loss: 0.0380
  Epoch [70/100] Batch 2600/2927 Loss: 0.0467
  Epoch [70/100] Batch 2800/2927 Loss: 0.0371
[EPOCH 70] Train: 0.0440 | Val: 0.0362 | LR: 0.001000 | Time: 9.2s
  Epoch [71/100] Batch 0/2927 Loss: 0.0471
  Epoch [71/100] Batch 200/2927 Loss: 0.0470
  Epoch [71/100] Batch 400/2927 Loss: 0.0408
  Epoch [71/100] Batch 600/2927 Loss: 0.0463
  Epoch [71/100] Batch 800/2927 Loss: 0.0452
  Epoch [71/100] Batch 1000/2927 Loss: 0.0504
  Epoch [71/100] Batch 1200/2927 Loss: 0.0430
  Epoch [71/100] Batch 1400/2927 Loss: 0.0440
  Epoch [71/100] Batch 1600/2927 Loss: 0.0422
  Epoch [71/100] Batch 1800/2927 Loss: 0.0409
  Epoch [71/100] Batch 2000/2927 Loss: 0.0370
  Epoch [71/100] Batch 2200/2927 Loss: 0.0455
  Epoch [71/100] Batch 2400/2927 Loss: 0.0428
  Epoch [71/100] Batch 2600/2927 Loss: 0.0496
  Epoch [71/100] Batch 2800/2927 Loss: 0.0483
[EPOCH 71] Train: 0.0441 | Val: 0.0373 | LR: 0.001000 | Time: 9.2s
  Epoch [72/100] Batch 0/2927 Loss: 0.0402
  Epoch [72/100] Batch 200/2927 Loss: 0.0364
  Epoch [72/100] Batch 400/2927 Loss: 0.0424
  Epoch [72/100] Batch 600/2927 Loss: 0.0518
  Epoch [72/100] Batch 800/2927 Loss: 0.0580
  Epoch [72/100] Batch 1000/2927 Loss: 0.0393
  Epoch [72/100] Batch 1200/2927 Loss: 0.0407
  Epoch [72/100] Batch 1400/2927 Loss: 0.0373
  Epoch [72/100] Batch 1600/2927 Loss: 0.0456
  Epoch [72/100] Batch 1800/2927 Loss: 0.0405
  Epoch [72/100] Batch 2000/2927 Loss: 0.0505
  Epoch [72/100] Batch 2200/2927 Loss: 0.0364
  Epoch [72/100] Batch 2400/2927 Loss: 0.0455
  Epoch [72/100] Batch 2600/2927 Loss: 0.0389
  Epoch [72/100] Batch 2800/2927 Loss: 0.0364
[EPOCH 72] Train: 0.0439 | Val: 0.0393 | LR: 0.001000 | Time: 9.2s
  Epoch [73/100] Batch 0/2927 Loss: 0.0371
  Epoch [73/100] Batch 200/2927 Loss: 0.0401
  Epoch [73/100] Batch 400/2927 Loss: 0.0317
  Epoch [73/100] Batch 600/2927 Loss: 0.0390
  Epoch [73/100] Batch 800/2927 Loss: 0.0331
  Epoch [73/100] Batch 1000/2927 Loss: 0.0355
  Epoch [73/100] Batch 1200/2927 Loss: 0.0495
  Epoch [73/100] Batch 1400/2927 Loss: 0.0465
  Epoch [73/100] Batch 1600/2927 Loss: 0.0654
  Epoch [73/100] Batch 1800/2927 Loss: 0.0499
  Epoch [73/100] Batch 2000/2927 Loss: 0.0439
  Epoch [73/100] Batch 2200/2927 Loss: 0.0390
  Epoch [73/100] Batch 2400/2927 Loss: 0.0569
  Epoch [73/100] Batch 2600/2927 Loss: 0.0385
  Epoch [73/100] Batch 2800/2927 Loss: 0.0462
[EPOCH 73] Train: 0.0437 | Val: 0.0393 | LR: 0.001000 | Time: 9.2s
  Epoch [74/100] Batch 0/2927 Loss: 0.0459
  Epoch [74/100] Batch 200/2927 Loss: 0.0416
  Epoch [74/100] Batch 400/2927 Loss: 0.0502
  Epoch [74/100] Batch 600/2927 Loss: 0.0546
  Epoch [74/100] Batch 800/2927 Loss: 0.0433
  Epoch [74/100] Batch 1000/2927 Loss: 0.0410
  Epoch [74/100] Batch 1200/2927 Loss: 0.0422
  Epoch [74/100] Batch 1400/2927 Loss: 0.0369
  Epoch [74/100] Batch 1600/2927 Loss: 0.0397
  Epoch [74/100] Batch 1800/2927 Loss: 0.0364
  Epoch [74/100] Batch 2000/2927 Loss: 0.0466
  Epoch [74/100] Batch 2200/2927 Loss: 0.0362
  Epoch [74/100] Batch 2400/2927 Loss: 0.0601
  Epoch [74/100] Batch 2600/2927 Loss: 0.0373
  Epoch [74/100] Batch 2800/2927 Loss: 0.0370
[EPOCH 74] Train: 0.0433 | Val: 0.0363 | LR: 0.001000 | Time: 9.2s
  Epoch [75/100] Batch 0/2927 Loss: 0.0472
  Epoch [75/100] Batch 200/2927 Loss: 0.0467
  Epoch [75/100] Batch 400/2927 Loss: 0.0634
  Epoch [75/100] Batch 600/2927 Loss: 0.0459
  Epoch [75/100] Batch 800/2927 Loss: 0.0353
  Epoch [75/100] Batch 1000/2927 Loss: 0.0459
  Epoch [75/100] Batch 1200/2927 Loss: 0.0382
  Epoch [75/100] Batch 1400/2927 Loss: 0.0399
  Epoch [75/100] Batch 1600/2927 Loss: 0.0287
  Epoch [75/100] Batch 1800/2927 Loss: 0.0432
  Epoch [75/100] Batch 2000/2927 Loss: 0.0381
  Epoch [75/100] Batch 2200/2927 Loss: 0.0333
  Epoch [75/100] Batch 2400/2927 Loss: 0.0483
  Epoch [75/100] Batch 2600/2927 Loss: 0.0363
  Epoch [75/100] Batch 2800/2927 Loss: 0.0366
[EPOCH 75] Train: 0.0432 | Val: 0.0384 | LR: 0.001000 | Time: 9.2s
  Epoch [76/100] Batch 0/2927 Loss: 0.0419
  Epoch [76/100] Batch 200/2927 Loss: 0.0402
  Epoch [76/100] Batch 400/2927 Loss: 0.0366
  Epoch [76/100] Batch 600/2927 Loss: 0.0444
  Epoch [76/100] Batch 800/2927 Loss: 0.0508
  Epoch [76/100] Batch 1000/2927 Loss: 0.0545
  Epoch [76/100] Batch 1200/2927 Loss: 0.0373
  Epoch [76/100] Batch 1400/2927 Loss: 0.0375
  Epoch [76/100] Batch 1600/2927 Loss: 0.0495
  Epoch [76/100] Batch 1800/2927 Loss: 0.0423
  Epoch [76/100] Batch 2000/2927 Loss: 0.0448
  Epoch [76/100] Batch 2200/2927 Loss: 0.0438
  Epoch [76/100] Batch 2400/2927 Loss: 0.0413
  Epoch [76/100] Batch 2600/2927 Loss: 0.0426
  Epoch [76/100] Batch 2800/2927 Loss: 0.0370
[EPOCH 76] Train: 0.0432 | Val: 0.0363 | LR: 0.000700 | Time: 9.2s
  Epoch [77/100] Batch 0/2927 Loss: 0.0522
  Epoch [77/100] Batch 200/2927 Loss: 0.0597
  Epoch [77/100] Batch 400/2927 Loss: 0.0408
  Epoch [77/100] Batch 600/2927 Loss: 0.0401
  Epoch [77/100] Batch 800/2927 Loss: 0.0401
  Epoch [77/100] Batch 1000/2927 Loss: 0.0366
  Epoch [77/100] Batch 1200/2927 Loss: 0.0428
  Epoch [77/100] Batch 1400/2927 Loss: 0.0471
  Epoch [77/100] Batch 1600/2927 Loss: 0.0400
  Epoch [77/100] Batch 1800/2927 Loss: 0.0432
  Epoch [77/100] Batch 2000/2927 Loss: 0.0371
  Epoch [77/100] Batch 2200/2927 Loss: 0.0619
  Epoch [77/100] Batch 2400/2927 Loss: 0.0378
  Epoch [77/100] Batch 2600/2927 Loss: 0.0331
  Epoch [77/100] Batch 2800/2927 Loss: 0.0432
[EPOCH 77] Train: 0.0412 | Val: 0.0344 | LR: 0.000700 | Time: 9.2s
[SAVE] Nuevo mejor modelo!
  Epoch [78/100] Batch 0/2927 Loss: 0.0322
  Epoch [78/100] Batch 200/2927 Loss: 0.0325
  Epoch [78/100] Batch 400/2927 Loss: 0.0386
  Epoch [78/100] Batch 600/2927 Loss: 0.0408
  Epoch [78/100] Batch 800/2927 Loss: 0.0433
  Epoch [78/100] Batch 1000/2927 Loss: 0.0538
  Epoch [78/100] Batch 1200/2927 Loss: 0.0616
  Epoch [78/100] Batch 1400/2927 Loss: 0.0340
  Epoch [78/100] Batch 1600/2927 Loss: 0.0551
  Epoch [78/100] Batch 1800/2927 Loss: 0.0343
  Epoch [78/100] Batch 2000/2927 Loss: 0.0431
  Epoch [78/100] Batch 2200/2927 Loss: 0.0378
  Epoch [78/100] Batch 2400/2927 Loss: 0.0427
  Epoch [78/100] Batch 2600/2927 Loss: 0.0366
  Epoch [78/100] Batch 2800/2927 Loss: 0.0498
[EPOCH 78] Train: 0.0411 | Val: 0.0345 | LR: 0.000700 | Time: 9.2s
  Epoch [79/100] Batch 0/2927 Loss: 0.0333
  Epoch [79/100] Batch 200/2927 Loss: 0.0425
  Epoch [79/100] Batch 400/2927 Loss: 0.0414
  Epoch [79/100] Batch 600/2927 Loss: 0.0329
  Epoch [79/100] Batch 800/2927 Loss: 0.0313
  Epoch [79/100] Batch 1000/2927 Loss: 0.0358
  Epoch [79/100] Batch 1200/2927 Loss: 0.0433
  Epoch [79/100] Batch 1400/2927 Loss: 0.0304
  Epoch [79/100] Batch 1600/2927 Loss: 0.0381
  Epoch [79/100] Batch 1800/2927 Loss: 0.0416
  Epoch [79/100] Batch 2000/2927 Loss: 0.0331
  Epoch [79/100] Batch 2200/2927 Loss: 0.0582
  Epoch [79/100] Batch 2400/2927 Loss: 0.0413
  Epoch [79/100] Batch 2600/2927 Loss: 0.0423
  Epoch [79/100] Batch 2800/2927 Loss: 0.0446
[EPOCH 79] Train: 0.0410 | Val: 0.0348 | LR: 0.000700 | Time: 9.2s
  Epoch [80/100] Batch 0/2927 Loss: 0.0537
  Epoch [80/100] Batch 200/2927 Loss: 0.0457
  Epoch [80/100] Batch 400/2927 Loss: 0.0422
  Epoch [80/100] Batch 600/2927 Loss: 0.0313
  Epoch [80/100] Batch 800/2927 Loss: 0.0404
  Epoch [80/100] Batch 1000/2927 Loss: 0.0443
  Epoch [80/100] Batch 1200/2927 Loss: 0.0360
  Epoch [80/100] Batch 1400/2927 Loss: 0.0340
  Epoch [80/100] Batch 1600/2927 Loss: 0.0365
  Epoch [80/100] Batch 1800/2927 Loss: 0.0384
  Epoch [80/100] Batch 2000/2927 Loss: 0.0304
  Epoch [80/100] Batch 2200/2927 Loss: 0.0464
  Epoch [80/100] Batch 2400/2927 Loss: 0.0639
  Epoch [80/100] Batch 2600/2927 Loss: 0.0446
  Epoch [80/100] Batch 2800/2927 Loss: 0.0362
[EPOCH 80] Train: 0.0410 | Val: 0.0338 | LR: 0.000700 | Time: 9.2s
[SAVE] Nuevo mejor modelo!
  Epoch [81/100] Batch 0/2927 Loss: 0.0403
  Epoch [81/100] Batch 200/2927 Loss: 0.0393
  Epoch [81/100] Batch 400/2927 Loss: 0.0424
  Epoch [81/100] Batch 600/2927 Loss: 0.0387
  Epoch [81/100] Batch 800/2927 Loss: 0.0401
  Epoch [81/100] Batch 1000/2927 Loss: 0.0364
  Epoch [81/100] Batch 1200/2927 Loss: 0.0649
  Epoch [81/100] Batch 1400/2927 Loss: 0.0319
  Epoch [81/100] Batch 1600/2927 Loss: 0.0408
  Epoch [81/100] Batch 1800/2927 Loss: 0.0444
  Epoch [81/100] Batch 2000/2927 Loss: 0.0391
  Epoch [81/100] Batch 2200/2927 Loss: 0.0277
  Epoch [81/100] Batch 2400/2927 Loss: 0.0332
  Epoch [81/100] Batch 2600/2927 Loss: 0.0440
  Epoch [81/100] Batch 2800/2927 Loss: 0.0476
[EPOCH 81] Train: 0.0409 | Val: 0.0340 | LR: 0.000700 | Time: 9.2s
  Epoch [82/100] Batch 0/2927 Loss: 0.0411
  Epoch [82/100] Batch 200/2927 Loss: 0.0317
  Epoch [82/100] Batch 400/2927 Loss: 0.0481
  Epoch [82/100] Batch 600/2927 Loss: 0.0423
  Epoch [82/100] Batch 800/2927 Loss: 0.0362
  Epoch [82/100] Batch 1000/2927 Loss: 0.0482
  Epoch [82/100] Batch 1200/2927 Loss: 0.0426
  Epoch [82/100] Batch 1400/2927 Loss: 0.0351
  Epoch [82/100] Batch 1600/2927 Loss: 0.0460
  Epoch [82/100] Batch 1800/2927 Loss: 0.0390
  Epoch [82/100] Batch 2000/2927 Loss: 0.0472
  Epoch [82/100] Batch 2200/2927 Loss: 0.0392
  Epoch [82/100] Batch 2400/2927 Loss: 0.0377
  Epoch [82/100] Batch 2600/2927 Loss: 0.0411
  Epoch [82/100] Batch 2800/2927 Loss: 0.0575
[EPOCH 82] Train: 0.0409 | Val: 0.0346 | LR: 0.000700 | Time: 9.2s
  Epoch [83/100] Batch 0/2927 Loss: 0.0381
  Epoch [83/100] Batch 200/2927 Loss: 0.0386
  Epoch [83/100] Batch 400/2927 Loss: 0.0321
  Epoch [83/100] Batch 600/2927 Loss: 0.0408
  Epoch [83/100] Batch 800/2927 Loss: 0.0342
  Epoch [83/100] Batch 1000/2927 Loss: 0.0362
  Epoch [83/100] Batch 1200/2927 Loss: 0.0352
  Epoch [83/100] Batch 1400/2927 Loss: 0.0288
  Epoch [83/100] Batch 1600/2927 Loss: 0.0327
  Epoch [83/100] Batch 1800/2927 Loss: 0.0403
  Epoch [83/100] Batch 2000/2927 Loss: 0.0444
  Epoch [83/100] Batch 2200/2927 Loss: 0.0393
  Epoch [83/100] Batch 2400/2927 Loss: 0.0274
  Epoch [83/100] Batch 2600/2927 Loss: 0.0384
  Epoch [83/100] Batch 2800/2927 Loss: 0.0288
[EPOCH 83] Train: 0.0408 | Val: 0.0349 | LR: 0.000700 | Time: 9.2s
  Epoch [84/100] Batch 0/2927 Loss: 0.0443
  Epoch [84/100] Batch 200/2927 Loss: 0.0383
  Epoch [84/100] Batch 400/2927 Loss: 0.0289
  Epoch [84/100] Batch 600/2927 Loss: 0.0338
  Epoch [84/100] Batch 800/2927 Loss: 0.0370
  Epoch [84/100] Batch 1000/2927 Loss: 0.0425
  Epoch [84/100] Batch 1200/2927 Loss: 0.0461
  Epoch [84/100] Batch 1400/2927 Loss: 0.0364
  Epoch [84/100] Batch 1600/2927 Loss: 0.0437
  Epoch [84/100] Batch 1800/2927 Loss: 0.0409
  Epoch [84/100] Batch 2000/2927 Loss: 0.0337
  Epoch [84/100] Batch 2200/2927 Loss: 0.0421
  Epoch [84/100] Batch 2400/2927 Loss: 0.0288
  Epoch [84/100] Batch 2600/2927 Loss: 0.0445
  Epoch [84/100] Batch 2800/2927 Loss: 0.0487
[EPOCH 84] Train: 0.0408 | Val: 0.0338 | LR: 0.000700 | Time: 9.2s
  Epoch [85/100] Batch 0/2927 Loss: 0.0389
  Epoch [85/100] Batch 200/2927 Loss: 0.0353
  Epoch [85/100] Batch 400/2927 Loss: 0.0400
  Epoch [85/100] Batch 600/2927 Loss: 0.0490
  Epoch [85/100] Batch 800/2927 Loss: 0.0351
  Epoch [85/100] Batch 1000/2927 Loss: 0.0355
  Epoch [85/100] Batch 1200/2927 Loss: 0.0424
  Epoch [85/100] Batch 1400/2927 Loss: 0.0435
  Epoch [85/100] Batch 1600/2927 Loss: 0.0332
  Epoch [85/100] Batch 1800/2927 Loss: 0.0542
  Epoch [85/100] Batch 2000/2927 Loss: 0.0363
  Epoch [85/100] Batch 2200/2927 Loss: 0.0361
  Epoch [85/100] Batch 2400/2927 Loss: 0.0467
  Epoch [85/100] Batch 2600/2927 Loss: 0.0344
  Epoch [85/100] Batch 2800/2927 Loss: 0.0421
[EPOCH 85] Train: 0.0407 | Val: 0.0355 | LR: 0.000700 | Time: 9.2s
  Epoch [86/100] Batch 0/2927 Loss: 0.0370
  Epoch [86/100] Batch 200/2927 Loss: 0.0449
  Epoch [86/100] Batch 400/2927 Loss: 0.0265
  Epoch [86/100] Batch 600/2927 Loss: 0.0279
  Epoch [86/100] Batch 800/2927 Loss: 0.0411
  Epoch [86/100] Batch 1000/2927 Loss: 0.0457
  Epoch [86/100] Batch 1200/2927 Loss: 0.0407
  Epoch [86/100] Batch 1400/2927 Loss: 0.0551
  Epoch [86/100] Batch 1600/2927 Loss: 0.0327
  Epoch [86/100] Batch 1800/2927 Loss: 0.0278
  Epoch [86/100] Batch 2000/2927 Loss: 0.0343
  Epoch [86/100] Batch 2200/2927 Loss: 0.0468
  Epoch [86/100] Batch 2400/2927 Loss: 0.0541
  Epoch [86/100] Batch 2600/2927 Loss: 0.0450
  Epoch [86/100] Batch 2800/2927 Loss: 0.0348
[EPOCH 86] Train: 0.0406 | Val: 0.0354 | LR: 0.000700 | Time: 9.2s
  Epoch [87/100] Batch 0/2927 Loss: 0.0550
  Epoch [87/100] Batch 200/2927 Loss: 0.0367
  Epoch [87/100] Batch 400/2927 Loss: 0.0420
  Epoch [87/100] Batch 600/2927 Loss: 0.0408
  Epoch [87/100] Batch 800/2927 Loss: 0.0423
  Epoch [87/100] Batch 1000/2927 Loss: 0.0411
  Epoch [87/100] Batch 1200/2927 Loss: 0.0654
  Epoch [87/100] Batch 1400/2927 Loss: 0.0272
  Epoch [87/100] Batch 1600/2927 Loss: 0.0535
  Epoch [87/100] Batch 1800/2927 Loss: 0.0295
  Epoch [87/100] Batch 2000/2927 Loss: 0.0333
  Epoch [87/100] Batch 2200/2927 Loss: 0.0406
  Epoch [87/100] Batch 2400/2927 Loss: 0.0377
  Epoch [87/100] Batch 2600/2927 Loss: 0.0454
  Epoch [87/100] Batch 2800/2927 Loss: 0.0461
[EPOCH 87] Train: 0.0405 | Val: 0.0347 | LR: 0.000700 | Time: 9.2s
  Epoch [88/100] Batch 0/2927 Loss: 0.0407
  Epoch [88/100] Batch 200/2927 Loss: 0.0427
  Epoch [88/100] Batch 400/2927 Loss: 0.0399
  Epoch [88/100] Batch 600/2927 Loss: 0.0377
  Epoch [88/100] Batch 800/2927 Loss: 0.0408
  Epoch [88/100] Batch 1000/2927 Loss: 0.0450
  Epoch [88/100] Batch 1200/2927 Loss: 0.0476
  Epoch [88/100] Batch 1400/2927 Loss: 0.0350
  Epoch [88/100] Batch 1600/2927 Loss: 0.0429
  Epoch [88/100] Batch 1800/2927 Loss: 0.0330
  Epoch [88/100] Batch 2000/2927 Loss: 0.0280
  Epoch [88/100] Batch 2200/2927 Loss: 0.0255
  Epoch [88/100] Batch 2400/2927 Loss: 0.0345
  Epoch [88/100] Batch 2600/2927 Loss: 0.0352
  Epoch [88/100] Batch 2800/2927 Loss: 0.0450
[EPOCH 88] Train: 0.0405 | Val: 0.0339 | LR: 0.000700 | Time: 9.2s
  Epoch [89/100] Batch 0/2927 Loss: 0.0421
  Epoch [89/100] Batch 200/2927 Loss: 0.0287
  Epoch [89/100] Batch 400/2927 Loss: 0.0343
  Epoch [89/100] Batch 600/2927 Loss: 0.0345
  Epoch [89/100] Batch 800/2927 Loss: 0.0322
  Epoch [89/100] Batch 1000/2927 Loss: 0.0334
  Epoch [89/100] Batch 1200/2927 Loss: 0.0382
  Epoch [89/100] Batch 1400/2927 Loss: 0.0314
  Epoch [89/100] Batch 1600/2927 Loss: 0.0419
  Epoch [89/100] Batch 1800/2927 Loss: 0.0419
  Epoch [89/100] Batch 2000/2927 Loss: 0.0472
  Epoch [89/100] Batch 2200/2927 Loss: 0.0377
  Epoch [89/100] Batch 2400/2927 Loss: 0.0324
  Epoch [89/100] Batch 2600/2927 Loss: 0.0334
  Epoch [89/100] Batch 2800/2927 Loss: 0.0380
[EPOCH 89] Train: 0.0403 | Val: 0.0345 | LR: 0.000490 | Time: 9.2s
  Epoch [90/100] Batch 0/2927 Loss: 0.0372
  Epoch [90/100] Batch 200/2927 Loss: 0.0477
  Epoch [90/100] Batch 400/2927 Loss: 0.0360
  Epoch [90/100] Batch 600/2927 Loss: 0.0387
  Epoch [90/100] Batch 800/2927 Loss: 0.0416
  Epoch [90/100] Batch 1000/2927 Loss: 0.0326
  Epoch [90/100] Batch 1200/2927 Loss: 0.0412
  Epoch [90/100] Batch 1400/2927 Loss: 0.0387
  Epoch [90/100] Batch 1600/2927 Loss: 0.0524
  Epoch [90/100] Batch 1800/2927 Loss: 0.0405
  Epoch [90/100] Batch 2000/2927 Loss: 0.0294
  Epoch [90/100] Batch 2200/2927 Loss: 0.0279
  Epoch [90/100] Batch 2400/2927 Loss: 0.0382
  Epoch [90/100] Batch 2600/2927 Loss: 0.0403
  Epoch [90/100] Batch 2800/2927 Loss: 0.0433
[EPOCH 90] Train: 0.0392 | Val: 0.0327 | LR: 0.000490 | Time: 9.2s
[SAVE] Nuevo mejor modelo!
  Epoch [91/100] Batch 0/2927 Loss: 0.0313
  Epoch [91/100] Batch 200/2927 Loss: 0.0334
  Epoch [91/100] Batch 400/2927 Loss: 0.0428
  Epoch [91/100] Batch 600/2927 Loss: 0.0387
  Epoch [91/100] Batch 800/2927 Loss: 0.0288
  Epoch [91/100] Batch 1000/2927 Loss: 0.0325
  Epoch [91/100] Batch 1200/2927 Loss: 0.0372
  Epoch [91/100] Batch 1400/2927 Loss: 0.0297
  Epoch [91/100] Batch 1600/2927 Loss: 0.0533
  Epoch [91/100] Batch 1800/2927 Loss: 0.0458
  Epoch [91/100] Batch 2000/2927 Loss: 0.0513
  Epoch [91/100] Batch 2200/2927 Loss: 0.0377
  Epoch [91/100] Batch 2400/2927 Loss: 0.0454
  Epoch [91/100] Batch 2600/2927 Loss: 0.0363
  Epoch [91/100] Batch 2800/2927 Loss: 0.0270
[EPOCH 91] Train: 0.0391 | Val: 0.0331 | LR: 0.000490 | Time: 9.2s
  Epoch [92/100] Batch 0/2927 Loss: 0.0508
  Epoch [92/100] Batch 200/2927 Loss: 0.0409
  Epoch [92/100] Batch 400/2927 Loss: 0.0405
  Epoch [92/100] Batch 600/2927 Loss: 0.0218
  Epoch [92/100] Batch 800/2927 Loss: 0.0309
  Epoch [92/100] Batch 1000/2927 Loss: 0.0328
  Epoch [92/100] Batch 1200/2927 Loss: 0.0322
  Epoch [92/100] Batch 1400/2927 Loss: 0.0397
  Epoch [92/100] Batch 1600/2927 Loss: 0.0280
  Epoch [92/100] Batch 1800/2927 Loss: 0.0294
  Epoch [92/100] Batch 2000/2927 Loss: 0.0333
  Epoch [92/100] Batch 2200/2927 Loss: 0.0450
  Epoch [92/100] Batch 2400/2927 Loss: 0.0501
  Epoch [92/100] Batch 2600/2927 Loss: 0.0549
  Epoch [92/100] Batch 2800/2927 Loss: 0.0461
[EPOCH 92] Train: 0.0391 | Val: 0.0328 | LR: 0.000490 | Time: 9.2s
  Epoch [93/100] Batch 0/2927 Loss: 0.0304
  Epoch [93/100] Batch 200/2927 Loss: 0.0310
  Epoch [93/100] Batch 400/2927 Loss: 0.0457
  Epoch [93/100] Batch 600/2927 Loss: 0.0304
  Epoch [93/100] Batch 800/2927 Loss: 0.0347
  Epoch [93/100] Batch 1000/2927 Loss: 0.0518
  Epoch [93/100] Batch 1200/2927 Loss: 0.0453
  Epoch [93/100] Batch 1400/2927 Loss: 0.0462
  Epoch [93/100] Batch 1600/2927 Loss: 0.0418
  Epoch [93/100] Batch 1800/2927 Loss: 0.0329
  Epoch [93/100] Batch 2000/2927 Loss: 0.0397
  Epoch [93/100] Batch 2200/2927 Loss: 0.0415
  Epoch [93/100] Batch 2400/2927 Loss: 0.0577
  Epoch [93/100] Batch 2600/2927 Loss: 0.0344
  Epoch [93/100] Batch 2800/2927 Loss: 0.0308
[EPOCH 93] Train: 0.0390 | Val: 0.0328 | LR: 0.000490 | Time: 9.2s
  Epoch [94/100] Batch 0/2927 Loss: 0.0382
  Epoch [94/100] Batch 200/2927 Loss: 0.0442
  Epoch [94/100] Batch 400/2927 Loss: 0.0381
  Epoch [94/100] Batch 600/2927 Loss: 0.0438
  Epoch [94/100] Batch 800/2927 Loss: 0.0287
  Epoch [94/100] Batch 1000/2927 Loss: 0.0399
  Epoch [94/100] Batch 1200/2927 Loss: 0.0352
  Epoch [94/100] Batch 1400/2927 Loss: 0.0330
  Epoch [94/100] Batch 1600/2927 Loss: 0.0366
  Epoch [94/100] Batch 1800/2927 Loss: 0.0259
  Epoch [94/100] Batch 2000/2927 Loss: 0.0320
  Epoch [94/100] Batch 2200/2927 Loss: 0.0378
  Epoch [94/100] Batch 2400/2927 Loss: 0.0430
  Epoch [94/100] Batch 2600/2927 Loss: 0.0348
  Epoch [94/100] Batch 2800/2927 Loss: 0.0391
[EPOCH 94] Train: 0.0390 | Val: 0.0346 | LR: 0.000490 | Time: 9.2s
  Epoch [95/100] Batch 0/2927 Loss: 0.0304
  Epoch [95/100] Batch 200/2927 Loss: 0.0333
  Epoch [95/100] Batch 400/2927 Loss: 0.0316
  Epoch [95/100] Batch 600/2927 Loss: 0.0363
  Epoch [95/100] Batch 800/2927 Loss: 0.0377
  Epoch [95/100] Batch 1000/2927 Loss: 0.0476
  Epoch [95/100] Batch 1200/2927 Loss: 0.0479
  Epoch [95/100] Batch 1400/2927 Loss: 0.0373
  Epoch [95/100] Batch 1600/2927 Loss: 0.0292
  Epoch [95/100] Batch 1800/2927 Loss: 0.0475
  Epoch [95/100] Batch 2000/2927 Loss: 0.0324
  Epoch [95/100] Batch 2200/2927 Loss: 0.0304
  Epoch [95/100] Batch 2400/2927 Loss: 0.0362
  Epoch [95/100] Batch 2600/2927 Loss: 0.0430
  Epoch [95/100] Batch 2800/2927 Loss: 0.0490
[EPOCH 95] Train: 0.0388 | Val: 0.0330 | LR: 0.000490 | Time: 9.2s
  Epoch [96/100] Batch 0/2927 Loss: 0.0368
  Epoch [96/100] Batch 200/2927 Loss: 0.0343
  Epoch [96/100] Batch 400/2927 Loss: 0.0313
  Epoch [96/100] Batch 600/2927 Loss: 0.0402
  Epoch [96/100] Batch 800/2927 Loss: 0.0475
  Epoch [96/100] Batch 1000/2927 Loss: 0.0325
  Epoch [96/100] Batch 1200/2927 Loss: 0.0488
  Epoch [96/100] Batch 1400/2927 Loss: 0.0418
  Epoch [96/100] Batch 1600/2927 Loss: 0.0381
  Epoch [96/100] Batch 1800/2927 Loss: 0.0366
  Epoch [96/100] Batch 2000/2927 Loss: 0.0410
  Epoch [96/100] Batch 2200/2927 Loss: 0.0421
  Epoch [96/100] Batch 2400/2927 Loss: 0.0287
  Epoch [96/100] Batch 2600/2927 Loss: 0.0325
  Epoch [96/100] Batch 2800/2927 Loss: 0.0544
[EPOCH 96] Train: 0.0389 | Val: 0.0325 | LR: 0.000490 | Time: 9.2s
[SAVE] Nuevo mejor modelo!
  Epoch [97/100] Batch 0/2927 Loss: 0.0424
  Epoch [97/100] Batch 200/2927 Loss: 0.0312
  Epoch [97/100] Batch 400/2927 Loss: 0.0358
  Epoch [97/100] Batch 600/2927 Loss: 0.0418
  Epoch [97/100] Batch 800/2927 Loss: 0.0335
  Epoch [97/100] Batch 1000/2927 Loss: 0.0429
  Epoch [97/100] Batch 1200/2927 Loss: 0.0494
  Epoch [97/100] Batch 1400/2927 Loss: 0.0351
  Epoch [97/100] Batch 1600/2927 Loss: 0.0350
  Epoch [97/100] Batch 1800/2927 Loss: 0.0427
  Epoch [97/100] Batch 2000/2927 Loss: 0.0344
  Epoch [97/100] Batch 2200/2927 Loss: 0.0293
  Epoch [97/100] Batch 2400/2927 Loss: 0.0437
  Epoch [97/100] Batch 2600/2927 Loss: 0.0363
  Epoch [97/100] Batch 2800/2927 Loss: 0.0312
[EPOCH 97] Train: 0.0388 | Val: 0.0323 | LR: 0.000490 | Time: 9.2s
[SAVE] Nuevo mejor modelo!
  Epoch [98/100] Batch 0/2927 Loss: 0.0391
  Epoch [98/100] Batch 200/2927 Loss: 0.0450
  Epoch [98/100] Batch 400/2927 Loss: 0.0376
  Epoch [98/100] Batch 600/2927 Loss: 0.0425
  Epoch [98/100] Batch 800/2927 Loss: 0.0315
  Epoch [98/100] Batch 1000/2927 Loss: 0.0486
  Epoch [98/100] Batch 1200/2927 Loss: 0.0295
  Epoch [98/100] Batch 1400/2927 Loss: 0.0388
  Epoch [98/100] Batch 1600/2927 Loss: 0.0401
  Epoch [98/100] Batch 1800/2927 Loss: 0.0476
  Epoch [98/100] Batch 2000/2927 Loss: 0.0309
  Epoch [98/100] Batch 2200/2927 Loss: 0.0305
  Epoch [98/100] Batch 2400/2927 Loss: 0.0375
  Epoch [98/100] Batch 2600/2927 Loss: 0.0383
  Epoch [98/100] Batch 2800/2927 Loss: 0.0201
[EPOCH 98] Train: 0.0388 | Val: 0.0333 | LR: 0.000490 | Time: 9.2s
  Epoch [99/100] Batch 0/2927 Loss: 0.0305
  Epoch [99/100] Batch 200/2927 Loss: 0.0521
  Epoch [99/100] Batch 400/2927 Loss: 0.0352
  Epoch [99/100] Batch 600/2927 Loss: 0.0318
  Epoch [99/100] Batch 800/2927 Loss: 0.0498
  Epoch [99/100] Batch 1000/2927 Loss: 0.0440
  Epoch [99/100] Batch 1200/2927 Loss: 0.0379
  Epoch [99/100] Batch 1400/2927 Loss: 0.0407
  Epoch [99/100] Batch 1600/2927 Loss: 0.0260
  Epoch [99/100] Batch 1800/2927 Loss: 0.0409
  Epoch [99/100] Batch 2000/2927 Loss: 0.0351
  Epoch [99/100] Batch 2200/2927 Loss: 0.0442
  Epoch [99/100] Batch 2400/2927 Loss: 0.0368
  Epoch [99/100] Batch 2600/2927 Loss: 0.0587
  Epoch [99/100] Batch 2800/2927 Loss: 0.0320
[EPOCH 99] Train: 0.0387 | Val: 0.0326 | LR: 0.000490 | Time: 9.2s
  Epoch [100/100] Batch 0/2927 Loss: 0.0346
  Epoch [100/100] Batch 200/2927 Loss: 0.0436
  Epoch [100/100] Batch 400/2927 Loss: 0.0414
  Epoch [100/100] Batch 600/2927 Loss: 0.0358
  Epoch [100/100] Batch 800/2927 Loss: 0.0406
  Epoch [100/100] Batch 1000/2927 Loss: 0.0418
  Epoch [100/100] Batch 1200/2927 Loss: 0.0285
  Epoch [100/100] Batch 1400/2927 Loss: 0.0367
  Epoch [100/100] Batch 1600/2927 Loss: 0.0328
  Epoch [100/100] Batch 1800/2927 Loss: 0.0313
  Epoch [100/100] Batch 2000/2927 Loss: 0.0427
  Epoch [100/100] Batch 2200/2927 Loss: 0.0477
  Epoch [100/100] Batch 2400/2927 Loss: 0.0493
  Epoch [100/100] Batch 2600/2927 Loss: 0.0488
  Epoch [100/100] Batch 2800/2927 Loss: 0.0467
[EPOCH 100] Train: 0.0386 | Val: 0.0328 | LR: 0.000490 | Time: 9.2s

[DONE] 15.4 min. Mejor Val: 0.0323
