--- ENTRENAMIENTO EXP E FASE 3 (deepsets): nmr_202k_e3_deepsets_2sets_19v ---
[INFO] Dispositivo: cuda
[INFO] Extrayendo formulas moleculares (C,H,N,O,S,Hal)...
[INFO] Formulas moleculares cargadas.
[INFO] Split congelado: SMILES invalidos=0 | train=187314 (leak removido=723) | val=14428
[INFO] Parametros totales del modelo (deepsets): 35,795 (chico por diseno; V10 ~8,603,299)
[INFO] Scheduler: patience=8, factor=0.7

[START] 100 epochs...
  Epoch [1/100] Batch 0/2927 Loss: 67.1987
  Epoch [1/100] Batch 200/2927 Loss: 0.7555
  Epoch [1/100] Batch 400/2927 Loss: 0.3776
  Epoch [1/100] Batch 600/2927 Loss: 0.3255
  Epoch [1/100] Batch 800/2927 Loss: 0.3388
  Epoch [1/100] Batch 1000/2927 Loss: 0.2467
  Epoch [1/100] Batch 1200/2927 Loss: 0.1801
  Epoch [1/100] Batch 1400/2927 Loss: 0.3028
  Epoch [1/100] Batch 1600/2927 Loss: 0.2689
  Epoch [1/100] Batch 1800/2927 Loss: 0.2088
  Epoch [1/100] Batch 2000/2927 Loss: 0.1615
  Epoch [1/100] Batch 2200/2927 Loss: 0.1849
  Epoch [1/100] Batch 2400/2927 Loss: 0.1836
  Epoch [1/100] Batch 2600/2927 Loss: 0.1883
  Epoch [1/100] Batch 2800/2927 Loss: 0.1709
[EPOCH 1] Train: 0.4485 | Val: 0.1406 | LR: 0.001000 | Time: 17.2s
[SAVE] Nuevo mejor modelo!
  Epoch [2/100] Batch 0/2927 Loss: 0.1263
  Epoch [2/100] Batch 200/2927 Loss: 0.1632
  Epoch [2/100] Batch 400/2927 Loss: 0.1471
  Epoch [2/100] Batch 600/2927 Loss: 0.1645
  Epoch [2/100] Batch 800/2927 Loss: 0.1561
  Epoch [2/100] Batch 1000/2927 Loss: 0.1562
  Epoch [2/100] Batch 1200/2927 Loss: 0.1547
  Epoch [2/100] Batch 1400/2927 Loss: 0.1425
  Epoch [2/100] Batch 1600/2927 Loss: 0.1580
  Epoch [2/100] Batch 1800/2927 Loss: 0.1691
  Epoch [2/100] Batch 2000/2927 Loss: 0.0954
  Epoch [2/100] Batch 2200/2927 Loss: 0.1094
  Epoch [2/100] Batch 2400/2927 Loss: 0.1358
  Epoch [2/100] Batch 2600/2927 Loss: 0.1665
  Epoch [2/100] Batch 2800/2927 Loss: 0.1115
[EPOCH 2] Train: 0.1446 | Val: 0.0996 | LR: 0.001000 | Time: 12.1s
[SAVE] Nuevo mejor modelo!
  Epoch [3/100] Batch 0/2927 Loss: 0.1177
  Epoch [3/100] Batch 200/2927 Loss: 0.1059
  Epoch [3/100] Batch 400/2927 Loss: 0.1088
  Epoch [3/100] Batch 600/2927 Loss: 0.1248
  Epoch [3/100] Batch 800/2927 Loss: 0.1100
  Epoch [3/100] Batch 1000/2927 Loss: 0.1269
  Epoch [3/100] Batch 1200/2927 Loss: 0.1221
  Epoch [3/100] Batch 1400/2927 Loss: 0.0944
  Epoch [3/100] Batch 1600/2927 Loss: 0.0917
  Epoch [3/100] Batch 1800/2927 Loss: 0.1077
  Epoch [3/100] Batch 2000/2927 Loss: 0.1051
  Epoch [3/100] Batch 2200/2927 Loss: 0.1074
  Epoch [3/100] Batch 2400/2927 Loss: 0.1154
  Epoch [3/100] Batch 2600/2927 Loss: 0.1110
  Epoch [3/100] Batch 2800/2927 Loss: 0.0994
[EPOCH 3] Train: 0.1110 | Val: 0.0818 | LR: 0.001000 | Time: 12.1s
[SAVE] Nuevo mejor modelo!
  Epoch [4/100] Batch 0/2927 Loss: 0.0978
  Epoch [4/100] Batch 200/2927 Loss: 0.0758
  Epoch [4/100] Batch 400/2927 Loss: 0.1057
  Epoch [4/100] Batch 600/2927 Loss: 0.1230
  Epoch [4/100] Batch 800/2927 Loss: 0.0771
  Epoch [4/100] Batch 1000/2927 Loss: 0.1086
  Epoch [4/100] Batch 1200/2927 Loss: 0.0820
  Epoch [4/100] Batch 1400/2927 Loss: 0.1206
  Epoch [4/100] Batch 1600/2927 Loss: 0.0890
  Epoch [4/100] Batch 1800/2927 Loss: 0.0847
  Epoch [4/100] Batch 2000/2927 Loss: 0.0811
  Epoch [4/100] Batch 2200/2927 Loss: 0.0783
  Epoch [4/100] Batch 2400/2927 Loss: 0.0686
  Epoch [4/100] Batch 2600/2927 Loss: 0.0731
  Epoch [4/100] Batch 2800/2927 Loss: 0.1024
[EPOCH 4] Train: 0.0941 | Val: 0.0726 | LR: 0.001000 | Time: 12.2s
[SAVE] Nuevo mejor modelo!
  Epoch [5/100] Batch 0/2927 Loss: 0.0883
  Epoch [5/100] Batch 200/2927 Loss: 0.0739
  Epoch [5/100] Batch 400/2927 Loss: 0.5302
  Epoch [5/100] Batch 600/2927 Loss: 0.0838
  Epoch [5/100] Batch 800/2927 Loss: 0.0711
  Epoch [5/100] Batch 1000/2927 Loss: 0.0791
  Epoch [5/100] Batch 1200/2927 Loss: 0.0635
  Epoch [5/100] Batch 1400/2927 Loss: 0.0509
  Epoch [5/100] Batch 1600/2927 Loss: 0.0629
  Epoch [5/100] Batch 1800/2927 Loss: 0.0766
  Epoch [5/100] Batch 2000/2927 Loss: 0.0636
  Epoch [5/100] Batch 2200/2927 Loss: 0.0650
  Epoch [5/100] Batch 2400/2927 Loss: 0.0666
  Epoch [5/100] Batch 2600/2927 Loss: 0.0681
  Epoch [5/100] Batch 2800/2927 Loss: 0.0813
[EPOCH 5] Train: 0.0821 | Val: 0.0612 | LR: 0.001000 | Time: 12.2s
[SAVE] Nuevo mejor modelo!
  Epoch [6/100] Batch 0/2927 Loss: 0.0619
  Epoch [6/100] Batch 200/2927 Loss: 0.0627
  Epoch [6/100] Batch 400/2927 Loss: 0.0697
  Epoch [6/100] Batch 600/2927 Loss: 0.0806
  Epoch [6/100] Batch 800/2927 Loss: 0.0669
  Epoch [6/100] Batch 1000/2927 Loss: 0.0782
  Epoch [6/100] Batch 1200/2927 Loss: 0.0599
  Epoch [6/100] Batch 1400/2927 Loss: 0.1056
  Epoch [6/100] Batch 1600/2927 Loss: 0.0654
  Epoch [6/100] Batch 1800/2927 Loss: 0.0946
  Epoch [6/100] Batch 2000/2927 Loss: 0.0686
  Epoch [6/100] Batch 2200/2927 Loss: 0.0518
  Epoch [6/100] Batch 2400/2927 Loss: 0.0697
  Epoch [6/100] Batch 2600/2927 Loss: 0.0624
  Epoch [6/100] Batch 2800/2927 Loss: 0.0669
[EPOCH 6] Train: 0.0710 | Val: 0.0571 | LR: 0.001000 | Time: 12.1s
[SAVE] Nuevo mejor modelo!
  Epoch [7/100] Batch 0/2927 Loss: 0.0601
  Epoch [7/100] Batch 200/2927 Loss: 0.0869
  Epoch [7/100] Batch 400/2927 Loss: 0.0484
  Epoch [7/100] Batch 600/2927 Loss: 0.0594
  Epoch [7/100] Batch 800/2927 Loss: 0.0608
  Epoch [7/100] Batch 1000/2927 Loss: 0.0942
  Epoch [7/100] Batch 1200/2927 Loss: 0.0632
  Epoch [7/100] Batch 1400/2927 Loss: 0.0539
  Epoch [7/100] Batch 1600/2927 Loss: 0.0709
  Epoch [7/100] Batch 1800/2927 Loss: 0.0544
  Epoch [7/100] Batch 2000/2927 Loss: 0.0511
  Epoch [7/100] Batch 2200/2927 Loss: 0.0629
  Epoch [7/100] Batch 2400/2927 Loss: 0.0471
  Epoch [7/100] Batch 2600/2927 Loss: 0.0659
  Epoch [7/100] Batch 2800/2927 Loss: 0.0596
[EPOCH 7] Train: 0.0641 | Val: 0.0507 | LR: 0.001000 | Time: 12.1s
[SAVE] Nuevo mejor modelo!
  Epoch [8/100] Batch 0/2927 Loss: 0.0515
  Epoch [8/100] Batch 200/2927 Loss: 0.0577
  Epoch [8/100] Batch 400/2927 Loss: 0.0584
  Epoch [8/100] Batch 600/2927 Loss: 0.0526
  Epoch [8/100] Batch 800/2927 Loss: 0.0643
  Epoch [8/100] Batch 1000/2927 Loss: 0.0732
  Epoch [8/100] Batch 1200/2927 Loss: 0.0714
  Epoch [8/100] Batch 1400/2927 Loss: 0.0732
  Epoch [8/100] Batch 1600/2927 Loss: 0.0652
  Epoch [8/100] Batch 1800/2927 Loss: 0.0608
  Epoch [8/100] Batch 2000/2927 Loss: 0.0543
  Epoch [8/100] Batch 2200/2927 Loss: 0.0492
  Epoch [8/100] Batch 2400/2927 Loss: 0.0565
  Epoch [8/100] Batch 2600/2927 Loss: 0.0600
  Epoch [8/100] Batch 2800/2927 Loss: 0.0582
[EPOCH 8] Train: 0.0594 | Val: 0.0460 | LR: 0.001000 | Time: 12.2s
[SAVE] Nuevo mejor modelo!
  Epoch [9/100] Batch 0/2927 Loss: 0.0680
  Epoch [9/100] Batch 200/2927 Loss: 0.0479
  Epoch [9/100] Batch 400/2927 Loss: 0.0912
  Epoch [9/100] Batch 600/2927 Loss: 0.0579
  Epoch [9/100] Batch 800/2927 Loss: 0.0512
  Epoch [9/100] Batch 1000/2927 Loss: 0.0469
  Epoch [9/100] Batch 1200/2927 Loss: 0.0577
  Epoch [9/100] Batch 1400/2927 Loss: 0.0539
  Epoch [9/100] Batch 1600/2927 Loss: 0.0616
  Epoch [9/100] Batch 1800/2927 Loss: 0.0663
  Epoch [9/100] Batch 2000/2927 Loss: 0.0581
  Epoch [9/100] Batch 2200/2927 Loss: 0.0571
  Epoch [9/100] Batch 2400/2927 Loss: 0.0455
  Epoch [9/100] Batch 2600/2927 Loss: 0.0592
  Epoch [9/100] Batch 2800/2927 Loss: 0.0456
[EPOCH 9] Train: 0.0562 | Val: 0.0439 | LR: 0.001000 | Time: 12.2s
[SAVE] Nuevo mejor modelo!
  Epoch [10/100] Batch 0/2927 Loss: 0.0498
  Epoch [10/100] Batch 200/2927 Loss: 0.0440
  Epoch [10/100] Batch 400/2927 Loss: 0.0521
  Epoch [10/100] Batch 600/2927 Loss: 0.0497
  Epoch [10/100] Batch 800/2927 Loss: 0.0639
  Epoch [10/100] Batch 1000/2927 Loss: 0.0773
  Epoch [10/100] Batch 1200/2927 Loss: 0.0534
  Epoch [10/100] Batch 1400/2927 Loss: 0.0491
  Epoch [10/100] Batch 1600/2927 Loss: 0.0569
  Epoch [10/100] Batch 1800/2927 Loss: 0.0554
  Epoch [10/100] Batch 2000/2927 Loss: 0.0546
  Epoch [10/100] Batch 2200/2927 Loss: 0.0488
  Epoch [10/100] Batch 2400/2927 Loss: 0.0589
  Epoch [10/100] Batch 2600/2927 Loss: 0.0863
  Epoch [10/100] Batch 2800/2927 Loss: 0.0513
[EPOCH 10] Train: 0.0534 | Val: 0.0412 | LR: 0.001000 | Time: 12.2s
[SAVE] Nuevo mejor modelo!
  Epoch [11/100] Batch 0/2927 Loss: 0.0346
  Epoch [11/100] Batch 200/2927 Loss: 0.0519
  Epoch [11/100] Batch 400/2927 Loss: 0.0478
  Epoch [11/100] Batch 600/2927 Loss: 0.0466
  Epoch [11/100] Batch 800/2927 Loss: 0.0621
  Epoch [11/100] Batch 1000/2927 Loss: 0.0500
  Epoch [11/100] Batch 1200/2927 Loss: 0.0474
  Epoch [11/100] Batch 1400/2927 Loss: 0.0540
  Epoch [11/100] Batch 1600/2927 Loss: 0.0570
  Epoch [11/100] Batch 1800/2927 Loss: 0.0519
  Epoch [11/100] Batch 2000/2927 Loss: 0.0613
  Epoch [11/100] Batch 2200/2927 Loss: 0.0575
  Epoch [11/100] Batch 2400/2927 Loss: 0.0348
  Epoch [11/100] Batch 2600/2927 Loss: 0.0471
  Epoch [11/100] Batch 2800/2927 Loss: 0.0450
[EPOCH 11] Train: 0.0514 | Val: 0.0457 | LR: 0.001000 | Time: 12.2s
  Epoch [12/100] Batch 0/2927 Loss: 0.0459
  Epoch [12/100] Batch 200/2927 Loss: 0.0492
  Epoch [12/100] Batch 400/2927 Loss: 0.0530
  Epoch [12/100] Batch 600/2927 Loss: 0.0697
  Epoch [12/100] Batch 800/2927 Loss: 0.0496
  Epoch [12/100] Batch 1000/2927 Loss: 0.0493
  Epoch [12/100] Batch 1200/2927 Loss: 0.1123
  Epoch [12/100] Batch 1400/2927 Loss: 0.0434
  Epoch [12/100] Batch 1600/2927 Loss: 0.0502
  Epoch [12/100] Batch 1800/2927 Loss: 0.0339
  Epoch [12/100] Batch 2000/2927 Loss: 0.0563
  Epoch [12/100] Batch 2200/2927 Loss: 0.0570
  Epoch [12/100] Batch 2400/2927 Loss: 0.0573
  Epoch [12/100] Batch 2600/2927 Loss: 0.0445
  Epoch [12/100] Batch 2800/2927 Loss: 0.0530
[EPOCH 12] Train: 0.0499 | Val: 0.0420 | LR: 0.001000 | Time: 12.2s
  Epoch [13/100] Batch 0/2927 Loss: 0.0458
  Epoch [13/100] Batch 200/2927 Loss: 0.0388
  Epoch [13/100] Batch 400/2927 Loss: 0.0480
  Epoch [13/100] Batch 600/2927 Loss: 0.0386
  Epoch [13/100] Batch 800/2927 Loss: 0.0441
  Epoch [13/100] Batch 1000/2927 Loss: 0.0500
  Epoch [13/100] Batch 1200/2927 Loss: 0.0579
  Epoch [13/100] Batch 1400/2927 Loss: 0.0477
  Epoch [13/100] Batch 1600/2927 Loss: 0.0422
  Epoch [13/100] Batch 1800/2927 Loss: 0.0391
  Epoch [13/100] Batch 2000/2927 Loss: 0.0415
  Epoch [13/100] Batch 2200/2927 Loss: 0.0448
  Epoch [13/100] Batch 2400/2927 Loss: 0.0576
  Epoch [13/100] Batch 2600/2927 Loss: 0.0597
  Epoch [13/100] Batch 2800/2927 Loss: 0.0465
[EPOCH 13] Train: 0.0483 | Val: 0.0409 | LR: 0.001000 | Time: 12.2s
[SAVE] Nuevo mejor modelo!
  Epoch [14/100] Batch 0/2927 Loss: 0.0421
  Epoch [14/100] Batch 200/2927 Loss: 0.0397
  Epoch [14/100] Batch 400/2927 Loss: 0.0327
  Epoch [14/100] Batch 600/2927 Loss: 0.0559
  Epoch [14/100] Batch 800/2927 Loss: 0.0503
  Epoch [14/100] Batch 1000/2927 Loss: 0.0441
  Epoch [14/100] Batch 1200/2927 Loss: 0.0816
  Epoch [14/100] Batch 1400/2927 Loss: 0.0471
  Epoch [14/100] Batch 1600/2927 Loss: 0.0381
  Epoch [14/100] Batch 1800/2927 Loss: 0.0524
  Epoch [14/100] Batch 2000/2927 Loss: 0.0480
  Epoch [14/100] Batch 2200/2927 Loss: 0.0399
  Epoch [14/100] Batch 2400/2927 Loss: 0.0432
  Epoch [14/100] Batch 2600/2927 Loss: 0.0527
  Epoch [14/100] Batch 2800/2927 Loss: 0.0358
[EPOCH 14] Train: 0.0478 | Val: 0.0371 | LR: 0.001000 | Time: 12.2s
[SAVE] Nuevo mejor modelo!
  Epoch [15/100] Batch 0/2927 Loss: 0.0535
  Epoch [15/100] Batch 200/2927 Loss: 0.0375
  Epoch [15/100] Batch 400/2927 Loss: 0.0390
  Epoch [15/100] Batch 600/2927 Loss: 0.0426
  Epoch [15/100] Batch 800/2927 Loss: 0.0465
  Epoch [15/100] Batch 1000/2927 Loss: 0.0379
  Epoch [15/100] Batch 1200/2927 Loss: 0.0453
  Epoch [15/100] Batch 1400/2927 Loss: 0.0401
  Epoch [15/100] Batch 1600/2927 Loss: 0.0383
  Epoch [15/100] Batch 1800/2927 Loss: 0.0485
  Epoch [15/100] Batch 2000/2927 Loss: 0.0438
  Epoch [15/100] Batch 2200/2927 Loss: 0.0470
  Epoch [15/100] Batch 2400/2927 Loss: 0.0453
  Epoch [15/100] Batch 2600/2927 Loss: 0.0439
  Epoch [15/100] Batch 2800/2927 Loss: 0.0450
[EPOCH 15] Train: 0.0462 | Val: 0.0414 | LR: 0.001000 | Time: 12.2s
  Epoch [16/100] Batch 0/2927 Loss: 0.0597
  Epoch [16/100] Batch 200/2927 Loss: 0.0480
  Epoch [16/100] Batch 400/2927 Loss: 0.0448
  Epoch [16/100] Batch 600/2927 Loss: 0.0442
  Epoch [16/100] Batch 800/2927 Loss: 0.0442
  Epoch [16/100] Batch 1000/2927 Loss: 0.0489
  Epoch [16/100] Batch 1200/2927 Loss: 0.0428
  Epoch [16/100] Batch 1400/2927 Loss: 0.0403
  Epoch [16/100] Batch 1600/2927 Loss: 0.0477
  Epoch [16/100] Batch 1800/2927 Loss: 0.0383
  Epoch [16/100] Batch 2000/2927 Loss: 0.0483
  Epoch [16/100] Batch 2200/2927 Loss: 0.0446
  Epoch [16/100] Batch 2400/2927 Loss: 0.0443
  Epoch [16/100] Batch 2600/2927 Loss: 0.0430
  Epoch [16/100] Batch 2800/2927 Loss: 0.0387
[EPOCH 16] Train: 0.0463 | Val: 0.0358 | LR: 0.001000 | Time: 12.2s
[SAVE] Nuevo mejor modelo!
  Epoch [17/100] Batch 0/2927 Loss: 0.0400
  Epoch [17/100] Batch 200/2927 Loss: 0.0388
  Epoch [17/100] Batch 400/2927 Loss: 0.0474
  Epoch [17/100] Batch 600/2927 Loss: 0.0490
  Epoch [17/100] Batch 800/2927 Loss: 0.0481
  Epoch [17/100] Batch 1000/2927 Loss: 0.0383
  Epoch [17/100] Batch 1200/2927 Loss: 0.0389
  Epoch [17/100] Batch 1400/2927 Loss: 0.0459
  Epoch [17/100] Batch 1600/2927 Loss: 0.0342
  Epoch [17/100] Batch 1800/2927 Loss: 0.0506
  Epoch [17/100] Batch 2000/2927 Loss: 0.0345
  Epoch [17/100] Batch 2200/2927 Loss: 0.0499
  Epoch [17/100] Batch 2400/2927 Loss: 0.0432
  Epoch [17/100] Batch 2600/2927 Loss: 0.0334
  Epoch [17/100] Batch 2800/2927 Loss: 0.0609
[EPOCH 17] Train: 0.0441 | Val: 0.0347 | LR: 0.001000 | Time: 12.2s
[SAVE] Nuevo mejor modelo!
  Epoch [18/100] Batch 0/2927 Loss: 0.0387
  Epoch [18/100] Batch 200/2927 Loss: 0.0378
  Epoch [18/100] Batch 400/2927 Loss: 0.0519
  Epoch [18/100] Batch 600/2927 Loss: 0.0435
  Epoch [18/100] Batch 800/2927 Loss: 0.0481
  Epoch [18/100] Batch 1000/2927 Loss: 0.0362
  Epoch [18/100] Batch 1200/2927 Loss: 0.0379
  Epoch [18/100] Batch 1400/2927 Loss: 0.0367
  Epoch [18/100] Batch 1600/2927 Loss: 0.0343
  Epoch [18/100] Batch 1800/2927 Loss: 0.0326
  Epoch [18/100] Batch 2000/2927 Loss: 0.0295
  Epoch [18/100] Batch 2200/2927 Loss: 0.0415
  Epoch [18/100] Batch 2400/2927 Loss: 0.0362
  Epoch [18/100] Batch 2600/2927 Loss: 0.0391
  Epoch [18/100] Batch 2800/2927 Loss: 0.0384
[EPOCH 18] Train: 0.0435 | Val: 0.0344 | LR: 0.001000 | Time: 12.2s
[SAVE] Nuevo mejor modelo!
  Epoch [19/100] Batch 0/2927 Loss: 0.0408
  Epoch [19/100] Batch 200/2927 Loss: 0.0481
  Epoch [19/100] Batch 400/2927 Loss: 0.0458
  Epoch [19/100] Batch 600/2927 Loss: 0.0547
  Epoch [19/100] Batch 800/2927 Loss: 0.0445
  Epoch [19/100] Batch 1000/2927 Loss: 0.0385
  Epoch [19/100] Batch 1200/2927 Loss: 0.0325
  Epoch [19/100] Batch 1400/2927 Loss: 0.0355
  Epoch [19/100] Batch 1600/2927 Loss: 0.0454
  Epoch [19/100] Batch 1800/2927 Loss: 0.0388
  Epoch [19/100] Batch 2000/2927 Loss: 0.0320
  Epoch [19/100] Batch 2200/2927 Loss: 0.0425
  Epoch [19/100] Batch 2400/2927 Loss: 0.0324
  Epoch [19/100] Batch 2600/2927 Loss: 0.0497
  Epoch [19/100] Batch 2800/2927 Loss: 0.0483
[EPOCH 19] Train: 0.0425 | Val: 0.0335 | LR: 0.001000 | Time: 12.2s
[SAVE] Nuevo mejor modelo!
  Epoch [20/100] Batch 0/2927 Loss: 0.0377
  Epoch [20/100] Batch 200/2927 Loss: 0.0518
  Epoch [20/100] Batch 400/2927 Loss: 0.0466
  Epoch [20/100] Batch 600/2927 Loss: 0.0360
  Epoch [20/100] Batch 800/2927 Loss: 0.0455
  Epoch [20/100] Batch 1000/2927 Loss: 0.0395
  Epoch [20/100] Batch 1200/2927 Loss: 0.0387
  Epoch [20/100] Batch 1400/2927 Loss: 0.0504
  Epoch [20/100] Batch 1600/2927 Loss: 0.0509
  Epoch [20/100] Batch 1800/2927 Loss: 0.0419
  Epoch [20/100] Batch 2000/2927 Loss: 0.0387
  Epoch [20/100] Batch 2200/2927 Loss: 0.0392
  Epoch [20/100] Batch 2400/2927 Loss: 0.0349
  Epoch [20/100] Batch 2600/2927 Loss: 0.0396
  Epoch [20/100] Batch 2800/2927 Loss: 0.0322
[EPOCH 20] Train: 0.0414 | Val: 0.0500 | LR: 0.001000 | Time: 12.3s
  Epoch [21/100] Batch 0/2927 Loss: 0.0636
  Epoch [21/100] Batch 200/2927 Loss: 0.0471
  Epoch [21/100] Batch 400/2927 Loss: 0.0482
  Epoch [21/100] Batch 600/2927 Loss: 0.0411
  Epoch [21/100] Batch 800/2927 Loss: 0.0379
  Epoch [21/100] Batch 1000/2927 Loss: 0.0548
  Epoch [21/100] Batch 1200/2927 Loss: 0.0424
  Epoch [21/100] Batch 1400/2927 Loss: 0.0364
  Epoch [21/100] Batch 1600/2927 Loss: 0.0416
  Epoch [21/100] Batch 1800/2927 Loss: 0.0386
  Epoch [21/100] Batch 2000/2927 Loss: 0.0448
  Epoch [21/100] Batch 2200/2927 Loss: 0.0423
  Epoch [21/100] Batch 2400/2927 Loss: 0.0383
  Epoch [21/100] Batch 2600/2927 Loss: 0.0338
  Epoch [21/100] Batch 2800/2927 Loss: 0.0399
[EPOCH 21] Train: 0.0410 | Val: 0.0321 | LR: 0.001000 | Time: 12.2s
[SAVE] Nuevo mejor modelo!
  Epoch [22/100] Batch 0/2927 Loss: 0.0347
  Epoch [22/100] Batch 200/2927 Loss: 0.0296
  Epoch [22/100] Batch 400/2927 Loss: 0.0450
  Epoch [22/100] Batch 600/2927 Loss: 0.0313
  Epoch [22/100] Batch 800/2927 Loss: 0.0629
  Epoch [22/100] Batch 1000/2927 Loss: 0.0377
  Epoch [22/100] Batch 1200/2927 Loss: 0.0456
  Epoch [22/100] Batch 1400/2927 Loss: 0.0334
  Epoch [22/100] Batch 1600/2927 Loss: 0.0363
  Epoch [22/100] Batch 1800/2927 Loss: 0.0443
  Epoch [22/100] Batch 2000/2927 Loss: 0.0417
  Epoch [22/100] Batch 2200/2927 Loss: 0.0414
  Epoch [22/100] Batch 2400/2927 Loss: 0.0345
  Epoch [22/100] Batch 2600/2927 Loss: 0.0392
  Epoch [22/100] Batch 2800/2927 Loss: 0.0272
[EPOCH 22] Train: 0.0403 | Val: 0.0344 | LR: 0.001000 | Time: 12.3s
  Epoch [23/100] Batch 0/2927 Loss: 0.0516
  Epoch [23/100] Batch 200/2927 Loss: 0.0456
  Epoch [23/100] Batch 400/2927 Loss: 0.0421
  Epoch [23/100] Batch 600/2927 Loss: 0.0302
  Epoch [23/100] Batch 800/2927 Loss: 0.0359
  Epoch [23/100] Batch 1000/2927 Loss: 0.0421
  Epoch [23/100] Batch 1200/2927 Loss: 0.0444
  Epoch [23/100] Batch 1400/2927 Loss: 0.0336
  Epoch [23/100] Batch 1600/2927 Loss: 0.0400
  Epoch [23/100] Batch 1800/2927 Loss: 0.0350
  Epoch [23/100] Batch 2000/2927 Loss: 0.0354
  Epoch [23/100] Batch 2200/2927 Loss: 0.0474
  Epoch [23/100] Batch 2400/2927 Loss: 0.0310
  Epoch [23/100] Batch 2600/2927 Loss: 0.0367
  Epoch [23/100] Batch 2800/2927 Loss: 0.0306
[EPOCH 23] Train: 0.0397 | Val: 0.0338 | LR: 0.001000 | Time: 12.3s
  Epoch [24/100] Batch 0/2927 Loss: 0.0327
  Epoch [24/100] Batch 200/2927 Loss: 0.0395
  Epoch [24/100] Batch 400/2927 Loss: 0.0369
  Epoch [24/100] Batch 600/2927 Loss: 0.0420
  Epoch [24/100] Batch 800/2927 Loss: 0.0588
  Epoch [24/100] Batch 1000/2927 Loss: 0.0445
  Epoch [24/100] Batch 1200/2927 Loss: 0.0346
  Epoch [24/100] Batch 1400/2927 Loss: 0.0388
  Epoch [24/100] Batch 1600/2927 Loss: 0.0395
  Epoch [24/100] Batch 1800/2927 Loss: 0.0472
  Epoch [24/100] Batch 2000/2927 Loss: 0.0384
  Epoch [24/100] Batch 2200/2927 Loss: 0.0348
  Epoch [24/100] Batch 2400/2927 Loss: 0.0634
  Epoch [24/100] Batch 2600/2927 Loss: 0.0495
  Epoch [24/100] Batch 2800/2927 Loss: 0.0387
[EPOCH 24] Train: 0.0393 | Val: 0.0340 | LR: 0.001000 | Time: 12.3s
  Epoch [25/100] Batch 0/2927 Loss: 0.0374
  Epoch [25/100] Batch 200/2927 Loss: 0.0309
  Epoch [25/100] Batch 400/2927 Loss: 0.0469
  Epoch [25/100] Batch 600/2927 Loss: 0.0375
  Epoch [25/100] Batch 800/2927 Loss: 0.0357
  Epoch [25/100] Batch 1000/2927 Loss: 0.0442
  Epoch [25/100] Batch 1200/2927 Loss: 0.0404
  Epoch [25/100] Batch 1400/2927 Loss: 0.0362
  Epoch [25/100] Batch 1600/2927 Loss: 0.0361
  Epoch [25/100] Batch 1800/2927 Loss: 0.0311
  Epoch [25/100] Batch 2000/2927 Loss: 0.0396
  Epoch [25/100] Batch 2200/2927 Loss: 0.0294
  Epoch [25/100] Batch 2400/2927 Loss: 0.0402
  Epoch [25/100] Batch 2600/2927 Loss: 0.0422
  Epoch [25/100] Batch 2800/2927 Loss: 0.0522
[EPOCH 25] Train: 0.0389 | Val: 0.0306 | LR: 0.001000 | Time: 12.2s
[SAVE] Nuevo mejor modelo!
  Epoch [26/100] Batch 0/2927 Loss: 0.0536
  Epoch [26/100] Batch 200/2927 Loss: 0.0447
  Epoch [26/100] Batch 400/2927 Loss: 0.0353
  Epoch [26/100] Batch 600/2927 Loss: 0.0490
  Epoch [26/100] Batch 800/2927 Loss: 0.0472
  Epoch [26/100] Batch 1000/2927 Loss: 0.0254
  Epoch [26/100] Batch 1200/2927 Loss: 0.0268
  Epoch [26/100] Batch 1400/2927 Loss: 0.0424
  Epoch [26/100] Batch 1600/2927 Loss: 0.0444
  Epoch [26/100] Batch 1800/2927 Loss: 0.0349
  Epoch [26/100] Batch 2000/2927 Loss: 0.0487
  Epoch [26/100] Batch 2200/2927 Loss: 0.0563
  Epoch [26/100] Batch 2400/2927 Loss: 0.0366
  Epoch [26/100] Batch 2600/2927 Loss: 0.0375
  Epoch [26/100] Batch 2800/2927 Loss: 0.0277
[EPOCH 26] Train: 0.0383 | Val: 0.0313 | LR: 0.001000 | Time: 12.3s
  Epoch [27/100] Batch 0/2927 Loss: 0.0406
  Epoch [27/100] Batch 200/2927 Loss: 0.0467
  Epoch [27/100] Batch 400/2927 Loss: 0.0378
  Epoch [27/100] Batch 600/2927 Loss: 0.0403
  Epoch [27/100] Batch 800/2927 Loss: 0.0380
  Epoch [27/100] Batch 1000/2927 Loss: 0.0351
  Epoch [27/100] Batch 1200/2927 Loss: 0.0383
  Epoch [27/100] Batch 1400/2927 Loss: 0.0394
  Epoch [27/100] Batch 1600/2927 Loss: 0.0275
  Epoch [27/100] Batch 1800/2927 Loss: 0.0463
  Epoch [27/100] Batch 2000/2927 Loss: 0.0388
  Epoch [27/100] Batch 2200/2927 Loss: 0.0313
  Epoch [27/100] Batch 2400/2927 Loss: 0.0409
  Epoch [27/100] Batch 2600/2927 Loss: 0.0397
  Epoch [27/100] Batch 2800/2927 Loss: 0.0401
[EPOCH 27] Train: 0.0378 | Val: 0.0303 | LR: 0.001000 | Time: 12.3s
[SAVE] Nuevo mejor modelo!
  Epoch [28/100] Batch 0/2927 Loss: 0.0324
  Epoch [28/100] Batch 200/2927 Loss: 0.0339
  Epoch [28/100] Batch 400/2927 Loss: 0.0463
  Epoch [28/100] Batch 600/2927 Loss: 0.0393
  Epoch [28/100] Batch 800/2927 Loss: 0.0448
  Epoch [28/100] Batch 1000/2927 Loss: 0.0387
  Epoch [28/100] Batch 1200/2927 Loss: 0.0420
  Epoch [28/100] Batch 1400/2927 Loss: 0.0456
  Epoch [28/100] Batch 1600/2927 Loss: 0.0377
  Epoch [28/100] Batch 1800/2927 Loss: 0.0303
  Epoch [28/100] Batch 2000/2927 Loss: 0.0352
  Epoch [28/100] Batch 2200/2927 Loss: 0.0575
  Epoch [28/100] Batch 2400/2927 Loss: 0.0348
  Epoch [28/100] Batch 2600/2927 Loss: 0.0384
  Epoch [28/100] Batch 2800/2927 Loss: 0.0489
[EPOCH 28] Train: 0.0376 | Val: 0.0289 | LR: 0.001000 | Time: 12.3s
[SAVE] Nuevo mejor modelo!
  Epoch [29/100] Batch 0/2927 Loss: 0.0327
  Epoch [29/100] Batch 200/2927 Loss: 0.0333
  Epoch [29/100] Batch 400/2927 Loss: 0.0290
  Epoch [29/100] Batch 600/2927 Loss: 0.0457
  Epoch [29/100] Batch 800/2927 Loss: 0.0414
  Epoch [29/100] Batch 1000/2927 Loss: 0.0397
  Epoch [29/100] Batch 1200/2927 Loss: 0.0377
  Epoch [29/100] Batch 1400/2927 Loss: 0.0471
  Epoch [29/100] Batch 1600/2927 Loss: 0.0286
  Epoch [29/100] Batch 1800/2927 Loss: 0.0231
  Epoch [29/100] Batch 2000/2927 Loss: 0.0291
  Epoch [29/100] Batch 2200/2927 Loss: 0.1039
  Epoch [29/100] Batch 2400/2927 Loss: 0.0404
  Epoch [29/100] Batch 2600/2927 Loss: 0.0342
  Epoch [29/100] Batch 2800/2927 Loss: 0.0391
[EPOCH 29] Train: 0.0373 | Val: 0.0306 | LR: 0.001000 | Time: 12.4s
  Epoch [30/100] Batch 0/2927 Loss: 0.0337
  Epoch [30/100] Batch 200/2927 Loss: 0.0338
  Epoch [30/100] Batch 400/2927 Loss: 0.0340
  Epoch [30/100] Batch 600/2927 Loss: 0.0375
  Epoch [30/100] Batch 800/2927 Loss: 0.0296
  Epoch [30/100] Batch 1000/2927 Loss: 0.0334
  Epoch [30/100] Batch 1200/2927 Loss: 0.0371
  Epoch [30/100] Batch 1400/2927 Loss: 0.0331
  Epoch [30/100] Batch 1600/2927 Loss: 0.0441
  Epoch [30/100] Batch 1800/2927 Loss: 0.0241
  Epoch [30/100] Batch 2000/2927 Loss: 0.0478
  Epoch [30/100] Batch 2200/2927 Loss: 0.0533
  Epoch [30/100] Batch 2400/2927 Loss: 0.0263
  Epoch [30/100] Batch 2600/2927 Loss: 0.0243
  Epoch [30/100] Batch 2800/2927 Loss: 0.0502
[EPOCH 30] Train: 0.0368 | Val: 0.0289 | LR: 0.001000 | Time: 12.3s
[SAVE] Nuevo mejor modelo!
  Epoch [31/100] Batch 0/2927 Loss: 0.0447
  Epoch [31/100] Batch 200/2927 Loss: 0.0391
  Epoch [31/100] Batch 400/2927 Loss: 0.0349
  Epoch [31/100] Batch 600/2927 Loss: 0.0302
  Epoch [31/100] Batch 800/2927 Loss: 0.0435
  Epoch [31/100] Batch 1000/2927 Loss: 0.0359
  Epoch [31/100] Batch 1200/2927 Loss: 0.0328
  Epoch [31/100] Batch 1400/2927 Loss: 0.0325
  Epoch [31/100] Batch 1600/2927 Loss: 0.0386
  Epoch [31/100] Batch 1800/2927 Loss: 0.0336
  Epoch [31/100] Batch 2000/2927 Loss: 0.0353
  Epoch [31/100] Batch 2200/2927 Loss: 0.0286
  Epoch [31/100] Batch 2400/2927 Loss: 0.0408
  Epoch [31/100] Batch 2600/2927 Loss: 0.0396
  Epoch [31/100] Batch 2800/2927 Loss: 0.0412
[EPOCH 31] Train: 0.0377 | Val: 0.0299 | LR: 0.001000 | Time: 12.3s
  Epoch [32/100] Batch 0/2927 Loss: 0.0330
  Epoch [32/100] Batch 200/2927 Loss: 0.0362
  Epoch [32/100] Batch 400/2927 Loss: 0.0380
  Epoch [32/100] Batch 600/2927 Loss: 0.0308
  Epoch [32/100] Batch 800/2927 Loss: 0.0465
  Epoch [32/100] Batch 1000/2927 Loss: 0.0535
  Epoch [32/100] Batch 1200/2927 Loss: 0.0354
  Epoch [32/100] Batch 1400/2927 Loss: 0.0342
  Epoch [32/100] Batch 1600/2927 Loss: 0.1020
  Epoch [32/100] Batch 1800/2927 Loss: 0.0247
  Epoch [32/100] Batch 2000/2927 Loss: 0.0348
  Epoch [32/100] Batch 2200/2927 Loss: 0.0468
  Epoch [32/100] Batch 2400/2927 Loss: 0.0336
  Epoch [32/100] Batch 2600/2927 Loss: 0.0290
  Epoch [32/100] Batch 2800/2927 Loss: 0.0439
[EPOCH 32] Train: 0.0364 | Val: 0.0287 | LR: 0.001000 | Time: 12.3s
[SAVE] Nuevo mejor modelo!
  Epoch [33/100] Batch 0/2927 Loss: 0.0362
  Epoch [33/100] Batch 200/2927 Loss: 0.0365
  Epoch [33/100] Batch 400/2927 Loss: 0.0308
  Epoch [33/100] Batch 600/2927 Loss: 0.0332
  Epoch [33/100] Batch 800/2927 Loss: 0.0297
  Epoch [33/100] Batch 1000/2927 Loss: 0.0271
  Epoch [33/100] Batch 1200/2927 Loss: 0.0306
  Epoch [33/100] Batch 1400/2927 Loss: 0.0405
  Epoch [33/100] Batch 1600/2927 Loss: 0.0967
  Epoch [33/100] Batch 1800/2927 Loss: 0.0382
  Epoch [33/100] Batch 2000/2927 Loss: 0.0329
  Epoch [33/100] Batch 2200/2927 Loss: 0.0394
  Epoch [33/100] Batch 2400/2927 Loss: 0.0390
  Epoch [33/100] Batch 2600/2927 Loss: 0.0300
  Epoch [33/100] Batch 2800/2927 Loss: 0.0332
[EPOCH 33] Train: 0.0359 | Val: 0.0291 | LR: 0.001000 | Time: 12.3s
  Epoch [34/100] Batch 0/2927 Loss: 0.0306
  Epoch [34/100] Batch 200/2927 Loss: 0.0353
  Epoch [34/100] Batch 400/2927 Loss: 0.0408
  Epoch [34/100] Batch 600/2927 Loss: 0.0399
  Epoch [34/100] Batch 800/2927 Loss: 0.0268
  Epoch [34/100] Batch 1000/2927 Loss: 0.0404
  Epoch [34/100] Batch 1200/2927 Loss: 0.0362
  Epoch [34/100] Batch 1400/2927 Loss: 0.0300
  Epoch [34/100] Batch 1600/2927 Loss: 0.0322
  Epoch [34/100] Batch 1800/2927 Loss: 0.0423
  Epoch [34/100] Batch 2000/2927 Loss: 0.0336
  Epoch [34/100] Batch 2200/2927 Loss: 0.0517
  Epoch [34/100] Batch 2400/2927 Loss: 0.0383
  Epoch [34/100] Batch 2600/2927 Loss: 0.0327
  Epoch [34/100] Batch 2800/2927 Loss: 0.0385
[EPOCH 34] Train: 0.0369 | Val: 0.0290 | LR: 0.001000 | Time: 12.3s
  Epoch [35/100] Batch 0/2927 Loss: 0.0310
  Epoch [35/100] Batch 200/2927 Loss: 0.0331
  Epoch [35/100] Batch 400/2927 Loss: 0.0318
  Epoch [35/100] Batch 600/2927 Loss: 0.0360
  Epoch [35/100] Batch 800/2927 Loss: 0.0350
  Epoch [35/100] Batch 1000/2927 Loss: 0.0554
  Epoch [35/100] Batch 1200/2927 Loss: 0.0404
  Epoch [35/100] Batch 1400/2927 Loss: 0.0283
  Epoch [35/100] Batch 1600/2927 Loss: 0.0447
  Epoch [35/100] Batch 1800/2927 Loss: 0.0282
  Epoch [35/100] Batch 2000/2927 Loss: 0.0222
  Epoch [35/100] Batch 2200/2927 Loss: 0.0346
  Epoch [35/100] Batch 2400/2927 Loss: 0.0302
  Epoch [35/100] Batch 2600/2927 Loss: 0.0444
  Epoch [35/100] Batch 2800/2927 Loss: 0.0253
[EPOCH 35] Train: 0.0350 | Val: 0.0285 | LR: 0.001000 | Time: 12.3s
[SAVE] Nuevo mejor modelo!
  Epoch [36/100] Batch 0/2927 Loss: 0.0316
  Epoch [36/100] Batch 200/2927 Loss: 0.0306
  Epoch [36/100] Batch 400/2927 Loss: 0.0318
  Epoch [36/100] Batch 600/2927 Loss: 0.0467
  Epoch [36/100] Batch 800/2927 Loss: 0.0289
  Epoch [36/100] Batch 1000/2927 Loss: 0.0339
  Epoch [36/100] Batch 1200/2927 Loss: 0.0421
  Epoch [36/100] Batch 1400/2927 Loss: 0.0309
  Epoch [36/100] Batch 1600/2927 Loss: 0.0338
  Epoch [36/100] Batch 1800/2927 Loss: 0.0376
  Epoch [36/100] Batch 2000/2927 Loss: 0.0300
  Epoch [36/100] Batch 2200/2927 Loss: 0.0322
  Epoch [36/100] Batch 2400/2927 Loss: 0.0281
  Epoch [36/100] Batch 2600/2927 Loss: 0.0348
  Epoch [36/100] Batch 2800/2927 Loss: 0.0525
[EPOCH 36] Train: 0.0351 | Val: 0.0358 | LR: 0.001000 | Time: 12.3s
  Epoch [37/100] Batch 0/2927 Loss: 0.0429
  Epoch [37/100] Batch 200/2927 Loss: 0.0257
  Epoch [37/100] Batch 400/2927 Loss: 0.0212
  Epoch [37/100] Batch 600/2927 Loss: 0.0322
  Epoch [37/100] Batch 800/2927 Loss: 0.0411
  Epoch [37/100] Batch 1000/2927 Loss: 0.0281
  Epoch [37/100] Batch 1200/2927 Loss: 0.0329
  Epoch [37/100] Batch 1400/2927 Loss: 0.0244
  Epoch [37/100] Batch 1600/2927 Loss: 0.0358
  Epoch [37/100] Batch 1800/2927 Loss: 0.0311
  Epoch [37/100] Batch 2000/2927 Loss: 0.0365
  Epoch [37/100] Batch 2200/2927 Loss: 0.0396
  Epoch [37/100] Batch 2400/2927 Loss: 0.0284
  Epoch [37/100] Batch 2600/2927 Loss: 0.0296
  Epoch [37/100] Batch 2800/2927 Loss: 0.0230
[EPOCH 37] Train: 0.0354 | Val: 0.0315 | LR: 0.001000 | Time: 12.3s
  Epoch [38/100] Batch 0/2927 Loss: 0.0333
  Epoch [38/100] Batch 200/2927 Loss: 0.0275
  Epoch [38/100] Batch 400/2927 Loss: 0.0370
  Epoch [38/100] Batch 600/2927 Loss: 0.0405
  Epoch [38/100] Batch 800/2927 Loss: 0.0251
  Epoch [38/100] Batch 1000/2927 Loss: 0.0443
  Epoch [38/100] Batch 1200/2927 Loss: 0.0313
  Epoch [38/100] Batch 1400/2927 Loss: 0.0343
  Epoch [38/100] Batch 1600/2927 Loss: 0.0669
  Epoch [38/100] Batch 1800/2927 Loss: 0.0260
  Epoch [38/100] Batch 2000/2927 Loss: 0.0361
  Epoch [38/100] Batch 2200/2927 Loss: 0.0279
  Epoch [38/100] Batch 2400/2927 Loss: 0.0389
  Epoch [38/100] Batch 2600/2927 Loss: 0.0315
  Epoch [38/100] Batch 2800/2927 Loss: 0.0297
[EPOCH 38] Train: 0.0342 | Val: 0.0265 | LR: 0.001000 | Time: 12.3s
[SAVE] Nuevo mejor modelo!
  Epoch [39/100] Batch 0/2927 Loss: 0.0378
  Epoch [39/100] Batch 200/2927 Loss: 0.0370
  Epoch [39/100] Batch 400/2927 Loss: 0.0349
  Epoch [39/100] Batch 600/2927 Loss: 0.0353
  Epoch [39/100] Batch 800/2927 Loss: 0.0428
  Epoch [39/100] Batch 1000/2927 Loss: 0.0340
  Epoch [39/100] Batch 1200/2927 Loss: 0.0247
  Epoch [39/100] Batch 1400/2927 Loss: 0.0405
  Epoch [39/100] Batch 1600/2927 Loss: 0.0434
  Epoch [39/100] Batch 1800/2927 Loss: 0.0566
  Epoch [39/100] Batch 2000/2927 Loss: 0.0288
  Epoch [39/100] Batch 2200/2927 Loss: 0.0365
  Epoch [39/100] Batch 2400/2927 Loss: 0.0361
  Epoch [39/100] Batch 2600/2927 Loss: 0.0320
  Epoch [39/100] Batch 2800/2927 Loss: 0.0290
[EPOCH 39] Train: 0.0341 | Val: 0.0276 | LR: 0.001000 | Time: 12.3s
  Epoch [40/100] Batch 0/2927 Loss: 0.0359
  Epoch [40/100] Batch 200/2927 Loss: 0.0365
  Epoch [40/100] Batch 400/2927 Loss: 0.0409
  Epoch [40/100] Batch 600/2927 Loss: 0.0382
  Epoch [40/100] Batch 800/2927 Loss: 0.0291
  Epoch [40/100] Batch 1000/2927 Loss: 0.0298
  Epoch [40/100] Batch 1200/2927 Loss: 0.0345
  Epoch [40/100] Batch 1400/2927 Loss: 0.0376
  Epoch [40/100] Batch 1600/2927 Loss: 0.0311
  Epoch [40/100] Batch 1800/2927 Loss: 0.0301
  Epoch [40/100] Batch 2000/2927 Loss: 0.0488
  Epoch [40/100] Batch 2200/2927 Loss: 0.0295
  Epoch [40/100] Batch 2400/2927 Loss: 0.0281
  Epoch [40/100] Batch 2600/2927 Loss: 0.0215
  Epoch [40/100] Batch 2800/2927 Loss: 0.0508
[EPOCH 40] Train: 0.0341 | Val: 0.0265 | LR: 0.001000 | Time: 12.3s
  Epoch [41/100] Batch 0/2927 Loss: 0.0280
  Epoch [41/100] Batch 200/2927 Loss: 0.0327
  Epoch [41/100] Batch 400/2927 Loss: 0.0316
  Epoch [41/100] Batch 600/2927 Loss: 0.0311
  Epoch [41/100] Batch 800/2927 Loss: 0.0328
  Epoch [41/100] Batch 1000/2927 Loss: 0.0233
  Epoch [41/100] Batch 1200/2927 Loss: 0.0268
  Epoch [41/100] Batch 1400/2927 Loss: 0.0405
  Epoch [41/100] Batch 1600/2927 Loss: 0.0282
  Epoch [41/100] Batch 1800/2927 Loss: 0.0410
  Epoch [41/100] Batch 2000/2927 Loss: 0.0236
  Epoch [41/100] Batch 2200/2927 Loss: 0.0277
  Epoch [41/100] Batch 2400/2927 Loss: 0.0347
  Epoch [41/100] Batch 2600/2927 Loss: 0.0258
  Epoch [41/100] Batch 2800/2927 Loss: 0.0352
[EPOCH 41] Train: 0.0344 | Val: 0.0263 | LR: 0.001000 | Time: 12.3s
[SAVE] Nuevo mejor modelo!
  Epoch [42/100] Batch 0/2927 Loss: 0.0219
  Epoch [42/100] Batch 200/2927 Loss: 0.0433
  Epoch [42/100] Batch 400/2927 Loss: 0.0427
  Epoch [42/100] Batch 600/2927 Loss: 0.0396
  Epoch [42/100] Batch 800/2927 Loss: 0.0363
  Epoch [42/100] Batch 1000/2927 Loss: 0.0385
  Epoch [42/100] Batch 1200/2927 Loss: 0.0437
  Epoch [42/100] Batch 1400/2927 Loss: 0.0385
  Epoch [42/100] Batch 1600/2927 Loss: 0.0291
  Epoch [42/100] Batch 1800/2927 Loss: 0.0342
  Epoch [42/100] Batch 2000/2927 Loss: 0.0388
  Epoch [42/100] Batch 2200/2927 Loss: 0.0388
  Epoch [42/100] Batch 2400/2927 Loss: 0.0349
  Epoch [42/100] Batch 2600/2927 Loss: 0.0239
  Epoch [42/100] Batch 2800/2927 Loss: 0.0334
[EPOCH 42] Train: 0.0351 | Val: 0.0277 | LR: 0.001000 | Time: 12.3s
  Epoch [43/100] Batch 0/2927 Loss: 0.0319
  Epoch [43/100] Batch 200/2927 Loss: 0.0372
  Epoch [43/100] Batch 400/2927 Loss: 0.0300
  Epoch [43/100] Batch 600/2927 Loss: 0.0356
  Epoch [43/100] Batch 800/2927 Loss: 0.0302
  Epoch [43/100] Batch 1000/2927 Loss: 0.0334
  Epoch [43/100] Batch 1200/2927 Loss: 0.0304
  Epoch [43/100] Batch 1400/2927 Loss: 0.0462
  Epoch [43/100] Batch 1600/2927 Loss: 0.0295
  Epoch [43/100] Batch 1800/2927 Loss: 0.0287
  Epoch [43/100] Batch 2000/2927 Loss: 0.0309
  Epoch [43/100] Batch 2200/2927 Loss: 0.0450
  Epoch [43/100] Batch 2400/2927 Loss: 0.0248
  Epoch [43/100] Batch 2600/2927 Loss: 0.0334
  Epoch [43/100] Batch 2800/2927 Loss: 0.0369
[EPOCH 43] Train: 0.0358 | Val: 0.0275 | LR: 0.001000 | Time: 12.3s
  Epoch [44/100] Batch 0/2927 Loss: 0.0367
  Epoch [44/100] Batch 200/2927 Loss: 0.0292
  Epoch [44/100] Batch 400/2927 Loss: 0.0309
  Epoch [44/100] Batch 600/2927 Loss: 0.0283
  Epoch [44/100] Batch 800/2927 Loss: 0.0417
  Epoch [44/100] Batch 1000/2927 Loss: 0.0295
  Epoch [44/100] Batch 1200/2927 Loss: 0.0288
  Epoch [44/100] Batch 1400/2927 Loss: 0.0254
  Epoch [44/100] Batch 1600/2927 Loss: 0.0451
  Epoch [44/100] Batch 1800/2927 Loss: 0.0346
  Epoch [44/100] Batch 2000/2927 Loss: 0.0341
  Epoch [44/100] Batch 2200/2927 Loss: 0.0361
  Epoch [44/100] Batch 2400/2927 Loss: 0.0294
  Epoch [44/100] Batch 2600/2927 Loss: 0.0275
  Epoch [44/100] Batch 2800/2927 Loss: 0.0429
[EPOCH 44] Train: 0.0332 | Val: 0.0279 | LR: 0.001000 | Time: 12.3s
  Epoch [45/100] Batch 0/2927 Loss: 0.0339
  Epoch [45/100] Batch 200/2927 Loss: 0.0446
  Epoch [45/100] Batch 400/2927 Loss: 0.0369
  Epoch [45/100] Batch 600/2927 Loss: 0.0376
  Epoch [45/100] Batch 800/2927 Loss: 0.0289
  Epoch [45/100] Batch 1000/2927 Loss: 0.0384
  Epoch [45/100] Batch 1200/2927 Loss: 0.0328
  Epoch [45/100] Batch 1400/2927 Loss: 0.0562
  Epoch [45/100] Batch 1600/2927 Loss: 0.0230
  Epoch [45/100] Batch 1800/2927 Loss: 0.0271
  Epoch [45/100] Batch 2000/2927 Loss: 0.0235
  Epoch [45/100] Batch 2200/2927 Loss: 0.0247
  Epoch [45/100] Batch 2400/2927 Loss: 0.0348
  Epoch [45/100] Batch 2600/2927 Loss: 0.0388
  Epoch [45/100] Batch 2800/2927 Loss: 0.0382
[EPOCH 45] Train: 0.0326 | Val: 0.0265 | LR: 0.001000 | Time: 12.3s
  Epoch [46/100] Batch 0/2927 Loss: 0.0399
  Epoch [46/100] Batch 200/2927 Loss: 0.0546
  Epoch [46/100] Batch 400/2927 Loss: 0.0300
  Epoch [46/100] Batch 600/2927 Loss: 0.0426
  Epoch [46/100] Batch 800/2927 Loss: 0.0327
  Epoch [46/100] Batch 1000/2927 Loss: 0.0287
  Epoch [46/100] Batch 1200/2927 Loss: 0.0393
  Epoch [46/100] Batch 1400/2927 Loss: 0.0370
  Epoch [46/100] Batch 1600/2927 Loss: 0.0245
  Epoch [46/100] Batch 1800/2927 Loss: 0.0344
  Epoch [46/100] Batch 2000/2927 Loss: 0.0364
  Epoch [46/100] Batch 2200/2927 Loss: 0.0341
  Epoch [46/100] Batch 2400/2927 Loss: 0.0358
  Epoch [46/100] Batch 2600/2927 Loss: 0.0401
  Epoch [46/100] Batch 2800/2927 Loss: 0.0308
[EPOCH 46] Train: 0.0328 | Val: 0.0316 | LR: 0.001000 | Time: 12.3s
  Epoch [47/100] Batch 0/2927 Loss: 0.0369
  Epoch [47/100] Batch 200/2927 Loss: 0.0238
  Epoch [47/100] Batch 400/2927 Loss: 0.0220
  Epoch [47/100] Batch 600/2927 Loss: 0.0245
  Epoch [47/100] Batch 800/2927 Loss: 0.0473
  Epoch [47/100] Batch 1000/2927 Loss: 0.0333
  Epoch [47/100] Batch 1200/2927 Loss: 0.0574
  Epoch [47/100] Batch 1400/2927 Loss: 0.0399
  Epoch [47/100] Batch 1600/2927 Loss: 0.0342
  Epoch [47/100] Batch 1800/2927 Loss: 0.0430
  Epoch [47/100] Batch 2000/2927 Loss: 0.0337
  Epoch [47/100] Batch 2200/2927 Loss: 0.0239
  Epoch [47/100] Batch 2400/2927 Loss: 0.0305
  Epoch [47/100] Batch 2600/2927 Loss: 0.0241
  Epoch [47/100] Batch 2800/2927 Loss: 0.0308
[EPOCH 47] Train: 0.0322 | Val: 0.0269 | LR: 0.001000 | Time: 12.3s
  Epoch [48/100] Batch 0/2927 Loss: 0.0296
  Epoch [48/100] Batch 200/2927 Loss: 0.0419
  Epoch [48/100] Batch 400/2927 Loss: 0.0343
  Epoch [48/100] Batch 600/2927 Loss: 0.0379
  Epoch [48/100] Batch 800/2927 Loss: 0.0278
  Epoch [48/100] Batch 1000/2927 Loss: 0.0464
  Epoch [48/100] Batch 1200/2927 Loss: 0.0247
  Epoch [48/100] Batch 1400/2927 Loss: 0.0544
  Epoch [48/100] Batch 1600/2927 Loss: 0.0290
  Epoch [48/100] Batch 1800/2927 Loss: 0.0273
  Epoch [48/100] Batch 2000/2927 Loss: 0.0309
  Epoch [48/100] Batch 2200/2927 Loss: 0.0293
  Epoch [48/100] Batch 2400/2927 Loss: 0.0240
  Epoch [48/100] Batch 2600/2927 Loss: 0.0268
  Epoch [48/100] Batch 2800/2927 Loss: 0.0261
[EPOCH 48] Train: 0.0326 | Val: 0.0263 | LR: 0.001000 | Time: 12.3s
[SAVE] Nuevo mejor modelo!
  Epoch [49/100] Batch 0/2927 Loss: 0.0360
  Epoch [49/100] Batch 200/2927 Loss: 0.0402
  Epoch [49/100] Batch 400/2927 Loss: 0.0293
  Epoch [49/100] Batch 600/2927 Loss: 0.0317
  Epoch [49/100] Batch 800/2927 Loss: 0.0299
  Epoch [49/100] Batch 1000/2927 Loss: 0.0334
  Epoch [49/100] Batch 1200/2927 Loss: 0.0315
  Epoch [49/100] Batch 1400/2927 Loss: 0.0303
  Epoch [49/100] Batch 1600/2927 Loss: 0.0234
  Epoch [49/100] Batch 1800/2927 Loss: 0.0258
  Epoch [49/100] Batch 2000/2927 Loss: 0.0256
  Epoch [49/100] Batch 2200/2927 Loss: 0.0367
  Epoch [49/100] Batch 2400/2927 Loss: 0.0306
  Epoch [49/100] Batch 2600/2927 Loss: 0.0406
  Epoch [49/100] Batch 2800/2927 Loss: 0.0310
[EPOCH 49] Train: 0.0320 | Val: 0.0257 | LR: 0.001000 | Time: 12.3s
[SAVE] Nuevo mejor modelo!
  Epoch [50/100] Batch 0/2927 Loss: 0.0410
  Epoch [50/100] Batch 200/2927 Loss: 0.0326
  Epoch [50/100] Batch 400/2927 Loss: 0.0267
  Epoch [50/100] Batch 600/2927 Loss: 0.0272
  Epoch [50/100] Batch 800/2927 Loss: 0.0428
  Epoch [50/100] Batch 1000/2927 Loss: 0.0364
  Epoch [50/100] Batch 1200/2927 Loss: 0.0469
  Epoch [50/100] Batch 1400/2927 Loss: 0.0234
  Epoch [50/100] Batch 1600/2927 Loss: 0.0421
  Epoch [50/100] Batch 1800/2927 Loss: 0.0422
  Epoch [50/100] Batch 2000/2927 Loss: 0.0248
  Epoch [50/100] Batch 2200/2927 Loss: 0.0472
  Epoch [50/100] Batch 2400/2927 Loss: 0.0293
  Epoch [50/100] Batch 2600/2927 Loss: 0.0277
  Epoch [50/100] Batch 2800/2927 Loss: 0.0334
[EPOCH 50] Train: 0.0318 | Val: 0.0253 | LR: 0.001000 | Time: 12.3s
[SAVE] Nuevo mejor modelo!
  Epoch [51/100] Batch 0/2927 Loss: 0.0314
  Epoch [51/100] Batch 200/2927 Loss: 0.0305
  Epoch [51/100] Batch 400/2927 Loss: 0.0275
  Epoch [51/100] Batch 600/2927 Loss: 0.0360
  Epoch [51/100] Batch 800/2927 Loss: 0.0371
  Epoch [51/100] Batch 1000/2927 Loss: 0.0386
  Epoch [51/100] Batch 1200/2927 Loss: 0.0390
  Epoch [51/100] Batch 1400/2927 Loss: 0.0292
  Epoch [51/100] Batch 1600/2927 Loss: 0.0238
  Epoch [51/100] Batch 1800/2927 Loss: 0.0234
  Epoch [51/100] Batch 2000/2927 Loss: 0.0240
  Epoch [51/100] Batch 2200/2927 Loss: 0.0342
  Epoch [51/100] Batch 2400/2927 Loss: 0.0693
  Epoch [51/100] Batch 2600/2927 Loss: 0.0311
  Epoch [51/100] Batch 2800/2927 Loss: 0.0218
[EPOCH 51] Train: 0.0318 | Val: 0.0291 | LR: 0.001000 | Time: 12.3s
  Epoch [52/100] Batch 0/2927 Loss: 0.0319
  Epoch [52/100] Batch 200/2927 Loss: 0.0317
  Epoch [52/100] Batch 400/2927 Loss: 0.0301
  Epoch [52/100] Batch 600/2927 Loss: 0.0329
  Epoch [52/100] Batch 800/2927 Loss: 0.0310
  Epoch [52/100] Batch 1000/2927 Loss: 0.0257
  Epoch [52/100] Batch 1200/2927 Loss: 0.0326
  Epoch [52/100] Batch 1400/2927 Loss: 0.0284
  Epoch [52/100] Batch 1600/2927 Loss: 0.0367
  Epoch [52/100] Batch 1800/2927 Loss: 0.0434
  Epoch [52/100] Batch 2000/2927 Loss: 0.0374
  Epoch [52/100] Batch 2200/2927 Loss: 0.0273
  Epoch [52/100] Batch 2400/2927 Loss: 0.0328
  Epoch [52/100] Batch 2600/2927 Loss: 0.0532
  Epoch [52/100] Batch 2800/2927 Loss: 0.0422
[EPOCH 52] Train: 0.0319 | Val: 0.0251 | LR: 0.001000 | Time: 12.3s
[SAVE] Nuevo mejor modelo!
  Epoch [53/100] Batch 0/2927 Loss: 0.0257
  Epoch [53/100] Batch 200/2927 Loss: 0.0395
  Epoch [53/100] Batch 400/2927 Loss: 0.0400
  Epoch [53/100] Batch 600/2927 Loss: 0.0257
  Epoch [53/100] Batch 800/2927 Loss: 0.0327
  Epoch [53/100] Batch 1000/2927 Loss: 0.0370
  Epoch [53/100] Batch 1200/2927 Loss: 0.0385
  Epoch [53/100] Batch 1400/2927 Loss: 0.0342
  Epoch [53/100] Batch 1600/2927 Loss: 0.0322
  Epoch [53/100] Batch 1800/2927 Loss: 0.0243
  Epoch [53/100] Batch 2000/2927 Loss: 0.0290
  Epoch [53/100] Batch 2200/2927 Loss: 0.0300
  Epoch [53/100] Batch 2400/2927 Loss: 0.0387
  Epoch [53/100] Batch 2600/2927 Loss: 0.0316
  Epoch [53/100] Batch 2800/2927 Loss: 0.0460
[EPOCH 53] Train: 0.0312 | Val: 0.0248 | LR: 0.001000 | Time: 12.3s
[SAVE] Nuevo mejor modelo!
  Epoch [54/100] Batch 0/2927 Loss: 0.0328
  Epoch [54/100] Batch 200/2927 Loss: 0.0313
  Epoch [54/100] Batch 400/2927 Loss: 0.0438
  Epoch [54/100] Batch 600/2927 Loss: 0.0355
  Epoch [54/100] Batch 800/2927 Loss: 0.0453
  Epoch [54/100] Batch 1000/2927 Loss: 0.0365
  Epoch [54/100] Batch 1200/2927 Loss: 0.0213
  Epoch [54/100] Batch 1400/2927 Loss: 0.0318
  Epoch [54/100] Batch 1600/2927 Loss: 0.0262
  Epoch [54/100] Batch 1800/2927 Loss: 0.0323
  Epoch [54/100] Batch 2000/2927 Loss: 0.0236
  Epoch [54/100] Batch 2200/2927 Loss: 0.0308
  Epoch [54/100] Batch 2400/2927 Loss: 0.0312
  Epoch [54/100] Batch 2600/2927 Loss: 0.0259
  Epoch [54/100] Batch 2800/2927 Loss: 0.0363
[EPOCH 54] Train: 0.0313 | Val: 0.0243 | LR: 0.001000 | Time: 12.4s
[SAVE] Nuevo mejor modelo!
  Epoch [55/100] Batch 0/2927 Loss: 0.0267
  Epoch [55/100] Batch 200/2927 Loss: 0.0362
  Epoch [55/100] Batch 400/2927 Loss: 0.0351
  Epoch [55/100] Batch 600/2927 Loss: 0.0310
  Epoch [55/100] Batch 800/2927 Loss: 0.0326
  Epoch [55/100] Batch 1000/2927 Loss: 0.0233
  Epoch [55/100] Batch 1200/2927 Loss: 0.0306
  Epoch [55/100] Batch 1400/2927 Loss: 0.0260
  Epoch [55/100] Batch 1600/2927 Loss: 0.0303
  Epoch [55/100] Batch 1800/2927 Loss: 0.0305
  Epoch [55/100] Batch 2000/2927 Loss: 0.0426
  Epoch [55/100] Batch 2200/2927 Loss: 0.0248
  Epoch [55/100] Batch 2400/2927 Loss: 0.0339
  Epoch [55/100] Batch 2600/2927 Loss: 0.0304
  Epoch [55/100] Batch 2800/2927 Loss: 0.0216
[EPOCH 55] Train: 0.0331 | Val: 0.0242 | LR: 0.001000 | Time: 12.4s
[SAVE] Nuevo mejor modelo!
  Epoch [56/100] Batch 0/2927 Loss: 0.0293
  Epoch [56/100] Batch 200/2927 Loss: 0.0355
  Epoch [56/100] Batch 400/2927 Loss: 0.0324
  Epoch [56/100] Batch 600/2927 Loss: 0.0304
  Epoch [56/100] Batch 800/2927 Loss: 0.0361
  Epoch [56/100] Batch 1000/2927 Loss: 0.0312
  Epoch [56/100] Batch 1200/2927 Loss: 0.0355
  Epoch [56/100] Batch 1400/2927 Loss: 0.0325
  Epoch [56/100] Batch 1600/2927 Loss: 0.0283
  Epoch [56/100] Batch 1800/2927 Loss: 0.0342
  Epoch [56/100] Batch 2000/2927 Loss: 0.0212
  Epoch [56/100] Batch 2200/2927 Loss: 0.0313
  Epoch [56/100] Batch 2400/2927 Loss: 0.0385
  Epoch [56/100] Batch 2600/2927 Loss: 0.0262
  Epoch [56/100] Batch 2800/2927 Loss: 0.0300
[EPOCH 56] Train: 0.0311 | Val: 0.0241 | LR: 0.001000 | Time: 12.4s
[SAVE] Nuevo mejor modelo!
  Epoch [57/100] Batch 0/2927 Loss: 0.0261
  Epoch [57/100] Batch 200/2927 Loss: 0.0288
  Epoch [57/100] Batch 400/2927 Loss: 0.0416
  Epoch [57/100] Batch 600/2927 Loss: 0.0290
  Epoch [57/100] Batch 800/2927 Loss: 0.0253
  Epoch [57/100] Batch 1000/2927 Loss: 0.0157
  Epoch [57/100] Batch 1200/2927 Loss: 0.0384
  Epoch [57/100] Batch 1400/2927 Loss: 0.0292
  Epoch [57/100] Batch 1600/2927 Loss: 0.0222
  Epoch [57/100] Batch 1800/2927 Loss: 0.0231
  Epoch [57/100] Batch 2000/2927 Loss: 0.0366
  Epoch [57/100] Batch 2200/2927 Loss: 0.0355
  Epoch [57/100] Batch 2400/2927 Loss: 0.0247
  Epoch [57/100] Batch 2600/2927 Loss: 0.0439
  Epoch [57/100] Batch 2800/2927 Loss: 0.0284
[EPOCH 57] Train: 0.0309 | Val: 0.0241 | LR: 0.001000 | Time: 12.4s
  Epoch [58/100] Batch 0/2927 Loss: 0.0340
  Epoch [58/100] Batch 200/2927 Loss: 0.0257
  Epoch [58/100] Batch 400/2927 Loss: 0.0315
  Epoch [58/100] Batch 600/2927 Loss: 0.0207
  Epoch [58/100] Batch 800/2927 Loss: 0.0221
  Epoch [58/100] Batch 1000/2927 Loss: 0.0292
  Epoch [58/100] Batch 1200/2927 Loss: 0.0309
  Epoch [58/100] Batch 1400/2927 Loss: 0.0317
  Epoch [58/100] Batch 1600/2927 Loss: 0.0430
  Epoch [58/100] Batch 1800/2927 Loss: 0.0321
  Epoch [58/100] Batch 2000/2927 Loss: 0.0241
  Epoch [58/100] Batch 2200/2927 Loss: 0.0320
  Epoch [58/100] Batch 2400/2927 Loss: 0.0354
  Epoch [58/100] Batch 2600/2927 Loss: 0.0262
  Epoch [58/100] Batch 2800/2927 Loss: 0.0234
[EPOCH 58] Train: 0.0311 | Val: 0.0282 | LR: 0.001000 | Time: 12.4s
  Epoch [59/100] Batch 0/2927 Loss: 0.0329
  Epoch [59/100] Batch 200/2927 Loss: 0.0314
  Epoch [59/100] Batch 400/2927 Loss: 0.0266
  Epoch [59/100] Batch 600/2927 Loss: 0.0260
  Epoch [59/100] Batch 800/2927 Loss: 0.0328
  Epoch [59/100] Batch 1000/2927 Loss: 0.0262
  Epoch [59/100] Batch 1200/2927 Loss: 0.0251
  Epoch [59/100] Batch 1400/2927 Loss: 0.0311
  Epoch [59/100] Batch 1600/2927 Loss: 0.0183
  Epoch [59/100] Batch 1800/2927 Loss: 0.0311
  Epoch [59/100] Batch 2000/2927 Loss: 0.0346
  Epoch [59/100] Batch 2200/2927 Loss: 0.0273
  Epoch [59/100] Batch 2400/2927 Loss: 0.0341
  Epoch [59/100] Batch 2600/2927 Loss: 0.0362
  Epoch [59/100] Batch 2800/2927 Loss: 0.0411
[EPOCH 59] Train: 0.0318 | Val: 0.0290 | LR: 0.001000 | Time: 12.4s
  Epoch [60/100] Batch 0/2927 Loss: 0.0323
  Epoch [60/100] Batch 200/2927 Loss: 0.0246
  Epoch [60/100] Batch 400/2927 Loss: 0.0265
  Epoch [60/100] Batch 600/2927 Loss: 0.0259
  Epoch [60/100] Batch 800/2927 Loss: 0.0327
  Epoch [60/100] Batch 1000/2927 Loss: 0.0260
  Epoch [60/100] Batch 1200/2927 Loss: 0.0259
  Epoch [60/100] Batch 1400/2927 Loss: 0.0245
  Epoch [60/100] Batch 1600/2927 Loss: 0.0332
  Epoch [60/100] Batch 1800/2927 Loss: 0.0280
  Epoch [60/100] Batch 2000/2927 Loss: 0.0389
  Epoch [60/100] Batch 2200/2927 Loss: 0.0358
  Epoch [60/100] Batch 2400/2927 Loss: 0.0332
  Epoch [60/100] Batch 2600/2927 Loss: 0.0374
  Epoch [60/100] Batch 2800/2927 Loss: 0.0215
[EPOCH 60] Train: 0.0305 | Val: 0.0239 | LR: 0.001000 | Time: 12.4s
[SAVE] Nuevo mejor modelo!
  Epoch [61/100] Batch 0/2927 Loss: 0.0314
  Epoch [61/100] Batch 200/2927 Loss: 0.0385
  Epoch [61/100] Batch 400/2927 Loss: 0.0359
  Epoch [61/100] Batch 600/2927 Loss: 0.0265
  Epoch [61/100] Batch 800/2927 Loss: 0.0247
  Epoch [61/100] Batch 1000/2927 Loss: 0.0340
  Epoch [61/100] Batch 1200/2927 Loss: 0.0212
  Epoch [61/100] Batch 1400/2927 Loss: 0.0285
  Epoch [61/100] Batch 1600/2927 Loss: 0.0286
  Epoch [61/100] Batch 1800/2927 Loss: 0.0393
  Epoch [61/100] Batch 2000/2927 Loss: 0.0240
  Epoch [61/100] Batch 2200/2927 Loss: 0.0258
  Epoch [61/100] Batch 2400/2927 Loss: 0.0249
  Epoch [61/100] Batch 2600/2927 Loss: 0.0239
  Epoch [61/100] Batch 2800/2927 Loss: 0.0340
[EPOCH 61] Train: 0.0305 | Val: 0.0237 | LR: 0.001000 | Time: 12.4s
[SAVE] Nuevo mejor modelo!
  Epoch [62/100] Batch 0/2927 Loss: 0.0341
  Epoch [62/100] Batch 200/2927 Loss: 0.0259
  Epoch [62/100] Batch 400/2927 Loss: 0.0386
  Epoch [62/100] Batch 600/2927 Loss: 0.0404
  Epoch [62/100] Batch 800/2927 Loss: 0.0285
  Epoch [62/100] Batch 1000/2927 Loss: 0.0272
  Epoch [62/100] Batch 1200/2927 Loss: 0.0268
  Epoch [62/100] Batch 1400/2927 Loss: 0.0271
  Epoch [62/100] Batch 1600/2927 Loss: 0.0255
  Epoch [62/100] Batch 1800/2927 Loss: 0.0206
  Epoch [62/100] Batch 2000/2927 Loss: 0.0242
  Epoch [62/100] Batch 2200/2927 Loss: 0.0236
  Epoch [62/100] Batch 2400/2927 Loss: 0.0258
  Epoch [62/100] Batch 2600/2927 Loss: 0.0220
  Epoch [62/100] Batch 2800/2927 Loss: 0.0354
[EPOCH 62] Train: 0.0303 | Val: 0.0245 | LR: 0.001000 | Time: 12.4s
  Epoch [63/100] Batch 0/2927 Loss: 0.0214
  Epoch [63/100] Batch 200/2927 Loss: 0.0301
  Epoch [63/100] Batch 400/2927 Loss: 0.0312
  Epoch [63/100] Batch 600/2927 Loss: 0.0318
  Epoch [63/100] Batch 800/2927 Loss: 0.0215
  Epoch [63/100] Batch 1000/2927 Loss: 0.0219
  Epoch [63/100] Batch 1200/2927 Loss: 0.0273
  Epoch [63/100] Batch 1400/2927 Loss: 0.0305
  Epoch [63/100] Batch 1600/2927 Loss: 0.0479
  Epoch [63/100] Batch 1800/2927 Loss: 0.0227
  Epoch [63/100] Batch 2000/2927 Loss: 0.0301
  Epoch [63/100] Batch 2200/2927 Loss: 0.0370
  Epoch [63/100] Batch 2400/2927 Loss: 0.0325
  Epoch [63/100] Batch 2600/2927 Loss: 0.0259
  Epoch [63/100] Batch 2800/2927 Loss: 0.0276
[EPOCH 63] Train: 0.0306 | Val: 0.0238 | LR: 0.001000 | Time: 12.4s
  Epoch [64/100] Batch 0/2927 Loss: 0.0264
  Epoch [64/100] Batch 200/2927 Loss: 0.0332
  Epoch [64/100] Batch 400/2927 Loss: 0.0286
  Epoch [64/100] Batch 600/2927 Loss: 0.0383
  Epoch [64/100] Batch 800/2927 Loss: 0.0365
  Epoch [64/100] Batch 1000/2927 Loss: 0.0235
  Epoch [64/100] Batch 1200/2927 Loss: 0.0405
  Epoch [64/100] Batch 1400/2927 Loss: 0.0251
  Epoch [64/100] Batch 1600/2927 Loss: 0.0272
  Epoch [64/100] Batch 1800/2927 Loss: 0.0328
  Epoch [64/100] Batch 2000/2927 Loss: 0.0302
  Epoch [64/100] Batch 2200/2927 Loss: 0.0225
  Epoch [64/100] Batch 2400/2927 Loss: 0.0332
  Epoch [64/100] Batch 2600/2927 Loss: 0.0293
  Epoch [64/100] Batch 2800/2927 Loss: 0.0336
[EPOCH 64] Train: 0.0300 | Val: 0.0243 | LR: 0.001000 | Time: 12.4s
  Epoch [65/100] Batch 0/2927 Loss: 0.0236
  Epoch [65/100] Batch 200/2927 Loss: 0.0238
  Epoch [65/100] Batch 400/2927 Loss: 0.0339
  Epoch [65/100] Batch 600/2927 Loss: 0.0260
  Epoch [65/100] Batch 800/2927 Loss: 0.0220
  Epoch [65/100] Batch 1000/2927 Loss: 0.0356
  Epoch [65/100] Batch 1200/2927 Loss: 0.0332
  Epoch [65/100] Batch 1400/2927 Loss: 0.0330
  Epoch [65/100] Batch 1600/2927 Loss: 0.0380
  Epoch [65/100] Batch 1800/2927 Loss: 0.0275
  Epoch [65/100] Batch 2000/2927 Loss: 0.0190
  Epoch [65/100] Batch 2200/2927 Loss: 0.0223
  Epoch [65/100] Batch 2400/2927 Loss: 0.0303
  Epoch [65/100] Batch 2600/2927 Loss: 0.0325
  Epoch [65/100] Batch 2800/2927 Loss: 0.0399
[EPOCH 65] Train: 0.0298 | Val: 0.0246 | LR: 0.001000 | Time: 12.4s
  Epoch [66/100] Batch 0/2927 Loss: 0.0320
  Epoch [66/100] Batch 200/2927 Loss: 0.0276
  Epoch [66/100] Batch 400/2927 Loss: 0.0262
  Epoch [66/100] Batch 600/2927 Loss: 0.0329
  Epoch [66/100] Batch 800/2927 Loss: 0.0166
  Epoch [66/100] Batch 1000/2927 Loss: 0.0277
  Epoch [66/100] Batch 1200/2927 Loss: 0.0294
  Epoch [66/100] Batch 1400/2927 Loss: 0.0285
  Epoch [66/100] Batch 1600/2927 Loss: 0.0321
  Epoch [66/100] Batch 1800/2927 Loss: 0.0378
  Epoch [66/100] Batch 2000/2927 Loss: 0.0281
  Epoch [66/100] Batch 2200/2927 Loss: 0.0249
  Epoch [66/100] Batch 2400/2927 Loss: 0.0455
  Epoch [66/100] Batch 2600/2927 Loss: 0.0340
  Epoch [66/100] Batch 2800/2927 Loss: 0.0293
[EPOCH 66] Train: 0.0298 | Val: 0.0235 | LR: 0.001000 | Time: 12.4s
[SAVE] Nuevo mejor modelo!
  Epoch [67/100] Batch 0/2927 Loss: 0.0342
  Epoch [67/100] Batch 200/2927 Loss: 0.0257
  Epoch [67/100] Batch 400/2927 Loss: 0.0221
  Epoch [67/100] Batch 600/2927 Loss: 0.0201
  Epoch [67/100] Batch 800/2927 Loss: 0.0321
  Epoch [67/100] Batch 1000/2927 Loss: 0.0333
  Epoch [67/100] Batch 1200/2927 Loss: 0.0285
  Epoch [67/100] Batch 1400/2927 Loss: 0.0293
  Epoch [67/100] Batch 1600/2927 Loss: 0.0242
  Epoch [67/100] Batch 1800/2927 Loss: 0.0414
  Epoch [67/100] Batch 2000/2927 Loss: 0.0293
  Epoch [67/100] Batch 2200/2927 Loss: 0.0347
  Epoch [67/100] Batch 2400/2927 Loss: 0.0209
  Epoch [67/100] Batch 2600/2927 Loss: 0.0262
  Epoch [67/100] Batch 2800/2927 Loss: 0.0309
[EPOCH 67] Train: 0.0297 | Val: 0.0238 | LR: 0.001000 | Time: 12.4s
  Epoch [68/100] Batch 0/2927 Loss: 0.0253
  Epoch [68/100] Batch 200/2927 Loss: 0.0240
  Epoch [68/100] Batch 400/2927 Loss: 0.0249
  Epoch [68/100] Batch 600/2927 Loss: 0.0196
  Epoch [68/100] Batch 800/2927 Loss: 0.0214
  Epoch [68/100] Batch 1000/2927 Loss: 0.0308
  Epoch [68/100] Batch 1200/2927 Loss: 0.0252
  Epoch [68/100] Batch 1400/2927 Loss: 0.0328
  Epoch [68/100] Batch 1600/2927 Loss: 0.0271
  Epoch [68/100] Batch 1800/2927 Loss: 0.0416
  Epoch [68/100] Batch 2000/2927 Loss: 0.0332
  Epoch [68/100] Batch 2200/2927 Loss: 0.0180
  Epoch [68/100] Batch 2400/2927 Loss: 0.0682
  Epoch [68/100] Batch 2600/2927 Loss: 0.0272
  Epoch [68/100] Batch 2800/2927 Loss: 0.0376
[EPOCH 68] Train: 0.0299 | Val: 0.0232 | LR: 0.001000 | Time: 12.4s
[SAVE] Nuevo mejor modelo!
  Epoch [69/100] Batch 0/2927 Loss: 0.0257
  Epoch [69/100] Batch 200/2927 Loss: 0.0309
  Epoch [69/100] Batch 400/2927 Loss: 0.0283
  Epoch [69/100] Batch 600/2927 Loss: 0.0319
  Epoch [69/100] Batch 800/2927 Loss: 0.0438
  Epoch [69/100] Batch 1000/2927 Loss: 0.0295
  Epoch [69/100] Batch 1200/2927 Loss: 0.0263
  Epoch [69/100] Batch 1400/2927 Loss: 0.0158
  Epoch [69/100] Batch 1600/2927 Loss: 0.0280
  Epoch [69/100] Batch 1800/2927 Loss: 0.0219
  Epoch [69/100] Batch 2000/2927 Loss: 0.0227
  Epoch [69/100] Batch 2200/2927 Loss: 0.0267
  Epoch [69/100] Batch 2400/2927 Loss: 0.0287
  Epoch [69/100] Batch 2600/2927 Loss: 0.0331
  Epoch [69/100] Batch 2800/2927 Loss: 0.0285
[EPOCH 69] Train: 0.0295 | Val: 0.0240 | LR: 0.001000 | Time: 12.4s
  Epoch [70/100] Batch 0/2927 Loss: 0.0279
  Epoch [70/100] Batch 200/2927 Loss: 0.0221
  Epoch [70/100] Batch 400/2927 Loss: 0.0300
  Epoch [70/100] Batch 600/2927 Loss: 0.0217
  Epoch [70/100] Batch 800/2927 Loss: 0.0256
  Epoch [70/100] Batch 1000/2927 Loss: 0.0222
  Epoch [70/100] Batch 1200/2927 Loss: 0.0292
  Epoch [70/100] Batch 1400/2927 Loss: 0.0378
  Epoch [70/100] Batch 1600/2927 Loss: 0.0314
  Epoch [70/100] Batch 1800/2927 Loss: 0.0207
  Epoch [70/100] Batch 2000/2927 Loss: 0.0344
  Epoch [70/100] Batch 2200/2927 Loss: 0.0250
  Epoch [70/100] Batch 2400/2927 Loss: 0.0270
  Epoch [70/100] Batch 2600/2927 Loss: 0.0210
  Epoch [70/100] Batch 2800/2927 Loss: 0.0195
[EPOCH 70] Train: 0.0296 | Val: 0.0247 | LR: 0.001000 | Time: 12.4s
  Epoch [71/100] Batch 0/2927 Loss: 0.0219
  Epoch [71/100] Batch 200/2927 Loss: 0.0248
  Epoch [71/100] Batch 400/2927 Loss: 0.0316
  Epoch [71/100] Batch 600/2927 Loss: 0.0222
  Epoch [71/100] Batch 800/2927 Loss: 0.0284
  Epoch [71/100] Batch 1000/2927 Loss: 0.0233
  Epoch [71/100] Batch 1200/2927 Loss: 0.0252
  Epoch [71/100] Batch 1400/2927 Loss: 0.0244
  Epoch [71/100] Batch 1600/2927 Loss: 0.0285
  Epoch [71/100] Batch 1800/2927 Loss: 0.0220
  Epoch [71/100] Batch 2000/2927 Loss: 0.0301
  Epoch [71/100] Batch 2200/2927 Loss: 0.0323
  Epoch [71/100] Batch 2400/2927 Loss: 0.0239
  Epoch [71/100] Batch 2600/2927 Loss: 0.0317
  Epoch [71/100] Batch 2800/2927 Loss: 0.0354
[EPOCH 71] Train: 0.0296 | Val: 0.0227 | LR: 0.001000 | Time: 12.4s
[SAVE] Nuevo mejor modelo!
  Epoch [72/100] Batch 0/2927 Loss: 0.0292
  Epoch [72/100] Batch 200/2927 Loss: 0.0302
  Epoch [72/100] Batch 400/2927 Loss: 0.0226
  Epoch [72/100] Batch 600/2927 Loss: 0.0276
  Epoch [72/100] Batch 800/2927 Loss: 0.0302
  Epoch [72/100] Batch 1000/2927 Loss: 0.0273
  Epoch [72/100] Batch 1200/2927 Loss: 0.0258
  Epoch [72/100] Batch 1400/2927 Loss: 0.0396
  Epoch [72/100] Batch 1600/2927 Loss: 0.0246
  Epoch [72/100] Batch 1800/2927 Loss: 0.0257
  Epoch [72/100] Batch 2000/2927 Loss: 0.0262
  Epoch [72/100] Batch 2200/2927 Loss: 0.0333
  Epoch [72/100] Batch 2400/2927 Loss: 0.0355
  Epoch [72/100] Batch 2600/2927 Loss: 0.0325
  Epoch [72/100] Batch 2800/2927 Loss: 0.0223
[EPOCH 72] Train: 0.0290 | Val: 0.0228 | LR: 0.001000 | Time: 12.4s
  Epoch [73/100] Batch 0/2927 Loss: 0.0275
  Epoch [73/100] Batch 200/2927 Loss: 0.0417
  Epoch [73/100] Batch 400/2927 Loss: 0.0249
  Epoch [73/100] Batch 600/2927 Loss: 0.0291
  Epoch [73/100] Batch 800/2927 Loss: 0.0285
  Epoch [73/100] Batch 1000/2927 Loss: 0.0308
  Epoch [73/100] Batch 1200/2927 Loss: 0.0440
  Epoch [73/100] Batch 1400/2927 Loss: 0.0288
  Epoch [73/100] Batch 1600/2927 Loss: 0.0258
  Epoch [73/100] Batch 1800/2927 Loss: 0.0229
  Epoch [73/100] Batch 2000/2927 Loss: 0.0274
  Epoch [73/100] Batch 2200/2927 Loss: 0.0296
  Epoch [73/100] Batch 2400/2927 Loss: 0.0259
  Epoch [73/100] Batch 2600/2927 Loss: 0.0302
  Epoch [73/100] Batch 2800/2927 Loss: 0.0193
[EPOCH 73] Train: 0.0289 | Val: 0.0225 | LR: 0.001000 | Time: 12.4s
[SAVE] Nuevo mejor modelo!
  Epoch [74/100] Batch 0/2927 Loss: 0.0319
  Epoch [74/100] Batch 200/2927 Loss: 0.0240
  Epoch [74/100] Batch 400/2927 Loss: 0.0463
  Epoch [74/100] Batch 600/2927 Loss: 0.0306
  Epoch [74/100] Batch 800/2927 Loss: 0.0305
  Epoch [74/100] Batch 1000/2927 Loss: 0.0281
  Epoch [74/100] Batch 1200/2927 Loss: 0.0311
  Epoch [74/100] Batch 1400/2927 Loss: 0.0209
  Epoch [74/100] Batch 1600/2927 Loss: 0.0209
  Epoch [74/100] Batch 1800/2927 Loss: 0.0457
  Epoch [74/100] Batch 2000/2927 Loss: 0.0308
  Epoch [74/100] Batch 2200/2927 Loss: 0.0251
  Epoch [74/100] Batch 2400/2927 Loss: 0.0217
  Epoch [74/100] Batch 2600/2927 Loss: 0.0306
  Epoch [74/100] Batch 2800/2927 Loss: 0.0315
[EPOCH 74] Train: 0.0288 | Val: 0.0293 | LR: 0.001000 | Time: 12.4s
  Epoch [75/100] Batch 0/2927 Loss: 0.0372
  Epoch [75/100] Batch 200/2927 Loss: 0.0274
  Epoch [75/100] Batch 400/2927 Loss: 0.0340
  Epoch [75/100] Batch 600/2927 Loss: 0.0278
  Epoch [75/100] Batch 800/2927 Loss: 0.0343
  Epoch [75/100] Batch 1000/2927 Loss: 0.0254
  Epoch [75/100] Batch 1200/2927 Loss: 0.0294
  Epoch [75/100] Batch 1400/2927 Loss: 0.0257
  Epoch [75/100] Batch 1600/2927 Loss: 0.0224
  Epoch [75/100] Batch 1800/2927 Loss: 0.0279
  Epoch [75/100] Batch 2000/2927 Loss: 0.0290
  Epoch [75/100] Batch 2200/2927 Loss: 0.0230
  Epoch [75/100] Batch 2400/2927 Loss: 0.0393
  Epoch [75/100] Batch 2600/2927 Loss: 0.0233
  Epoch [75/100] Batch 2800/2927 Loss: 0.0267
[EPOCH 75] Train: 0.0286 | Val: 0.0258 | LR: 0.001000 | Time: 12.4s
  Epoch [76/100] Batch 0/2927 Loss: 0.0332
  Epoch [76/100] Batch 200/2927 Loss: 0.0311
  Epoch [76/100] Batch 400/2927 Loss: 0.0287
  Epoch [76/100] Batch 600/2927 Loss: 0.0501
  Epoch [76/100] Batch 800/2927 Loss: 0.0303
  Epoch [76/100] Batch 1000/2927 Loss: 0.0218
  Epoch [76/100] Batch 1200/2927 Loss: 0.0644
  Epoch [76/100] Batch 1400/2927 Loss: 0.0296
  Epoch [76/100] Batch 1600/2927 Loss: 0.0308
  Epoch [76/100] Batch 1800/2927 Loss: 0.0228
  Epoch [76/100] Batch 2000/2927 Loss: 0.0273
  Epoch [76/100] Batch 2200/2927 Loss: 0.0228
  Epoch [76/100] Batch 2400/2927 Loss: 0.0279
  Epoch [76/100] Batch 2600/2927 Loss: 0.0204
  Epoch [76/100] Batch 2800/2927 Loss: 0.0282
[EPOCH 76] Train: 0.0285 | Val: 0.0221 | LR: 0.001000 | Time: 12.4s
[SAVE] Nuevo mejor modelo!
  Epoch [77/100] Batch 0/2927 Loss: 0.0296
  Epoch [77/100] Batch 200/2927 Loss: 0.0207
  Epoch [77/100] Batch 400/2927 Loss: 0.0315
  Epoch [77/100] Batch 600/2927 Loss: 0.0252
  Epoch [77/100] Batch 800/2927 Loss: 0.0353
  Epoch [77/100] Batch 1000/2927 Loss: 0.0319
  Epoch [77/100] Batch 1200/2927 Loss: 0.0401
  Epoch [77/100] Batch 1400/2927 Loss: 0.0234
  Epoch [77/100] Batch 1600/2927 Loss: 0.0271
  Epoch [77/100] Batch 1800/2927 Loss: 0.0342
  Epoch [77/100] Batch 2000/2927 Loss: 0.0282
  Epoch [77/100] Batch 2200/2927 Loss: 0.0282
  Epoch [77/100] Batch 2400/2927 Loss: 0.0294
  Epoch [77/100] Batch 2600/2927 Loss: 0.0291
  Epoch [77/100] Batch 2800/2927 Loss: 0.0179
[EPOCH 77] Train: 0.0284 | Val: 0.0231 | LR: 0.001000 | Time: 12.4s
  Epoch [78/100] Batch 0/2927 Loss: 0.0231
  Epoch [78/100] Batch 200/2927 Loss: 0.0255
  Epoch [78/100] Batch 400/2927 Loss: 0.0235
  Epoch [78/100] Batch 600/2927 Loss: 0.0200
  Epoch [78/100] Batch 800/2927 Loss: 0.0235
  Epoch [78/100] Batch 1000/2927 Loss: 0.0244
  Epoch [78/100] Batch 1200/2927 Loss: 0.0262
  Epoch [78/100] Batch 1400/2927 Loss: 0.0270
  Epoch [78/100] Batch 1600/2927 Loss: 0.0250
  Epoch [78/100] Batch 1800/2927 Loss: 0.0321
  Epoch [78/100] Batch 2000/2927 Loss: 0.0301
  Epoch [78/100] Batch 2200/2927 Loss: 0.0324
  Epoch [78/100] Batch 2400/2927 Loss: 0.0411
  Epoch [78/100] Batch 2600/2927 Loss: 0.0347
  Epoch [78/100] Batch 2800/2927 Loss: 0.0337
[EPOCH 78] Train: 0.0285 | Val: 0.0230 | LR: 0.001000 | Time: 12.4s
  Epoch [79/100] Batch 0/2927 Loss: 0.0249
  Epoch [79/100] Batch 200/2927 Loss: 0.0293
  Epoch [79/100] Batch 400/2927 Loss: 0.0365
  Epoch [79/100] Batch 600/2927 Loss: 0.0249
  Epoch [79/100] Batch 800/2927 Loss: 0.0148
  Epoch [79/100] Batch 1000/2927 Loss: 0.0319
  Epoch [79/100] Batch 1200/2927 Loss: 0.0314
  Epoch [79/100] Batch 1400/2927 Loss: 0.0313
  Epoch [79/100] Batch 1600/2927 Loss: 0.0271
  Epoch [79/100] Batch 1800/2927 Loss: 0.0245
  Epoch [79/100] Batch 2000/2927 Loss: 0.0298
  Epoch [79/100] Batch 2200/2927 Loss: 0.0285
  Epoch [79/100] Batch 2400/2927 Loss: 0.0293
  Epoch [79/100] Batch 2600/2927 Loss: 0.0365
  Epoch [79/100] Batch 2800/2927 Loss: 0.0281
[EPOCH 79] Train: 0.0282 | Val: 0.0222 | LR: 0.001000 | Time: 12.4s
  Epoch [80/100] Batch 0/2927 Loss: 0.0288
  Epoch [80/100] Batch 200/2927 Loss: 0.0254
  Epoch [80/100] Batch 400/2927 Loss: 0.0337
  Epoch [80/100] Batch 600/2927 Loss: 0.0214
  Epoch [80/100] Batch 800/2927 Loss: 0.0312
  Epoch [80/100] Batch 1000/2927 Loss: 0.0299
  Epoch [80/100] Batch 1200/2927 Loss: 0.0297
  Epoch [80/100] Batch 1400/2927 Loss: 0.0246
  Epoch [80/100] Batch 1600/2927 Loss: 0.0348
  Epoch [80/100] Batch 1800/2927 Loss: 0.0255
  Epoch [80/100] Batch 2000/2927 Loss: 0.0228
  Epoch [80/100] Batch 2200/2927 Loss: 0.0290
  Epoch [80/100] Batch 2400/2927 Loss: 0.0240
  Epoch [80/100] Batch 2600/2927 Loss: 0.0286
  Epoch [80/100] Batch 2800/2927 Loss: 0.0225
[EPOCH 80] Train: 0.0282 | Val: 0.0224 | LR: 0.001000 | Time: 12.4s
  Epoch [81/100] Batch 0/2927 Loss: 0.0279
  Epoch [81/100] Batch 200/2927 Loss: 0.0326
  Epoch [81/100] Batch 400/2927 Loss: 0.0440
  Epoch [81/100] Batch 600/2927 Loss: 0.0242
  Epoch [81/100] Batch 800/2927 Loss: 0.0400
  Epoch [81/100] Batch 1000/2927 Loss: 0.0234
  Epoch [81/100] Batch 1200/2927 Loss: 0.0297
  Epoch [81/100] Batch 1400/2927 Loss: 0.0283
  Epoch [81/100] Batch 1600/2927 Loss: 0.0246
  Epoch [81/100] Batch 1800/2927 Loss: 0.0242
  Epoch [81/100] Batch 2000/2927 Loss: 0.0272
  Epoch [81/100] Batch 2200/2927 Loss: 0.0263
  Epoch [81/100] Batch 2400/2927 Loss: 0.0332
  Epoch [81/100] Batch 2600/2927 Loss: 0.0317
  Epoch [81/100] Batch 2800/2927 Loss: 0.0337
[EPOCH 81] Train: 0.0282 | Val: 0.0217 | LR: 0.001000 | Time: 12.3s
[SAVE] Nuevo mejor modelo!
  Epoch [82/100] Batch 0/2927 Loss: 0.0330
  Epoch [82/100] Batch 200/2927 Loss: 0.0301
  Epoch [82/100] Batch 400/2927 Loss: 0.0317
  Epoch [82/100] Batch 600/2927 Loss: 0.0224
  Epoch [82/100] Batch 800/2927 Loss: 0.0277
  Epoch [82/100] Batch 1000/2927 Loss: 0.0351
  Epoch [82/100] Batch 1200/2927 Loss: 0.0310
  Epoch [82/100] Batch 1400/2927 Loss: 0.0228
  Epoch [82/100] Batch 1600/2927 Loss: 0.0209
  Epoch [82/100] Batch 1800/2927 Loss: 0.0278
  Epoch [82/100] Batch 2000/2927 Loss: 0.0275
  Epoch [82/100] Batch 2200/2927 Loss: 0.0261
  Epoch [82/100] Batch 2400/2927 Loss: 0.0250
  Epoch [82/100] Batch 2600/2927 Loss: 0.0413
  Epoch [82/100] Batch 2800/2927 Loss: 0.0257
[EPOCH 82] Train: 0.0282 | Val: 0.0210 | LR: 0.001000 | Time: 12.4s
[SAVE] Nuevo mejor modelo!
  Epoch [83/100] Batch 0/2927 Loss: 0.0226
  Epoch [83/100] Batch 200/2927 Loss: 0.0327
  Epoch [83/100] Batch 400/2927 Loss: 0.0377
  Epoch [83/100] Batch 600/2927 Loss: 0.0215
  Epoch [83/100] Batch 800/2927 Loss: 0.0261
  Epoch [83/100] Batch 1000/2927 Loss: 0.0279
  Epoch [83/100] Batch 1200/2927 Loss: 0.0202
  Epoch [83/100] Batch 1400/2927 Loss: 0.0340
  Epoch [83/100] Batch 1600/2927 Loss: 0.0270
  Epoch [83/100] Batch 1800/2927 Loss: 0.0246
  Epoch [83/100] Batch 2000/2927 Loss: 0.0254
  Epoch [83/100] Batch 2200/2927 Loss: 0.0298
  Epoch [83/100] Batch 2400/2927 Loss: 0.0295
  Epoch [83/100] Batch 2600/2927 Loss: 0.0248
  Epoch [83/100] Batch 2800/2927 Loss: 0.0388
[EPOCH 83] Train: 0.0277 | Val: 0.0218 | LR: 0.001000 | Time: 12.4s
  Epoch [84/100] Batch 0/2927 Loss: 0.0190
  Epoch [84/100] Batch 200/2927 Loss: 0.0314
  Epoch [84/100] Batch 400/2927 Loss: 0.0376
  Epoch [84/100] Batch 600/2927 Loss: 0.0138
  Epoch [84/100] Batch 800/2927 Loss: 0.0272
  Epoch [84/100] Batch 1000/2927 Loss: 0.0253
  Epoch [84/100] Batch 1200/2927 Loss: 0.0270
  Epoch [84/100] Batch 1400/2927 Loss: 0.0288
  Epoch [84/100] Batch 1600/2927 Loss: 0.0261
  Epoch [84/100] Batch 1800/2927 Loss: 0.0341
  Epoch [84/100] Batch 2000/2927 Loss: 0.0304
  Epoch [84/100] Batch 2200/2927 Loss: 0.0292
  Epoch [84/100] Batch 2400/2927 Loss: 0.0220
  Epoch [84/100] Batch 2600/2927 Loss: 0.0270
  Epoch [84/100] Batch 2800/2927 Loss: 0.0251
[EPOCH 84] Train: 0.0277 | Val: 0.0221 | LR: 0.001000 | Time: 12.4s
  Epoch [85/100] Batch 0/2927 Loss: 0.0270
  Epoch [85/100] Batch 200/2927 Loss: 0.0260
  Epoch [85/100] Batch 400/2927 Loss: 0.0363
  Epoch [85/100] Batch 600/2927 Loss: 0.0246
  Epoch [85/100] Batch 800/2927 Loss: 0.0180
  Epoch [85/100] Batch 1000/2927 Loss: 0.0289
  Epoch [85/100] Batch 1200/2927 Loss: 0.0215
  Epoch [85/100] Batch 1400/2927 Loss: 0.0277
  Epoch [85/100] Batch 1600/2927 Loss: 0.0467
  Epoch [85/100] Batch 1800/2927 Loss: 0.0322
  Epoch [85/100] Batch 2000/2927 Loss: 0.0197
  Epoch [85/100] Batch 2200/2927 Loss: 0.0257
  Epoch [85/100] Batch 2400/2927 Loss: 0.0244
  Epoch [85/100] Batch 2600/2927 Loss: 0.0133
  Epoch [85/100] Batch 2800/2927 Loss: 0.0241
[EPOCH 85] Train: 0.0276 | Val: 0.0252 | LR: 0.001000 | Time: 12.4s
  Epoch [86/100] Batch 0/2927 Loss: 0.0324
  Epoch [86/100] Batch 200/2927 Loss: 0.0497
  Epoch [86/100] Batch 400/2927 Loss: 0.0245
  Epoch [86/100] Batch 600/2927 Loss: 0.0183
  Epoch [86/100] Batch 800/2927 Loss: 0.0186
  Epoch [86/100] Batch 1000/2927 Loss: 0.0261
  Epoch [86/100] Batch 1200/2927 Loss: 0.0263
  Epoch [86/100] Batch 1400/2927 Loss: 0.0352
  Epoch [86/100] Batch 1600/2927 Loss: 0.0302
  Epoch [86/100] Batch 1800/2927 Loss: 0.0299
  Epoch [86/100] Batch 2000/2927 Loss: 0.0279
  Epoch [86/100] Batch 2200/2927 Loss: 0.0284
  Epoch [86/100] Batch 2400/2927 Loss: 0.0225
  Epoch [86/100] Batch 2600/2927 Loss: 0.0339
  Epoch [86/100] Batch 2800/2927 Loss: 0.0332
[EPOCH 86] Train: 0.0276 | Val: 0.0239 | LR: 0.001000 | Time: 12.4s
  Epoch [87/100] Batch 0/2927 Loss: 0.0260
  Epoch [87/100] Batch 200/2927 Loss: 0.0218
  Epoch [87/100] Batch 400/2927 Loss: 0.0299
  Epoch [87/100] Batch 600/2927 Loss: 0.0229
  Epoch [87/100] Batch 800/2927 Loss: 0.0185
  Epoch [87/100] Batch 1000/2927 Loss: 0.0208
  Epoch [87/100] Batch 1200/2927 Loss: 0.0280
  Epoch [87/100] Batch 1400/2927 Loss: 0.0244
  Epoch [87/100] Batch 1600/2927 Loss: 0.0261
  Epoch [87/100] Batch 1800/2927 Loss: 0.0318
  Epoch [87/100] Batch 2000/2927 Loss: 0.0361
  Epoch [87/100] Batch 2200/2927 Loss: 0.0180
  Epoch [87/100] Batch 2400/2927 Loss: 0.0213
  Epoch [87/100] Batch 2600/2927 Loss: 0.0276
  Epoch [87/100] Batch 2800/2927 Loss: 0.0230
[EPOCH 87] Train: 0.0277 | Val: 0.0210 | LR: 0.001000 | Time: 12.4s
  Epoch [88/100] Batch 0/2927 Loss: 0.0200
  Epoch [88/100] Batch 200/2927 Loss: 0.0260
  Epoch [88/100] Batch 400/2927 Loss: 0.0334
  Epoch [88/100] Batch 600/2927 Loss: 0.0284
  Epoch [88/100] Batch 800/2927 Loss: 0.0206
  Epoch [88/100] Batch 1000/2927 Loss: 0.0259
  Epoch [88/100] Batch 1200/2927 Loss: 0.0295
  Epoch [88/100] Batch 1400/2927 Loss: 0.0210
  Epoch [88/100] Batch 1600/2927 Loss: 0.0257
  Epoch [88/100] Batch 1800/2927 Loss: 0.0185
  Epoch [88/100] Batch 2000/2927 Loss: 0.0255
  Epoch [88/100] Batch 2200/2927 Loss: 0.0230
  Epoch [88/100] Batch 2400/2927 Loss: 0.0230
  Epoch [88/100] Batch 2600/2927 Loss: 0.0210
  Epoch [88/100] Batch 2800/2927 Loss: 0.0317
[EPOCH 88] Train: 0.0275 | Val: 0.0222 | LR: 0.001000 | Time: 12.4s
  Epoch [89/100] Batch 0/2927 Loss: 0.0243
  Epoch [89/100] Batch 200/2927 Loss: 0.0162
  Epoch [89/100] Batch 400/2927 Loss: 0.0333
  Epoch [89/100] Batch 600/2927 Loss: 0.0272
  Epoch [89/100] Batch 800/2927 Loss: 0.0360
  Epoch [89/100] Batch 1000/2927 Loss: 0.0353
  Epoch [89/100] Batch 1200/2927 Loss: 0.0350
  Epoch [89/100] Batch 1400/2927 Loss: 0.0327
  Epoch [89/100] Batch 1600/2927 Loss: 0.0284
  Epoch [89/100] Batch 1800/2927 Loss: 0.0330
  Epoch [89/100] Batch 2000/2927 Loss: 0.0355
  Epoch [89/100] Batch 2200/2927 Loss: 0.0259
  Epoch [89/100] Batch 2400/2927 Loss: 0.0247
  Epoch [89/100] Batch 2600/2927 Loss: 0.0261
  Epoch [89/100] Batch 2800/2927 Loss: 0.0200
[EPOCH 89] Train: 0.0273 | Val: 0.0207 | LR: 0.001000 | Time: 12.5s
[SAVE] Nuevo mejor modelo!
  Epoch [90/100] Batch 0/2927 Loss: 0.0271
  Epoch [90/100] Batch 200/2927 Loss: 0.0310
  Epoch [90/100] Batch 400/2927 Loss: 0.0248
  Epoch [90/100] Batch 600/2927 Loss: 0.0166
  Epoch [90/100] Batch 800/2927 Loss: 0.0719
  Epoch [90/100] Batch 1000/2927 Loss: 0.0244
  Epoch [90/100] Batch 1200/2927 Loss: 0.0284
  Epoch [90/100] Batch 1400/2927 Loss: 0.0263
  Epoch [90/100] Batch 1600/2927 Loss: 0.0229
  Epoch [90/100] Batch 1800/2927 Loss: 0.0305
  Epoch [90/100] Batch 2000/2927 Loss: 0.0298
  Epoch [90/100] Batch 2200/2927 Loss: 0.0252
  Epoch [90/100] Batch 2400/2927 Loss: 0.0262
  Epoch [90/100] Batch 2600/2927 Loss: 0.0282
  Epoch [90/100] Batch 2800/2927 Loss: 0.0199
[EPOCH 90] Train: 0.0272 | Val: 0.0206 | LR: 0.001000 | Time: 12.6s
[SAVE] Nuevo mejor modelo!
  Epoch [91/100] Batch 0/2927 Loss: 0.0136
  Epoch [91/100] Batch 200/2927 Loss: 0.0346
  Epoch [91/100] Batch 400/2927 Loss: 0.0317
  Epoch [91/100] Batch 600/2927 Loss: 0.0300
  Epoch [91/100] Batch 800/2927 Loss: 0.0283
  Epoch [91/100] Batch 1000/2927 Loss: 0.0137
  Epoch [91/100] Batch 1200/2927 Loss: 0.0333
  Epoch [91/100] Batch 1400/2927 Loss: 0.0264
  Epoch [91/100] Batch 1600/2927 Loss: 0.0266
  Epoch [91/100] Batch 1800/2927 Loss: 0.0254
  Epoch [91/100] Batch 2000/2927 Loss: 0.0245
  Epoch [91/100] Batch 2200/2927 Loss: 0.0191
  Epoch [91/100] Batch 2400/2927 Loss: 0.0267
  Epoch [91/100] Batch 2600/2927 Loss: 0.0307
  Epoch [91/100] Batch 2800/2927 Loss: 0.0536
[EPOCH 91] Train: 0.0274 | Val: 0.0209 | LR: 0.001000 | Time: 12.5s
  Epoch [92/100] Batch 0/2927 Loss: 0.0288
  Epoch [92/100] Batch 200/2927 Loss: 0.0196
  Epoch [92/100] Batch 400/2927 Loss: 0.0265
  Epoch [92/100] Batch 600/2927 Loss: 0.0299
  Epoch [92/100] Batch 800/2927 Loss: 0.0299
  Epoch [92/100] Batch 1000/2927 Loss: 0.0326
  Epoch [92/100] Batch 1200/2927 Loss: 0.0375
  Epoch [92/100] Batch 1400/2927 Loss: 0.0297
  Epoch [92/100] Batch 1600/2927 Loss: 0.0228
  Epoch [92/100] Batch 1800/2927 Loss: 0.0332
  Epoch [92/100] Batch 2000/2927 Loss: 0.0281
  Epoch [92/100] Batch 2200/2927 Loss: 0.0270
  Epoch [92/100] Batch 2400/2927 Loss: 0.0248
  Epoch [92/100] Batch 2600/2927 Loss: 0.0261
  Epoch [92/100] Batch 2800/2927 Loss: 0.0480
[EPOCH 92] Train: 0.0273 | Val: 0.0214 | LR: 0.001000 | Time: 12.6s
  Epoch [93/100] Batch 0/2927 Loss: 0.0354
  Epoch [93/100] Batch 200/2927 Loss: 0.0169
  Epoch [93/100] Batch 400/2927 Loss: 0.0206
  Epoch [93/100] Batch 600/2927 Loss: 0.0313
  Epoch [93/100] Batch 800/2927 Loss: 0.0346
  Epoch [93/100] Batch 1000/2927 Loss: 0.0328
  Epoch [93/100] Batch 1200/2927 Loss: 0.0263
  Epoch [93/100] Batch 1400/2927 Loss: 0.0245
  Epoch [93/100] Batch 1600/2927 Loss: 0.0280
  Epoch [93/100] Batch 1800/2927 Loss: 0.0228
  Epoch [93/100] Batch 2000/2927 Loss: 0.0231
  Epoch [93/100] Batch 2200/2927 Loss: 0.0296
  Epoch [93/100] Batch 2400/2927 Loss: 0.0265
  Epoch [93/100] Batch 2600/2927 Loss: 0.0198
  Epoch [93/100] Batch 2800/2927 Loss: 0.0289
[EPOCH 93] Train: 0.0281 | Val: 0.0225 | LR: 0.001000 | Time: 12.6s
  Epoch [94/100] Batch 0/2927 Loss: 0.0291
  Epoch [94/100] Batch 200/2927 Loss: 0.0312
  Epoch [94/100] Batch 400/2927 Loss: 0.0199
  Epoch [94/100] Batch 600/2927 Loss: 0.0256
  Epoch [94/100] Batch 800/2927 Loss: 0.0302
  Epoch [94/100] Batch 1000/2927 Loss: 0.0252
  Epoch [94/100] Batch 1200/2927 Loss: 0.0191
  Epoch [94/100] Batch 1400/2927 Loss: 0.0221
  Epoch [94/100] Batch 1600/2927 Loss: 0.0355
  Epoch [94/100] Batch 1800/2927 Loss: 0.0321
  Epoch [94/100] Batch 2000/2927 Loss: 0.0269
  Epoch [94/100] Batch 2200/2927 Loss: 0.0168
  Epoch [94/100] Batch 2400/2927 Loss: 0.0267
  Epoch [94/100] Batch 2600/2927 Loss: 0.0198
  Epoch [94/100] Batch 2800/2927 Loss: 0.0225
[EPOCH 94] Train: 0.0278 | Val: 0.0214 | LR: 0.001000 | Time: 12.6s
  Epoch [95/100] Batch 0/2927 Loss: 0.0330
  Epoch [95/100] Batch 200/2927 Loss: 0.0169
  Epoch [95/100] Batch 400/2927 Loss: 0.0257
  Epoch [95/100] Batch 600/2927 Loss: 0.0185
  Epoch [95/100] Batch 800/2927 Loss: 0.0302
  Epoch [95/100] Batch 1000/2927 Loss: 0.0252
  Epoch [95/100] Batch 1200/2927 Loss: 0.0249
  Epoch [95/100] Batch 1400/2927 Loss: 0.0300
  Epoch [95/100] Batch 1600/2927 Loss: 0.0228
  Epoch [95/100] Batch 1800/2927 Loss: 0.0256
  Epoch [95/100] Batch 2000/2927 Loss: 0.0221
  Epoch [95/100] Batch 2200/2927 Loss: 0.0226
  Epoch [95/100] Batch 2400/2927 Loss: 0.0256
  Epoch [95/100] Batch 2600/2927 Loss: 0.0195
  Epoch [95/100] Batch 2800/2927 Loss: 0.0224
[EPOCH 95] Train: 0.0275 | Val: 0.0221 | LR: 0.001000 | Time: 12.7s
  Epoch [96/100] Batch 0/2927 Loss: 0.0301
  Epoch [96/100] Batch 200/2927 Loss: 0.0210
  Epoch [96/100] Batch 400/2927 Loss: 0.0320
  Epoch [96/100] Batch 600/2927 Loss: 0.0288
  Epoch [96/100] Batch 800/2927 Loss: 0.0351
  Epoch [96/100] Batch 1000/2927 Loss: 0.0394
  Epoch [96/100] Batch 1200/2927 Loss: 0.0341
  Epoch [96/100] Batch 1400/2927 Loss: 0.0207
  Epoch [96/100] Batch 1600/2927 Loss: 0.0292
  Epoch [96/100] Batch 1800/2927 Loss: 0.0209
  Epoch [96/100] Batch 2000/2927 Loss: 0.0301
  Epoch [96/100] Batch 2200/2927 Loss: 0.0355
  Epoch [96/100] Batch 2400/2927 Loss: 0.0275
  Epoch [96/100] Batch 2600/2927 Loss: 0.0244
  Epoch [96/100] Batch 2800/2927 Loss: 0.0239
[EPOCH 96] Train: 0.0272 | Val: 0.0202 | LR: 0.001000 | Time: 13.0s
[SAVE] Nuevo mejor modelo!
  Epoch [97/100] Batch 0/2927 Loss: 0.0170
  Epoch [97/100] Batch 200/2927 Loss: 0.0287
  Epoch [97/100] Batch 400/2927 Loss: 0.0287
  Epoch [97/100] Batch 600/2927 Loss: 0.0265
  Epoch [97/100] Batch 800/2927 Loss: 0.0346
  Epoch [97/100] Batch 1000/2927 Loss: 0.0301
  Epoch [97/100] Batch 1200/2927 Loss: 0.0315
  Epoch [97/100] Batch 1400/2927 Loss: 0.0308
  Epoch [97/100] Batch 1600/2927 Loss: 0.0273
  Epoch [97/100] Batch 1800/2927 Loss: 0.0182
  Epoch [97/100] Batch 2000/2927 Loss: 0.0259
  Epoch [97/100] Batch 2200/2927 Loss: 0.0404
  Epoch [97/100] Batch 2400/2927 Loss: 0.0193
  Epoch [97/100] Batch 2600/2927 Loss: 0.0282
  Epoch [97/100] Batch 2800/2927 Loss: 0.0213
[EPOCH 97] Train: 0.0267 | Val: 0.0201 | LR: 0.001000 | Time: 12.6s
[SAVE] Nuevo mejor modelo!
  Epoch [98/100] Batch 0/2927 Loss: 0.0193
  Epoch [98/100] Batch 200/2927 Loss: 0.0229
  Epoch [98/100] Batch 400/2927 Loss: 0.0239
  Epoch [98/100] Batch 600/2927 Loss: 0.0329
  Epoch [98/100] Batch 800/2927 Loss: 0.0227
  Epoch [98/100] Batch 1000/2927 Loss: 0.0164
  Epoch [98/100] Batch 1200/2927 Loss: 0.0296
  Epoch [98/100] Batch 1400/2927 Loss: 0.0297
  Epoch [98/100] Batch 1600/2927 Loss: 0.0279
  Epoch [98/100] Batch 1800/2927 Loss: 0.0293
  Epoch [98/100] Batch 2000/2927 Loss: 0.0318
  Epoch [98/100] Batch 2200/2927 Loss: 0.0202
  Epoch [98/100] Batch 2400/2927 Loss: 0.0216
  Epoch [98/100] Batch 2600/2927 Loss: 0.0169
  Epoch [98/100] Batch 2800/2927 Loss: 0.0260
[EPOCH 98] Train: 0.0267 | Val: 0.0234 | LR: 0.001000 | Time: 12.7s
  Epoch [99/100] Batch 0/2927 Loss: 0.0394
  Epoch [99/100] Batch 200/2927 Loss: 0.0203
  Epoch [99/100] Batch 400/2927 Loss: 0.0224
  Epoch [99/100] Batch 600/2927 Loss: 0.0253
  Epoch [99/100] Batch 800/2927 Loss: 0.0295
  Epoch [99/100] Batch 1000/2927 Loss: 0.0251
  Epoch [99/100] Batch 1200/2927 Loss: 0.0328
  Epoch [99/100] Batch 1400/2927 Loss: 0.0285
  Epoch [99/100] Batch 1600/2927 Loss: 0.0215
  Epoch [99/100] Batch 1800/2927 Loss: 0.0234
  Epoch [99/100] Batch 2000/2927 Loss: 0.0184
  Epoch [99/100] Batch 2200/2927 Loss: 0.0264
  Epoch [99/100] Batch 2400/2927 Loss: 0.0229
  Epoch [99/100] Batch 2600/2927 Loss: 0.0230
  Epoch [99/100] Batch 2800/2927 Loss: 0.0279
[EPOCH 99] Train: 0.0265 | Val: 0.0211 | LR: 0.001000 | Time: 12.6s
  Epoch [100/100] Batch 0/2927 Loss: 0.0250
  Epoch [100/100] Batch 200/2927 Loss: 0.0249
  Epoch [100/100] Batch 400/2927 Loss: 0.0270
  Epoch [100/100] Batch 600/2927 Loss: 0.0364
  Epoch [100/100] Batch 800/2927 Loss: 0.0286
  Epoch [100/100] Batch 1000/2927 Loss: 0.0204
  Epoch [100/100] Batch 1200/2927 Loss: 0.0150
  Epoch [100/100] Batch 1400/2927 Loss: 0.0243
  Epoch [100/100] Batch 1600/2927 Loss: 0.0295
  Epoch [100/100] Batch 1800/2927 Loss: 0.0297
  Epoch [100/100] Batch 2000/2927 Loss: 0.0177
  Epoch [100/100] Batch 2200/2927 Loss: 0.0328
  Epoch [100/100] Batch 2400/2927 Loss: 0.0295
  Epoch [100/100] Batch 2600/2927 Loss: 0.0251
  Epoch [100/100] Batch 2800/2927 Loss: 0.0282
[EPOCH 100] Train: 0.0266 | Val: 0.0218 | LR: 0.001000 | Time: 12.6s

[DONE] 20.7 min. Mejor Val: 0.0201
