--- ENTRENAMIENTO EXP E FASE 3 (settransformer): nmr_202k_e3_settransformer_2sets_19v ---
[INFO] Dispositivo: cuda
[INFO] Extrayendo formulas moleculares (C,H,N,O,S,Hal)...
[INFO] Formulas moleculares cargadas.
[INFO] Split congelado: SMILES invalidos=0 | train=187314 (leak removido=723) | val=14428
[INFO] Parametros totales del modelo (settransformer): 70,163 (chico por diseno; V10 ~8,603,299)
[INFO] Scheduler: patience=8, factor=0.7

[START] 100 epochs...
  Epoch [1/100] Batch 0/2927 Loss: 41.1624
  Epoch [1/100] Batch 200/2927 Loss: 0.4858
  Epoch [1/100] Batch 400/2927 Loss: 0.3528
  Epoch [1/100] Batch 600/2927 Loss: 0.3797
  Epoch [1/100] Batch 800/2927 Loss: 0.2873
  Epoch [1/100] Batch 1000/2927 Loss: 0.2497
  Epoch [1/100] Batch 1200/2927 Loss: 0.1701
  Epoch [1/100] Batch 1400/2927 Loss: 0.1885
  Epoch [1/100] Batch 1600/2927 Loss: 0.1704
  Epoch [1/100] Batch 1800/2927 Loss: 0.1615
  Epoch [1/100] Batch 2000/2927 Loss: 0.1690
  Epoch [1/100] Batch 2200/2927 Loss: 0.1553
  Epoch [1/100] Batch 2400/2927 Loss: 0.1402
  Epoch [1/100] Batch 2600/2927 Loss: 0.1579
  Epoch [1/100] Batch 2800/2927 Loss: 0.1216
[EPOCH 1] Train: 0.3306 | Val: 0.0992 | LR: 0.001000 | Time: 28.1s
[SAVE] Nuevo mejor modelo!
  Epoch [2/100] Batch 0/2927 Loss: 0.1127
  Epoch [2/100] Batch 200/2927 Loss: 0.1426
  Epoch [2/100] Batch 400/2927 Loss: 0.1193
  Epoch [2/100] Batch 600/2927 Loss: 0.1175
  Epoch [2/100] Batch 800/2927 Loss: 0.1082
  Epoch [2/100] Batch 1000/2927 Loss: 0.0889
  Epoch [2/100] Batch 1200/2927 Loss: 0.0777
  Epoch [2/100] Batch 1400/2927 Loss: 0.1417
  Epoch [2/100] Batch 1600/2927 Loss: 0.0628
  Epoch [2/100] Batch 1800/2927 Loss: 0.0702
  Epoch [2/100] Batch 2000/2927 Loss: 0.0711
  Epoch [2/100] Batch 2200/2927 Loss: 0.0822
  Epoch [2/100] Batch 2400/2927 Loss: 0.0502
  Epoch [2/100] Batch 2600/2927 Loss: 0.0741
  Epoch [2/100] Batch 2800/2927 Loss: 0.1144
[EPOCH 2] Train: 0.0857 | Val: 0.0524 | LR: 0.001000 | Time: 23.0s
[SAVE] Nuevo mejor modelo!
  Epoch [3/100] Batch 0/2927 Loss: 0.0686
  Epoch [3/100] Batch 200/2927 Loss: 0.0671
  Epoch [3/100] Batch 400/2927 Loss: 0.1461
  Epoch [3/100] Batch 600/2927 Loss: 0.0339
  Epoch [3/100] Batch 800/2927 Loss: 0.0627
  Epoch [3/100] Batch 1000/2927 Loss: 0.0470
  Epoch [3/100] Batch 1200/2927 Loss: 0.0504
  Epoch [3/100] Batch 1400/2927 Loss: 0.0533
  Epoch [3/100] Batch 1600/2927 Loss: 0.0458
  Epoch [3/100] Batch 1800/2927 Loss: 0.1533
  Epoch [3/100] Batch 2000/2927 Loss: 0.0487
  Epoch [3/100] Batch 2200/2927 Loss: 0.0520
  Epoch [3/100] Batch 2400/2927 Loss: 0.0458
  Epoch [3/100] Batch 2600/2927 Loss: 0.0423
  Epoch [3/100] Batch 2800/2927 Loss: 0.0411
[EPOCH 3] Train: 0.0554 | Val: 0.0375 | LR: 0.001000 | Time: 23.1s
[SAVE] Nuevo mejor modelo!
  Epoch [4/100] Batch 0/2927 Loss: 0.0501
  Epoch [4/100] Batch 200/2927 Loss: 0.0439
  Epoch [4/100] Batch 400/2927 Loss: 0.0485
  Epoch [4/100] Batch 600/2927 Loss: 0.0511
  Epoch [4/100] Batch 800/2927 Loss: 0.0327
  Epoch [4/100] Batch 1000/2927 Loss: 0.0528
  Epoch [4/100] Batch 1200/2927 Loss: 0.0420
  Epoch [4/100] Batch 1400/2927 Loss: 0.0326
  Epoch [4/100] Batch 1600/2927 Loss: 0.0625
  Epoch [4/100] Batch 1800/2927 Loss: 0.0353
  Epoch [4/100] Batch 2000/2927 Loss: 0.0368
  Epoch [4/100] Batch 2200/2927 Loss: 0.0352
  Epoch [4/100] Batch 2400/2927 Loss: 0.0510
  Epoch [4/100] Batch 2600/2927 Loss: 0.0466
  Epoch [4/100] Batch 2800/2927 Loss: 0.0426
[EPOCH 4] Train: 0.0440 | Val: 0.0308 | LR: 0.001000 | Time: 23.1s
[SAVE] Nuevo mejor modelo!
  Epoch [5/100] Batch 0/2927 Loss: 0.0297
  Epoch [5/100] Batch 200/2927 Loss: 0.0404
  Epoch [5/100] Batch 400/2927 Loss: 0.0469
  Epoch [5/100] Batch 600/2927 Loss: 0.0337
  Epoch [5/100] Batch 800/2927 Loss: 0.0360
  Epoch [5/100] Batch 1000/2927 Loss: 0.0491
  Epoch [5/100] Batch 1200/2927 Loss: 0.0358
  Epoch [5/100] Batch 1400/2927 Loss: 0.0262
  Epoch [5/100] Batch 1600/2927 Loss: 0.0366
  Epoch [5/100] Batch 1800/2927 Loss: 0.0298
  Epoch [5/100] Batch 2000/2927 Loss: 0.0548
  Epoch [5/100] Batch 2200/2927 Loss: 0.0196
  Epoch [5/100] Batch 2400/2927 Loss: 0.0480
  Epoch [5/100] Batch 2600/2927 Loss: 0.0247
  Epoch [5/100] Batch 2800/2927 Loss: 0.0532
[EPOCH 5] Train: 0.0391 | Val: 0.0294 | LR: 0.001000 | Time: 23.1s
[SAVE] Nuevo mejor modelo!
  Epoch [6/100] Batch 0/2927 Loss: 0.0395
  Epoch [6/100] Batch 200/2927 Loss: 0.0309
  Epoch [6/100] Batch 400/2927 Loss: 0.0353
  Epoch [6/100] Batch 600/2927 Loss: 0.0334
  Epoch [6/100] Batch 800/2927 Loss: 0.0289
  Epoch [6/100] Batch 1000/2927 Loss: 0.0346
  Epoch [6/100] Batch 1200/2927 Loss: 0.0213
  Epoch [6/100] Batch 1400/2927 Loss: 0.0309
  Epoch [6/100] Batch 1600/2927 Loss: 0.0359
  Epoch [6/100] Batch 1800/2927 Loss: 0.0318
  Epoch [6/100] Batch 2000/2927 Loss: 0.0225
  Epoch [6/100] Batch 2200/2927 Loss: 0.0344
  Epoch [6/100] Batch 2400/2927 Loss: 0.2049
  Epoch [6/100] Batch 2600/2927 Loss: 0.0220
  Epoch [6/100] Batch 2800/2927 Loss: 0.0291
[EPOCH 6] Train: 0.0353 | Val: 0.0297 | LR: 0.001000 | Time: 23.2s
  Epoch [7/100] Batch 0/2927 Loss: 0.0412
  Epoch [7/100] Batch 200/2927 Loss: 0.0380
  Epoch [7/100] Batch 400/2927 Loss: 0.0296
  Epoch [7/100] Batch 600/2927 Loss: 0.0418
  Epoch [7/100] Batch 800/2927 Loss: 0.0393
  Epoch [7/100] Batch 1000/2927 Loss: 0.0258
  Epoch [7/100] Batch 1200/2927 Loss: 0.0397
  Epoch [7/100] Batch 1400/2927 Loss: 0.0295
  Epoch [7/100] Batch 1600/2927 Loss: 0.0500
  Epoch [7/100] Batch 1800/2927 Loss: 0.0225
  Epoch [7/100] Batch 2000/2927 Loss: 0.0368
  Epoch [7/100] Batch 2200/2927 Loss: 0.0294
  Epoch [7/100] Batch 2400/2927 Loss: 0.0288
  Epoch [7/100] Batch 2600/2927 Loss: 0.0322
  Epoch [7/100] Batch 2800/2927 Loss: 0.0331
[EPOCH 7] Train: 0.0334 | Val: 0.0270 | LR: 0.001000 | Time: 23.2s
[SAVE] Nuevo mejor modelo!
  Epoch [8/100] Batch 0/2927 Loss: 0.0327
  Epoch [8/100] Batch 200/2927 Loss: 0.0390
  Epoch [8/100] Batch 400/2927 Loss: 0.0310
  Epoch [8/100] Batch 600/2927 Loss: 0.0356
  Epoch [8/100] Batch 800/2927 Loss: 0.0290
  Epoch [8/100] Batch 1000/2927 Loss: 0.0254
  Epoch [8/100] Batch 1200/2927 Loss: 0.0267
  Epoch [8/100] Batch 1400/2927 Loss: 0.0266
  Epoch [8/100] Batch 1600/2927 Loss: 0.0233
  Epoch [8/100] Batch 1800/2927 Loss: 0.0216
  Epoch [8/100] Batch 2000/2927 Loss: 0.0355
  Epoch [8/100] Batch 2200/2927 Loss: 0.0193
  Epoch [8/100] Batch 2400/2927 Loss: 0.0353
  Epoch [8/100] Batch 2600/2927 Loss: 0.0403
  Epoch [8/100] Batch 2800/2927 Loss: 0.0330
[EPOCH 8] Train: 0.0313 | Val: 0.0283 | LR: 0.001000 | Time: 23.2s
  Epoch [9/100] Batch 0/2927 Loss: 0.0251
  Epoch [9/100] Batch 200/2927 Loss: 0.0283
  Epoch [9/100] Batch 400/2927 Loss: 0.0246
  Epoch [9/100] Batch 600/2927 Loss: 0.0290
  Epoch [9/100] Batch 800/2927 Loss: 0.0284
  Epoch [9/100] Batch 1000/2927 Loss: 0.0262
  Epoch [9/100] Batch 1200/2927 Loss: 0.0311
  Epoch [9/100] Batch 1400/2927 Loss: 0.0395
  Epoch [9/100] Batch 1600/2927 Loss: 0.0299
  Epoch [9/100] Batch 1800/2927 Loss: 0.0353
  Epoch [9/100] Batch 2000/2927 Loss: 0.0225
  Epoch [9/100] Batch 2200/2927 Loss: 0.0373
  Epoch [9/100] Batch 2400/2927 Loss: 0.0261
  Epoch [9/100] Batch 2600/2927 Loss: 0.0329
  Epoch [9/100] Batch 2800/2927 Loss: 0.0198
[EPOCH 9] Train: 0.0294 | Val: 0.0219 | LR: 0.001000 | Time: 23.2s
[SAVE] Nuevo mejor modelo!
  Epoch [10/100] Batch 0/2927 Loss: 0.0247
  Epoch [10/100] Batch 200/2927 Loss: 0.0207
  Epoch [10/100] Batch 400/2927 Loss: 0.0225
  Epoch [10/100] Batch 600/2927 Loss: 0.0240
  Epoch [10/100] Batch 800/2927 Loss: 0.0301
  Epoch [10/100] Batch 1000/2927 Loss: 0.0246
  Epoch [10/100] Batch 1200/2927 Loss: 0.0209
  Epoch [10/100] Batch 1400/2927 Loss: 0.0265
  Epoch [10/100] Batch 1600/2927 Loss: 0.0377
  Epoch [10/100] Batch 1800/2927 Loss: 0.0193
  Epoch [10/100] Batch 2000/2927 Loss: 0.0293
  Epoch [10/100] Batch 2200/2927 Loss: 0.0275
  Epoch [10/100] Batch 2400/2927 Loss: 0.0196
  Epoch [10/100] Batch 2600/2927 Loss: 0.0435
  Epoch [10/100] Batch 2800/2927 Loss: 0.0216
[EPOCH 10] Train: 0.0283 | Val: 0.0225 | LR: 0.001000 | Time: 23.2s
  Epoch [11/100] Batch 0/2927 Loss: 0.0282
  Epoch [11/100] Batch 200/2927 Loss: 0.0257
  Epoch [11/100] Batch 400/2927 Loss: 0.0231
  Epoch [11/100] Batch 600/2927 Loss: 0.0246
  Epoch [11/100] Batch 800/2927 Loss: 0.0218
  Epoch [11/100] Batch 1000/2927 Loss: 0.0385
  Epoch [11/100] Batch 1200/2927 Loss: 0.0209
  Epoch [11/100] Batch 1400/2927 Loss: 0.0157
  Epoch [11/100] Batch 1600/2927 Loss: 0.0229
  Epoch [11/100] Batch 1800/2927 Loss: 0.0321
  Epoch [11/100] Batch 2000/2927 Loss: 0.0204
  Epoch [11/100] Batch 2200/2927 Loss: 0.0277
  Epoch [11/100] Batch 2400/2927 Loss: 0.0224
  Epoch [11/100] Batch 2600/2927 Loss: 0.0257
  Epoch [11/100] Batch 2800/2927 Loss: 0.0394
[EPOCH 11] Train: 0.0274 | Val: 0.0193 | LR: 0.001000 | Time: 23.3s
[SAVE] Nuevo mejor modelo!
  Epoch [12/100] Batch 0/2927 Loss: 0.0246
  Epoch [12/100] Batch 200/2927 Loss: 0.0449
  Epoch [12/100] Batch 400/2927 Loss: 0.0498
  Epoch [12/100] Batch 600/2927 Loss: 0.0220
  Epoch [12/100] Batch 800/2927 Loss: 0.0312
  Epoch [12/100] Batch 1000/2927 Loss: 0.0225
  Epoch [12/100] Batch 1200/2927 Loss: 0.0154
  Epoch [12/100] Batch 1400/2927 Loss: 0.0232
  Epoch [12/100] Batch 1600/2927 Loss: 0.0285
  Epoch [12/100] Batch 1800/2927 Loss: 0.0192
  Epoch [12/100] Batch 2000/2927 Loss: 0.0192
  Epoch [12/100] Batch 2200/2927 Loss: 0.0274
  Epoch [12/100] Batch 2400/2927 Loss: 0.0301
  Epoch [12/100] Batch 2600/2927 Loss: 0.0205
  Epoch [12/100] Batch 2800/2927 Loss: 0.0239
[EPOCH 12] Train: 0.0262 | Val: 0.0233 | LR: 0.001000 | Time: 23.3s
  Epoch [13/100] Batch 0/2927 Loss: 0.0249
  Epoch [13/100] Batch 200/2927 Loss: 0.0339
  Epoch [13/100] Batch 400/2927 Loss: 0.0215
  Epoch [13/100] Batch 600/2927 Loss: 0.0236
  Epoch [13/100] Batch 800/2927 Loss: 0.0259
  Epoch [13/100] Batch 1000/2927 Loss: 0.0244
  Epoch [13/100] Batch 1200/2927 Loss: 0.0399
  Epoch [13/100] Batch 1400/2927 Loss: 0.0153
  Epoch [13/100] Batch 1600/2927 Loss: 0.0282
  Epoch [13/100] Batch 1800/2927 Loss: 0.0233
  Epoch [13/100] Batch 2000/2927 Loss: 0.0290
  Epoch [13/100] Batch 2200/2927 Loss: 0.0241
  Epoch [13/100] Batch 2400/2927 Loss: 0.0182
  Epoch [13/100] Batch 2600/2927 Loss: 0.0271
  Epoch [13/100] Batch 2800/2927 Loss: 0.0238
[EPOCH 13] Train: 0.0253 | Val: 0.0199 | LR: 0.001000 | Time: 23.3s
  Epoch [14/100] Batch 0/2927 Loss: 0.0221
  Epoch [14/100] Batch 200/2927 Loss: 0.0216
  Epoch [14/100] Batch 400/2927 Loss: 0.0256
  Epoch [14/100] Batch 600/2927 Loss: 0.0265
  Epoch [14/100] Batch 800/2927 Loss: 0.0173
  Epoch [14/100] Batch 1000/2927 Loss: 0.0431
  Epoch [14/100] Batch 1200/2927 Loss: 0.0178
  Epoch [14/100] Batch 1400/2927 Loss: 0.0262
  Epoch [14/100] Batch 1600/2927 Loss: 0.0369
  Epoch [14/100] Batch 1800/2927 Loss: 0.0232
  Epoch [14/100] Batch 2000/2927 Loss: 0.0243
  Epoch [14/100] Batch 2200/2927 Loss: 0.0245
  Epoch [14/100] Batch 2400/2927 Loss: 0.0201
  Epoch [14/100] Batch 2600/2927 Loss: 0.0314
  Epoch [14/100] Batch 2800/2927 Loss: 0.0187
[EPOCH 14] Train: 0.0246 | Val: 0.0170 | LR: 0.001000 | Time: 23.3s
[SAVE] Nuevo mejor modelo!
  Epoch [15/100] Batch 0/2927 Loss: 0.0218
  Epoch [15/100] Batch 200/2927 Loss: 0.0273
  Epoch [15/100] Batch 400/2927 Loss: 0.0178
  Epoch [15/100] Batch 600/2927 Loss: 0.0230
  Epoch [15/100] Batch 800/2927 Loss: 0.0231
  Epoch [15/100] Batch 1000/2927 Loss: 0.0237
  Epoch [15/100] Batch 1200/2927 Loss: 0.0286
  Epoch [15/100] Batch 1400/2927 Loss: 0.0238
  Epoch [15/100] Batch 1600/2927 Loss: 0.0198
  Epoch [15/100] Batch 1800/2927 Loss: 0.0316
  Epoch [15/100] Batch 2000/2927 Loss: 0.0140
  Epoch [15/100] Batch 2200/2927 Loss: 0.0211
  Epoch [15/100] Batch 2400/2927 Loss: 0.0277
  Epoch [15/100] Batch 2600/2927 Loss: 0.0165
  Epoch [15/100] Batch 2800/2927 Loss: 0.0377
[EPOCH 15] Train: 0.0238 | Val: 0.0197 | LR: 0.001000 | Time: 23.3s
  Epoch [16/100] Batch 0/2927 Loss: 0.0151
  Epoch [16/100] Batch 200/2927 Loss: 0.0231
  Epoch [16/100] Batch 400/2927 Loss: 0.0203
  Epoch [16/100] Batch 600/2927 Loss: 0.0328
  Epoch [16/100] Batch 800/2927 Loss: 0.0183
  Epoch [16/100] Batch 1000/2927 Loss: 0.0175
  Epoch [16/100] Batch 1200/2927 Loss: 0.0191
  Epoch [16/100] Batch 1400/2927 Loss: 0.0266
  Epoch [16/100] Batch 1600/2927 Loss: 0.0244
  Epoch [16/100] Batch 1800/2927 Loss: 0.0198
  Epoch [16/100] Batch 2000/2927 Loss: 0.0127
  Epoch [16/100] Batch 2200/2927 Loss: 0.0198
  Epoch [16/100] Batch 2400/2927 Loss: 0.0280
  Epoch [16/100] Batch 2600/2927 Loss: 0.0198
  Epoch [16/100] Batch 2800/2927 Loss: 0.0255
[EPOCH 16] Train: 0.0235 | Val: 0.0185 | LR: 0.001000 | Time: 23.3s
  Epoch [17/100] Batch 0/2927 Loss: 0.0209
  Epoch [17/100] Batch 200/2927 Loss: 0.0280
  Epoch [17/100] Batch 400/2927 Loss: 0.0174
  Epoch [17/100] Batch 600/2927 Loss: 0.0206
  Epoch [17/100] Batch 800/2927 Loss: 0.0156
  Epoch [17/100] Batch 1000/2927 Loss: 0.0361
  Epoch [17/100] Batch 1200/2927 Loss: 0.0180
  Epoch [17/100] Batch 1400/2927 Loss: 0.0304
  Epoch [17/100] Batch 1600/2927 Loss: 0.0185
  Epoch [17/100] Batch 1800/2927 Loss: 0.0237
  Epoch [17/100] Batch 2000/2927 Loss: 0.0187
  Epoch [17/100] Batch 2200/2927 Loss: 0.0262
  Epoch [17/100] Batch 2400/2927 Loss: 0.0418
  Epoch [17/100] Batch 2600/2927 Loss: 0.0187
  Epoch [17/100] Batch 2800/2927 Loss: 0.0194
[EPOCH 17] Train: 0.0227 | Val: 0.0175 | LR: 0.001000 | Time: 23.3s
  Epoch [18/100] Batch 0/2927 Loss: 0.0137
  Epoch [18/100] Batch 200/2927 Loss: 0.0262
  Epoch [18/100] Batch 400/2927 Loss: 0.0202
  Epoch [18/100] Batch 600/2927 Loss: 0.0130
  Epoch [18/100] Batch 800/2927 Loss: 0.0244
  Epoch [18/100] Batch 1000/2927 Loss: 0.0234
  Epoch [18/100] Batch 1200/2927 Loss: 0.0293
  Epoch [18/100] Batch 1400/2927 Loss: 0.0117
  Epoch [18/100] Batch 1600/2927 Loss: 0.0103
  Epoch [18/100] Batch 1800/2927 Loss: 0.0229
  Epoch [18/100] Batch 2000/2927 Loss: 0.0150
  Epoch [18/100] Batch 2200/2927 Loss: 0.0208
  Epoch [18/100] Batch 2400/2927 Loss: 0.0266
  Epoch [18/100] Batch 2600/2927 Loss: 0.0177
  Epoch [18/100] Batch 2800/2927 Loss: 0.0195
[EPOCH 18] Train: 0.0223 | Val: 0.0162 | LR: 0.001000 | Time: 23.3s
[SAVE] Nuevo mejor modelo!
  Epoch [19/100] Batch 0/2927 Loss: 0.0209
  Epoch [19/100] Batch 200/2927 Loss: 0.0178
  Epoch [19/100] Batch 400/2927 Loss: 0.0327
  Epoch [19/100] Batch 600/2927 Loss: 0.0204
  Epoch [19/100] Batch 800/2927 Loss: 0.0198
  Epoch [19/100] Batch 1000/2927 Loss: 0.0262
  Epoch [19/100] Batch 1200/2927 Loss: 0.0213
  Epoch [19/100] Batch 1400/2927 Loss: 0.0201
  Epoch [19/100] Batch 1600/2927 Loss: 0.0231
  Epoch [19/100] Batch 1800/2927 Loss: 0.0259
  Epoch [19/100] Batch 2000/2927 Loss: 0.0191
  Epoch [19/100] Batch 2200/2927 Loss: 0.0176
  Epoch [19/100] Batch 2400/2927 Loss: 0.0221
  Epoch [19/100] Batch 2600/2927 Loss: 0.0281
  Epoch [19/100] Batch 2800/2927 Loss: 0.0164
[EPOCH 19] Train: 0.0219 | Val: 0.0157 | LR: 0.001000 | Time: 23.3s
[SAVE] Nuevo mejor modelo!
  Epoch [20/100] Batch 0/2927 Loss: 0.0222
  Epoch [20/100] Batch 200/2927 Loss: 0.0279
  Epoch [20/100] Batch 400/2927 Loss: 0.0205
  Epoch [20/100] Batch 600/2927 Loss: 0.0164
  Epoch [20/100] Batch 800/2927 Loss: 0.0214
  Epoch [20/100] Batch 1000/2927 Loss: 0.0180
  Epoch [20/100] Batch 1200/2927 Loss: 0.0246
  Epoch [20/100] Batch 1400/2927 Loss: 0.0272
  Epoch [20/100] Batch 1600/2927 Loss: 0.0099
  Epoch [20/100] Batch 1800/2927 Loss: 0.0217
  Epoch [20/100] Batch 2000/2927 Loss: 0.0243
  Epoch [20/100] Batch 2200/2927 Loss: 0.0113
  Epoch [20/100] Batch 2400/2927 Loss: 0.0159
  Epoch [20/100] Batch 2600/2927 Loss: 0.0197
  Epoch [20/100] Batch 2800/2927 Loss: 0.0224
[EPOCH 20] Train: 0.0214 | Val: 0.0158 | LR: 0.001000 | Time: 23.3s
  Epoch [21/100] Batch 0/2927 Loss: 0.0227
  Epoch [21/100] Batch 200/2927 Loss: 0.0231
  Epoch [21/100] Batch 400/2927 Loss: 0.0236
  Epoch [21/100] Batch 600/2927 Loss: 0.0331
  Epoch [21/100] Batch 800/2927 Loss: 0.0227
  Epoch [21/100] Batch 1000/2927 Loss: 0.0264
  Epoch [21/100] Batch 1200/2927 Loss: 0.0260
  Epoch [21/100] Batch 1400/2927 Loss: 0.0164
  Epoch [21/100] Batch 1600/2927 Loss: 0.0268
  Epoch [21/100] Batch 1800/2927 Loss: 0.0236
  Epoch [21/100] Batch 2000/2927 Loss: 0.0201
  Epoch [21/100] Batch 2200/2927 Loss: 0.0236
  Epoch [21/100] Batch 2400/2927 Loss: 0.0293
  Epoch [21/100] Batch 2600/2927 Loss: 0.0142
  Epoch [21/100] Batch 2800/2927 Loss: 0.0237
[EPOCH 21] Train: 0.0210 | Val: 0.0150 | LR: 0.001000 | Time: 23.3s
[SAVE] Nuevo mejor modelo!
  Epoch [22/100] Batch 0/2927 Loss: 0.0101
  Epoch [22/100] Batch 200/2927 Loss: 0.0213
  Epoch [22/100] Batch 400/2927 Loss: 0.0140
  Epoch [22/100] Batch 600/2927 Loss: 0.0210
  Epoch [22/100] Batch 800/2927 Loss: 0.0201
  Epoch [22/100] Batch 1000/2927 Loss: 0.0234
  Epoch [22/100] Batch 1200/2927 Loss: 0.0206
  Epoch [22/100] Batch 1400/2927 Loss: 0.0205
  Epoch [22/100] Batch 1600/2927 Loss: 0.0186
  Epoch [22/100] Batch 1800/2927 Loss: 0.0303
  Epoch [22/100] Batch 2000/2927 Loss: 0.0144
  Epoch [22/100] Batch 2200/2927 Loss: 0.0178
  Epoch [22/100] Batch 2400/2927 Loss: 0.0198
  Epoch [22/100] Batch 2600/2927 Loss: 0.0190
  Epoch [22/100] Batch 2800/2927 Loss: 0.0132
[EPOCH 22] Train: 0.0206 | Val: 0.0153 | LR: 0.001000 | Time: 23.3s
  Epoch [23/100] Batch 0/2927 Loss: 0.0155
  Epoch [23/100] Batch 200/2927 Loss: 0.0205
  Epoch [23/100] Batch 400/2927 Loss: 0.0249
  Epoch [23/100] Batch 600/2927 Loss: 0.0162
  Epoch [23/100] Batch 800/2927 Loss: 0.0200
  Epoch [23/100] Batch 1000/2927 Loss: 0.0160
  Epoch [23/100] Batch 1200/2927 Loss: 0.0163
  Epoch [23/100] Batch 1400/2927 Loss: 0.0194
  Epoch [23/100] Batch 1600/2927 Loss: 0.0143
  Epoch [23/100] Batch 1800/2927 Loss: 0.0337
  Epoch [23/100] Batch 2000/2927 Loss: 0.0216
  Epoch [23/100] Batch 2200/2927 Loss: 0.0203
  Epoch [23/100] Batch 2400/2927 Loss: 0.0183
  Epoch [23/100] Batch 2600/2927 Loss: 0.0195
  Epoch [23/100] Batch 2800/2927 Loss: 0.0208
[EPOCH 23] Train: 0.0204 | Val: 0.0205 | LR: 0.001000 | Time: 23.4s
  Epoch [24/100] Batch 0/2927 Loss: 0.0202
  Epoch [24/100] Batch 200/2927 Loss: 0.0139
  Epoch [24/100] Batch 400/2927 Loss: 0.0216
  Epoch [24/100] Batch 600/2927 Loss: 0.0165
  Epoch [24/100] Batch 800/2927 Loss: 0.0142
  Epoch [24/100] Batch 1000/2927 Loss: 0.0181
  Epoch [24/100] Batch 1200/2927 Loss: 0.0210
  Epoch [24/100] Batch 1400/2927 Loss: 0.0221
  Epoch [24/100] Batch 1600/2927 Loss: 0.0201
  Epoch [24/100] Batch 1800/2927 Loss: 0.0114
  Epoch [24/100] Batch 2000/2927 Loss: 0.0170
  Epoch [24/100] Batch 2200/2927 Loss: 0.0227
  Epoch [24/100] Batch 2400/2927 Loss: 0.0191
  Epoch [24/100] Batch 2600/2927 Loss: 0.0290
  Epoch [24/100] Batch 2800/2927 Loss: 0.0284
[EPOCH 24] Train: 0.0202 | Val: 0.0154 | LR: 0.001000 | Time: 23.3s
  Epoch [25/100] Batch 0/2927 Loss: 0.0210
  Epoch [25/100] Batch 200/2927 Loss: 0.0352
  Epoch [25/100] Batch 400/2927 Loss: 0.0228
  Epoch [25/100] Batch 600/2927 Loss: 0.0190
  Epoch [25/100] Batch 800/2927 Loss: 0.0157
  Epoch [25/100] Batch 1000/2927 Loss: 0.0124
  Epoch [25/100] Batch 1200/2927 Loss: 0.0219
  Epoch [25/100] Batch 1400/2927 Loss: 0.0162
  Epoch [25/100] Batch 1600/2927 Loss: 0.0228
  Epoch [25/100] Batch 1800/2927 Loss: 0.0258
  Epoch [25/100] Batch 2000/2927 Loss: 0.0166
  Epoch [25/100] Batch 2200/2927 Loss: 0.0160
  Epoch [25/100] Batch 2400/2927 Loss: 0.0200
  Epoch [25/100] Batch 2600/2927 Loss: 0.0245
  Epoch [25/100] Batch 2800/2927 Loss: 0.0178
[EPOCH 25] Train: 0.0197 | Val: 0.0149 | LR: 0.001000 | Time: 23.4s
[SAVE] Nuevo mejor modelo!
  Epoch [26/100] Batch 0/2927 Loss: 0.0165
  Epoch [26/100] Batch 200/2927 Loss: 0.0239
  Epoch [26/100] Batch 400/2927 Loss: 0.0232
  Epoch [26/100] Batch 600/2927 Loss: 0.0208
  Epoch [26/100] Batch 800/2927 Loss: 0.0307
  Epoch [26/100] Batch 1000/2927 Loss: 0.0196
  Epoch [26/100] Batch 1200/2927 Loss: 0.0199
  Epoch [26/100] Batch 1400/2927 Loss: 0.0174
  Epoch [26/100] Batch 1600/2927 Loss: 0.0251
  Epoch [26/100] Batch 1800/2927 Loss: 0.0268
  Epoch [26/100] Batch 2000/2927 Loss: 0.0216
  Epoch [26/100] Batch 2200/2927 Loss: 0.0236
  Epoch [26/100] Batch 2400/2927 Loss: 0.0172
  Epoch [26/100] Batch 2600/2927 Loss: 0.0184
  Epoch [26/100] Batch 2800/2927 Loss: 0.0123
[EPOCH 26] Train: 0.0197 | Val: 0.0137 | LR: 0.001000 | Time: 23.3s
[SAVE] Nuevo mejor modelo!
  Epoch [27/100] Batch 0/2927 Loss: 0.0169
  Epoch [27/100] Batch 200/2927 Loss: 0.0134
  Epoch [27/100] Batch 400/2927 Loss: 0.0222
  Epoch [27/100] Batch 600/2927 Loss: 0.0172
  Epoch [27/100] Batch 800/2927 Loss: 0.0256
  Epoch [27/100] Batch 1000/2927 Loss: 0.0179
  Epoch [27/100] Batch 1200/2927 Loss: 0.0213
  Epoch [27/100] Batch 1400/2927 Loss: 0.0246
  Epoch [27/100] Batch 1600/2927 Loss: 0.0266
  Epoch [27/100] Batch 1800/2927 Loss: 0.0193
  Epoch [27/100] Batch 2000/2927 Loss: 0.0147
  Epoch [27/100] Batch 2200/2927 Loss: 0.0197
  Epoch [27/100] Batch 2400/2927 Loss: 0.0227
  Epoch [27/100] Batch 2600/2927 Loss: 0.0206
  Epoch [27/100] Batch 2800/2927 Loss: 0.0331
[EPOCH 27] Train: 0.0193 | Val: 0.0141 | LR: 0.001000 | Time: 23.3s
  Epoch [28/100] Batch 0/2927 Loss: 0.0293
  Epoch [28/100] Batch 200/2927 Loss: 0.0163
  Epoch [28/100] Batch 400/2927 Loss: 0.0154
  Epoch [28/100] Batch 600/2927 Loss: 0.0254
  Epoch [28/100] Batch 800/2927 Loss: 0.0188
  Epoch [28/100] Batch 1000/2927 Loss: 0.0186
  Epoch [28/100] Batch 1200/2927 Loss: 0.0228
  Epoch [28/100] Batch 1400/2927 Loss: 0.0287
  Epoch [28/100] Batch 1600/2927 Loss: 0.0264
  Epoch [28/100] Batch 1800/2927 Loss: 0.0160
  Epoch [28/100] Batch 2000/2927 Loss: 0.0275
  Epoch [28/100] Batch 2200/2927 Loss: 0.0183
  Epoch [28/100] Batch 2400/2927 Loss: 0.0231
  Epoch [28/100] Batch 2600/2927 Loss: 0.0170
  Epoch [28/100] Batch 2800/2927 Loss: 0.0197
[EPOCH 28] Train: 0.0192 | Val: 0.0144 | LR: 0.001000 | Time: 23.4s
  Epoch [29/100] Batch 0/2927 Loss: 0.0188
  Epoch [29/100] Batch 200/2927 Loss: 0.0239
  Epoch [29/100] Batch 400/2927 Loss: 0.0176
  Epoch [29/100] Batch 600/2927 Loss: 0.0229
  Epoch [29/100] Batch 800/2927 Loss: 0.0149
  Epoch [29/100] Batch 1000/2927 Loss: 0.0118
  Epoch [29/100] Batch 1200/2927 Loss: 0.0170
  Epoch [29/100] Batch 1400/2927 Loss: 0.0249
  Epoch [29/100] Batch 1600/2927 Loss: 0.0211
  Epoch [29/100] Batch 1800/2927 Loss: 0.0158
  Epoch [29/100] Batch 2000/2927 Loss: 0.0253
  Epoch [29/100] Batch 2200/2927 Loss: 0.0137
  Epoch [29/100] Batch 2400/2927 Loss: 0.0229
  Epoch [29/100] Batch 2600/2927 Loss: 0.0296
  Epoch [29/100] Batch 2800/2927 Loss: 0.0135
[EPOCH 29] Train: 0.0188 | Val: 0.0138 | LR: 0.001000 | Time: 23.4s
  Epoch [30/100] Batch 0/2927 Loss: 0.0331
  Epoch [30/100] Batch 200/2927 Loss: 0.0148
  Epoch [30/100] Batch 400/2927 Loss: 0.0167
  Epoch [30/100] Batch 600/2927 Loss: 0.0268
  Epoch [30/100] Batch 800/2927 Loss: 0.0146
  Epoch [30/100] Batch 1000/2927 Loss: 0.0172
  Epoch [30/100] Batch 1200/2927 Loss: 0.0245
  Epoch [30/100] Batch 1400/2927 Loss: 0.0139
  Epoch [30/100] Batch 1600/2927 Loss: 0.0210
  Epoch [30/100] Batch 1800/2927 Loss: 0.0102
  Epoch [30/100] Batch 2000/2927 Loss: 0.0215
  Epoch [30/100] Batch 2200/2927 Loss: 0.0114
  Epoch [30/100] Batch 2400/2927 Loss: 0.0189
  Epoch [30/100] Batch 2600/2927 Loss: 0.0188
  Epoch [30/100] Batch 2800/2927 Loss: 0.0210
[EPOCH 30] Train: 0.0189 | Val: 0.0134 | LR: 0.001000 | Time: 23.4s
[SAVE] Nuevo mejor modelo!
  Epoch [31/100] Batch 0/2927 Loss: 0.0133
  Epoch [31/100] Batch 200/2927 Loss: 0.0161
  Epoch [31/100] Batch 400/2927 Loss: 0.0194
  Epoch [31/100] Batch 600/2927 Loss: 0.0176
  Epoch [31/100] Batch 800/2927 Loss: 0.0244
  Epoch [31/100] Batch 1000/2927 Loss: 0.0234
  Epoch [31/100] Batch 1200/2927 Loss: 0.0062
  Epoch [31/100] Batch 1400/2927 Loss: 0.0191
  Epoch [31/100] Batch 1600/2927 Loss: 0.0199
  Epoch [31/100] Batch 1800/2927 Loss: 0.0149
  Epoch [31/100] Batch 2000/2927 Loss: 0.0191
  Epoch [31/100] Batch 2200/2927 Loss: 0.0129
  Epoch [31/100] Batch 2400/2927 Loss: 0.0203
  Epoch [31/100] Batch 2600/2927 Loss: 0.0170
  Epoch [31/100] Batch 2800/2927 Loss: 0.0185
[EPOCH 31] Train: 0.0184 | Val: 0.0142 | LR: 0.001000 | Time: 23.4s
  Epoch [32/100] Batch 0/2927 Loss: 0.0152
  Epoch [32/100] Batch 200/2927 Loss: 0.0187
  Epoch [32/100] Batch 400/2927 Loss: 0.0158
  Epoch [32/100] Batch 600/2927 Loss: 0.0253
  Epoch [32/100] Batch 800/2927 Loss: 0.0156
  Epoch [32/100] Batch 1000/2927 Loss: 0.0199
  Epoch [32/100] Batch 1200/2927 Loss: 0.0198
  Epoch [32/100] Batch 1400/2927 Loss: 0.0303
  Epoch [32/100] Batch 1600/2927 Loss: 0.0152
  Epoch [32/100] Batch 1800/2927 Loss: 0.0178
  Epoch [32/100] Batch 2000/2927 Loss: 0.0141
  Epoch [32/100] Batch 2200/2927 Loss: 0.0104
  Epoch [32/100] Batch 2400/2927 Loss: 0.0175
  Epoch [32/100] Batch 2600/2927 Loss: 0.0225
  Epoch [32/100] Batch 2800/2927 Loss: 0.0222
[EPOCH 32] Train: 0.0181 | Val: 0.0133 | LR: 0.001000 | Time: 23.4s
[SAVE] Nuevo mejor modelo!
  Epoch [33/100] Batch 0/2927 Loss: 0.0179
  Epoch [33/100] Batch 200/2927 Loss: 0.0161
  Epoch [33/100] Batch 400/2927 Loss: 0.0215
  Epoch [33/100] Batch 600/2927 Loss: 0.0201
  Epoch [33/100] Batch 800/2927 Loss: 0.0202
  Epoch [33/100] Batch 1000/2927 Loss: 0.0142
  Epoch [33/100] Batch 1200/2927 Loss: 0.0208
  Epoch [33/100] Batch 1400/2927 Loss: 0.0151
  Epoch [33/100] Batch 1600/2927 Loss: 0.0104
  Epoch [33/100] Batch 1800/2927 Loss: 0.0141
  Epoch [33/100] Batch 2000/2927 Loss: 0.0204
  Epoch [33/100] Batch 2200/2927 Loss: 0.0245
  Epoch [33/100] Batch 2400/2927 Loss: 0.0172
  Epoch [33/100] Batch 2600/2927 Loss: 0.0175
  Epoch [33/100] Batch 2800/2927 Loss: 0.0199
[EPOCH 33] Train: 0.0181 | Val: 0.0138 | LR: 0.001000 | Time: 23.4s
  Epoch [34/100] Batch 0/2927 Loss: 0.0202
  Epoch [34/100] Batch 200/2927 Loss: 0.0192
  Epoch [34/100] Batch 400/2927 Loss: 0.0148
  Epoch [34/100] Batch 600/2927 Loss: 0.0128
  Epoch [34/100] Batch 800/2927 Loss: 0.0171
  Epoch [34/100] Batch 1000/2927 Loss: 0.0153
  Epoch [34/100] Batch 1200/2927 Loss: 0.0142
  Epoch [34/100] Batch 1400/2927 Loss: 0.0229
  Epoch [34/100] Batch 1600/2927 Loss: 0.0165
  Epoch [34/100] Batch 1800/2927 Loss: 0.0166
  Epoch [34/100] Batch 2000/2927 Loss: 0.0231
  Epoch [34/100] Batch 2200/2927 Loss: 0.0194
  Epoch [34/100] Batch 2400/2927 Loss: 0.0156
  Epoch [34/100] Batch 2600/2927 Loss: 0.0191
  Epoch [34/100] Batch 2800/2927 Loss: 0.0217
[EPOCH 34] Train: 0.0180 | Val: 0.0136 | LR: 0.001000 | Time: 23.4s
  Epoch [35/100] Batch 0/2927 Loss: 0.0148
  Epoch [35/100] Batch 200/2927 Loss: 0.0156
  Epoch [35/100] Batch 400/2927 Loss: 0.0099
  Epoch [35/100] Batch 600/2927 Loss: 0.0144
  Epoch [35/100] Batch 800/2927 Loss: 0.0192
  Epoch [35/100] Batch 1000/2927 Loss: 0.0113
  Epoch [35/100] Batch 1200/2927 Loss: 0.0102
  Epoch [35/100] Batch 1400/2927 Loss: 0.0116
  Epoch [35/100] Batch 1600/2927 Loss: 0.0316
  Epoch [35/100] Batch 1800/2927 Loss: 0.0112
  Epoch [35/100] Batch 2000/2927 Loss: 0.0136
  Epoch [35/100] Batch 2200/2927 Loss: 0.0222
  Epoch [35/100] Batch 2400/2927 Loss: 0.0206
  Epoch [35/100] Batch 2600/2927 Loss: 0.0195
  Epoch [35/100] Batch 2800/2927 Loss: 0.0107
[EPOCH 35] Train: 0.0177 | Val: 0.0140 | LR: 0.001000 | Time: 23.4s
  Epoch [36/100] Batch 0/2927 Loss: 0.0186
  Epoch [36/100] Batch 200/2927 Loss: 0.0225
  Epoch [36/100] Batch 400/2927 Loss: 0.0168
  Epoch [36/100] Batch 600/2927 Loss: 0.0274
  Epoch [36/100] Batch 800/2927 Loss: 0.0152
  Epoch [36/100] Batch 1000/2927 Loss: 0.0228
  Epoch [36/100] Batch 1200/2927 Loss: 0.0171
  Epoch [36/100] Batch 1400/2927 Loss: 0.0230
  Epoch [36/100] Batch 1600/2927 Loss: 0.0166
  Epoch [36/100] Batch 1800/2927 Loss: 0.0184
  Epoch [36/100] Batch 2000/2927 Loss: 0.0228
  Epoch [36/100] Batch 2200/2927 Loss: 0.0124
  Epoch [36/100] Batch 2400/2927 Loss: 0.0118
  Epoch [36/100] Batch 2600/2927 Loss: 0.0174
  Epoch [36/100] Batch 2800/2927 Loss: 0.0149
[EPOCH 36] Train: 0.0177 | Val: 0.0138 | LR: 0.001000 | Time: 23.4s
  Epoch [37/100] Batch 0/2927 Loss: 0.0180
  Epoch [37/100] Batch 200/2927 Loss: 0.0204
  Epoch [37/100] Batch 400/2927 Loss: 0.0189
  Epoch [37/100] Batch 600/2927 Loss: 0.0130
  Epoch [37/100] Batch 800/2927 Loss: 0.0139
  Epoch [37/100] Batch 1000/2927 Loss: 0.0146
  Epoch [37/100] Batch 1200/2927 Loss: 0.0163
  Epoch [37/100] Batch 1400/2927 Loss: 0.0185
  Epoch [37/100] Batch 1600/2927 Loss: 0.0178
  Epoch [37/100] Batch 1800/2927 Loss: 0.0103
  Epoch [37/100] Batch 2000/2927 Loss: 0.0142
  Epoch [37/100] Batch 2200/2927 Loss: 0.0144
  Epoch [37/100] Batch 2400/2927 Loss: 0.0167
  Epoch [37/100] Batch 2600/2927 Loss: 0.0123
  Epoch [37/100] Batch 2800/2927 Loss: 0.0179
[EPOCH 37] Train: 0.0175 | Val: 0.0134 | LR: 0.001000 | Time: 23.5s
  Epoch [38/100] Batch 0/2927 Loss: 0.0115
  Epoch [38/100] Batch 200/2927 Loss: 0.0172
  Epoch [38/100] Batch 400/2927 Loss: 0.0138
  Epoch [38/100] Batch 600/2927 Loss: 0.0127
  Epoch [38/100] Batch 800/2927 Loss: 0.0218
  Epoch [38/100] Batch 1000/2927 Loss: 0.0249
  Epoch [38/100] Batch 1200/2927 Loss: 0.0193
  Epoch [38/100] Batch 1400/2927 Loss: 0.0108
  Epoch [38/100] Batch 1600/2927 Loss: 0.0087
  Epoch [38/100] Batch 1800/2927 Loss: 0.0263
  Epoch [38/100] Batch 2000/2927 Loss: 0.0172
  Epoch [38/100] Batch 2200/2927 Loss: 0.0239
  Epoch [38/100] Batch 2400/2927 Loss: 0.0152
  Epoch [38/100] Batch 2600/2927 Loss: 0.0177
  Epoch [38/100] Batch 2800/2927 Loss: 0.0165
[EPOCH 38] Train: 0.0173 | Val: 0.0126 | LR: 0.001000 | Time: 23.5s
[SAVE] Nuevo mejor modelo!
  Epoch [39/100] Batch 0/2927 Loss: 0.0177
  Epoch [39/100] Batch 200/2927 Loss: 0.0132
  Epoch [39/100] Batch 400/2927 Loss: 0.0157
  Epoch [39/100] Batch 600/2927 Loss: 0.0136
  Epoch [39/100] Batch 800/2927 Loss: 0.0146
  Epoch [39/100] Batch 1000/2927 Loss: 0.0089
  Epoch [39/100] Batch 1200/2927 Loss: 0.0188
  Epoch [39/100] Batch 1400/2927 Loss: 0.0160
  Epoch [39/100] Batch 1600/2927 Loss: 0.0160
  Epoch [39/100] Batch 1800/2927 Loss: 0.0174
  Epoch [39/100] Batch 2000/2927 Loss: 0.0130
  Epoch [39/100] Batch 2200/2927 Loss: 0.0141
  Epoch [39/100] Batch 2400/2927 Loss: 0.0157
  Epoch [39/100] Batch 2600/2927 Loss: 0.0183
  Epoch [39/100] Batch 2800/2927 Loss: 0.0103
[EPOCH 39] Train: 0.0172 | Val: 0.0126 | LR: 0.001000 | Time: 23.5s
  Epoch [40/100] Batch 0/2927 Loss: 0.0128
  Epoch [40/100] Batch 200/2927 Loss: 0.0136
  Epoch [40/100] Batch 400/2927 Loss: 0.0162
  Epoch [40/100] Batch 600/2927 Loss: 0.0179
  Epoch [40/100] Batch 800/2927 Loss: 0.0130
  Epoch [40/100] Batch 1000/2927 Loss: 0.0174
  Epoch [40/100] Batch 1200/2927 Loss: 0.0200
  Epoch [40/100] Batch 1400/2927 Loss: 0.0117
  Epoch [40/100] Batch 1600/2927 Loss: 0.0128
  Epoch [40/100] Batch 1800/2927 Loss: 0.0227
  Epoch [40/100] Batch 2000/2927 Loss: 0.0167
  Epoch [40/100] Batch 2200/2927 Loss: 0.0100
  Epoch [40/100] Batch 2400/2927 Loss: 0.0153
  Epoch [40/100] Batch 2600/2927 Loss: 0.0111
  Epoch [40/100] Batch 2800/2927 Loss: 0.0138
[EPOCH 40] Train: 0.0170 | Val: 0.0128 | LR: 0.001000 | Time: 23.5s
  Epoch [41/100] Batch 0/2927 Loss: 0.0184
  Epoch [41/100] Batch 200/2927 Loss: 0.0158
  Epoch [41/100] Batch 400/2927 Loss: 0.0190
  Epoch [41/100] Batch 600/2927 Loss: 0.0088
  Epoch [41/100] Batch 800/2927 Loss: 0.0174
  Epoch [41/100] Batch 1000/2927 Loss: 0.0204
  Epoch [41/100] Batch 1200/2927 Loss: 0.0129
  Epoch [41/100] Batch 1400/2927 Loss: 0.0124
  Epoch [41/100] Batch 1600/2927 Loss: 0.0179
  Epoch [41/100] Batch 1800/2927 Loss: 0.0140
  Epoch [41/100] Batch 2000/2927 Loss: 0.0286
  Epoch [41/100] Batch 2200/2927 Loss: 0.0098
  Epoch [41/100] Batch 2400/2927 Loss: 0.0234
  Epoch [41/100] Batch 2600/2927 Loss: 0.0115
  Epoch [41/100] Batch 2800/2927 Loss: 0.0204
[EPOCH 41] Train: 0.0170 | Val: 0.0168 | LR: 0.001000 | Time: 23.5s
  Epoch [42/100] Batch 0/2927 Loss: 0.0180
  Epoch [42/100] Batch 200/2927 Loss: 0.0141
  Epoch [42/100] Batch 400/2927 Loss: 0.0240
  Epoch [42/100] Batch 600/2927 Loss: 0.0173
  Epoch [42/100] Batch 800/2927 Loss: 0.0128
  Epoch [42/100] Batch 1000/2927 Loss: 0.0199
  Epoch [42/100] Batch 1200/2927 Loss: 0.0134
  Epoch [42/100] Batch 1400/2927 Loss: 0.0151
  Epoch [42/100] Batch 1600/2927 Loss: 0.0170
  Epoch [42/100] Batch 1800/2927 Loss: 0.0097
  Epoch [42/100] Batch 2000/2927 Loss: 0.0183
  Epoch [42/100] Batch 2200/2927 Loss: 0.0276
  Epoch [42/100] Batch 2400/2927 Loss: 0.0263
  Epoch [42/100] Batch 2600/2927 Loss: 0.0149
  Epoch [42/100] Batch 2800/2927 Loss: 0.0136
[EPOCH 42] Train: 0.0168 | Val: 0.0126 | LR: 0.001000 | Time: 23.5s
  Epoch [43/100] Batch 0/2927 Loss: 0.0171
  Epoch [43/100] Batch 200/2927 Loss: 0.0214
  Epoch [43/100] Batch 400/2927 Loss: 0.0148
  Epoch [43/100] Batch 600/2927 Loss: 0.0155
  Epoch [43/100] Batch 800/2927 Loss: 0.0221
  Epoch [43/100] Batch 1000/2927 Loss: 0.0196
  Epoch [43/100] Batch 1200/2927 Loss: 0.0176
  Epoch [43/100] Batch 1400/2927 Loss: 0.0154
  Epoch [43/100] Batch 1600/2927 Loss: 0.0164
  Epoch [43/100] Batch 1800/2927 Loss: 0.0117
  Epoch [43/100] Batch 2000/2927 Loss: 0.0168
  Epoch [43/100] Batch 2200/2927 Loss: 0.0146
  Epoch [43/100] Batch 2400/2927 Loss: 0.0134
  Epoch [43/100] Batch 2600/2927 Loss: 0.0221
  Epoch [43/100] Batch 2800/2927 Loss: 0.0166
[EPOCH 43] Train: 0.0166 | Val: 0.0127 | LR: 0.001000 | Time: 23.4s
  Epoch [44/100] Batch 0/2927 Loss: 0.0162
  Epoch [44/100] Batch 200/2927 Loss: 0.0206
  Epoch [44/100] Batch 400/2927 Loss: 0.0079
  Epoch [44/100] Batch 600/2927 Loss: 0.0128
  Epoch [44/100] Batch 800/2927 Loss: 0.0208
  Epoch [44/100] Batch 1000/2927 Loss: 0.0185
  Epoch [44/100] Batch 1200/2927 Loss: 0.0193
  Epoch [44/100] Batch 1400/2927 Loss: 0.0082
  Epoch [44/100] Batch 1600/2927 Loss: 0.0182
  Epoch [44/100] Batch 1800/2927 Loss: 0.0100
  Epoch [44/100] Batch 2000/2927 Loss: 0.0122
  Epoch [44/100] Batch 2200/2927 Loss: 0.0136
  Epoch [44/100] Batch 2400/2927 Loss: 0.0173
  Epoch [44/100] Batch 2600/2927 Loss: 0.0134
  Epoch [44/100] Batch 2800/2927 Loss: 0.0156
[EPOCH 44] Train: 0.0167 | Val: 0.0121 | LR: 0.001000 | Time: 23.4s
[SAVE] Nuevo mejor modelo!
  Epoch [45/100] Batch 0/2927 Loss: 0.0104
  Epoch [45/100] Batch 200/2927 Loss: 0.0115
  Epoch [45/100] Batch 400/2927 Loss: 0.0129
  Epoch [45/100] Batch 600/2927 Loss: 0.0164
  Epoch [45/100] Batch 800/2927 Loss: 0.0270
  Epoch [45/100] Batch 1000/2927 Loss: 0.0129
  Epoch [45/100] Batch 1200/2927 Loss: 0.0102
  Epoch [45/100] Batch 1400/2927 Loss: 0.0194
  Epoch [45/100] Batch 1600/2927 Loss: 0.0170
  Epoch [45/100] Batch 1800/2927 Loss: 0.0164
  Epoch [45/100] Batch 2000/2927 Loss: 0.0174
  Epoch [45/100] Batch 2200/2927 Loss: 0.0139
  Epoch [45/100] Batch 2400/2927 Loss: 0.0131
  Epoch [45/100] Batch 2600/2927 Loss: 0.0286
  Epoch [45/100] Batch 2800/2927 Loss: 0.0143
[EPOCH 45] Train: 0.0164 | Val: 0.0146 | LR: 0.001000 | Time: 23.4s
  Epoch [46/100] Batch 0/2927 Loss: 0.0222
  Epoch [46/100] Batch 200/2927 Loss: 0.0242
  Epoch [46/100] Batch 400/2927 Loss: 0.0171
  Epoch [46/100] Batch 600/2927 Loss: 0.0130
  Epoch [46/100] Batch 800/2927 Loss: 0.0169
  Epoch [46/100] Batch 1000/2927 Loss: 0.0180
  Epoch [46/100] Batch 1200/2927 Loss: 0.0133
  Epoch [46/100] Batch 1400/2927 Loss: 0.0167
  Epoch [46/100] Batch 1600/2927 Loss: 0.0116
  Epoch [46/100] Batch 1800/2927 Loss: 0.0136
  Epoch [46/100] Batch 2000/2927 Loss: 0.0215
  Epoch [46/100] Batch 2200/2927 Loss: 0.0172
  Epoch [46/100] Batch 2400/2927 Loss: 0.0148
  Epoch [46/100] Batch 2600/2927 Loss: 0.0215
  Epoch [46/100] Batch 2800/2927 Loss: 0.0127
[EPOCH 46] Train: 0.0164 | Val: 0.0121 | LR: 0.001000 | Time: 23.4s
[SAVE] Nuevo mejor modelo!
  Epoch [47/100] Batch 0/2927 Loss: 0.0178
  Epoch [47/100] Batch 200/2927 Loss: 0.0107
  Epoch [47/100] Batch 400/2927 Loss: 0.0105
  Epoch [47/100] Batch 600/2927 Loss: 0.0145
  Epoch [47/100] Batch 800/2927 Loss: 0.0272
  Epoch [47/100] Batch 1000/2927 Loss: 0.0154
  Epoch [47/100] Batch 1200/2927 Loss: 0.0101
  Epoch [47/100] Batch 1400/2927 Loss: 0.0146
  Epoch [47/100] Batch 1600/2927 Loss: 0.0215
  Epoch [47/100] Batch 1800/2927 Loss: 0.0188
  Epoch [47/100] Batch 2000/2927 Loss: 0.0193
  Epoch [47/100] Batch 2200/2927 Loss: 0.0212
  Epoch [47/100] Batch 2400/2927 Loss: 0.0159
  Epoch [47/100] Batch 2600/2927 Loss: 0.0162
  Epoch [47/100] Batch 2800/2927 Loss: 0.0167
[EPOCH 47] Train: 0.0166 | Val: 0.0128 | LR: 0.001000 | Time: 23.5s
  Epoch [48/100] Batch 0/2927 Loss: 0.0179
  Epoch [48/100] Batch 200/2927 Loss: 0.0155
  Epoch [48/100] Batch 400/2927 Loss: 0.0133
  Epoch [48/100] Batch 600/2927 Loss: 0.0115
  Epoch [48/100] Batch 800/2927 Loss: 0.0136
  Epoch [48/100] Batch 1000/2927 Loss: 0.0161
  Epoch [48/100] Batch 1200/2927 Loss: 0.0193
  Epoch [48/100] Batch 1400/2927 Loss: 0.0153
  Epoch [48/100] Batch 1600/2927 Loss: 0.0189
  Epoch [48/100] Batch 1800/2927 Loss: 0.0080
  Epoch [48/100] Batch 2000/2927 Loss: 0.0160
  Epoch [48/100] Batch 2200/2927 Loss: 0.0117
  Epoch [48/100] Batch 2400/2927 Loss: 0.0131
  Epoch [48/100] Batch 2600/2927 Loss: 0.0171
  Epoch [48/100] Batch 2800/2927 Loss: 0.0144
[EPOCH 48] Train: 0.0162 | Val: 0.0114 | LR: 0.001000 | Time: 23.8s
[SAVE] Nuevo mejor modelo!
  Epoch [49/100] Batch 0/2927 Loss: 0.0173
  Epoch [49/100] Batch 200/2927 Loss: 0.0211
  Epoch [49/100] Batch 400/2927 Loss: 0.0143
  Epoch [49/100] Batch 600/2927 Loss: 0.0161
  Epoch [49/100] Batch 800/2927 Loss: 0.0226
  Epoch [49/100] Batch 1000/2927 Loss: 0.0171
  Epoch [49/100] Batch 1200/2927 Loss: 0.0129
  Epoch [49/100] Batch 1400/2927 Loss: 0.0124
  Epoch [49/100] Batch 1600/2927 Loss: 0.0148
  Epoch [49/100] Batch 1800/2927 Loss: 0.0129
  Epoch [49/100] Batch 2000/2927 Loss: 0.0166
  Epoch [49/100] Batch 2200/2927 Loss: 0.0206
  Epoch [49/100] Batch 2400/2927 Loss: 0.0100
  Epoch [49/100] Batch 2600/2927 Loss: 0.0160
  Epoch [49/100] Batch 2800/2927 Loss: 0.0106
[EPOCH 49] Train: 0.0160 | Val: 0.0113 | LR: 0.001000 | Time: 23.8s
[SAVE] Nuevo mejor modelo!
  Epoch [50/100] Batch 0/2927 Loss: 0.0166
  Epoch [50/100] Batch 200/2927 Loss: 0.0149
  Epoch [50/100] Batch 400/2927 Loss: 0.0239
  Epoch [50/100] Batch 600/2927 Loss: 0.0239
  Epoch [50/100] Batch 800/2927 Loss: 0.0147
  Epoch [50/100] Batch 1000/2927 Loss: 0.0172
  Epoch [50/100] Batch 1200/2927 Loss: 0.0112
  Epoch [50/100] Batch 1400/2927 Loss: 0.0117
  Epoch [50/100] Batch 1600/2927 Loss: 0.0187
  Epoch [50/100] Batch 1800/2927 Loss: 0.0186
  Epoch [50/100] Batch 2000/2927 Loss: 0.0125
  Epoch [50/100] Batch 2200/2927 Loss: 0.0173
  Epoch [50/100] Batch 2400/2927 Loss: 0.0147
  Epoch [50/100] Batch 2600/2927 Loss: 0.0164
  Epoch [50/100] Batch 2800/2927 Loss: 0.0170
[EPOCH 50] Train: 0.0160 | Val: 0.0114 | LR: 0.001000 | Time: 23.8s
  Epoch [51/100] Batch 0/2927 Loss: 0.0101
  Epoch [51/100] Batch 200/2927 Loss: 0.0204
  Epoch [51/100] Batch 400/2927 Loss: 0.0125
  Epoch [51/100] Batch 600/2927 Loss: 0.0124
  Epoch [51/100] Batch 800/2927 Loss: 0.0136
  Epoch [51/100] Batch 1000/2927 Loss: 0.0177
  Epoch [51/100] Batch 1200/2927 Loss: 0.0128
  Epoch [51/100] Batch 1400/2927 Loss: 0.0207
  Epoch [51/100] Batch 1600/2927 Loss: 0.0138
  Epoch [51/100] Batch 1800/2927 Loss: 0.0173
  Epoch [51/100] Batch 2000/2927 Loss: 0.0125
  Epoch [51/100] Batch 2200/2927 Loss: 0.0129
  Epoch [51/100] Batch 2400/2927 Loss: 0.0182
  Epoch [51/100] Batch 2600/2927 Loss: 0.0141
  Epoch [51/100] Batch 2800/2927 Loss: 0.0163
[EPOCH 51] Train: 0.0159 | Val: 0.0153 | LR: 0.001000 | Time: 24.3s
  Epoch [52/100] Batch 0/2927 Loss: 0.0179
  Epoch [52/100] Batch 200/2927 Loss: 0.0203
  Epoch [52/100] Batch 400/2927 Loss: 0.0087
  Epoch [52/100] Batch 600/2927 Loss: 0.0087
  Epoch [52/100] Batch 800/2927 Loss: 0.0157
  Epoch [52/100] Batch 1000/2927 Loss: 0.0155
  Epoch [52/100] Batch 1200/2927 Loss: 0.0254
  Epoch [52/100] Batch 1400/2927 Loss: 0.0118
  Epoch [52/100] Batch 1600/2927 Loss: 0.0193
  Epoch [52/100] Batch 1800/2927 Loss: 0.0183
  Epoch [52/100] Batch 2000/2927 Loss: 0.0197
  Epoch [52/100] Batch 2200/2927 Loss: 0.0085
  Epoch [52/100] Batch 2400/2927 Loss: 0.0169
  Epoch [52/100] Batch 2600/2927 Loss: 0.0160
  Epoch [52/100] Batch 2800/2927 Loss: 0.0359
[EPOCH 52] Train: 0.0159 | Val: 0.0113 | LR: 0.001000 | Time: 23.9s
  Epoch [53/100] Batch 0/2927 Loss: 0.0145
  Epoch [53/100] Batch 200/2927 Loss: 0.0168
  Epoch [53/100] Batch 400/2927 Loss: 0.0205
  Epoch [53/100] Batch 600/2927 Loss: 0.0114
  Epoch [53/100] Batch 800/2927 Loss: 0.0165
  Epoch [53/100] Batch 1000/2927 Loss: 0.0122
  Epoch [53/100] Batch 1200/2927 Loss: 0.0108
  Epoch [53/100] Batch 1400/2927 Loss: 0.0152
  Epoch [53/100] Batch 1600/2927 Loss: 0.0138
  Epoch [53/100] Batch 1800/2927 Loss: 0.0173
  Epoch [53/100] Batch 2000/2927 Loss: 0.0148
  Epoch [53/100] Batch 2200/2927 Loss: 0.0179
  Epoch [53/100] Batch 2400/2927 Loss: 0.0112
  Epoch [53/100] Batch 2600/2927 Loss: 0.0161
  Epoch [53/100] Batch 2800/2927 Loss: 0.0262
[EPOCH 53] Train: 0.0154 | Val: 0.0113 | LR: 0.001000 | Time: 23.9s
  Epoch [54/100] Batch 0/2927 Loss: 0.0161
  Epoch [54/100] Batch 200/2927 Loss: 0.0129
  Epoch [54/100] Batch 400/2927 Loss: 0.0205
  Epoch [54/100] Batch 600/2927 Loss: 0.0139
  Epoch [54/100] Batch 800/2927 Loss: 0.0120
  Epoch [54/100] Batch 1000/2927 Loss: 0.0140
  Epoch [54/100] Batch 1200/2927 Loss: 0.0240
  Epoch [54/100] Batch 1400/2927 Loss: 0.0172
  Epoch [54/100] Batch 1600/2927 Loss: 0.0215
  Epoch [54/100] Batch 1800/2927 Loss: 0.0140
  Epoch [54/100] Batch 2000/2927 Loss: 0.0184
  Epoch [54/100] Batch 2200/2927 Loss: 0.0273
  Epoch [54/100] Batch 2400/2927 Loss: 0.0176
  Epoch [54/100] Batch 2600/2927 Loss: 0.0158
  Epoch [54/100] Batch 2800/2927 Loss: 0.0167
[EPOCH 54] Train: 0.0156 | Val: 0.0130 | LR: 0.001000 | Time: 23.5s
  Epoch [55/100] Batch 0/2927 Loss: 0.0141
  Epoch [55/100] Batch 200/2927 Loss: 0.0151
  Epoch [55/100] Batch 400/2927 Loss: 0.0147
  Epoch [55/100] Batch 600/2927 Loss: 0.0165
  Epoch [55/100] Batch 800/2927 Loss: 0.0161
  Epoch [55/100] Batch 1000/2927 Loss: 0.0112
  Epoch [55/100] Batch 1200/2927 Loss: 0.0134
  Epoch [55/100] Batch 1400/2927 Loss: 0.0158
  Epoch [55/100] Batch 1600/2927 Loss: 0.0106
  Epoch [55/100] Batch 1800/2927 Loss: 0.0135
  Epoch [55/100] Batch 2000/2927 Loss: 0.0166
  Epoch [55/100] Batch 2200/2927 Loss: 0.0177
  Epoch [55/100] Batch 2400/2927 Loss: 0.0135
  Epoch [55/100] Batch 2600/2927 Loss: 0.0152
  Epoch [55/100] Batch 2800/2927 Loss: 0.0107
[EPOCH 55] Train: 0.0155 | Val: 0.0115 | LR: 0.001000 | Time: 23.3s
  Epoch [56/100] Batch 0/2927 Loss: 0.0129
  Epoch [56/100] Batch 200/2927 Loss: 0.0211
  Epoch [56/100] Batch 400/2927 Loss: 0.0122
  Epoch [56/100] Batch 600/2927 Loss: 0.0169
  Epoch [56/100] Batch 800/2927 Loss: 0.0093
  Epoch [56/100] Batch 1000/2927 Loss: 0.0111
  Epoch [56/100] Batch 1200/2927 Loss: 0.0142
  Epoch [56/100] Batch 1400/2927 Loss: 0.0175
  Epoch [56/100] Batch 1600/2927 Loss: 0.0110
  Epoch [56/100] Batch 1800/2927 Loss: 0.0171
  Epoch [56/100] Batch 2000/2927 Loss: 0.0186
  Epoch [56/100] Batch 2200/2927 Loss: 0.0125
  Epoch [56/100] Batch 2400/2927 Loss: 0.0121
  Epoch [56/100] Batch 2600/2927 Loss: 0.0228
  Epoch [56/100] Batch 2800/2927 Loss: 0.0185
[EPOCH 56] Train: 0.0155 | Val: 0.0113 | LR: 0.001000 | Time: 23.4s
[SAVE] Nuevo mejor modelo!
  Epoch [57/100] Batch 0/2927 Loss: 0.0109
  Epoch [57/100] Batch 200/2927 Loss: 0.0111
  Epoch [57/100] Batch 400/2927 Loss: 0.0079
  Epoch [57/100] Batch 600/2927 Loss: 0.0149
  Epoch [57/100] Batch 800/2927 Loss: 0.0172
  Epoch [57/100] Batch 1000/2927 Loss: 0.0107
  Epoch [57/100] Batch 1200/2927 Loss: 0.0254
  Epoch [57/100] Batch 1400/2927 Loss: 0.0093
  Epoch [57/100] Batch 1600/2927 Loss: 0.0245
  Epoch [57/100] Batch 1800/2927 Loss: 0.0106
  Epoch [57/100] Batch 2000/2927 Loss: 0.0227
  Epoch [57/100] Batch 2200/2927 Loss: 0.0151
  Epoch [57/100] Batch 2400/2927 Loss: 0.0154
  Epoch [57/100] Batch 2600/2927 Loss: 0.0146
  Epoch [57/100] Batch 2800/2927 Loss: 0.0090
[EPOCH 57] Train: 0.0156 | Val: 0.0120 | LR: 0.001000 | Time: 23.2s
  Epoch [58/100] Batch 0/2927 Loss: 0.0135
  Epoch [58/100] Batch 200/2927 Loss: 0.0185
  Epoch [58/100] Batch 400/2927 Loss: 0.0117
  Epoch [58/100] Batch 600/2927 Loss: 0.0152
  Epoch [58/100] Batch 800/2927 Loss: 0.0171
  Epoch [58/100] Batch 1000/2927 Loss: 0.0155
  Epoch [58/100] Batch 1200/2927 Loss: 0.0147
  Epoch [58/100] Batch 1400/2927 Loss: 0.0145
  Epoch [58/100] Batch 1600/2927 Loss: 0.0269
  Epoch [58/100] Batch 1800/2927 Loss: 0.0102
  Epoch [58/100] Batch 2000/2927 Loss: 0.0155
  Epoch [58/100] Batch 2200/2927 Loss: 0.0138
  Epoch [58/100] Batch 2400/2927 Loss: 0.0111
  Epoch [58/100] Batch 2600/2927 Loss: 0.0153
  Epoch [58/100] Batch 2800/2927 Loss: 0.0155
[EPOCH 58] Train: 0.0151 | Val: 0.0114 | LR: 0.001000 | Time: 23.2s
  Epoch [59/100] Batch 0/2927 Loss: 0.0132
  Epoch [59/100] Batch 200/2927 Loss: 0.0116
  Epoch [59/100] Batch 400/2927 Loss: 0.0105
  Epoch [59/100] Batch 600/2927 Loss: 0.0155
  Epoch [59/100] Batch 800/2927 Loss: 0.0123
  Epoch [59/100] Batch 1000/2927 Loss: 0.0118
  Epoch [59/100] Batch 1200/2927 Loss: 0.0113
  Epoch [59/100] Batch 1400/2927 Loss: 0.0132
  Epoch [59/100] Batch 1600/2927 Loss: 0.0126
  Epoch [59/100] Batch 1800/2927 Loss: 0.0316
  Epoch [59/100] Batch 2000/2927 Loss: 0.0121
  Epoch [59/100] Batch 2200/2927 Loss: 0.0212
  Epoch [59/100] Batch 2400/2927 Loss: 0.0124
  Epoch [59/100] Batch 2600/2927 Loss: 0.0160
  Epoch [59/100] Batch 2800/2927 Loss: 0.0115
[EPOCH 59] Train: 0.0153 | Val: 0.0111 | LR: 0.001000 | Time: 23.2s
[SAVE] Nuevo mejor modelo!
  Epoch [60/100] Batch 0/2927 Loss: 0.0111
  Epoch [60/100] Batch 200/2927 Loss: 0.0159
  Epoch [60/100] Batch 400/2927 Loss: 0.0144
  Epoch [60/100] Batch 600/2927 Loss: 0.0122
  Epoch [60/100] Batch 800/2927 Loss: 0.0160
  Epoch [60/100] Batch 1000/2927 Loss: 0.0074
  Epoch [60/100] Batch 1200/2927 Loss: 0.0141
  Epoch [60/100] Batch 1400/2927 Loss: 0.0148
  Epoch [60/100] Batch 1600/2927 Loss: 0.0128
  Epoch [60/100] Batch 1800/2927 Loss: 0.0116
  Epoch [60/100] Batch 2000/2927 Loss: 0.0200
  Epoch [60/100] Batch 2200/2927 Loss: 0.0121
  Epoch [60/100] Batch 2400/2927 Loss: 0.0157
  Epoch [60/100] Batch 2600/2927 Loss: 0.0116
  Epoch [60/100] Batch 2800/2927 Loss: 0.0170
[EPOCH 60] Train: 0.0150 | Val: 0.0120 | LR: 0.001000 | Time: 23.2s
  Epoch [61/100] Batch 0/2927 Loss: 0.0171
  Epoch [61/100] Batch 200/2927 Loss: 0.0119
  Epoch [61/100] Batch 400/2927 Loss: 0.0183
  Epoch [61/100] Batch 600/2927 Loss: 0.0160
  Epoch [61/100] Batch 800/2927 Loss: 0.0122
  Epoch [61/100] Batch 1000/2927 Loss: 0.0108
  Epoch [61/100] Batch 1200/2927 Loss: 0.0172
  Epoch [61/100] Batch 1400/2927 Loss: 0.0120
  Epoch [61/100] Batch 1600/2927 Loss: 0.0154
  Epoch [61/100] Batch 1800/2927 Loss: 0.0123
  Epoch [61/100] Batch 2000/2927 Loss: 0.0105
  Epoch [61/100] Batch 2200/2927 Loss: 0.0094
  Epoch [61/100] Batch 2400/2927 Loss: 0.0136
  Epoch [61/100] Batch 2600/2927 Loss: 0.0108
  Epoch [61/100] Batch 2800/2927 Loss: 0.0212
[EPOCH 61] Train: 0.0149 | Val: 0.0124 | LR: 0.001000 | Time: 23.2s
  Epoch [62/100] Batch 0/2927 Loss: 0.0092
  Epoch [62/100] Batch 200/2927 Loss: 0.0134
  Epoch [62/100] Batch 400/2927 Loss: 0.0191
  Epoch [62/100] Batch 600/2927 Loss: 0.0174
  Epoch [62/100] Batch 800/2927 Loss: 0.0073
  Epoch [62/100] Batch 1000/2927 Loss: 0.0218
  Epoch [62/100] Batch 1200/2927 Loss: 0.0137
  Epoch [62/100] Batch 1400/2927 Loss: 0.0219
  Epoch [62/100] Batch 1600/2927 Loss: 0.0134
  Epoch [62/100] Batch 1800/2927 Loss: 0.0145
  Epoch [62/100] Batch 2000/2927 Loss: 0.0114
  Epoch [62/100] Batch 2200/2927 Loss: 0.0164
  Epoch [62/100] Batch 2400/2927 Loss: 0.0176
  Epoch [62/100] Batch 2600/2927 Loss: 0.0132
  Epoch [62/100] Batch 2800/2927 Loss: 0.0151
[EPOCH 62] Train: 0.0148 | Val: 0.0114 | LR: 0.001000 | Time: 23.2s
  Epoch [63/100] Batch 0/2927 Loss: 0.0152
  Epoch [63/100] Batch 200/2927 Loss: 0.0153
  Epoch [63/100] Batch 400/2927 Loss: 0.0199
  Epoch [63/100] Batch 600/2927 Loss: 0.0182
  Epoch [63/100] Batch 800/2927 Loss: 0.0122
  Epoch [63/100] Batch 1000/2927 Loss: 0.0095
  Epoch [63/100] Batch 1200/2927 Loss: 0.0108
  Epoch [63/100] Batch 1400/2927 Loss: 0.0105
  Epoch [63/100] Batch 1600/2927 Loss: 0.0123
  Epoch [63/100] Batch 1800/2927 Loss: 0.0165
  Epoch [63/100] Batch 2000/2927 Loss: 0.0177
  Epoch [63/100] Batch 2200/2927 Loss: 0.0241
  Epoch [63/100] Batch 2400/2927 Loss: 0.0111
  Epoch [63/100] Batch 2600/2927 Loss: 0.0126
  Epoch [63/100] Batch 2800/2927 Loss: 0.0148
[EPOCH 63] Train: 0.0147 | Val: 0.0108 | LR: 0.001000 | Time: 23.2s
[SAVE] Nuevo mejor modelo!
  Epoch [64/100] Batch 0/2927 Loss: 0.0170
  Epoch [64/100] Batch 200/2927 Loss: 0.0107
  Epoch [64/100] Batch 400/2927 Loss: 0.0106
  Epoch [64/100] Batch 600/2927 Loss: 0.0133
  Epoch [64/100] Batch 800/2927 Loss: 0.0131
  Epoch [64/100] Batch 1000/2927 Loss: 0.0120
  Epoch [64/100] Batch 1200/2927 Loss: 0.0104
  Epoch [64/100] Batch 1400/2927 Loss: 0.0162
  Epoch [64/100] Batch 1600/2927 Loss: 0.0179
  Epoch [64/100] Batch 1800/2927 Loss: 0.0180
  Epoch [64/100] Batch 2000/2927 Loss: 0.0130
  Epoch [64/100] Batch 2200/2927 Loss: 0.0114
  Epoch [64/100] Batch 2400/2927 Loss: 0.0105
  Epoch [64/100] Batch 2600/2927 Loss: 0.0143
  Epoch [64/100] Batch 2800/2927 Loss: 0.0211
[EPOCH 64] Train: 0.0148 | Val: 0.0122 | LR: 0.001000 | Time: 23.2s
  Epoch [65/100] Batch 0/2927 Loss: 0.0209
  Epoch [65/100] Batch 200/2927 Loss: 0.0108
  Epoch [65/100] Batch 400/2927 Loss: 0.0133
  Epoch [65/100] Batch 600/2927 Loss: 0.0217
  Epoch [65/100] Batch 800/2927 Loss: 0.0134
  Epoch [65/100] Batch 1000/2927 Loss: 0.0163
  Epoch [65/100] Batch 1200/2927 Loss: 0.0149
  Epoch [65/100] Batch 1400/2927 Loss: 0.0134
  Epoch [65/100] Batch 1600/2927 Loss: 0.0161
  Epoch [65/100] Batch 1800/2927 Loss: 0.0175
  Epoch [65/100] Batch 2000/2927 Loss: 0.0074
  Epoch [65/100] Batch 2200/2927 Loss: 0.0245
  Epoch [65/100] Batch 2400/2927 Loss: 0.0168
  Epoch [65/100] Batch 2600/2927 Loss: 0.0182
  Epoch [65/100] Batch 2800/2927 Loss: 0.0309
[EPOCH 65] Train: 0.0147 | Val: 0.0110 | LR: 0.001000 | Time: 23.2s
  Epoch [66/100] Batch 0/2927 Loss: 0.0101
  Epoch [66/100] Batch 200/2927 Loss: 0.0171
  Epoch [66/100] Batch 400/2927 Loss: 0.0123
  Epoch [66/100] Batch 600/2927 Loss: 0.0096
  Epoch [66/100] Batch 800/2927 Loss: 0.0141
  Epoch [66/100] Batch 1000/2927 Loss: 0.0157
  Epoch [66/100] Batch 1200/2927 Loss: 0.0146
  Epoch [66/100] Batch 1400/2927 Loss: 0.0103
  Epoch [66/100] Batch 1600/2927 Loss: 0.0222
  Epoch [66/100] Batch 1800/2927 Loss: 0.0152
  Epoch [66/100] Batch 2000/2927 Loss: 0.0191
  Epoch [66/100] Batch 2200/2927 Loss: 0.0112
  Epoch [66/100] Batch 2400/2927 Loss: 0.0153
  Epoch [66/100] Batch 2600/2927 Loss: 0.0171
  Epoch [66/100] Batch 2800/2927 Loss: 0.0082
[EPOCH 66] Train: 0.0146 | Val: 0.0116 | LR: 0.001000 | Time: 23.2s
  Epoch [67/100] Batch 0/2927 Loss: 0.0130
  Epoch [67/100] Batch 200/2927 Loss: 0.0191
  Epoch [67/100] Batch 400/2927 Loss: 0.0142
  Epoch [67/100] Batch 600/2927 Loss: 0.0116
  Epoch [67/100] Batch 800/2927 Loss: 0.0169
  Epoch [67/100] Batch 1000/2927 Loss: 0.0238
  Epoch [67/100] Batch 1200/2927 Loss: 0.0170
  Epoch [67/100] Batch 1400/2927 Loss: 0.0100
  Epoch [67/100] Batch 1600/2927 Loss: 0.0121
  Epoch [67/100] Batch 1800/2927 Loss: 0.0162
  Epoch [67/100] Batch 2000/2927 Loss: 0.0141
  Epoch [67/100] Batch 2200/2927 Loss: 0.0142
  Epoch [67/100] Batch 2400/2927 Loss: 0.0142
  Epoch [67/100] Batch 2600/2927 Loss: 0.0278
  Epoch [67/100] Batch 2800/2927 Loss: 0.0169
[EPOCH 67] Train: 0.0146 | Val: 0.0109 | LR: 0.001000 | Time: 23.3s
  Epoch [68/100] Batch 0/2927 Loss: 0.0182
  Epoch [68/100] Batch 200/2927 Loss: 0.0205
  Epoch [68/100] Batch 400/2927 Loss: 0.0210
  Epoch [68/100] Batch 600/2927 Loss: 0.0088
  Epoch [68/100] Batch 800/2927 Loss: 0.0160
  Epoch [68/100] Batch 1000/2927 Loss: 0.0123
  Epoch [68/100] Batch 1200/2927 Loss: 0.0142
  Epoch [68/100] Batch 1400/2927 Loss: 0.0130
  Epoch [68/100] Batch 1600/2927 Loss: 0.0125
  Epoch [68/100] Batch 1800/2927 Loss: 0.0153
  Epoch [68/100] Batch 2000/2927 Loss: 0.0124
  Epoch [68/100] Batch 2200/2927 Loss: 0.0117
  Epoch [68/100] Batch 2400/2927 Loss: 0.0065
  Epoch [68/100] Batch 2600/2927 Loss: 0.0155
  Epoch [68/100] Batch 2800/2927 Loss: 0.0125
[EPOCH 68] Train: 0.0143 | Val: 0.0105 | LR: 0.001000 | Time: 23.3s
[SAVE] Nuevo mejor modelo!
  Epoch [69/100] Batch 0/2927 Loss: 0.0182
  Epoch [69/100] Batch 200/2927 Loss: 0.0108
  Epoch [69/100] Batch 400/2927 Loss: 0.0103
  Epoch [69/100] Batch 600/2927 Loss: 0.0158
  Epoch [69/100] Batch 800/2927 Loss: 0.0103
  Epoch [69/100] Batch 1000/2927 Loss: 0.0123
  Epoch [69/100] Batch 1200/2927 Loss: 0.0198
  Epoch [69/100] Batch 1400/2927 Loss: 0.0071
  Epoch [69/100] Batch 1600/2927 Loss: 0.0118
  Epoch [69/100] Batch 1800/2927 Loss: 0.0168
  Epoch [69/100] Batch 2000/2927 Loss: 0.0156
  Epoch [69/100] Batch 2200/2927 Loss: 0.0094
  Epoch [69/100] Batch 2400/2927 Loss: 0.0108
  Epoch [69/100] Batch 2600/2927 Loss: 0.0123
  Epoch [69/100] Batch 2800/2927 Loss: 0.0089
[EPOCH 69] Train: 0.0144 | Val: 0.0113 | LR: 0.001000 | Time: 23.3s
  Epoch [70/100] Batch 0/2927 Loss: 0.0084
  Epoch [70/100] Batch 200/2927 Loss: 0.0132
  Epoch [70/100] Batch 400/2927 Loss: 0.0115
  Epoch [70/100] Batch 600/2927 Loss: 0.0121
  Epoch [70/100] Batch 800/2927 Loss: 0.0117
  Epoch [70/100] Batch 1000/2927 Loss: 0.0084
  Epoch [70/100] Batch 1200/2927 Loss: 0.0111
  Epoch [70/100] Batch 1400/2927 Loss: 0.0133
  Epoch [70/100] Batch 1600/2927 Loss: 0.0188
  Epoch [70/100] Batch 1800/2927 Loss: 0.0118
  Epoch [70/100] Batch 2000/2927 Loss: 0.0080
  Epoch [70/100] Batch 2200/2927 Loss: 0.0120
  Epoch [70/100] Batch 2400/2927 Loss: 0.0139
  Epoch [70/100] Batch 2600/2927 Loss: 0.0071
  Epoch [70/100] Batch 2800/2927 Loss: 0.0149
[EPOCH 70] Train: 0.0143 | Val: 0.0106 | LR: 0.001000 | Time: 23.3s
  Epoch [71/100] Batch 0/2927 Loss: 0.0171
  Epoch [71/100] Batch 200/2927 Loss: 0.0171
  Epoch [71/100] Batch 400/2927 Loss: 0.0105
  Epoch [71/100] Batch 600/2927 Loss: 0.0089
  Epoch [71/100] Batch 800/2927 Loss: 0.0203
  Epoch [71/100] Batch 1000/2927 Loss: 0.0119
  Epoch [71/100] Batch 1200/2927 Loss: 0.0206
  Epoch [71/100] Batch 1400/2927 Loss: 0.0104
  Epoch [71/100] Batch 1600/2927 Loss: 0.0127
  Epoch [71/100] Batch 1800/2927 Loss: 0.0163
  Epoch [71/100] Batch 2000/2927 Loss: 0.0151
  Epoch [71/100] Batch 2200/2927 Loss: 0.0115
  Epoch [71/100] Batch 2400/2927 Loss: 0.0112
  Epoch [71/100] Batch 2600/2927 Loss: 0.0134
  Epoch [71/100] Batch 2800/2927 Loss: 0.0136
[EPOCH 71] Train: 0.0142 | Val: 0.0105 | LR: 0.001000 | Time: 23.3s
[SAVE] Nuevo mejor modelo!
  Epoch [72/100] Batch 0/2927 Loss: 0.0130
  Epoch [72/100] Batch 200/2927 Loss: 0.0211
  Epoch [72/100] Batch 400/2927 Loss: 0.0184
  Epoch [72/100] Batch 600/2927 Loss: 0.0135
  Epoch [72/100] Batch 800/2927 Loss: 0.0184
  Epoch [72/100] Batch 1000/2927 Loss: 0.0114
  Epoch [72/100] Batch 1200/2927 Loss: 0.0134
  Epoch [72/100] Batch 1400/2927 Loss: 0.0118
  Epoch [72/100] Batch 1600/2927 Loss: 0.0140
  Epoch [72/100] Batch 1800/2927 Loss: 0.0167
  Epoch [72/100] Batch 2000/2927 Loss: 0.0126
  Epoch [72/100] Batch 2200/2927 Loss: 0.0145
  Epoch [72/100] Batch 2400/2927 Loss: 0.0126
  Epoch [72/100] Batch 2600/2927 Loss: 0.0119
  Epoch [72/100] Batch 2800/2927 Loss: 0.0159
[EPOCH 72] Train: 0.0143 | Val: 0.0105 | LR: 0.001000 | Time: 23.2s
[SAVE] Nuevo mejor modelo!
  Epoch [73/100] Batch 0/2927 Loss: 0.0122
  Epoch [73/100] Batch 200/2927 Loss: 0.0100
  Epoch [73/100] Batch 400/2927 Loss: 0.0114
  Epoch [73/100] Batch 600/2927 Loss: 0.0084
  Epoch [73/100] Batch 800/2927 Loss: 0.0141
  Epoch [73/100] Batch 1000/2927 Loss: 0.0187
  Epoch [73/100] Batch 1200/2927 Loss: 0.0149
  Epoch [73/100] Batch 1400/2927 Loss: 0.0076
  Epoch [73/100] Batch 1600/2927 Loss: 0.0279
  Epoch [73/100] Batch 1800/2927 Loss: 0.0155
  Epoch [73/100] Batch 2000/2927 Loss: 0.0115
  Epoch [73/100] Batch 2200/2927 Loss: 0.0114
  Epoch [73/100] Batch 2400/2927 Loss: 0.0102
  Epoch [73/100] Batch 2600/2927 Loss: 0.0162
  Epoch [73/100] Batch 2800/2927 Loss: 0.0122
[EPOCH 73] Train: 0.0142 | Val: 0.0105 | LR: 0.001000 | Time: 23.3s
  Epoch [74/100] Batch 0/2927 Loss: 0.0127
  Epoch [74/100] Batch 200/2927 Loss: 0.0153
  Epoch [74/100] Batch 400/2927 Loss: 0.0154
  Epoch [74/100] Batch 600/2927 Loss: 0.0171
  Epoch [74/100] Batch 800/2927 Loss: 0.0152
  Epoch [74/100] Batch 1000/2927 Loss: 0.0116
  Epoch [74/100] Batch 1200/2927 Loss: 0.0100
  Epoch [74/100] Batch 1400/2927 Loss: 0.0080
  Epoch [74/100] Batch 1600/2927 Loss: 0.0223
  Epoch [74/100] Batch 1800/2927 Loss: 0.0255
  Epoch [74/100] Batch 2000/2927 Loss: 0.0136
  Epoch [74/100] Batch 2200/2927 Loss: 0.0138
  Epoch [74/100] Batch 2400/2927 Loss: 0.0150
  Epoch [74/100] Batch 2600/2927 Loss: 0.0125
  Epoch [74/100] Batch 2800/2927 Loss: 0.0181
[EPOCH 74] Train: 0.0141 | Val: 0.0111 | LR: 0.001000 | Time: 23.3s
  Epoch [75/100] Batch 0/2927 Loss: 0.0132
  Epoch [75/100] Batch 200/2927 Loss: 0.0095
  Epoch [75/100] Batch 400/2927 Loss: 0.0145
  Epoch [75/100] Batch 600/2927 Loss: 0.0147
  Epoch [75/100] Batch 800/2927 Loss: 0.0148
  Epoch [75/100] Batch 1000/2927 Loss: 0.0140
  Epoch [75/100] Batch 1200/2927 Loss: 0.0127
  Epoch [75/100] Batch 1400/2927 Loss: 0.0176
  Epoch [75/100] Batch 1600/2927 Loss: 0.0137
  Epoch [75/100] Batch 1800/2927 Loss: 0.0131
  Epoch [75/100] Batch 2000/2927 Loss: 0.0145
  Epoch [75/100] Batch 2200/2927 Loss: 0.0127
  Epoch [75/100] Batch 2400/2927 Loss: 0.0154
  Epoch [75/100] Batch 2600/2927 Loss: 0.0077
  Epoch [75/100] Batch 2800/2927 Loss: 0.0146
[EPOCH 75] Train: 0.0139 | Val: 0.0138 | LR: 0.001000 | Time: 23.3s
  Epoch [76/100] Batch 0/2927 Loss: 0.0189
  Epoch [76/100] Batch 200/2927 Loss: 0.0100
  Epoch [76/100] Batch 400/2927 Loss: 0.0187
  Epoch [76/100] Batch 600/2927 Loss: 0.0120
  Epoch [76/100] Batch 800/2927 Loss: 0.0149
  Epoch [76/100] Batch 1000/2927 Loss: 0.0158
  Epoch [76/100] Batch 1200/2927 Loss: 0.0115
  Epoch [76/100] Batch 1400/2927 Loss: 0.0128
  Epoch [76/100] Batch 1600/2927 Loss: 0.0214
  Epoch [76/100] Batch 1800/2927 Loss: 0.0337
  Epoch [76/100] Batch 2000/2927 Loss: 0.0140
  Epoch [76/100] Batch 2200/2927 Loss: 0.0092
  Epoch [76/100] Batch 2400/2927 Loss: 0.0158
  Epoch [76/100] Batch 2600/2927 Loss: 0.0161
  Epoch [76/100] Batch 2800/2927 Loss: 0.0143
[EPOCH 76] Train: 0.0140 | Val: 0.0117 | LR: 0.001000 | Time: 23.3s
  Epoch [77/100] Batch 0/2927 Loss: 0.0123
  Epoch [77/100] Batch 200/2927 Loss: 0.0102
  Epoch [77/100] Batch 400/2927 Loss: 0.0080
  Epoch [77/100] Batch 600/2927 Loss: 0.0109
  Epoch [77/100] Batch 800/2927 Loss: 0.0152
  Epoch [77/100] Batch 1000/2927 Loss: 0.0132
  Epoch [77/100] Batch 1200/2927 Loss: 0.0136
  Epoch [77/100] Batch 1400/2927 Loss: 0.0197
  Epoch [77/100] Batch 1600/2927 Loss: 0.0109
  Epoch [77/100] Batch 1800/2927 Loss: 0.0112
  Epoch [77/100] Batch 2000/2927 Loss: 0.0103
  Epoch [77/100] Batch 2200/2927 Loss: 0.0144
  Epoch [77/100] Batch 2400/2927 Loss: 0.0121
  Epoch [77/100] Batch 2600/2927 Loss: 0.0171
  Epoch [77/100] Batch 2800/2927 Loss: 0.0135
[EPOCH 77] Train: 0.0138 | Val: 0.0103 | LR: 0.001000 | Time: 23.3s
[SAVE] Nuevo mejor modelo!
  Epoch [78/100] Batch 0/2927 Loss: 0.0074
  Epoch [78/100] Batch 200/2927 Loss: 0.0154
  Epoch [78/100] Batch 400/2927 Loss: 0.0082
  Epoch [78/100] Batch 600/2927 Loss: 0.0108
  Epoch [78/100] Batch 800/2927 Loss: 0.0140
  Epoch [78/100] Batch 1000/2927 Loss: 0.0081
  Epoch [78/100] Batch 1200/2927 Loss: 0.0090
  Epoch [78/100] Batch 1400/2927 Loss: 0.0138
  Epoch [78/100] Batch 1600/2927 Loss: 0.0096
  Epoch [78/100] Batch 1800/2927 Loss: 0.0133
  Epoch [78/100] Batch 2000/2927 Loss: 0.0080
  Epoch [78/100] Batch 2200/2927 Loss: 0.0076
  Epoch [78/100] Batch 2400/2927 Loss: 0.0232
  Epoch [78/100] Batch 2600/2927 Loss: 0.0181
  Epoch [78/100] Batch 2800/2927 Loss: 0.0114
[EPOCH 78] Train: 0.0137 | Val: 0.0101 | LR: 0.001000 | Time: 23.2s
[SAVE] Nuevo mejor modelo!
  Epoch [79/100] Batch 0/2927 Loss: 0.0126
  Epoch [79/100] Batch 200/2927 Loss: 0.0197
  Epoch [79/100] Batch 400/2927 Loss: 0.0090
  Epoch [79/100] Batch 600/2927 Loss: 0.0107
  Epoch [79/100] Batch 800/2927 Loss: 0.0120
  Epoch [79/100] Batch 1000/2927 Loss: 0.0092
  Epoch [79/100] Batch 1200/2927 Loss: 0.0165
  Epoch [79/100] Batch 1400/2927 Loss: 0.0117
  Epoch [79/100] Batch 1600/2927 Loss: 0.0072
  Epoch [79/100] Batch 1800/2927 Loss: 0.0130
  Epoch [79/100] Batch 2000/2927 Loss: 0.0128
  Epoch [79/100] Batch 2200/2927 Loss: 0.0107
  Epoch [79/100] Batch 2400/2927 Loss: 0.0105
  Epoch [79/100] Batch 2600/2927 Loss: 0.0085
  Epoch [79/100] Batch 2800/2927 Loss: 0.0212
[EPOCH 79] Train: 0.0137 | Val: 0.0128 | LR: 0.001000 | Time: 23.2s
  Epoch [80/100] Batch 0/2927 Loss: 0.0114
  Epoch [80/100] Batch 200/2927 Loss: 0.0104
  Epoch [80/100] Batch 400/2927 Loss: 0.0142
  Epoch [80/100] Batch 600/2927 Loss: 0.0082
  Epoch [80/100] Batch 800/2927 Loss: 0.0100
  Epoch [80/100] Batch 1000/2927 Loss: 0.0068
  Epoch [80/100] Batch 1200/2927 Loss: 0.0075
  Epoch [80/100] Batch 1400/2927 Loss: 0.0145
  Epoch [80/100] Batch 1600/2927 Loss: 0.0099
  Epoch [80/100] Batch 1800/2927 Loss: 0.0101
  Epoch [80/100] Batch 2000/2927 Loss: 0.0176
  Epoch [80/100] Batch 2200/2927 Loss: 0.0108
  Epoch [80/100] Batch 2400/2927 Loss: 0.0101
  Epoch [80/100] Batch 2600/2927 Loss: 0.0133
  Epoch [80/100] Batch 2800/2927 Loss: 0.0147
[EPOCH 80] Train: 0.0137 | Val: 0.0122 | LR: 0.001000 | Time: 23.2s
  Epoch [81/100] Batch 0/2927 Loss: 0.0152
  Epoch [81/100] Batch 200/2927 Loss: 0.0173
  Epoch [81/100] Batch 400/2927 Loss: 0.0203
  Epoch [81/100] Batch 600/2927 Loss: 0.0105
  Epoch [81/100] Batch 800/2927 Loss: 0.0096
  Epoch [81/100] Batch 1000/2927 Loss: 0.0134
  Epoch [81/100] Batch 1200/2927 Loss: 0.0122
  Epoch [81/100] Batch 1400/2927 Loss: 0.0113
  Epoch [81/100] Batch 1600/2927 Loss: 0.0100
  Epoch [81/100] Batch 1800/2927 Loss: 0.0108
  Epoch [81/100] Batch 2000/2927 Loss: 0.0126
  Epoch [81/100] Batch 2200/2927 Loss: 0.0142
  Epoch [81/100] Batch 2400/2927 Loss: 0.0155
  Epoch [81/100] Batch 2600/2927 Loss: 0.0115
  Epoch [81/100] Batch 2800/2927 Loss: 0.0109
[EPOCH 81] Train: 0.0137 | Val: 0.0103 | LR: 0.001000 | Time: 23.2s
  Epoch [82/100] Batch 0/2927 Loss: 0.0120
  Epoch [82/100] Batch 200/2927 Loss: 0.0116
  Epoch [82/100] Batch 400/2927 Loss: 0.0086
  Epoch [82/100] Batch 600/2927 Loss: 0.0181
  Epoch [82/100] Batch 800/2927 Loss: 0.0110
  Epoch [82/100] Batch 1000/2927 Loss: 0.0137
  Epoch [82/100] Batch 1200/2927 Loss: 0.0163
  Epoch [82/100] Batch 1400/2927 Loss: 0.0145
  Epoch [82/100] Batch 1600/2927 Loss: 0.0149
  Epoch [82/100] Batch 1800/2927 Loss: 0.0087
  Epoch [82/100] Batch 2000/2927 Loss: 0.0147
  Epoch [82/100] Batch 2200/2927 Loss: 0.0124
  Epoch [82/100] Batch 2400/2927 Loss: 0.0102
  Epoch [82/100] Batch 2600/2927 Loss: 0.0190
  Epoch [82/100] Batch 2800/2927 Loss: 0.0158
[EPOCH 82] Train: 0.0138 | Val: 0.0104 | LR: 0.001000 | Time: 23.2s
  Epoch [83/100] Batch 0/2927 Loss: 0.0162
  Epoch [83/100] Batch 200/2927 Loss: 0.0118
  Epoch [83/100] Batch 400/2927 Loss: 0.0114
  Epoch [83/100] Batch 600/2927 Loss: 0.0162
  Epoch [83/100] Batch 800/2927 Loss: 0.0097
  Epoch [83/100] Batch 1000/2927 Loss: 0.0108
  Epoch [83/100] Batch 1200/2927 Loss: 0.0165
  Epoch [83/100] Batch 1400/2927 Loss: 0.0087
  Epoch [83/100] Batch 1600/2927 Loss: 0.0100
  Epoch [83/100] Batch 1800/2927 Loss: 0.0109
  Epoch [83/100] Batch 2000/2927 Loss: 0.0174
  Epoch [83/100] Batch 2200/2927 Loss: 0.0095
  Epoch [83/100] Batch 2400/2927 Loss: 0.0274
  Epoch [83/100] Batch 2600/2927 Loss: 0.0102
  Epoch [83/100] Batch 2800/2927 Loss: 0.0146
[EPOCH 83] Train: 0.0135 | Val: 0.0104 | LR: 0.001000 | Time: 23.3s
  Epoch [84/100] Batch 0/2927 Loss: 0.0143
  Epoch [84/100] Batch 200/2927 Loss: 0.0124
  Epoch [84/100] Batch 400/2927 Loss: 0.0141
  Epoch [84/100] Batch 600/2927 Loss: 0.0154
  Epoch [84/100] Batch 800/2927 Loss: 0.0173
  Epoch [84/100] Batch 1000/2927 Loss: 0.0130
  Epoch [84/100] Batch 1200/2927 Loss: 0.0087
  Epoch [84/100] Batch 1400/2927 Loss: 0.0150
  Epoch [84/100] Batch 1600/2927 Loss: 0.0205
  Epoch [84/100] Batch 1800/2927 Loss: 0.0082
  Epoch [84/100] Batch 2000/2927 Loss: 0.0179
  Epoch [84/100] Batch 2200/2927 Loss: 0.0148
  Epoch [84/100] Batch 2400/2927 Loss: 0.0152
  Epoch [84/100] Batch 2600/2927 Loss: 0.0134
  Epoch [84/100] Batch 2800/2927 Loss: 0.0142
[EPOCH 84] Train: 0.0135 | Val: 0.0104 | LR: 0.001000 | Time: 23.3s
  Epoch [85/100] Batch 0/2927 Loss: 0.0135
  Epoch [85/100] Batch 200/2927 Loss: 0.0124
  Epoch [85/100] Batch 400/2927 Loss: 0.0184
  Epoch [85/100] Batch 600/2927 Loss: 0.0159
  Epoch [85/100] Batch 800/2927 Loss: 0.0147
  Epoch [85/100] Batch 1000/2927 Loss: 0.0136
  Epoch [85/100] Batch 1200/2927 Loss: 0.0131
  Epoch [85/100] Batch 1400/2927 Loss: 0.0149
  Epoch [85/100] Batch 1600/2927 Loss: 0.0216
  Epoch [85/100] Batch 1800/2927 Loss: 0.0132
  Epoch [85/100] Batch 2000/2927 Loss: 0.0140
  Epoch [85/100] Batch 2200/2927 Loss: 0.0189
  Epoch [85/100] Batch 2400/2927 Loss: 0.0110
  Epoch [85/100] Batch 2600/2927 Loss: 0.0137
  Epoch [85/100] Batch 2800/2927 Loss: 0.0288
[EPOCH 85] Train: 0.0134 | Val: 0.0099 | LR: 0.001000 | Time: 23.3s
[SAVE] Nuevo mejor modelo!
  Epoch [86/100] Batch 0/2927 Loss: 0.0119
  Epoch [86/100] Batch 200/2927 Loss: 0.0138
  Epoch [86/100] Batch 400/2927 Loss: 0.0162
  Epoch [86/100] Batch 600/2927 Loss: 0.0107
  Epoch [86/100] Batch 800/2927 Loss: 0.0172
  Epoch [86/100] Batch 1000/2927 Loss: 0.0112
  Epoch [86/100] Batch 1200/2927 Loss: 0.0168
  Epoch [86/100] Batch 1400/2927 Loss: 0.0103
  Epoch [86/100] Batch 1600/2927 Loss: 0.0165
  Epoch [86/100] Batch 1800/2927 Loss: 0.0072
  Epoch [86/100] Batch 2000/2927 Loss: 0.0144
  Epoch [86/100] Batch 2200/2927 Loss: 0.0131
  Epoch [86/100] Batch 2400/2927 Loss: 0.0116
  Epoch [86/100] Batch 2600/2927 Loss: 0.0119
  Epoch [86/100] Batch 2800/2927 Loss: 0.0093
[EPOCH 86] Train: 0.0135 | Val: 0.0106 | LR: 0.001000 | Time: 23.3s
  Epoch [87/100] Batch 0/2927 Loss: 0.0144
  Epoch [87/100] Batch 200/2927 Loss: 0.0200
  Epoch [87/100] Batch 400/2927 Loss: 0.0191
  Epoch [87/100] Batch 600/2927 Loss: 0.0115
  Epoch [87/100] Batch 800/2927 Loss: 0.0164
  Epoch [87/100] Batch 1000/2927 Loss: 0.0147
  Epoch [87/100] Batch 1200/2927 Loss: 0.0190
  Epoch [87/100] Batch 1400/2927 Loss: 0.0146
  Epoch [87/100] Batch 1600/2927 Loss: 0.0210
  Epoch [87/100] Batch 1800/2927 Loss: 0.0116
  Epoch [87/100] Batch 2000/2927 Loss: 0.0150
  Epoch [87/100] Batch 2200/2927 Loss: 0.0104
  Epoch [87/100] Batch 2400/2927 Loss: 0.0126
  Epoch [87/100] Batch 2600/2927 Loss: 0.0084
  Epoch [87/100] Batch 2800/2927 Loss: 0.0133
[EPOCH 87] Train: 0.0133 | Val: 0.0106 | LR: 0.001000 | Time: 23.3s
  Epoch [88/100] Batch 0/2927 Loss: 0.0090
  Epoch [88/100] Batch 200/2927 Loss: 0.0162
  Epoch [88/100] Batch 400/2927 Loss: 0.0126
  Epoch [88/100] Batch 600/2927 Loss: 0.0074
  Epoch [88/100] Batch 800/2927 Loss: 0.0111
  Epoch [88/100] Batch 1000/2927 Loss: 0.0056
  Epoch [88/100] Batch 1200/2927 Loss: 0.0117
  Epoch [88/100] Batch 1400/2927 Loss: 0.0078
  Epoch [88/100] Batch 1600/2927 Loss: 0.0160
  Epoch [88/100] Batch 1800/2927 Loss: 0.0082
  Epoch [88/100] Batch 2000/2927 Loss: 0.0147
  Epoch [88/100] Batch 2200/2927 Loss: 0.0118
  Epoch [88/100] Batch 2400/2927 Loss: 0.0119
  Epoch [88/100] Batch 2600/2927 Loss: 0.0094
  Epoch [88/100] Batch 2800/2927 Loss: 0.0145
[EPOCH 88] Train: 0.0136 | Val: 0.0118 | LR: 0.001000 | Time: 23.2s
  Epoch [89/100] Batch 0/2927 Loss: 0.0159
  Epoch [89/100] Batch 200/2927 Loss: 0.0153
  Epoch [89/100] Batch 400/2927 Loss: 0.0122
  Epoch [89/100] Batch 600/2927 Loss: 0.0130
  Epoch [89/100] Batch 800/2927 Loss: 0.0182
  Epoch [89/100] Batch 1000/2927 Loss: 0.0128
  Epoch [89/100] Batch 1200/2927 Loss: 0.0088
  Epoch [89/100] Batch 1400/2927 Loss: 0.0162
  Epoch [89/100] Batch 1600/2927 Loss: 0.0095
  Epoch [89/100] Batch 1800/2927 Loss: 0.0083
  Epoch [89/100] Batch 2000/2927 Loss: 0.0191
  Epoch [89/100] Batch 2200/2927 Loss: 0.0080
  Epoch [89/100] Batch 2400/2927 Loss: 0.0080
  Epoch [89/100] Batch 2600/2927 Loss: 0.0142
  Epoch [89/100] Batch 2800/2927 Loss: 0.0172
[EPOCH 89] Train: 0.0133 | Val: 0.0104 | LR: 0.001000 | Time: 23.2s
  Epoch [90/100] Batch 0/2927 Loss: 0.0148
  Epoch [90/100] Batch 200/2927 Loss: 0.0161
  Epoch [90/100] Batch 400/2927 Loss: 0.0104
  Epoch [90/100] Batch 600/2927 Loss: 0.0143
  Epoch [90/100] Batch 800/2927 Loss: 0.0141
  Epoch [90/100] Batch 1000/2927 Loss: 0.0180
  Epoch [90/100] Batch 1200/2927 Loss: 0.0198
  Epoch [90/100] Batch 1400/2927 Loss: 0.0131
  Epoch [90/100] Batch 1600/2927 Loss: 0.0162
  Epoch [90/100] Batch 1800/2927 Loss: 0.0150
  Epoch [90/100] Batch 2000/2927 Loss: 0.0111
  Epoch [90/100] Batch 2200/2927 Loss: 0.0088
  Epoch [90/100] Batch 2400/2927 Loss: 0.0135
  Epoch [90/100] Batch 2600/2927 Loss: 0.0136
  Epoch [90/100] Batch 2800/2927 Loss: 0.0042
[EPOCH 90] Train: 0.0133 | Val: 0.0116 | LR: 0.001000 | Time: 23.2s
  Epoch [91/100] Batch 0/2927 Loss: 0.0157
  Epoch [91/100] Batch 200/2927 Loss: 0.0136
  Epoch [91/100] Batch 400/2927 Loss: 0.0123
  Epoch [91/100] Batch 600/2927 Loss: 0.0088
  Epoch [91/100] Batch 800/2927 Loss: 0.0155
  Epoch [91/100] Batch 1000/2927 Loss: 0.0158
  Epoch [91/100] Batch 1200/2927 Loss: 0.0060
  Epoch [91/100] Batch 1400/2927 Loss: 0.0119
  Epoch [91/100] Batch 1600/2927 Loss: 0.0114
  Epoch [91/100] Batch 1800/2927 Loss: 0.0167
  Epoch [91/100] Batch 2000/2927 Loss: 0.0168
  Epoch [91/100] Batch 2200/2927 Loss: 0.0134
  Epoch [91/100] Batch 2400/2927 Loss: 0.0143
  Epoch [91/100] Batch 2600/2927 Loss: 0.0137
  Epoch [91/100] Batch 2800/2927 Loss: 0.0088
[EPOCH 91] Train: 0.0133 | Val: 0.0104 | LR: 0.001000 | Time: 23.2s
  Epoch [92/100] Batch 0/2927 Loss: 0.0188
  Epoch [92/100] Batch 200/2927 Loss: 0.0111
  Epoch [92/100] Batch 400/2927 Loss: 0.0137
  Epoch [92/100] Batch 600/2927 Loss: 0.0120
  Epoch [92/100] Batch 800/2927 Loss: 0.0087
  Epoch [92/100] Batch 1000/2927 Loss: 0.0118
  Epoch [92/100] Batch 1200/2927 Loss: 0.0189
  Epoch [92/100] Batch 1400/2927 Loss: 0.0103
  Epoch [92/100] Batch 1600/2927 Loss: 0.0067
  Epoch [92/100] Batch 1800/2927 Loss: 0.0089
  Epoch [92/100] Batch 2000/2927 Loss: 0.0124
  Epoch [92/100] Batch 2200/2927 Loss: 0.0107
  Epoch [92/100] Batch 2400/2927 Loss: 0.0117
  Epoch [92/100] Batch 2600/2927 Loss: 0.0097
  Epoch [92/100] Batch 2800/2927 Loss: 0.0131
[EPOCH 92] Train: 0.0132 | Val: 0.0101 | LR: 0.001000 | Time: 23.2s
  Epoch [93/100] Batch 0/2927 Loss: 0.0099
  Epoch [93/100] Batch 200/2927 Loss: 0.0148
  Epoch [93/100] Batch 400/2927 Loss: 0.0105
  Epoch [93/100] Batch 600/2927 Loss: 0.0098
  Epoch [93/100] Batch 800/2927 Loss: 0.0132
  Epoch [93/100] Batch 1000/2927 Loss: 0.0122
  Epoch [93/100] Batch 1200/2927 Loss: 0.0117
  Epoch [93/100] Batch 1400/2927 Loss: 0.0103
  Epoch [93/100] Batch 1600/2927 Loss: 0.0144
  Epoch [93/100] Batch 1800/2927 Loss: 0.0117
  Epoch [93/100] Batch 2000/2927 Loss: 0.0105
  Epoch [93/100] Batch 2200/2927 Loss: 0.0224
  Epoch [93/100] Batch 2400/2927 Loss: 0.0199
  Epoch [93/100] Batch 2600/2927 Loss: 0.0231
  Epoch [93/100] Batch 2800/2927 Loss: 0.0184
[EPOCH 93] Train: 0.0133 | Val: 0.0098 | LR: 0.001000 | Time: 23.2s
[SAVE] Nuevo mejor modelo!
  Epoch [94/100] Batch 0/2927 Loss: 0.0148
  Epoch [94/100] Batch 200/2927 Loss: 0.0143
  Epoch [94/100] Batch 400/2927 Loss: 0.0155
  Epoch [94/100] Batch 600/2927 Loss: 0.0092
  Epoch [94/100] Batch 800/2927 Loss: 0.0104
  Epoch [94/100] Batch 1000/2927 Loss: 0.0295
  Epoch [94/100] Batch 1200/2927 Loss: 0.0110
  Epoch [94/100] Batch 1400/2927 Loss: 0.0102
  Epoch [94/100] Batch 1600/2927 Loss: 0.0153
  Epoch [94/100] Batch 1800/2927 Loss: 0.0099
  Epoch [94/100] Batch 2000/2927 Loss: 0.0099
  Epoch [94/100] Batch 2200/2927 Loss: 0.0143
  Epoch [94/100] Batch 2400/2927 Loss: 0.0059
  Epoch [94/100] Batch 2600/2927 Loss: 0.0175
  Epoch [94/100] Batch 2800/2927 Loss: 0.0078
[EPOCH 94] Train: 0.0130 | Val: 0.0101 | LR: 0.001000 | Time: 23.2s
  Epoch [95/100] Batch 0/2927 Loss: 0.0121
  Epoch [95/100] Batch 200/2927 Loss: 0.0148
  Epoch [95/100] Batch 400/2927 Loss: 0.0108
  Epoch [95/100] Batch 600/2927 Loss: 0.0148
  Epoch [95/100] Batch 800/2927 Loss: 0.0157
  Epoch [95/100] Batch 1000/2927 Loss: 0.0155
  Epoch [95/100] Batch 1200/2927 Loss: 0.0119
  Epoch [95/100] Batch 1400/2927 Loss: 0.0100
  Epoch [95/100] Batch 1600/2927 Loss: 0.0107
  Epoch [95/100] Batch 1800/2927 Loss: 0.0141
  Epoch [95/100] Batch 2000/2927 Loss: 0.0090
  Epoch [95/100] Batch 2200/2927 Loss: 0.0125
  Epoch [95/100] Batch 2400/2927 Loss: 0.0132
  Epoch [95/100] Batch 2600/2927 Loss: 0.0078
  Epoch [95/100] Batch 2800/2927 Loss: 0.0192
[EPOCH 95] Train: 0.0131 | Val: 0.0112 | LR: 0.001000 | Time: 23.2s
  Epoch [96/100] Batch 0/2927 Loss: 0.0158
  Epoch [96/100] Batch 200/2927 Loss: 0.0102
  Epoch [96/100] Batch 400/2927 Loss: 0.0109
  Epoch [96/100] Batch 600/2927 Loss: 0.0144
  Epoch [96/100] Batch 800/2927 Loss: 0.0145
  Epoch [96/100] Batch 1000/2927 Loss: 0.0195
  Epoch [96/100] Batch 1200/2927 Loss: 0.0128
  Epoch [96/100] Batch 1400/2927 Loss: 0.0210
  Epoch [96/100] Batch 1600/2927 Loss: 0.0111
  Epoch [96/100] Batch 1800/2927 Loss: 0.0122
  Epoch [96/100] Batch 2000/2927 Loss: 0.0159
  Epoch [96/100] Batch 2200/2927 Loss: 0.0117
  Epoch [96/100] Batch 2400/2927 Loss: 0.0131
  Epoch [96/100] Batch 2600/2927 Loss: 0.0091
  Epoch [96/100] Batch 2800/2927 Loss: 0.0137
[EPOCH 96] Train: 0.0131 | Val: 0.0102 | LR: 0.001000 | Time: 23.2s
  Epoch [97/100] Batch 0/2927 Loss: 0.0094
  Epoch [97/100] Batch 200/2927 Loss: 0.0209
  Epoch [97/100] Batch 400/2927 Loss: 0.0112
  Epoch [97/100] Batch 600/2927 Loss: 0.0092
  Epoch [97/100] Batch 800/2927 Loss: 0.0110
  Epoch [97/100] Batch 1000/2927 Loss: 0.0123
  Epoch [97/100] Batch 1200/2927 Loss: 0.0117
  Epoch [97/100] Batch 1400/2927 Loss: 0.0125
  Epoch [97/100] Batch 1600/2927 Loss: 0.0174
  Epoch [97/100] Batch 1800/2927 Loss: 0.0114
  Epoch [97/100] Batch 2000/2927 Loss: 0.0104
  Epoch [97/100] Batch 2200/2927 Loss: 0.0150
  Epoch [97/100] Batch 2400/2927 Loss: 0.0112
  Epoch [97/100] Batch 2600/2927 Loss: 0.0164
  Epoch [97/100] Batch 2800/2927 Loss: 0.0218
[EPOCH 97] Train: 0.0133 | Val: 0.0097 | LR: 0.001000 | Time: 23.2s
[SAVE] Nuevo mejor modelo!
  Epoch [98/100] Batch 0/2927 Loss: 0.0143
  Epoch [98/100] Batch 200/2927 Loss: 0.0076
  Epoch [98/100] Batch 400/2927 Loss: 0.0104
  Epoch [98/100] Batch 600/2927 Loss: 0.0138
  Epoch [98/100] Batch 800/2927 Loss: 0.0166
  Epoch [98/100] Batch 1000/2927 Loss: 0.0092
  Epoch [98/100] Batch 1200/2927 Loss: 0.0116
  Epoch [98/100] Batch 1400/2927 Loss: 0.0110
  Epoch [98/100] Batch 1600/2927 Loss: 0.0084
  Epoch [98/100] Batch 1800/2927 Loss: 0.0119
  Epoch [98/100] Batch 2000/2927 Loss: 0.0154
  Epoch [98/100] Batch 2200/2927 Loss: 0.0152
  Epoch [98/100] Batch 2400/2927 Loss: 0.0109
  Epoch [98/100] Batch 2600/2927 Loss: 0.0177
  Epoch [98/100] Batch 2800/2927 Loss: 0.0116
[EPOCH 98] Train: 0.0130 | Val: 0.0099 | LR: 0.001000 | Time: 23.2s
  Epoch [99/100] Batch 0/2927 Loss: 0.0166
  Epoch [99/100] Batch 200/2927 Loss: 0.0096
  Epoch [99/100] Batch 400/2927 Loss: 0.0143
  Epoch [99/100] Batch 600/2927 Loss: 0.0115
  Epoch [99/100] Batch 800/2927 Loss: 0.0048
  Epoch [99/100] Batch 1000/2927 Loss: 0.0063
  Epoch [99/100] Batch 1200/2927 Loss: 0.0179
  Epoch [99/100] Batch 1400/2927 Loss: 0.0127
  Epoch [99/100] Batch 1600/2927 Loss: 0.0114
  Epoch [99/100] Batch 1800/2927 Loss: 0.0121
  Epoch [99/100] Batch 2000/2927 Loss: 0.0123
  Epoch [99/100] Batch 2200/2927 Loss: 0.0163
  Epoch [99/100] Batch 2400/2927 Loss: 0.0171
  Epoch [99/100] Batch 2600/2927 Loss: 0.0148
  Epoch [99/100] Batch 2800/2927 Loss: 0.0137
[EPOCH 99] Train: 0.0129 | Val: 0.0103 | LR: 0.001000 | Time: 23.2s
  Epoch [100/100] Batch 0/2927 Loss: 0.0077
  Epoch [100/100] Batch 200/2927 Loss: 0.0141
  Epoch [100/100] Batch 400/2927 Loss: 0.0102
  Epoch [100/100] Batch 600/2927 Loss: 0.0165
  Epoch [100/100] Batch 800/2927 Loss: 0.0109
  Epoch [100/100] Batch 1000/2927 Loss: 0.0077
  Epoch [100/100] Batch 1200/2927 Loss: 0.0122
  Epoch [100/100] Batch 1400/2927 Loss: 0.0113
  Epoch [100/100] Batch 1600/2927 Loss: 0.0107
  Epoch [100/100] Batch 1800/2927 Loss: 0.0143
  Epoch [100/100] Batch 2000/2927 Loss: 0.0110
  Epoch [100/100] Batch 2200/2927 Loss: 0.0121
  Epoch [100/100] Batch 2400/2927 Loss: 0.0180
  Epoch [100/100] Batch 2600/2927 Loss: 0.0090
  Epoch [100/100] Batch 2800/2927 Loss: 0.0102
[EPOCH 100] Train: 0.0130 | Val: 0.0098 | LR: 0.001000 | Time: 23.2s

[DONE] 39.0 min. Mejor Val: 0.0097
