Job 2374453 en compute-2-0
--- ENTRENAMIENTO V10 (2CH + FM + 19v): nmr_202k_v10_2ch_fm_19v ---
[INFO] Dispositivo: cuda
[INFO] Extrayendo formulas moleculares (C,H,N,O,S,Hal)...
[INFO] Formulas moleculares cargadas.
[INFO] Scheduler: patience=8, factor=0.7

[START] 100 epochs...
  Epoch [1/100] Batch 0/2848 Loss: 72.4581
  Epoch [1/100] Batch 200/2848 Loss: 1.3116
  Epoch [1/100] Batch 400/2848 Loss: 0.4758
  Epoch [1/100] Batch 600/2848 Loss: 0.3688
  Epoch [1/100] Batch 800/2848 Loss: 0.2919
  Epoch [1/100] Batch 1000/2848 Loss: 0.2552
  Epoch [1/100] Batch 1200/2848 Loss: 0.2019
  Epoch [1/100] Batch 1400/2848 Loss: 0.2976
  Epoch [1/100] Batch 1600/2848 Loss: 0.1713
  Epoch [1/100] Batch 1800/2848 Loss: 0.1497
  Epoch [1/100] Batch 2000/2848 Loss: 0.1380
  Epoch [1/100] Batch 2200/2848 Loss: 0.1891
  Epoch [1/100] Batch 2400/2848 Loss: 0.1611
  Epoch [1/100] Batch 2600/2848 Loss: 0.1297
  Epoch [1/100] Batch 2800/2848 Loss: 0.2118
[EPOCH 1] Train: 0.5644 | Val: 0.1335 | LR: 0.001000 | Time: 411.4s
[SAVE] Nuevo mejor modelo!
  Epoch [2/100] Batch 0/2848 Loss: 0.1224
  Epoch [2/100] Batch 200/2848 Loss: 0.1006
  Epoch [2/100] Batch 400/2848 Loss: 0.1565
  Epoch [2/100] Batch 600/2848 Loss: 0.0933
  Epoch [2/100] Batch 800/2848 Loss: 0.0826
  Epoch [2/100] Batch 1000/2848 Loss: 0.1201
  Epoch [2/100] Batch 1200/2848 Loss: 0.5124
  Epoch [2/100] Batch 1400/2848 Loss: 0.2951
  Epoch [2/100] Batch 1600/2848 Loss: 0.2551
  Epoch [2/100] Batch 1800/2848 Loss: 0.2695
  Epoch [2/100] Batch 2000/2848 Loss: 0.2046
  Epoch [2/100] Batch 2200/2848 Loss: 0.2264
  Epoch [2/100] Batch 2400/2848 Loss: 0.1804
  Epoch [2/100] Batch 2600/2848 Loss: 0.1629
  Epoch [2/100] Batch 2800/2848 Loss: 0.1552
[EPOCH 2] Train: 0.3243 | Val: 0.1729 | LR: 0.001000 | Time: 369.3s
  Epoch [3/100] Batch 0/2848 Loss: 0.1350
  Epoch [3/100] Batch 200/2848 Loss: 0.2029
  Epoch [3/100] Batch 400/2848 Loss: 0.1748
  Epoch [3/100] Batch 600/2848 Loss: 0.1799
  Epoch [3/100] Batch 800/2848 Loss: 0.1277
  Epoch [3/100] Batch 1000/2848 Loss: 0.1616
  Epoch [3/100] Batch 1200/2848 Loss: 0.1199
  Epoch [3/100] Batch 1400/2848 Loss: 0.1172
  Epoch [3/100] Batch 1600/2848 Loss: 0.1723
  Epoch [3/100] Batch 1800/2848 Loss: 0.1326
  Epoch [3/100] Batch 2000/2848 Loss: 0.1070
  Epoch [3/100] Batch 2200/2848 Loss: 0.0940
  Epoch [3/100] Batch 2400/2848 Loss: 0.1216
  Epoch [3/100] Batch 2600/2848 Loss: 0.1156
  Epoch [3/100] Batch 2800/2848 Loss: 0.1288
[EPOCH 3] Train: 0.1353 | Val: 0.1142 | LR: 0.001000 | Time: 369.1s
[SAVE] Nuevo mejor modelo!
  Epoch [4/100] Batch 0/2848 Loss: 0.1195
  Epoch [4/100] Batch 200/2848 Loss: 0.1117
  Epoch [4/100] Batch 400/2848 Loss: 0.0859
  Epoch [4/100] Batch 600/2848 Loss: 0.1098
  Epoch [4/100] Batch 800/2848 Loss: 0.1217
  Epoch [4/100] Batch 1000/2848 Loss: 0.1042
  Epoch [4/100] Batch 1200/2848 Loss: 0.0994
  Epoch [4/100] Batch 1400/2848 Loss: 0.0995
  Epoch [4/100] Batch 1600/2848 Loss: 0.0949
  Epoch [4/100] Batch 1800/2848 Loss: 0.1080
  Epoch [4/100] Batch 2000/2848 Loss: 0.0957
  Epoch [4/100] Batch 2200/2848 Loss: 0.0970
  Epoch [4/100] Batch 2400/2848 Loss: 0.0894
  Epoch [4/100] Batch 2600/2848 Loss: 0.0850
  Epoch [4/100] Batch 2800/2848 Loss: 0.1246
[EPOCH 4] Train: 0.1060 | Val: 0.1023 | LR: 0.001000 | Time: 369.3s
[SAVE] Nuevo mejor modelo!
  Epoch [5/100] Batch 0/2848 Loss: 0.1167
  Epoch [5/100] Batch 200/2848 Loss: 0.0927
  Epoch [5/100] Batch 400/2848 Loss: 0.1030
  Epoch [5/100] Batch 600/2848 Loss: 0.0749
  Epoch [5/100] Batch 800/2848 Loss: 0.0699
  Epoch [5/100] Batch 1000/2848 Loss: 0.1095
  Epoch [5/100] Batch 1200/2848 Loss: 0.4759
  Epoch [5/100] Batch 1400/2848 Loss: 0.1057
  Epoch [5/100] Batch 1600/2848 Loss: 0.0872
  Epoch [5/100] Batch 1800/2848 Loss: 0.0655
  Epoch [5/100] Batch 2000/2848 Loss: 0.0699
  Epoch [5/100] Batch 2200/2848 Loss: 0.0571
  Epoch [5/100] Batch 2400/2848 Loss: 0.0744
  Epoch [5/100] Batch 2600/2848 Loss: 0.0601
  Epoch [5/100] Batch 2800/2848 Loss: 0.0708
[EPOCH 5] Train: 0.0927 | Val: 0.0731 | LR: 0.001000 | Time: 368.7s
[SAVE] Nuevo mejor modelo!
  Epoch [6/100] Batch 0/2848 Loss: 0.0735
  Epoch [6/100] Batch 200/2848 Loss: 0.0825
  Epoch [6/100] Batch 400/2848 Loss: 0.0710
  Epoch [6/100] Batch 600/2848 Loss: 0.0602
  Epoch [6/100] Batch 800/2848 Loss: 0.0737
  Epoch [6/100] Batch 1000/2848 Loss: 0.0841
  Epoch [6/100] Batch 1200/2848 Loss: 0.0560
  Epoch [6/100] Batch 1400/2848 Loss: 0.0624
  Epoch [6/100] Batch 1600/2848 Loss: 0.0759
  Epoch [6/100] Batch 1800/2848 Loss: 0.0601
  Epoch [6/100] Batch 2000/2848 Loss: 0.0929
  Epoch [6/100] Batch 2200/2848 Loss: 0.0649
  Epoch [6/100] Batch 2400/2848 Loss: 0.0758
  Epoch [6/100] Batch 2600/2848 Loss: 0.0699
  Epoch [6/100] Batch 2800/2848 Loss: 0.0561
[EPOCH 6] Train: 0.0686 | Val: 0.0632 | LR: 0.001000 | Time: 368.6s
[SAVE] Nuevo mejor modelo!
  Epoch [7/100] Batch 0/2848 Loss: 0.0575
  Epoch [7/100] Batch 200/2848 Loss: 0.0726
  Epoch [7/100] Batch 400/2848 Loss: 0.0490
  Epoch [7/100] Batch 600/2848 Loss: 0.0546
  Epoch [7/100] Batch 800/2848 Loss: 0.0753
  Epoch [7/100] Batch 1000/2848 Loss: 0.0643
  Epoch [7/100] Batch 1200/2848 Loss: 0.0627
  Epoch [7/100] Batch 1400/2848 Loss: 0.0577
  Epoch [7/100] Batch 1600/2848 Loss: 0.0689
  Epoch [7/100] Batch 1800/2848 Loss: 0.0852
  Epoch [7/100] Batch 2000/2848 Loss: 0.0566
  Epoch [7/100] Batch 2200/2848 Loss: 0.0538
  Epoch [7/100] Batch 2400/2848 Loss: 0.0672
  Epoch [7/100] Batch 2600/2848 Loss: 0.0562
  Epoch [7/100] Batch 2800/2848 Loss: 0.0599
[EPOCH 7] Train: 0.0613 | Val: 0.0824 | LR: 0.001000 | Time: 368.6s
  Epoch [8/100] Batch 0/2848 Loss: 0.0962
  Epoch [8/100] Batch 200/2848 Loss: 0.0488
  Epoch [8/100] Batch 400/2848 Loss: 0.0566
  Epoch [8/100] Batch 600/2848 Loss: 0.0580
  Epoch [8/100] Batch 800/2848 Loss: 0.0717
  Epoch [8/100] Batch 1000/2848 Loss: 0.0464
  Epoch [8/100] Batch 1200/2848 Loss: 0.0597
  Epoch [8/100] Batch 1400/2848 Loss: 0.0605
  Epoch [8/100] Batch 1600/2848 Loss: 0.0573
  Epoch [8/100] Batch 1800/2848 Loss: 0.0635
  Epoch [8/100] Batch 2000/2848 Loss: 0.0627
  Epoch [8/100] Batch 2200/2848 Loss: 0.0459
  Epoch [8/100] Batch 2400/2848 Loss: 0.0554
  Epoch [8/100] Batch 2600/2848 Loss: 0.0648
  Epoch [8/100] Batch 2800/2848 Loss: 0.0513
[EPOCH 8] Train: 0.0570 | Val: 0.0531 | LR: 0.001000 | Time: 381.2s
[SAVE] Nuevo mejor modelo!
  Epoch [9/100] Batch 0/2848 Loss: 0.0651
  Epoch [9/100] Batch 200/2848 Loss: 0.0573
  Epoch [9/100] Batch 400/2848 Loss: 0.0601
  Epoch [9/100] Batch 600/2848 Loss: 0.0617
  Epoch [9/100] Batch 800/2848 Loss: 0.0576
  Epoch [9/100] Batch 1000/2848 Loss: 0.0415
  Epoch [9/100] Batch 1200/2848 Loss: 0.0468
  Epoch [9/100] Batch 1400/2848 Loss: 0.0418
  Epoch [9/100] Batch 1600/2848 Loss: 0.0460
  Epoch [9/100] Batch 1800/2848 Loss: 0.0533
  Epoch [9/100] Batch 2000/2848 Loss: 0.0398
  Epoch [9/100] Batch 2200/2848 Loss: 0.0448
  Epoch [9/100] Batch 2400/2848 Loss: 0.0645
  Epoch [9/100] Batch 2600/2848 Loss: 0.0503
  Epoch [9/100] Batch 2800/2848 Loss: 0.0555
[EPOCH 9] Train: 0.0523 | Val: 0.0672 | LR: 0.001000 | Time: 379.2s
  Epoch [10/100] Batch 0/2848 Loss: 0.0639
  Epoch [10/100] Batch 200/2848 Loss: 0.0455
  Epoch [10/100] Batch 400/2848 Loss: 0.0437
  Epoch [10/100] Batch 600/2848 Loss: 0.0439
  Epoch [10/100] Batch 800/2848 Loss: 0.0463
  Epoch [10/100] Batch 1000/2848 Loss: 0.0462
  Epoch [10/100] Batch 1200/2848 Loss: 0.0513
  Epoch [10/100] Batch 1400/2848 Loss: 0.0564
  Epoch [10/100] Batch 1600/2848 Loss: 0.0598
  Epoch [10/100] Batch 1800/2848 Loss: 0.0472
  Epoch [10/100] Batch 2000/2848 Loss: 0.0389
  Epoch [10/100] Batch 2200/2848 Loss: 0.0372
  Epoch [10/100] Batch 2400/2848 Loss: 0.0375
  Epoch [10/100] Batch 2600/2848 Loss: 0.0572
  Epoch [10/100] Batch 2800/2848 Loss: 0.0531
[EPOCH 10] Train: 0.0491 | Val: 0.0513 | LR: 0.001000 | Time: 369.3s
[SAVE] Nuevo mejor modelo!
  Epoch [11/100] Batch 0/2848 Loss: 0.0400
  Epoch [11/100] Batch 200/2848 Loss: 0.0406
  Epoch [11/100] Batch 400/2848 Loss: 0.0373
  Epoch [11/100] Batch 600/2848 Loss: 0.0459
  Epoch [11/100] Batch 800/2848 Loss: 0.0361
  Epoch [11/100] Batch 1000/2848 Loss: 0.0475
  Epoch [11/100] Batch 1200/2848 Loss: 0.0589
  Epoch [11/100] Batch 1400/2848 Loss: 0.0570
  Epoch [11/100] Batch 1600/2848 Loss: 0.0740
  Epoch [11/100] Batch 1800/2848 Loss: 0.0502
  Epoch [11/100] Batch 2000/2848 Loss: 0.0545
  Epoch [11/100] Batch 2200/2848 Loss: 0.0450
  Epoch [11/100] Batch 2400/2848 Loss: 0.0530
  Epoch [11/100] Batch 2600/2848 Loss: 0.0345
  Epoch [11/100] Batch 2800/2848 Loss: 0.0478
[EPOCH 11] Train: 0.0468 | Val: 0.0482 | LR: 0.001000 | Time: 369.2s
[SAVE] Nuevo mejor modelo!
  Epoch [12/100] Batch 0/2848 Loss: 0.0497
  Epoch [12/100] Batch 200/2848 Loss: 0.0427
  Epoch [12/100] Batch 400/2848 Loss: 0.0465
  Epoch [12/100] Batch 600/2848 Loss: 0.0457
  Epoch [12/100] Batch 800/2848 Loss: 0.0610
  Epoch [12/100] Batch 1000/2848 Loss: 0.0474
  Epoch [12/100] Batch 1200/2848 Loss: 0.0558
  Epoch [12/100] Batch 1400/2848 Loss: 0.0448
  Epoch [12/100] Batch 1600/2848 Loss: 0.0384
  Epoch [12/100] Batch 1800/2848 Loss: 0.0415
  Epoch [12/100] Batch 2000/2848 Loss: 0.0388
  Epoch [12/100] Batch 2200/2848 Loss: 0.0467
  Epoch [12/100] Batch 2400/2848 Loss: 0.0418
  Epoch [12/100] Batch 2600/2848 Loss: 0.0499
  Epoch [12/100] Batch 2800/2848 Loss: 0.0449
[EPOCH 12] Train: 0.0447 | Val: 0.0498 | LR: 0.001000 | Time: 368.9s
  Epoch [13/100] Batch 0/2848 Loss: 0.0502
  Epoch [13/100] Batch 200/2848 Loss: 0.0378
  Epoch [13/100] Batch 400/2848 Loss: 0.0470
  Epoch [13/100] Batch 600/2848 Loss: 0.0364
  Epoch [13/100] Batch 800/2848 Loss: 0.0352
  Epoch [13/100] Batch 1000/2848 Loss: 0.0337
  Epoch [13/100] Batch 1200/2848 Loss: 0.0495
  Epoch [13/100] Batch 1400/2848 Loss: 0.0489
  Epoch [13/100] Batch 1600/2848 Loss: 0.0333
  Epoch [13/100] Batch 1800/2848 Loss: 0.0395
  Epoch [13/100] Batch 2000/2848 Loss: 0.0458
  Epoch [13/100] Batch 2200/2848 Loss: 0.0385
  Epoch [13/100] Batch 2400/2848 Loss: 0.0578
  Epoch [13/100] Batch 2600/2848 Loss: 0.0339
  Epoch [13/100] Batch 2800/2848 Loss: 0.0380
[EPOCH 13] Train: 0.0429 | Val: 0.0451 | LR: 0.001000 | Time: 368.8s
[SAVE] Nuevo mejor modelo!
  Epoch [14/100] Batch 0/2848 Loss: 0.0654
  Epoch [14/100] Batch 200/2848 Loss: 0.1025
  Epoch [14/100] Batch 400/2848 Loss: 0.0376
  Epoch [14/100] Batch 600/2848 Loss: 0.0319
  Epoch [14/100] Batch 800/2848 Loss: 0.0453
  Epoch [14/100] Batch 1000/2848 Loss: 0.0786
  Epoch [14/100] Batch 1200/2848 Loss: 0.0408
  Epoch [14/100] Batch 1400/2848 Loss: 0.0800
  Epoch [14/100] Batch 1600/2848 Loss: 0.0431
  Epoch [14/100] Batch 1800/2848 Loss: 0.0392
  Epoch [14/100] Batch 2000/2848 Loss: 0.0448
  Epoch [14/100] Batch 2200/2848 Loss: 0.0303
  Epoch [14/100] Batch 2400/2848 Loss: 0.0395
  Epoch [14/100] Batch 2600/2848 Loss: 0.0499
  Epoch [14/100] Batch 2800/2848 Loss: 0.0464
[EPOCH 14] Train: 0.0419 | Val: 0.0439 | LR: 0.001000 | Time: 412.6s
[SAVE] Nuevo mejor modelo!
  Epoch [15/100] Batch 0/2848 Loss: 0.0422
  Epoch [15/100] Batch 200/2848 Loss: 0.0352
  Epoch [15/100] Batch 400/2848 Loss: 0.0317
  Epoch [15/100] Batch 600/2848 Loss: 0.0460
  Epoch [15/100] Batch 800/2848 Loss: 0.0333
  Epoch [15/100] Batch 1000/2848 Loss: 0.0443
  Epoch [15/100] Batch 1200/2848 Loss: 0.0410
  Epoch [15/100] Batch 1400/2848 Loss: 0.0333
  Epoch [15/100] Batch 1600/2848 Loss: 0.0491
  Epoch [15/100] Batch 1800/2848 Loss: 0.0428
  Epoch [15/100] Batch 2000/2848 Loss: 0.0351
  Epoch [15/100] Batch 2200/2848 Loss: 0.0346
  Epoch [15/100] Batch 2400/2848 Loss: 0.0369
  Epoch [15/100] Batch 2600/2848 Loss: 0.0420
  Epoch [15/100] Batch 2800/2848 Loss: 0.0330
[EPOCH 15] Train: 0.0399 | Val: 0.0643 | LR: 0.001000 | Time: 500.9s
  Epoch [16/100] Batch 0/2848 Loss: 0.0644
  Epoch [16/100] Batch 200/2848 Loss: 0.0631
  Epoch [16/100] Batch 400/2848 Loss: 0.0406
  Epoch [16/100] Batch 600/2848 Loss: 0.0347
  Epoch [16/100] Batch 800/2848 Loss: 0.0336
  Epoch [16/100] Batch 1000/2848 Loss: 0.0391
  Epoch [16/100] Batch 1200/2848 Loss: 0.0333
  Epoch [16/100] Batch 1400/2848 Loss: 0.0318
  Epoch [16/100] Batch 1600/2848 Loss: 0.0535
  Epoch [16/100] Batch 1800/2848 Loss: 0.0290
  Epoch [16/100] Batch 2000/2848 Loss: 0.0309
  Epoch [16/100] Batch 2200/2848 Loss: 0.0580
  Epoch [16/100] Batch 2400/2848 Loss: 0.0379
  Epoch [16/100] Batch 2600/2848 Loss: 0.0380
  Epoch [16/100] Batch 2800/2848 Loss: 0.0495
[EPOCH 16] Train: 0.0392 | Val: 0.0419 | LR: 0.001000 | Time: 386.1s
[SAVE] Nuevo mejor modelo!
  Epoch [17/100] Batch 0/2848 Loss: 0.0401
  Epoch [17/100] Batch 200/2848 Loss: 0.0509
  Epoch [17/100] Batch 400/2848 Loss: 0.0358
  Epoch [17/100] Batch 600/2848 Loss: 0.0533
  Epoch [17/100] Batch 800/2848 Loss: 0.0303
  Epoch [17/100] Batch 1000/2848 Loss: 0.0323
  Epoch [17/100] Batch 1200/2848 Loss: 0.0297
  Epoch [17/100] Batch 1400/2848 Loss: 0.0318
  Epoch [17/100] Batch 1600/2848 Loss: 0.0273
  Epoch [17/100] Batch 1800/2848 Loss: 0.0405
  Epoch [17/100] Batch 2000/2848 Loss: 0.0387
  Epoch [17/100] Batch 2200/2848 Loss: 0.0449
  Epoch [17/100] Batch 2400/2848 Loss: 0.0340
  Epoch [17/100] Batch 2600/2848 Loss: 0.0452
  Epoch [17/100] Batch 2800/2848 Loss: 0.0382
[EPOCH 17] Train: 0.0378 | Val: 0.0416 | LR: 0.001000 | Time: 368.5s
[SAVE] Nuevo mejor modelo!
  Epoch [18/100] Batch 0/2848 Loss: 0.0614
  Epoch [18/100] Batch 200/2848 Loss: 0.0345
  Epoch [18/100] Batch 400/2848 Loss: 0.0307
  Epoch [18/100] Batch 600/2848 Loss: 0.0385
  Epoch [18/100] Batch 800/2848 Loss: 0.0426
  Epoch [18/100] Batch 1000/2848 Loss: 0.0427
  Epoch [18/100] Batch 1200/2848 Loss: 0.0368
  Epoch [18/100] Batch 1400/2848 Loss: 0.0416
  Epoch [18/100] Batch 1600/2848 Loss: 0.0424
  Epoch [18/100] Batch 1800/2848 Loss: 0.0451
  Epoch [18/100] Batch 2000/2848 Loss: 0.0354
  Epoch [18/100] Batch 2200/2848 Loss: 0.0647
  Epoch [18/100] Batch 2400/2848 Loss: 0.0376
  Epoch [18/100] Batch 2600/2848 Loss: 0.0230
  Epoch [18/100] Batch 2800/2848 Loss: 0.0385
[EPOCH 18] Train: 0.0368 | Val: 0.0432 | LR: 0.001000 | Time: 368.3s
  Epoch [19/100] Batch 0/2848 Loss: 0.0414
  Epoch [19/100] Batch 200/2848 Loss: 0.0294
  Epoch [19/100] Batch 400/2848 Loss: 0.0352
  Epoch [19/100] Batch 600/2848 Loss: 0.0300
  Epoch [19/100] Batch 800/2848 Loss: 0.0301
  Epoch [19/100] Batch 1000/2848 Loss: 0.0237
  Epoch [19/100] Batch 1200/2848 Loss: 0.0232
  Epoch [19/100] Batch 1400/2848 Loss: 0.0371
  Epoch [19/100] Batch 1600/2848 Loss: 0.0210
  Epoch [19/100] Batch 1800/2848 Loss: 0.0266
  Epoch [19/100] Batch 2000/2848 Loss: 0.0361
  Epoch [19/100] Batch 2200/2848 Loss: 0.0290
  Epoch [19/100] Batch 2400/2848 Loss: 0.0380
  Epoch [19/100] Batch 2600/2848 Loss: 0.0320
  Epoch [19/100] Batch 2800/2848 Loss: 0.0430
[EPOCH 19] Train: 0.0360 | Val: 0.0403 | LR: 0.001000 | Time: 368.4s
[SAVE] Nuevo mejor modelo!
  Epoch [20/100] Batch 0/2848 Loss: 0.0223
  Epoch [20/100] Batch 200/2848 Loss: 0.0290
  Epoch [20/100] Batch 400/2848 Loss: 0.0456
  Epoch [20/100] Batch 600/2848 Loss: 0.0301
  Epoch [20/100] Batch 800/2848 Loss: 0.0332
  Epoch [20/100] Batch 1000/2848 Loss: 0.0497
  Epoch [20/100] Batch 1200/2848 Loss: 0.0374
  Epoch [20/100] Batch 1400/2848 Loss: 0.0341
  Epoch [20/100] Batch 1600/2848 Loss: 0.0287
  Epoch [20/100] Batch 1800/2848 Loss: 0.0292
  Epoch [20/100] Batch 2000/2848 Loss: 0.0366
  Epoch [20/100] Batch 2200/2848 Loss: 0.0395
  Epoch [20/100] Batch 2400/2848 Loss: 0.0537
  Epoch [20/100] Batch 2600/2848 Loss: 0.0413
  Epoch [20/100] Batch 2800/2848 Loss: 0.0303
[EPOCH 20] Train: 0.0352 | Val: 0.0418 | LR: 0.001000 | Time: 368.5s
  Epoch [21/100] Batch 0/2848 Loss: 0.0386
  Epoch [21/100] Batch 200/2848 Loss: 0.0292
  Epoch [21/100] Batch 400/2848 Loss: 0.0271
  Epoch [21/100] Batch 600/2848 Loss: 0.0278
  Epoch [21/100] Batch 800/2848 Loss: 0.0425
  Epoch [21/100] Batch 1000/2848 Loss: 0.0293
  Epoch [21/100] Batch 1200/2848 Loss: 0.0370
  Epoch [21/100] Batch 1400/2848 Loss: 0.0274
  Epoch [21/100] Batch 1600/2848 Loss: 0.0277
  Epoch [21/100] Batch 1800/2848 Loss: 0.0272
  Epoch [21/100] Batch 2000/2848 Loss: 0.0372
  Epoch [21/100] Batch 2200/2848 Loss: 0.0384
  Epoch [21/100] Batch 2400/2848 Loss: 0.0298
  Epoch [21/100] Batch 2600/2848 Loss: 0.0324
  Epoch [21/100] Batch 2800/2848 Loss: 0.0384
[EPOCH 21] Train: 0.0340 | Val: 0.0422 | LR: 0.001000 | Time: 368.7s
  Epoch [22/100] Batch 0/2848 Loss: 0.0451
  Epoch [22/100] Batch 200/2848 Loss: 0.0361
  Epoch [22/100] Batch 400/2848 Loss: 0.0293
  Epoch [22/100] Batch 600/2848 Loss: 0.0322
  Epoch [22/100] Batch 800/2848 Loss: 0.0235
  Epoch [22/100] Batch 1000/2848 Loss: 0.0354
  Epoch [22/100] Batch 1200/2848 Loss: 0.0340
  Epoch [22/100] Batch 1400/2848 Loss: 0.0326
  Epoch [22/100] Batch 1600/2848 Loss: 0.0254
  Epoch [22/100] Batch 1800/2848 Loss: 0.0290
  Epoch [22/100] Batch 2000/2848 Loss: 0.0404
  Epoch [22/100] Batch 2200/2848 Loss: 0.0320
  Epoch [22/100] Batch 2400/2848 Loss: 0.0331
  Epoch [22/100] Batch 2600/2848 Loss: 0.0469
  Epoch [22/100] Batch 2800/2848 Loss: 0.0295
[EPOCH 22] Train: 0.0334 | Val: 0.0384 | LR: 0.001000 | Time: 368.7s
[SAVE] Nuevo mejor modelo!
  Epoch [23/100] Batch 0/2848 Loss: 0.0257
  Epoch [23/100] Batch 200/2848 Loss: 0.0338
  Epoch [23/100] Batch 400/2848 Loss: 0.0262
  Epoch [23/100] Batch 600/2848 Loss: 0.0310
  Epoch [23/100] Batch 800/2848 Loss: 0.0595
  Epoch [23/100] Batch 1000/2848 Loss: 0.0331
  Epoch [23/100] Batch 1200/2848 Loss: 0.0239
  Epoch [23/100] Batch 1400/2848 Loss: 0.0318
  Epoch [23/100] Batch 1600/2848 Loss: 0.0274
  Epoch [23/100] Batch 1800/2848 Loss: 0.0276
  Epoch [23/100] Batch 2000/2848 Loss: 0.0339
  Epoch [23/100] Batch 2200/2848 Loss: 0.0290
  Epoch [23/100] Batch 2400/2848 Loss: 0.0283
  Epoch [23/100] Batch 2600/2848 Loss: 0.0405
  Epoch [23/100] Batch 2800/2848 Loss: 0.0241
[EPOCH 23] Train: 0.0328 | Val: 0.0452 | LR: 0.001000 | Time: 368.6s
  Epoch [24/100] Batch 0/2848 Loss: 0.0370
  Epoch [24/100] Batch 200/2848 Loss: 0.0304
  Epoch [24/100] Batch 400/2848 Loss: 0.0298
  Epoch [24/100] Batch 600/2848 Loss: 0.0244
  Epoch [24/100] Batch 800/2848 Loss: 0.0369
  Epoch [24/100] Batch 1000/2848 Loss: 0.0391
  Epoch [24/100] Batch 1200/2848 Loss: 0.0316
  Epoch [24/100] Batch 1400/2848 Loss: 0.0359
  Epoch [24/100] Batch 1600/2848 Loss: 0.0304
  Epoch [24/100] Batch 1800/2848 Loss: 0.0301
  Epoch [24/100] Batch 2000/2848 Loss: 0.0267
  Epoch [24/100] Batch 2200/2848 Loss: 0.0330
  Epoch [24/100] Batch 2400/2848 Loss: 0.0288
  Epoch [24/100] Batch 2600/2848 Loss: 0.0233
  Epoch [24/100] Batch 2800/2848 Loss: 0.0332
[EPOCH 24] Train: 0.0318 | Val: 0.0379 | LR: 0.001000 | Time: 368.6s
[SAVE] Nuevo mejor modelo!
  Epoch [25/100] Batch 0/2848 Loss: 0.0251
  Epoch [25/100] Batch 200/2848 Loss: 0.0297
  Epoch [25/100] Batch 400/2848 Loss: 0.0281
  Epoch [25/100] Batch 600/2848 Loss: 0.0333
  Epoch [25/100] Batch 800/2848 Loss: 0.0219
  Epoch [25/100] Batch 1000/2848 Loss: 0.0249
  Epoch [25/100] Batch 1200/2848 Loss: 0.0432
  Epoch [25/100] Batch 1400/2848 Loss: 0.0313
  Epoch [25/100] Batch 1600/2848 Loss: 0.0333
  Epoch [25/100] Batch 1800/2848 Loss: 0.0307
  Epoch [25/100] Batch 2000/2848 Loss: 0.0301
  Epoch [25/100] Batch 2200/2848 Loss: 0.0319
  Epoch [25/100] Batch 2400/2848 Loss: 0.0293
  Epoch [25/100] Batch 2600/2848 Loss: 0.0198
  Epoch [25/100] Batch 2800/2848 Loss: 0.0318
[EPOCH 25] Train: 0.0311 | Val: 0.0630 | LR: 0.001000 | Time: 368.6s
  Epoch [26/100] Batch 0/2848 Loss: 0.0505
  Epoch [26/100] Batch 200/2848 Loss: 0.0305
  Epoch [26/100] Batch 400/2848 Loss: 0.0304
  Epoch [26/100] Batch 600/2848 Loss: 0.0311
  Epoch [26/100] Batch 800/2848 Loss: 0.0245
  Epoch [26/100] Batch 1000/2848 Loss: 0.0270
  Epoch [26/100] Batch 1200/2848 Loss: 0.0203
  Epoch [26/100] Batch 1400/2848 Loss: 0.0263
  Epoch [26/100] Batch 1600/2848 Loss: 0.0388
  Epoch [26/100] Batch 1800/2848 Loss: 0.0246
  Epoch [26/100] Batch 2000/2848 Loss: 0.0281
  Epoch [26/100] Batch 2200/2848 Loss: 0.0239
  Epoch [26/100] Batch 2400/2848 Loss: 0.0351
  Epoch [26/100] Batch 2600/2848 Loss: 0.0289
  Epoch [26/100] Batch 2800/2848 Loss: 0.0294
[EPOCH 26] Train: 0.0306 | Val: 0.0384 | LR: 0.001000 | Time: 368.0s
  Epoch [27/100] Batch 0/2848 Loss: 0.0265
  Epoch [27/100] Batch 200/2848 Loss: 0.0494
  Epoch [27/100] Batch 400/2848 Loss: 0.0323
  Epoch [27/100] Batch 600/2848 Loss: 0.0181
  Epoch [27/100] Batch 800/2848 Loss: 0.0306
  Epoch [27/100] Batch 1000/2848 Loss: 0.0491
  Epoch [27/100] Batch 1200/2848 Loss: 0.0287
  Epoch [27/100] Batch 1400/2848 Loss: 0.0421
  Epoch [27/100] Batch 1600/2848 Loss: 0.0351
  Epoch [27/100] Batch 1800/2848 Loss: 0.0260
  Epoch [27/100] Batch 2000/2848 Loss: 0.0245
  Epoch [27/100] Batch 2200/2848 Loss: 0.0286
  Epoch [27/100] Batch 2400/2848 Loss: 0.0254
  Epoch [27/100] Batch 2600/2848 Loss: 0.0248
  Epoch [27/100] Batch 2800/2848 Loss: 0.0334
[EPOCH 27] Train: 0.0300 | Val: 0.0381 | LR: 0.001000 | Time: 367.9s
  Epoch [28/100] Batch 0/2848 Loss: 0.0352
  Epoch [28/100] Batch 200/2848 Loss: 0.0385
  Epoch [28/100] Batch 400/2848 Loss: 0.0318
  Epoch [28/100] Batch 600/2848 Loss: 0.0276
  Epoch [28/100] Batch 800/2848 Loss: 0.0260
  Epoch [28/100] Batch 1000/2848 Loss: 0.0193
  Epoch [28/100] Batch 1200/2848 Loss: 0.0302
  Epoch [28/100] Batch 1400/2848 Loss: 0.0216
  Epoch [28/100] Batch 1600/2848 Loss: 0.0361
  Epoch [28/100] Batch 1800/2848 Loss: 0.0280
  Epoch [28/100] Batch 2000/2848 Loss: 0.0249
  Epoch [28/100] Batch 2200/2848 Loss: 0.0347
  Epoch [28/100] Batch 2400/2848 Loss: 0.0278
  Epoch [28/100] Batch 2600/2848 Loss: 0.0188
  Epoch [28/100] Batch 2800/2848 Loss: 0.0335
[EPOCH 28] Train: 0.0297 | Val: 0.0365 | LR: 0.001000 | Time: 367.9s
[SAVE] Nuevo mejor modelo!
  Epoch [29/100] Batch 0/2848 Loss: 0.0365
  Epoch [29/100] Batch 200/2848 Loss: 0.0238
  Epoch [29/100] Batch 400/2848 Loss: 0.0255
  Epoch [29/100] Batch 600/2848 Loss: 0.0268
  Epoch [29/100] Batch 800/2848 Loss: 0.0300
  Epoch [29/100] Batch 1000/2848 Loss: 0.0265
  Epoch [29/100] Batch 1200/2848 Loss: 0.0282
  Epoch [29/100] Batch 1400/2848 Loss: 0.0195
  Epoch [29/100] Batch 1600/2848 Loss: 0.0267
  Epoch [29/100] Batch 1800/2848 Loss: 0.0249
  Epoch [29/100] Batch 2000/2848 Loss: 0.0219
  Epoch [29/100] Batch 2200/2848 Loss: 0.0366
  Epoch [29/100] Batch 2400/2848 Loss: 0.0338
  Epoch [29/100] Batch 2600/2848 Loss: 0.0307
  Epoch [29/100] Batch 2800/2848 Loss: 0.0204
[EPOCH 29] Train: 0.0288 | Val: 0.0390 | LR: 0.001000 | Time: 387.3s
  Epoch [30/100] Batch 0/2848 Loss: 0.0276
  Epoch [30/100] Batch 200/2848 Loss: 0.0239
  Epoch [30/100] Batch 400/2848 Loss: 0.0340
  Epoch [30/100] Batch 600/2848 Loss: 0.0234
  Epoch [30/100] Batch 800/2848 Loss: 0.0264
  Epoch [30/100] Batch 1000/2848 Loss: 0.0237
  Epoch [30/100] Batch 1200/2848 Loss: 0.0289
  Epoch [30/100] Batch 1400/2848 Loss: 0.0284
  Epoch [30/100] Batch 1600/2848 Loss: 0.0252
  Epoch [30/100] Batch 1800/2848 Loss: 0.0290
  Epoch [30/100] Batch 2000/2848 Loss: 0.0270
  Epoch [30/100] Batch 2200/2848 Loss: 0.0253
  Epoch [30/100] Batch 2400/2848 Loss: 0.0200
  Epoch [30/100] Batch 2600/2848 Loss: 0.0272
  Epoch [30/100] Batch 2800/2848 Loss: 0.0240
[EPOCH 30] Train: 0.0283 | Val: 0.0344 | LR: 0.001000 | Time: 371.1s
[SAVE] Nuevo mejor modelo!
  Epoch [31/100] Batch 0/2848 Loss: 0.0260
  Epoch [31/100] Batch 200/2848 Loss: 0.0317
  Epoch [31/100] Batch 400/2848 Loss: 0.0232
  Epoch [31/100] Batch 600/2848 Loss: 0.0225
  Epoch [31/100] Batch 800/2848 Loss: 0.0398
  Epoch [31/100] Batch 1000/2848 Loss: 0.0205
  Epoch [31/100] Batch 1200/2848 Loss: 0.0243
  Epoch [31/100] Batch 1400/2848 Loss: 0.0247
  Epoch [31/100] Batch 1600/2848 Loss: 0.0323
  Epoch [31/100] Batch 1800/2848 Loss: 0.0362
  Epoch [31/100] Batch 2000/2848 Loss: 0.0230
  Epoch [31/100] Batch 2200/2848 Loss: 0.0304
  Epoch [31/100] Batch 2400/2848 Loss: 0.0216
  Epoch [31/100] Batch 2600/2848 Loss: 0.0254
  Epoch [31/100] Batch 2800/2848 Loss: 0.0307
[EPOCH 31] Train: 0.0281 | Val: 0.0353 | LR: 0.001000 | Time: 369.1s
  Epoch [32/100] Batch 0/2848 Loss: 0.0262
  Epoch [32/100] Batch 200/2848 Loss: 0.0297
  Epoch [32/100] Batch 400/2848 Loss: 0.0238
  Epoch [32/100] Batch 600/2848 Loss: 0.0457
  Epoch [32/100] Batch 800/2848 Loss: 0.0319
  Epoch [32/100] Batch 1000/2848 Loss: 0.0277
  Epoch [32/100] Batch 1200/2848 Loss: 0.0244
  Epoch [32/100] Batch 1400/2848 Loss: 0.0282
  Epoch [32/100] Batch 1600/2848 Loss: 0.0272
  Epoch [32/100] Batch 1800/2848 Loss: 0.0182
  Epoch [32/100] Batch 2000/2848 Loss: 0.0212
  Epoch [32/100] Batch 2200/2848 Loss: 0.0314
  Epoch [32/100] Batch 2400/2848 Loss: 0.0295
  Epoch [32/100] Batch 2600/2848 Loss: 0.0230
  Epoch [32/100] Batch 2800/2848 Loss: 0.0236
[EPOCH 32] Train: 0.0274 | Val: 0.0418 | LR: 0.001000 | Time: 369.1s
  Epoch [33/100] Batch 0/2848 Loss: 0.0361
  Epoch [33/100] Batch 200/2848 Loss: 0.0210
  Epoch [33/100] Batch 400/2848 Loss: 0.0444
  Epoch [33/100] Batch 600/2848 Loss: 0.0241
  Epoch [33/100] Batch 800/2848 Loss: 0.0305
  Epoch [33/100] Batch 1000/2848 Loss: 0.0284
  Epoch [33/100] Batch 1200/2848 Loss: 0.0197
  Epoch [33/100] Batch 1400/2848 Loss: 0.0329
  Epoch [33/100] Batch 1600/2848 Loss: 0.0206
  Epoch [33/100] Batch 1800/2848 Loss: 0.0311
  Epoch [33/100] Batch 2000/2848 Loss: 0.0220
  Epoch [33/100] Batch 2200/2848 Loss: 0.0280
  Epoch [33/100] Batch 2400/2848 Loss: 0.0267
  Epoch [33/100] Batch 2600/2848 Loss: 0.0334
  Epoch [33/100] Batch 2800/2848 Loss: 0.0413
[EPOCH 33] Train: 0.0269 | Val: 0.0409 | LR: 0.001000 | Time: 369.4s
  Epoch [34/100] Batch 0/2848 Loss: 0.0304
  Epoch [34/100] Batch 200/2848 Loss: 0.0213
  Epoch [34/100] Batch 400/2848 Loss: 0.0245
  Epoch [34/100] Batch 600/2848 Loss: 0.0174
  Epoch [34/100] Batch 800/2848 Loss: 0.0205
  Epoch [34/100] Batch 1000/2848 Loss: 0.0225
  Epoch [34/100] Batch 1200/2848 Loss: 0.0214
  Epoch [34/100] Batch 1400/2848 Loss: 0.0324
  Epoch [34/100] Batch 1600/2848 Loss: 0.0327
  Epoch [34/100] Batch 1800/2848 Loss: 0.0212
  Epoch [34/100] Batch 2000/2848 Loss: 0.0298
  Epoch [34/100] Batch 2200/2848 Loss: 0.0189
  Epoch [34/100] Batch 2400/2848 Loss: 0.0295
  Epoch [34/100] Batch 2600/2848 Loss: 0.0223
  Epoch [34/100] Batch 2800/2848 Loss: 0.0284
[EPOCH 34] Train: 0.0264 | Val: 0.0357 | LR: 0.001000 | Time: 369.4s
  Epoch [35/100] Batch 0/2848 Loss: 0.0329
  Epoch [35/100] Batch 200/2848 Loss: 0.0190
  Epoch [35/100] Batch 400/2848 Loss: 0.0282
  Epoch [35/100] Batch 600/2848 Loss: 0.0201
  Epoch [35/100] Batch 800/2848 Loss: 0.0224
  Epoch [35/100] Batch 1000/2848 Loss: 0.0196
  Epoch [35/100] Batch 1200/2848 Loss: 0.0218
  Epoch [35/100] Batch 1400/2848 Loss: 0.0187
  Epoch [35/100] Batch 1600/2848 Loss: 0.0234
  Epoch [35/100] Batch 1800/2848 Loss: 0.0276
  Epoch [35/100] Batch 2000/2848 Loss: 0.0231
  Epoch [35/100] Batch 2200/2848 Loss: 0.0320
  Epoch [35/100] Batch 2400/2848 Loss: 0.0255
  Epoch [35/100] Batch 2600/2848 Loss: 0.0232
  Epoch [35/100] Batch 2800/2848 Loss: 0.0209
[EPOCH 35] Train: 0.0261 | Val: 0.0338 | LR: 0.001000 | Time: 390.0s
[SAVE] Nuevo mejor modelo!
  Epoch [36/100] Batch 0/2848 Loss: 0.0240
  Epoch [36/100] Batch 200/2848 Loss: 0.0284
  Epoch [36/100] Batch 400/2848 Loss: 0.0293
  Epoch [36/100] Batch 600/2848 Loss: 0.0191
  Epoch [36/100] Batch 800/2848 Loss: 0.0217
  Epoch [36/100] Batch 1000/2848 Loss: 0.0405
  Epoch [36/100] Batch 1200/2848 Loss: 0.0209
  Epoch [36/100] Batch 1400/2848 Loss: 0.0237
  Epoch [36/100] Batch 1600/2848 Loss: 0.0285
  Epoch [36/100] Batch 1800/2848 Loss: 0.0249
  Epoch [36/100] Batch 2000/2848 Loss: 0.0230
  Epoch [36/100] Batch 2200/2848 Loss: 0.0236
  Epoch [36/100] Batch 2400/2848 Loss: 0.0274
  Epoch [36/100] Batch 2600/2848 Loss: 0.0313
  Epoch [36/100] Batch 2800/2848 Loss: 0.0288
[EPOCH 36] Train: 0.0257 | Val: 0.0345 | LR: 0.001000 | Time: 370.3s
  Epoch [37/100] Batch 0/2848 Loss: 0.0293
  Epoch [37/100] Batch 200/2848 Loss: 0.0270
  Epoch [37/100] Batch 400/2848 Loss: 0.0349
  Epoch [37/100] Batch 600/2848 Loss: 0.0289
  Epoch [37/100] Batch 800/2848 Loss: 0.0203
  Epoch [37/100] Batch 1000/2848 Loss: 0.0302
  Epoch [37/100] Batch 1200/2848 Loss: 0.0261
  Epoch [37/100] Batch 1400/2848 Loss: 0.0869
  Epoch [37/100] Batch 1600/2848 Loss: 0.0431
  Epoch [37/100] Batch 1800/2848 Loss: 0.0437
  Epoch [37/100] Batch 2000/2848 Loss: 0.0300
  Epoch [37/100] Batch 2200/2848 Loss: 0.0288
  Epoch [37/100] Batch 2400/2848 Loss: 0.0310
  Epoch [37/100] Batch 2600/2848 Loss: 0.0232
  Epoch [37/100] Batch 2800/2848 Loss: 0.0247
[EPOCH 37] Train: 0.0417 | Val: 0.0390 | LR: 0.001000 | Time: 368.4s
  Epoch [38/100] Batch 0/2848 Loss: 0.0278
  Epoch [38/100] Batch 200/2848 Loss: 0.0276
  Epoch [38/100] Batch 400/2848 Loss: 0.0211
  Epoch [38/100] Batch 600/2848 Loss: 0.0262
  Epoch [38/100] Batch 800/2848 Loss: 0.0338
  Epoch [38/100] Batch 1000/2848 Loss: 0.0199
  Epoch [38/100] Batch 1200/2848 Loss: 0.0209
  Epoch [38/100] Batch 1400/2848 Loss: 0.0313
  Epoch [38/100] Batch 1600/2848 Loss: 0.0370
  Epoch [38/100] Batch 1800/2848 Loss: 0.0300
  Epoch [38/100] Batch 2000/2848 Loss: 0.0286
  Epoch [38/100] Batch 2200/2848 Loss: 0.0317
  Epoch [38/100] Batch 2400/2848 Loss: 0.0245
  Epoch [38/100] Batch 2600/2848 Loss: 0.0195
  Epoch [38/100] Batch 2800/2848 Loss: 0.0271
[EPOCH 38] Train: 0.0278 | Val: 0.0368 | LR: 0.001000 | Time: 368.5s
  Epoch [39/100] Batch 0/2848 Loss: 0.0319
  Epoch [39/100] Batch 200/2848 Loss: 0.0347
  Epoch [39/100] Batch 400/2848 Loss: 0.0252
  Epoch [39/100] Batch 600/2848 Loss: 0.0203
  Epoch [39/100] Batch 800/2848 Loss: 0.0219
  Epoch [39/100] Batch 1000/2848 Loss: 0.0302
  Epoch [39/100] Batch 1200/2848 Loss: 0.0336
  Epoch [39/100] Batch 1400/2848 Loss: 0.0276
  Epoch [39/100] Batch 1600/2848 Loss: 0.0336
  Epoch [39/100] Batch 1800/2848 Loss: 0.0322
  Epoch [39/100] Batch 2000/2848 Loss: 0.0212
  Epoch [39/100] Batch 2200/2848 Loss: 0.0310
  Epoch [39/100] Batch 2400/2848 Loss: 0.0194
  Epoch [39/100] Batch 2600/2848 Loss: 0.0315
  Epoch [39/100] Batch 2800/2848 Loss: 0.0200
[EPOCH 39] Train: 0.0272 | Val: 0.0334 | LR: 0.001000 | Time: 369.1s
[SAVE] Nuevo mejor modelo!
  Epoch [40/100] Batch 0/2848 Loss: 0.0255
  Epoch [40/100] Batch 200/2848 Loss: 0.0247
  Epoch [40/100] Batch 400/2848 Loss: 0.0209
  Epoch [40/100] Batch 600/2848 Loss: 0.0293
  Epoch [40/100] Batch 800/2848 Loss: 0.0217
  Epoch [40/100] Batch 1000/2848 Loss: 0.0240
  Epoch [40/100] Batch 1200/2848 Loss: 0.0299
  Epoch [40/100] Batch 1400/2848 Loss: 0.0417
  Epoch [40/100] Batch 1600/2848 Loss: 0.0271
  Epoch [40/100] Batch 1800/2848 Loss: 0.0219
  Epoch [40/100] Batch 2000/2848 Loss: 0.0311
  Epoch [40/100] Batch 2200/2848 Loss: 0.0261
  Epoch [40/100] Batch 2400/2848 Loss: 0.0260
  Epoch [40/100] Batch 2600/2848 Loss: 0.0194
  Epoch [40/100] Batch 2800/2848 Loss: 0.0231
[EPOCH 40] Train: 0.0263 | Val: 0.0338 | LR: 0.001000 | Time: 389.9s
  Epoch [41/100] Batch 0/2848 Loss: 0.0212
  Epoch [41/100] Batch 200/2848 Loss: 0.0229
  Epoch [41/100] Batch 400/2848 Loss: 0.0200
  Epoch [41/100] Batch 600/2848 Loss: 0.0417
  Epoch [41/100] Batch 800/2848 Loss: 0.0226
  Epoch [41/100] Batch 1000/2848 Loss: 0.0303
  Epoch [41/100] Batch 1200/2848 Loss: 0.0261
  Epoch [41/100] Batch 1400/2848 Loss: 0.0296
  Epoch [41/100] Batch 1600/2848 Loss: 0.0270
  Epoch [41/100] Batch 1800/2848 Loss: 0.0240
  Epoch [41/100] Batch 2000/2848 Loss: 0.0253
  Epoch [41/100] Batch 2200/2848 Loss: 0.0203
  Epoch [41/100] Batch 2400/2848 Loss: 0.0231
  Epoch [41/100] Batch 2600/2848 Loss: 0.0218
  Epoch [41/100] Batch 2800/2848 Loss: 0.0288
[EPOCH 41] Train: 0.0253 | Val: 0.0334 | LR: 0.001000 | Time: 369.8s
[SAVE] Nuevo mejor modelo!
  Epoch [42/100] Batch 0/2848 Loss: 0.0395
  Epoch [42/100] Batch 200/2848 Loss: 0.0234
  Epoch [42/100] Batch 400/2848 Loss: 0.0283
  Epoch [42/100] Batch 600/2848 Loss: 0.0197
  Epoch [42/100] Batch 800/2848 Loss: 0.0287
  Epoch [42/100] Batch 1000/2848 Loss: 0.0287
  Epoch [42/100] Batch 1200/2848 Loss: 0.0276
  Epoch [42/100] Batch 1400/2848 Loss: 0.0291
  Epoch [42/100] Batch 1600/2848 Loss: 0.0266
  Epoch [42/100] Batch 1800/2848 Loss: 0.0220
  Epoch [42/100] Batch 2000/2848 Loss: 0.0182
  Epoch [42/100] Batch 2200/2848 Loss: 0.0189
  Epoch [42/100] Batch 2400/2848 Loss: 0.0167
  Epoch [42/100] Batch 2600/2848 Loss: 0.0178
  Epoch [42/100] Batch 2800/2848 Loss: 0.0242
[EPOCH 42] Train: 0.0249 | Val: 0.0338 | LR: 0.001000 | Time: 368.9s
  Epoch [43/100] Batch 0/2848 Loss: 0.0179
  Epoch [43/100] Batch 200/2848 Loss: 0.0205
  Epoch [43/100] Batch 400/2848 Loss: 0.0269
  Epoch [43/100] Batch 600/2848 Loss: 0.0243
  Epoch [43/100] Batch 800/2848 Loss: 0.0241
  Epoch [43/100] Batch 1000/2848 Loss: 0.0214
  Epoch [43/100] Batch 1200/2848 Loss: 0.0266
  Epoch [43/100] Batch 1400/2848 Loss: 0.0207
  Epoch [43/100] Batch 1600/2848 Loss: 0.0338
  Epoch [43/100] Batch 1800/2848 Loss: 0.0225
  Epoch [43/100] Batch 2000/2848 Loss: 0.0275
  Epoch [43/100] Batch 2200/2848 Loss: 0.0311
  Epoch [43/100] Batch 2400/2848 Loss: 0.0227
  Epoch [43/100] Batch 2600/2848 Loss: 0.0199
  Epoch [43/100] Batch 2800/2848 Loss: 0.0258
[EPOCH 43] Train: 0.0242 | Val: 0.0348 | LR: 0.001000 | Time: 368.7s
  Epoch [44/100] Batch 0/2848 Loss: 0.0218
  Epoch [44/100] Batch 200/2848 Loss: 0.0208
  Epoch [44/100] Batch 400/2848 Loss: 0.0156
  Epoch [44/100] Batch 600/2848 Loss: 0.0273
  Epoch [44/100] Batch 800/2848 Loss: 0.0196
  Epoch [44/100] Batch 1000/2848 Loss: 0.0246
  Epoch [44/100] Batch 1200/2848 Loss: 0.0287
  Epoch [44/100] Batch 1400/2848 Loss: 0.0241
  Epoch [44/100] Batch 1600/2848 Loss: 0.0220
  Epoch [44/100] Batch 1800/2848 Loss: 0.0361
  Epoch [44/100] Batch 2000/2848 Loss: 0.0189
  Epoch [44/100] Batch 2200/2848 Loss: 0.0267
  Epoch [44/100] Batch 2400/2848 Loss: 0.0200
  Epoch [44/100] Batch 2600/2848 Loss: 0.0227
  Epoch [44/100] Batch 2800/2848 Loss: 0.0230
[EPOCH 44] Train: 0.0236 | Val: 0.0327 | LR: 0.001000 | Time: 368.4s
[SAVE] Nuevo mejor modelo!
  Epoch [45/100] Batch 0/2848 Loss: 0.0199
  Epoch [45/100] Batch 200/2848 Loss: 0.0214
  Epoch [45/100] Batch 400/2848 Loss: 0.0230
  Epoch [45/100] Batch 600/2848 Loss: 0.0142
  Epoch [45/100] Batch 800/2848 Loss: 0.0195
  Epoch [45/100] Batch 1000/2848 Loss: 0.0278
  Epoch [45/100] Batch 1200/2848 Loss: 0.0323
  Epoch [45/100] Batch 1400/2848 Loss: 0.0245
  Epoch [45/100] Batch 1600/2848 Loss: 0.0161
  Epoch [45/100] Batch 1800/2848 Loss: 0.0154
  Epoch [45/100] Batch 2000/2848 Loss: 0.0297
  Epoch [45/100] Batch 2200/2848 Loss: 0.0197
  Epoch [45/100] Batch 2400/2848 Loss: 0.0218
  Epoch [45/100] Batch 2600/2848 Loss: 0.0203
  Epoch [45/100] Batch 2800/2848 Loss: 0.0214
[EPOCH 45] Train: 0.0234 | Val: 0.0322 | LR: 0.001000 | Time: 368.2s
[SAVE] Nuevo mejor modelo!
  Epoch [46/100] Batch 0/2848 Loss: 0.0203
  Epoch [46/100] Batch 200/2848 Loss: 0.0329
  Epoch [46/100] Batch 400/2848 Loss: 0.0200
  Epoch [46/100] Batch 600/2848 Loss: 0.0260
  Epoch [46/100] Batch 800/2848 Loss: 0.0177
  Epoch [46/100] Batch 1000/2848 Loss: 0.0240
  Epoch [46/100] Batch 1200/2848 Loss: 0.0201
  Epoch [46/100] Batch 1400/2848 Loss: 0.0190
  Epoch [46/100] Batch 1600/2848 Loss: 0.0176
  Epoch [46/100] Batch 1800/2848 Loss: 0.0246
  Epoch [46/100] Batch 2000/2848 Loss: 0.0205
  Epoch [46/100] Batch 2200/2848 Loss: 0.0182
  Epoch [46/100] Batch 2400/2848 Loss: 0.0227
  Epoch [46/100] Batch 2600/2848 Loss: 0.0248
  Epoch [46/100] Batch 2800/2848 Loss: 0.0209
[EPOCH 46] Train: 0.0231 | Val: 0.0355 | LR: 0.001000 | Time: 368.4s
  Epoch [47/100] Batch 0/2848 Loss: 0.0246
  Epoch [47/100] Batch 200/2848 Loss: 0.0171
  Epoch [47/100] Batch 400/2848 Loss: 0.0158
  Epoch [47/100] Batch 600/2848 Loss: 0.0285
  Epoch [47/100] Batch 800/2848 Loss: 0.0257
  Epoch [47/100] Batch 1000/2848 Loss: 0.0174
  Epoch [47/100] Batch 1200/2848 Loss: 0.0242
  Epoch [47/100] Batch 1400/2848 Loss: 0.0262
  Epoch [47/100] Batch 1600/2848 Loss: 0.0188
  Epoch [47/100] Batch 1800/2848 Loss: 0.0297
  Epoch [47/100] Batch 2000/2848 Loss: 0.0190
  Epoch [47/100] Batch 2200/2848 Loss: 0.0164
  Epoch [47/100] Batch 2400/2848 Loss: 0.0211
  Epoch [47/100] Batch 2600/2848 Loss: 0.0250
  Epoch [47/100] Batch 2800/2848 Loss: 0.0226
[EPOCH 47] Train: 0.0228 | Val: 0.0369 | LR: 0.001000 | Time: 369.0s
  Epoch [48/100] Batch 0/2848 Loss: 0.0270
  Epoch [48/100] Batch 200/2848 Loss: 0.0208
  Epoch [48/100] Batch 400/2848 Loss: 0.0229
  Epoch [48/100] Batch 600/2848 Loss: 0.0188
  Epoch [48/100] Batch 800/2848 Loss: 0.0248
  Epoch [48/100] Batch 1000/2848 Loss: 0.0224
  Epoch [48/100] Batch 1200/2848 Loss: 0.0159
  Epoch [48/100] Batch 1400/2848 Loss: 0.0226
  Epoch [48/100] Batch 1600/2848 Loss: 0.0219
  Epoch [48/100] Batch 1800/2848 Loss: 0.0223
  Epoch [48/100] Batch 2000/2848 Loss: 0.0234
  Epoch [48/100] Batch 2200/2848 Loss: 0.0190
  Epoch [48/100] Batch 2400/2848 Loss: 0.0222
  Epoch [48/100] Batch 2600/2848 Loss: 0.0233
  Epoch [48/100] Batch 2800/2848 Loss: 0.0214
[EPOCH 48] Train: 0.0225 | Val: 0.0317 | LR: 0.001000 | Time: 370.2s
[SAVE] Nuevo mejor modelo!
  Epoch [49/100] Batch 0/2848 Loss: 0.0178
  Epoch [49/100] Batch 200/2848 Loss: 0.0262
  Epoch [49/100] Batch 400/2848 Loss: 0.0163
  Epoch [49/100] Batch 600/2848 Loss: 0.0185
  Epoch [49/100] Batch 800/2848 Loss: 0.0222
  Epoch [49/100] Batch 1000/2848 Loss: 0.0253
  Epoch [49/100] Batch 1200/2848 Loss: 0.0276
  Epoch [49/100] Batch 1400/2848 Loss: 0.0269
  Epoch [49/100] Batch 1600/2848 Loss: 0.0140
  Epoch [49/100] Batch 1800/2848 Loss: 0.0193
  Epoch [49/100] Batch 2000/2848 Loss: 0.0320
  Epoch [49/100] Batch 2200/2848 Loss: 0.0220
  Epoch [49/100] Batch 2400/2848 Loss: 0.0229
  Epoch [49/100] Batch 2600/2848 Loss: 0.0210
  Epoch [49/100] Batch 2800/2848 Loss: 0.0260
[EPOCH 49] Train: 0.0224 | Val: 0.0312 | LR: 0.001000 | Time: 370.5s
[SAVE] Nuevo mejor modelo!
  Epoch [50/100] Batch 0/2848 Loss: 0.0215
  Epoch [50/100] Batch 200/2848 Loss: 0.0243
  Epoch [50/100] Batch 400/2848 Loss: 0.0215
  Epoch [50/100] Batch 600/2848 Loss: 0.0216
  Epoch [50/100] Batch 800/2848 Loss: 0.0261
  Epoch [50/100] Batch 1000/2848 Loss: 0.0280
  Epoch [50/100] Batch 1200/2848 Loss: 0.0204
  Epoch [50/100] Batch 1400/2848 Loss: 0.0172
  Epoch [50/100] Batch 1600/2848 Loss: 0.0206
  Epoch [50/100] Batch 1800/2848 Loss: 0.0165
  Epoch [50/100] Batch 2000/2848 Loss: 0.0180
  Epoch [50/100] Batch 2200/2848 Loss: 0.0209
  Epoch [50/100] Batch 2400/2848 Loss: 0.0206
  Epoch [50/100] Batch 2600/2848 Loss: 0.0232
  Epoch [50/100] Batch 2800/2848 Loss: 0.0160
[EPOCH 50] Train: 0.0223 | Val: 0.0330 | LR: 0.001000 | Time: 368.7s
  Epoch [51/100] Batch 0/2848 Loss: 0.0261
  Epoch [51/100] Batch 200/2848 Loss: 0.0306
  Epoch [51/100] Batch 400/2848 Loss: 0.0269
  Epoch [51/100] Batch 600/2848 Loss: 0.0320
  Epoch [51/100] Batch 800/2848 Loss: 0.0164
  Epoch [51/100] Batch 1000/2848 Loss: 0.0198
  Epoch [51/100] Batch 1200/2848 Loss: 0.0163
  Epoch [51/100] Batch 1400/2848 Loss: 0.0232
  Epoch [51/100] Batch 1600/2848 Loss: 0.0232
  Epoch [51/100] Batch 1800/2848 Loss: 0.0148
  Epoch [51/100] Batch 2000/2848 Loss: 0.0296
  Epoch [51/100] Batch 2200/2848 Loss: 0.0279
  Epoch [51/100] Batch 2400/2848 Loss: 0.0223
  Epoch [51/100] Batch 2600/2848 Loss: 0.0177
  Epoch [51/100] Batch 2800/2848 Loss: 0.0190
[EPOCH 51] Train: 0.0219 | Val: 0.0327 | LR: 0.001000 | Time: 368.2s
  Epoch [52/100] Batch 0/2848 Loss: 0.0287
  Epoch [52/100] Batch 200/2848 Loss: 0.0256
  Epoch [52/100] Batch 400/2848 Loss: 0.0221
  Epoch [52/100] Batch 600/2848 Loss: 0.0215
  Epoch [52/100] Batch 800/2848 Loss: 0.0239
  Epoch [52/100] Batch 1000/2848 Loss: 0.0156
  Epoch [52/100] Batch 1200/2848 Loss: 0.0190
  Epoch [52/100] Batch 1400/2848 Loss: 0.0263
  Epoch [52/100] Batch 1600/2848 Loss: 0.0135
  Epoch [52/100] Batch 1800/2848 Loss: 0.0217
  Epoch [52/100] Batch 2000/2848 Loss: 0.0176
  Epoch [52/100] Batch 2200/2848 Loss: 0.0233
  Epoch [52/100] Batch 2400/2848 Loss: 0.0218
  Epoch [52/100] Batch 2600/2848 Loss: 0.0205
  Epoch [52/100] Batch 2800/2848 Loss: 0.0238
[EPOCH 52] Train: 0.0216 | Val: 0.0327 | LR: 0.001000 | Time: 368.5s
  Epoch [53/100] Batch 0/2848 Loss: 0.0205
  Epoch [53/100] Batch 200/2848 Loss: 0.0244
  Epoch [53/100] Batch 400/2848 Loss: 0.0176
  Epoch [53/100] Batch 600/2848 Loss: 0.0238
  Epoch [53/100] Batch 800/2848 Loss: 0.0160
  Epoch [53/100] Batch 1000/2848 Loss: 0.0213
  Epoch [53/100] Batch 1200/2848 Loss: 0.0233
  Epoch [53/100] Batch 1400/2848 Loss: 0.0125
  Epoch [53/100] Batch 1600/2848 Loss: 0.0248
  Epoch [53/100] Batch 1800/2848 Loss: 0.0183
  Epoch [53/100] Batch 2000/2848 Loss: 0.0239
  Epoch [53/100] Batch 2200/2848 Loss: 0.0187
  Epoch [53/100] Batch 2400/2848 Loss: 0.0171
  Epoch [53/100] Batch 2600/2848 Loss: 0.0185
  Epoch [53/100] Batch 2800/2848 Loss: 0.0207
[EPOCH 53] Train: 0.0215 | Val: 0.0308 | LR: 0.001000 | Time: 368.6s
[SAVE] Nuevo mejor modelo!
  Epoch [54/100] Batch 0/2848 Loss: 0.0149
  Epoch [54/100] Batch 200/2848 Loss: 0.0181
  Epoch [54/100] Batch 400/2848 Loss: 0.0191
  Epoch [54/100] Batch 600/2848 Loss: 0.0167
  Epoch [54/100] Batch 800/2848 Loss: 0.0228
  Epoch [54/100] Batch 1000/2848 Loss: 0.0162
  Epoch [54/100] Batch 1200/2848 Loss: 0.0251
  Epoch [54/100] Batch 1400/2848 Loss: 0.0178
  Epoch [54/100] Batch 1600/2848 Loss: 0.0216
  Epoch [54/100] Batch 1800/2848 Loss: 0.0191
  Epoch [54/100] Batch 2000/2848 Loss: 0.0228
  Epoch [54/100] Batch 2200/2848 Loss: 0.0242
  Epoch [54/100] Batch 2400/2848 Loss: 0.0217
  Epoch [54/100] Batch 2600/2848 Loss: 0.0250
  Epoch [54/100] Batch 2800/2848 Loss: 0.0176
[EPOCH 54] Train: 0.0214 | Val: 0.0331 | LR: 0.001000 | Time: 368.8s
  Epoch [55/100] Batch 0/2848 Loss: 0.0196
  Epoch [55/100] Batch 200/2848 Loss: 0.0199
  Epoch [55/100] Batch 400/2848 Loss: 0.0282
  Epoch [55/100] Batch 600/2848 Loss: 0.0201
  Epoch [55/100] Batch 800/2848 Loss: 0.0223
  Epoch [55/100] Batch 1000/2848 Loss: 0.0225
  Epoch [55/100] Batch 1200/2848 Loss: 0.0271
  Epoch [55/100] Batch 1400/2848 Loss: 0.0169
  Epoch [55/100] Batch 1600/2848 Loss: 0.0202
  Epoch [55/100] Batch 1800/2848 Loss: 0.0152
  Epoch [55/100] Batch 2000/2848 Loss: 0.0268
  Epoch [55/100] Batch 2200/2848 Loss: 0.0204
  Epoch [55/100] Batch 2400/2848 Loss: 0.0171
  Epoch [55/100] Batch 2600/2848 Loss: 0.0359
  Epoch [55/100] Batch 2800/2848 Loss: 0.0250
[EPOCH 55] Train: 0.0211 | Val: 0.0317 | LR: 0.001000 | Time: 368.5s
  Epoch [56/100] Batch 0/2848 Loss: 0.0156
  Epoch [56/100] Batch 200/2848 Loss: 0.0249
  Epoch [56/100] Batch 400/2848 Loss: 0.0188
  Epoch [56/100] Batch 600/2848 Loss: 0.0187
  Epoch [56/100] Batch 800/2848 Loss: 0.0360
  Epoch [56/100] Batch 1000/2848 Loss: 0.0163
  Epoch [56/100] Batch 1200/2848 Loss: 0.0267
  Epoch [56/100] Batch 1400/2848 Loss: 0.0165
  Epoch [56/100] Batch 1600/2848 Loss: 0.0373
  Epoch [56/100] Batch 1800/2848 Loss: 0.0203
  Epoch [56/100] Batch 2000/2848 Loss: 0.0213
  Epoch [56/100] Batch 2200/2848 Loss: 0.0246
  Epoch [56/100] Batch 2400/2848 Loss: 0.0175
  Epoch [56/100] Batch 2600/2848 Loss: 0.0272
  Epoch [56/100] Batch 2800/2848 Loss: 0.0297
[EPOCH 56] Train: 0.0209 | Val: 0.0319 | LR: 0.001000 | Time: 368.0s
  Epoch [57/100] Batch 0/2848 Loss: 0.0218
  Epoch [57/100] Batch 200/2848 Loss: 0.0202
  Epoch [57/100] Batch 400/2848 Loss: 0.0218
  Epoch [57/100] Batch 600/2848 Loss: 0.0225
  Epoch [57/100] Batch 800/2848 Loss: 0.0223
  Epoch [57/100] Batch 1000/2848 Loss: 0.0159
  Epoch [57/100] Batch 1200/2848 Loss: 0.0202
  Epoch [57/100] Batch 1400/2848 Loss: 0.0160
  Epoch [57/100] Batch 1600/2848 Loss: 0.0150
  Epoch [57/100] Batch 1800/2848 Loss: 0.0261
  Epoch [57/100] Batch 2000/2848 Loss: 0.0226
  Epoch [57/100] Batch 2200/2848 Loss: 0.0226
  Epoch [57/100] Batch 2400/2848 Loss: 0.0197
  Epoch [57/100] Batch 2600/2848 Loss: 0.0216
  Epoch [57/100] Batch 2800/2848 Loss: 0.0183
[EPOCH 57] Train: 0.0208 | Val: 0.0393 | LR: 0.001000 | Time: 368.2s
  Epoch [58/100] Batch 0/2848 Loss: 0.0361
  Epoch [58/100] Batch 200/2848 Loss: 0.0183
  Epoch [58/100] Batch 400/2848 Loss: 0.0167
  Epoch [58/100] Batch 600/2848 Loss: 0.0155
  Epoch [58/100] Batch 800/2848 Loss: 0.0200
  Epoch [58/100] Batch 1000/2848 Loss: 0.0196
  Epoch [58/100] Batch 1200/2848 Loss: 0.0224
  Epoch [58/100] Batch 1400/2848 Loss: 0.0182
  Epoch [58/100] Batch 1600/2848 Loss: 0.0284
  Epoch [58/100] Batch 1800/2848 Loss: 0.0228
  Epoch [58/100] Batch 2000/2848 Loss: 0.0179
  Epoch [58/100] Batch 2200/2848 Loss: 0.0247
  Epoch [58/100] Batch 2400/2848 Loss: 0.0143
  Epoch [58/100] Batch 2600/2848 Loss: 0.0155
  Epoch [58/100] Batch 2800/2848 Loss: 0.0201
[EPOCH 58] Train: 0.0206 | Val: 0.0348 | LR: 0.001000 | Time: 368.4s
  Epoch [59/100] Batch 0/2848 Loss: 0.0231
  Epoch [59/100] Batch 200/2848 Loss: 0.0147
  Epoch [59/100] Batch 400/2848 Loss: 0.0248
  Epoch [59/100] Batch 600/2848 Loss: 0.0174
  Epoch [59/100] Batch 800/2848 Loss: 0.0307
  Epoch [59/100] Batch 1000/2848 Loss: 0.0273
  Epoch [59/100] Batch 1200/2848 Loss: 0.0197
  Epoch [59/100] Batch 1400/2848 Loss: 0.0171
  Epoch [59/100] Batch 1600/2848 Loss: 0.0167
  Epoch [59/100] Batch 1800/2848 Loss: 0.0217
  Epoch [59/100] Batch 2000/2848 Loss: 0.0212
  Epoch [59/100] Batch 2200/2848 Loss: 0.0188
  Epoch [59/100] Batch 2400/2848 Loss: 0.0238
  Epoch [59/100] Batch 2600/2848 Loss: 0.0268
  Epoch [59/100] Batch 2800/2848 Loss: 0.0243
[EPOCH 59] Train: 0.0205 | Val: 0.0315 | LR: 0.001000 | Time: 368.5s
  Epoch [60/100] Batch 0/2848 Loss: 0.0157
  Epoch [60/100] Batch 200/2848 Loss: 0.0211
  Epoch [60/100] Batch 400/2848 Loss: 0.0214
  Epoch [60/100] Batch 600/2848 Loss: 0.0160
  Epoch [60/100] Batch 800/2848 Loss: 0.0228
  Epoch [60/100] Batch 1000/2848 Loss: 0.0141
  Epoch [60/100] Batch 1200/2848 Loss: 0.0166
  Epoch [60/100] Batch 1400/2848 Loss: 0.0195
  Epoch [60/100] Batch 1600/2848 Loss: 0.0189
  Epoch [60/100] Batch 1800/2848 Loss: 0.0184
  Epoch [60/100] Batch 2000/2848 Loss: 0.0173
  Epoch [60/100] Batch 2200/2848 Loss: 0.0233
  Epoch [60/100] Batch 2400/2848 Loss: 0.0216
  Epoch [60/100] Batch 2600/2848 Loss: 0.0188
  Epoch [60/100] Batch 2800/2848 Loss: 0.0167
[EPOCH 60] Train: 0.0201 | Val: 0.0318 | LR: 0.001000 | Time: 368.6s
  Epoch [61/100] Batch 0/2848 Loss: 0.0221
  Epoch [61/100] Batch 200/2848 Loss: 0.0233
  Epoch [61/100] Batch 400/2848 Loss: 0.0160
  Epoch [61/100] Batch 600/2848 Loss: 0.0166
  Epoch [61/100] Batch 800/2848 Loss: 0.0163
  Epoch [61/100] Batch 1000/2848 Loss: 0.0202
  Epoch [61/100] Batch 1200/2848 Loss: 0.0134
  Epoch [61/100] Batch 1400/2848 Loss: 0.0168
  Epoch [61/100] Batch 1600/2848 Loss: 0.0168
  Epoch [61/100] Batch 1800/2848 Loss: 0.0214
  Epoch [61/100] Batch 2000/2848 Loss: 0.0207
  Epoch [61/100] Batch 2200/2848 Loss: 0.0230
  Epoch [61/100] Batch 2400/2848 Loss: 0.0141
  Epoch [61/100] Batch 2600/2848 Loss: 0.0168
  Epoch [61/100] Batch 2800/2848 Loss: 0.0147
[EPOCH 61] Train: 0.0202 | Val: 0.0312 | LR: 0.001000 | Time: 376.4s
  Epoch [62/100] Batch 0/2848 Loss: 0.0203
  Epoch [62/100] Batch 200/2848 Loss: 0.0228
  Epoch [62/100] Batch 400/2848 Loss: 0.0196
  Epoch [62/100] Batch 600/2848 Loss: 0.0148
  Epoch [62/100] Batch 800/2848 Loss: 0.0184
  Epoch [62/100] Batch 1000/2848 Loss: 0.0180
  Epoch [62/100] Batch 1200/2848 Loss: 0.0203
  Epoch [62/100] Batch 1400/2848 Loss: 0.0127
  Epoch [62/100] Batch 1600/2848 Loss: 0.0218
  Epoch [62/100] Batch 1800/2848 Loss: 0.0243
  Epoch [62/100] Batch 2000/2848 Loss: 0.0206
  Epoch [62/100] Batch 2200/2848 Loss: 0.0151
  Epoch [62/100] Batch 2400/2848 Loss: 0.0207
  Epoch [62/100] Batch 2600/2848 Loss: 0.0240
  Epoch [62/100] Batch 2800/2848 Loss: 0.0172
[EPOCH 62] Train: 0.0199 | Val: 0.0309 | LR: 0.000700 | Time: 384.1s
  Epoch [63/100] Batch 0/2848 Loss: 0.0188
  Epoch [63/100] Batch 200/2848 Loss: 0.0158
  Epoch [63/100] Batch 400/2848 Loss: 0.0153
  Epoch [63/100] Batch 600/2848 Loss: 0.0149
  Epoch [63/100] Batch 800/2848 Loss: 0.0130
  Epoch [63/100] Batch 1000/2848 Loss: 0.0196
  Epoch [63/100] Batch 1200/2848 Loss: 0.0216
  Epoch [63/100] Batch 1400/2848 Loss: 0.0126
  Epoch [63/100] Batch 1600/2848 Loss: 0.0195
  Epoch [63/100] Batch 1800/2848 Loss: 0.0156
  Epoch [63/100] Batch 2000/2848 Loss: 0.0160
  Epoch [63/100] Batch 2200/2848 Loss: 0.0215
  Epoch [63/100] Batch 2400/2848 Loss: 0.0224
  Epoch [63/100] Batch 2600/2848 Loss: 0.0156
  Epoch [63/100] Batch 2800/2848 Loss: 0.0125
[EPOCH 63] Train: 0.0180 | Val: 0.0341 | LR: 0.000700 | Time: 368.9s
  Epoch [64/100] Batch 0/2848 Loss: 0.0253
  Epoch [64/100] Batch 200/2848 Loss: 0.0202
  Epoch [64/100] Batch 400/2848 Loss: 0.0189
  Epoch [64/100] Batch 600/2848 Loss: 0.0106
  Epoch [64/100] Batch 800/2848 Loss: 0.0110
  Epoch [64/100] Batch 1000/2848 Loss: 0.0280
  Epoch [64/100] Batch 1200/2848 Loss: 0.0137
  Epoch [64/100] Batch 1400/2848 Loss: 0.0212
  Epoch [64/100] Batch 1600/2848 Loss: 0.0207
  Epoch [64/100] Batch 1800/2848 Loss: 0.0159
  Epoch [64/100] Batch 2000/2848 Loss: 0.0149
  Epoch [64/100] Batch 2200/2848 Loss: 0.0208
  Epoch [64/100] Batch 2400/2848 Loss: 0.0162
  Epoch [64/100] Batch 2600/2848 Loss: 0.0159
  Epoch [64/100] Batch 2800/2848 Loss: 0.0163
[EPOCH 64] Train: 0.0179 | Val: 0.0317 | LR: 0.000700 | Time: 369.1s
  Epoch [65/100] Batch 0/2848 Loss: 0.0171
  Epoch [65/100] Batch 200/2848 Loss: 0.0116
  Epoch [65/100] Batch 400/2848 Loss: 0.0165
  Epoch [65/100] Batch 600/2848 Loss: 0.0231
  Epoch [65/100] Batch 800/2848 Loss: 0.0168
  Epoch [65/100] Batch 1000/2848 Loss: 0.0136
  Epoch [65/100] Batch 1200/2848 Loss: 0.0149
  Epoch [65/100] Batch 1400/2848 Loss: 0.0197
  Epoch [65/100] Batch 1600/2848 Loss: 0.0230
  Epoch [65/100] Batch 1800/2848 Loss: 0.0165
  Epoch [65/100] Batch 2000/2848 Loss: 0.0180
  Epoch [65/100] Batch 2200/2848 Loss: 0.0171
  Epoch [65/100] Batch 2400/2848 Loss: 0.0209
  Epoch [65/100] Batch 2600/2848 Loss: 0.0194
  Epoch [65/100] Batch 2800/2848 Loss: 0.0174
[EPOCH 65] Train: 0.0178 | Val: 0.0304 | LR: 0.000700 | Time: 368.8s
[SAVE] Nuevo mejor modelo!
  Epoch [66/100] Batch 0/2848 Loss: 0.0157
  Epoch [66/100] Batch 200/2848 Loss: 0.0165
  Epoch [66/100] Batch 400/2848 Loss: 0.0115
  Epoch [66/100] Batch 600/2848 Loss: 0.0111
  Epoch [66/100] Batch 800/2848 Loss: 0.0175
  Epoch [66/100] Batch 1000/2848 Loss: 0.0204
  Epoch [66/100] Batch 1200/2848 Loss: 0.0201
  Epoch [66/100] Batch 1400/2848 Loss: 0.0194
  Epoch [66/100] Batch 1600/2848 Loss: 0.0224
  Epoch [66/100] Batch 1800/2848 Loss: 0.0212
  Epoch [66/100] Batch 2000/2848 Loss: 0.0220
  Epoch [66/100] Batch 2200/2848 Loss: 0.0150
  Epoch [66/100] Batch 2400/2848 Loss: 0.0131
  Epoch [66/100] Batch 2600/2848 Loss: 0.0183
  Epoch [66/100] Batch 2800/2848 Loss: 0.0302
[EPOCH 66] Train: 0.0177 | Val: 0.0307 | LR: 0.000700 | Time: 368.5s
  Epoch [67/100] Batch 0/2848 Loss: 0.0132
  Epoch [67/100] Batch 200/2848 Loss: 0.0144
  Epoch [67/100] Batch 400/2848 Loss: 0.0209
  Epoch [67/100] Batch 600/2848 Loss: 0.0160
  Epoch [67/100] Batch 800/2848 Loss: 0.0177
  Epoch [67/100] Batch 1000/2848 Loss: 0.0153
  Epoch [67/100] Batch 1200/2848 Loss: 0.0202
  Epoch [67/100] Batch 1400/2848 Loss: 0.0194
  Epoch [67/100] Batch 1600/2848 Loss: 0.0202
  Epoch [67/100] Batch 1800/2848 Loss: 0.0162
  Epoch [67/100] Batch 2000/2848 Loss: 0.0236
  Epoch [67/100] Batch 2200/2848 Loss: 0.0192
  Epoch [67/100] Batch 2400/2848 Loss: 0.0168
  Epoch [67/100] Batch 2600/2848 Loss: 0.0197
  Epoch [67/100] Batch 2800/2848 Loss: 0.0134
[EPOCH 67] Train: 0.0175 | Val: 0.0328 | LR: 0.000700 | Time: 368.1s
  Epoch [68/100] Batch 0/2848 Loss: 0.0179
  Epoch [68/100] Batch 200/2848 Loss: 0.0165
  Epoch [68/100] Batch 400/2848 Loss: 0.0200
  Epoch [68/100] Batch 600/2848 Loss: 0.0104
  Epoch [68/100] Batch 800/2848 Loss: 0.0211
  Epoch [68/100] Batch 1000/2848 Loss: 0.0196
  Epoch [68/100] Batch 1200/2848 Loss: 0.0181
  Epoch [68/100] Batch 1400/2848 Loss: 0.0158
  Epoch [68/100] Batch 1600/2848 Loss: 0.0179
  Epoch [68/100] Batch 1800/2848 Loss: 0.0206
  Epoch [68/100] Batch 2000/2848 Loss: 0.0199
  Epoch [68/100] Batch 2200/2848 Loss: 0.0155
  Epoch [68/100] Batch 2400/2848 Loss: 0.0206
  Epoch [68/100] Batch 2600/2848 Loss: 0.0202
  Epoch [68/100] Batch 2800/2848 Loss: 0.0217
[EPOCH 68] Train: 0.0174 | Val: 0.0308 | LR: 0.000700 | Time: 368.1s
  Epoch [69/100] Batch 0/2848 Loss: 0.0144
  Epoch [69/100] Batch 200/2848 Loss: 0.0179
  Epoch [69/100] Batch 400/2848 Loss: 0.0148
  Epoch [69/100] Batch 600/2848 Loss: 0.0135
  Epoch [69/100] Batch 800/2848 Loss: 0.0209
  Epoch [69/100] Batch 1000/2848 Loss: 0.0174
  Epoch [69/100] Batch 1200/2848 Loss: 0.0122
  Epoch [69/100] Batch 1400/2848 Loss: 0.0138
  Epoch [69/100] Batch 1600/2848 Loss: 0.0334
  Epoch [69/100] Batch 1800/2848 Loss: 0.0167
  Epoch [69/100] Batch 2000/2848 Loss: 0.0370
  Epoch [69/100] Batch 2200/2848 Loss: 0.0171
  Epoch [69/100] Batch 2400/2848 Loss: 0.0249
  Epoch [69/100] Batch 2600/2848 Loss: 0.0176
  Epoch [69/100] Batch 2800/2848 Loss: 0.0144
[EPOCH 69] Train: 0.0174 | Val: 0.0312 | LR: 0.000700 | Time: 368.5s
  Epoch [70/100] Batch 0/2848 Loss: 0.0188
  Epoch [70/100] Batch 200/2848 Loss: 0.0147
  Epoch [70/100] Batch 400/2848 Loss: 0.0171
  Epoch [70/100] Batch 600/2848 Loss: 0.0125
  Epoch [70/100] Batch 800/2848 Loss: 0.0204
  Epoch [70/100] Batch 1000/2848 Loss: 0.0189
  Epoch [70/100] Batch 1200/2848 Loss: 0.0150
  Epoch [70/100] Batch 1400/2848 Loss: 0.0174
  Epoch [70/100] Batch 1600/2848 Loss: 0.0226
  Epoch [70/100] Batch 1800/2848 Loss: 0.0184
  Epoch [70/100] Batch 2000/2848 Loss: 0.0131
  Epoch [70/100] Batch 2200/2848 Loss: 0.0177
  Epoch [70/100] Batch 2400/2848 Loss: 0.0164
  Epoch [70/100] Batch 2600/2848 Loss: 0.0109
  Epoch [70/100] Batch 2800/2848 Loss: 0.0166
[EPOCH 70] Train: 0.0172 | Val: 0.0345 | LR: 0.000700 | Time: 368.4s
  Epoch [71/100] Batch 0/2848 Loss: 0.0198
  Epoch [71/100] Batch 200/2848 Loss: 0.0181
  Epoch [71/100] Batch 400/2848 Loss: 0.0169
  Epoch [71/100] Batch 600/2848 Loss: 0.0165
  Epoch [71/100] Batch 800/2848 Loss: 0.0158
  Epoch [71/100] Batch 1000/2848 Loss: 0.0128
  Epoch [71/100] Batch 1200/2848 Loss: 0.0163
  Epoch [71/100] Batch 1400/2848 Loss: 0.0189
  Epoch [71/100] Batch 1600/2848 Loss: 0.0151
  Epoch [71/100] Batch 1800/2848 Loss: 0.0190
  Epoch [71/100] Batch 2000/2848 Loss: 0.0245
  Epoch [71/100] Batch 2200/2848 Loss: 0.0149
  Epoch [71/100] Batch 2400/2848 Loss: 0.0186
  Epoch [71/100] Batch 2600/2848 Loss: 0.0210
  Epoch [71/100] Batch 2800/2848 Loss: 0.0185
[EPOCH 71] Train: 0.0172 | Val: 0.0307 | LR: 0.000700 | Time: 368.6s
  Epoch [72/100] Batch 0/2848 Loss: 0.0134
  Epoch [72/100] Batch 200/2848 Loss: 0.0165
  Epoch [72/100] Batch 400/2848 Loss: 0.0153
  Epoch [72/100] Batch 600/2848 Loss: 0.0214
  Epoch [72/100] Batch 800/2848 Loss: 0.0168
  Epoch [72/100] Batch 1000/2848 Loss: 0.0270
  Epoch [72/100] Batch 1200/2848 Loss: 0.0126
  Epoch [72/100] Batch 1400/2848 Loss: 0.0265
  Epoch [72/100] Batch 1600/2848 Loss: 0.0156
  Epoch [72/100] Batch 1800/2848 Loss: 0.0152
  Epoch [72/100] Batch 2000/2848 Loss: 0.0195
  Epoch [72/100] Batch 2200/2848 Loss: 0.0180
  Epoch [72/100] Batch 2400/2848 Loss: 0.0294
  Epoch [72/100] Batch 2600/2848 Loss: 0.0177
  Epoch [72/100] Batch 2800/2848 Loss: 0.0174
[EPOCH 72] Train: 0.0169 | Val: 0.0316 | LR: 0.000700 | Time: 368.6s
  Epoch [73/100] Batch 0/2848 Loss: 0.0134
  Epoch [73/100] Batch 200/2848 Loss: 0.0183
  Epoch [73/100] Batch 400/2848 Loss: 0.0108
  Epoch [73/100] Batch 600/2848 Loss: 0.0228
  Epoch [73/100] Batch 800/2848 Loss: 0.0197
  Epoch [73/100] Batch 1000/2848 Loss: 0.0148
  Epoch [73/100] Batch 1200/2848 Loss: 0.0187
  Epoch [73/100] Batch 1400/2848 Loss: 0.0186
  Epoch [73/100] Batch 1600/2848 Loss: 0.0142
  Epoch [73/100] Batch 1800/2848 Loss: 0.0159
  Epoch [73/100] Batch 2000/2848 Loss: 0.0144
  Epoch [73/100] Batch 2200/2848 Loss: 0.0169
  Epoch [73/100] Batch 2400/2848 Loss: 0.0199
  Epoch [73/100] Batch 2600/2848 Loss: 0.0119
  Epoch [73/100] Batch 2800/2848 Loss: 0.0196
[EPOCH 73] Train: 0.0170 | Val: 0.0321 | LR: 0.000700 | Time: 368.4s
  Epoch [74/100] Batch 0/2848 Loss: 0.0178
  Epoch [74/100] Batch 200/2848 Loss: 0.0170
  Epoch [74/100] Batch 400/2848 Loss: 0.0148
  Epoch [74/100] Batch 600/2848 Loss: 0.0134
  Epoch [74/100] Batch 800/2848 Loss: 0.0149
  Epoch [74/100] Batch 1000/2848 Loss: 0.0135
  Epoch [74/100] Batch 1200/2848 Loss: 0.0144
  Epoch [74/100] Batch 1400/2848 Loss: 0.0203
  Epoch [74/100] Batch 1600/2848 Loss: 0.0094
  Epoch [74/100] Batch 1800/2848 Loss: 0.0152
  Epoch [74/100] Batch 2000/2848 Loss: 0.0131
  Epoch [74/100] Batch 2200/2848 Loss: 0.0158
  Epoch [74/100] Batch 2400/2848 Loss: 0.0161
  Epoch [74/100] Batch 2600/2848 Loss: 0.0159
  Epoch [74/100] Batch 2800/2848 Loss: 0.0113
[EPOCH 74] Train: 0.0167 | Val: 0.0312 | LR: 0.000490 | Time: 368.3s
  Epoch [75/100] Batch 0/2848 Loss: 0.0173
  Epoch [75/100] Batch 200/2848 Loss: 0.0130
  Epoch [75/100] Batch 400/2848 Loss: 0.0097
  Epoch [75/100] Batch 600/2848 Loss: 0.0143
  Epoch [75/100] Batch 800/2848 Loss: 0.0158
  Epoch [75/100] Batch 1000/2848 Loss: 0.0193
  Epoch [75/100] Batch 1200/2848 Loss: 0.0106
  Epoch [75/100] Batch 1400/2848 Loss: 0.0144
  Epoch [75/100] Batch 1600/2848 Loss: 0.0127
  Epoch [75/100] Batch 1800/2848 Loss: 0.0161
  Epoch [75/100] Batch 2000/2848 Loss: 0.0154
  Epoch [75/100] Batch 2200/2848 Loss: 0.0175
  Epoch [75/100] Batch 2400/2848 Loss: 0.0158
  Epoch [75/100] Batch 2600/2848 Loss: 0.0175
  Epoch [75/100] Batch 2800/2848 Loss: 0.0134
[EPOCH 75] Train: 0.0156 | Val: 0.0320 | LR: 0.000490 | Time: 367.9s
  Epoch [76/100] Batch 0/2848 Loss: 0.0177
  Epoch [76/100] Batch 200/2848 Loss: 0.0145
  Epoch [76/100] Batch 400/2848 Loss: 0.0148
  Epoch [76/100] Batch 600/2848 Loss: 0.0210
  Epoch [76/100] Batch 800/2848 Loss: 0.0093
  Epoch [76/100] Batch 1000/2848 Loss: 0.0169
  Epoch [76/100] Batch 1200/2848 Loss: 0.0190
  Epoch [76/100] Batch 1400/2848 Loss: 0.0145
  Epoch [76/100] Batch 1600/2848 Loss: 0.0178
  Epoch [76/100] Batch 1800/2848 Loss: 0.0161
  Epoch [76/100] Batch 2000/2848 Loss: 0.0142
  Epoch [76/100] Batch 2200/2848 Loss: 0.0099
  Epoch [76/100] Batch 2400/2848 Loss: 0.0153
  Epoch [76/100] Batch 2600/2848 Loss: 0.0154
  Epoch [76/100] Batch 2800/2848 Loss: 0.0187
[EPOCH 76] Train: 0.0155 | Val: 0.0303 | LR: 0.000490 | Time: 368.1s
[SAVE] Nuevo mejor modelo!
  Epoch [77/100] Batch 0/2848 Loss: 0.0105
  Epoch [77/100] Batch 200/2848 Loss: 0.0136
  Epoch [77/100] Batch 400/2848 Loss: 0.0183
  Epoch [77/100] Batch 600/2848 Loss: 0.0158
  Epoch [77/100] Batch 800/2848 Loss: 0.0109
  Epoch [77/100] Batch 1000/2848 Loss: 0.0204
  Epoch [77/100] Batch 1200/2848 Loss: 0.0152
  Epoch [77/100] Batch 1400/2848 Loss: 0.0177
  Epoch [77/100] Batch 1600/2848 Loss: 0.0129
  Epoch [77/100] Batch 1800/2848 Loss: 0.0168
  Epoch [77/100] Batch 2000/2848 Loss: 0.0145
  Epoch [77/100] Batch 2200/2848 Loss: 0.0175
  Epoch [77/100] Batch 2400/2848 Loss: 0.0161
  Epoch [77/100] Batch 2600/2848 Loss: 0.0170
  Epoch [77/100] Batch 2800/2848 Loss: 0.0152
[EPOCH 77] Train: 0.0153 | Val: 0.0327 | LR: 0.000490 | Time: 368.0s
  Epoch [78/100] Batch 0/2848 Loss: 0.0132
  Epoch [78/100] Batch 200/2848 Loss: 0.0138
  Epoch [78/100] Batch 400/2848 Loss: 0.0139
  Epoch [78/100] Batch 600/2848 Loss: 0.0108
  Epoch [78/100] Batch 800/2848 Loss: 0.0189
  Epoch [78/100] Batch 1000/2848 Loss: 0.0142
  Epoch [78/100] Batch 1200/2848 Loss: 0.0142
  Epoch [78/100] Batch 1400/2848 Loss: 0.0164
  Epoch [78/100] Batch 1600/2848 Loss: 0.0134
  Epoch [78/100] Batch 1800/2848 Loss: 0.0160
  Epoch [78/100] Batch 2000/2848 Loss: 0.0185
  Epoch [78/100] Batch 2200/2848 Loss: 0.0179
  Epoch [78/100] Batch 2400/2848 Loss: 0.0198
  Epoch [78/100] Batch 2600/2848 Loss: 0.0176
  Epoch [78/100] Batch 2800/2848 Loss: 0.0166
[EPOCH 78] Train: 0.0153 | Val: 0.0344 | LR: 0.000490 | Time: 368.0s
  Epoch [79/100] Batch 0/2848 Loss: 0.0174
  Epoch [79/100] Batch 200/2848 Loss: 0.0202
  Epoch [79/100] Batch 400/2848 Loss: 0.0107
  Epoch [79/100] Batch 600/2848 Loss: 0.0183
  Epoch [79/100] Batch 800/2848 Loss: 0.0232
  Epoch [79/100] Batch 1000/2848 Loss: 0.0132
  Epoch [79/100] Batch 1200/2848 Loss: 0.0189
  Epoch [79/100] Batch 1400/2848 Loss: 0.0144
  Epoch [79/100] Batch 1600/2848 Loss: 0.0112
  Epoch [79/100] Batch 1800/2848 Loss: 0.0171
  Epoch [79/100] Batch 2000/2848 Loss: 0.0136
  Epoch [79/100] Batch 2200/2848 Loss: 0.0165
  Epoch [79/100] Batch 2400/2848 Loss: 0.0172
  Epoch [79/100] Batch 2600/2848 Loss: 0.0171
  Epoch [79/100] Batch 2800/2848 Loss: 0.0154
[EPOCH 79] Train: 0.0152 | Val: 0.0311 | LR: 0.000490 | Time: 368.2s
  Epoch [80/100] Batch 0/2848 Loss: 0.0177
  Epoch [80/100] Batch 200/2848 Loss: 0.0127
  Epoch [80/100] Batch 400/2848 Loss: 0.0148
  Epoch [80/100] Batch 600/2848 Loss: 0.0151
  Epoch [80/100] Batch 800/2848 Loss: 0.0170
  Epoch [80/100] Batch 1000/2848 Loss: 0.0183
  Epoch [80/100] Batch 1200/2848 Loss: 0.0141
  Epoch [80/100] Batch 1400/2848 Loss: 0.0161
  Epoch [80/100] Batch 1600/2848 Loss: 0.0206
  Epoch [80/100] Batch 1800/2848 Loss: 0.0148
  Epoch [80/100] Batch 2000/2848 Loss: 0.0137
  Epoch [80/100] Batch 2200/2848 Loss: 0.0177
  Epoch [80/100] Batch 2400/2848 Loss: 0.0162
  Epoch [80/100] Batch 2600/2848 Loss: 0.0193
  Epoch [80/100] Batch 2800/2848 Loss: 0.0181
[EPOCH 80] Train: 0.0151 | Val: 0.0313 | LR: 0.000490 | Time: 368.1s
  Epoch [81/100] Batch 0/2848 Loss: 0.0166
  Epoch [81/100] Batch 200/2848 Loss: 0.0149
  Epoch [81/100] Batch 400/2848 Loss: 0.0114
  Epoch [81/100] Batch 600/2848 Loss: 0.0167
  Epoch [81/100] Batch 800/2848 Loss: 0.0132
  Epoch [81/100] Batch 1000/2848 Loss: 0.0158
  Epoch [81/100] Batch 1200/2848 Loss: 0.0110
  Epoch [81/100] Batch 1400/2848 Loss: 0.0119
  Epoch [81/100] Batch 1600/2848 Loss: 0.0131
  Epoch [81/100] Batch 1800/2848 Loss: 0.0215
  Epoch [81/100] Batch 2000/2848 Loss: 0.0154
  Epoch [81/100] Batch 2200/2848 Loss: 0.0239
  Epoch [81/100] Batch 2400/2848 Loss: 0.0112
  Epoch [81/100] Batch 2600/2848 Loss: 0.0125
  Epoch [81/100] Batch 2800/2848 Loss: 0.0183
[EPOCH 81] Train: 0.0151 | Val: 0.0314 | LR: 0.000490 | Time: 368.1s
  Epoch [82/100] Batch 0/2848 Loss: 0.0130
  Epoch [82/100] Batch 200/2848 Loss: 0.0174
  Epoch [82/100] Batch 400/2848 Loss: 0.0189
  Epoch [82/100] Batch 600/2848 Loss: 0.0177
  Epoch [82/100] Batch 800/2848 Loss: 0.0157
  Epoch [82/100] Batch 1000/2848 Loss: 0.0188
  Epoch [82/100] Batch 1200/2848 Loss: 0.0129
  Epoch [82/100] Batch 1400/2848 Loss: 0.0156
  Epoch [82/100] Batch 1600/2848 Loss: 0.0127
  Epoch [82/100] Batch 1800/2848 Loss: 0.0155
  Epoch [82/100] Batch 2000/2848 Loss: 0.0180
  Epoch [82/100] Batch 2200/2848 Loss: 0.0170
  Epoch [82/100] Batch 2400/2848 Loss: 0.0137
  Epoch [82/100] Batch 2600/2848 Loss: 0.0138
  Epoch [82/100] Batch 2800/2848 Loss: 0.0163
[EPOCH 82] Train: 0.0150 | Val: 0.0326 | LR: 0.000490 | Time: 368.0s
  Epoch [83/100] Batch 0/2848 Loss: 0.0153
  Epoch [83/100] Batch 200/2848 Loss: 0.0164
  Epoch [83/100] Batch 400/2848 Loss: 0.0162
  Epoch [83/100] Batch 600/2848 Loss: 0.0206
  Epoch [83/100] Batch 800/2848 Loss: 0.0115
  Epoch [83/100] Batch 1000/2848 Loss: 0.0141
  Epoch [83/100] Batch 1200/2848 Loss: 0.0239
  Epoch [83/100] Batch 1400/2848 Loss: 0.0129
  Epoch [83/100] Batch 1600/2848 Loss: 0.0146
  Epoch [83/100] Batch 1800/2848 Loss: 0.0104
  Epoch [83/100] Batch 2000/2848 Loss: 0.0168
  Epoch [83/100] Batch 2200/2848 Loss: 0.0171
  Epoch [83/100] Batch 2400/2848 Loss: 0.0153
  Epoch [83/100] Batch 2600/2848 Loss: 0.0153
  Epoch [83/100] Batch 2800/2848 Loss: 0.0150
[EPOCH 83] Train: 0.0149 | Val: 0.0307 | LR: 0.000490 | Time: 368.1s
  Epoch [84/100] Batch 0/2848 Loss: 0.0173
  Epoch [84/100] Batch 200/2848 Loss: 0.0128
  Epoch [84/100] Batch 400/2848 Loss: 0.0152
  Epoch [84/100] Batch 600/2848 Loss: 0.0125
  Epoch [84/100] Batch 800/2848 Loss: 0.0144
  Epoch [84/100] Batch 1000/2848 Loss: 0.0158
  Epoch [84/100] Batch 1200/2848 Loss: 0.0132
  Epoch [84/100] Batch 1400/2848 Loss: 0.0147
  Epoch [84/100] Batch 1600/2848 Loss: 0.0155
  Epoch [84/100] Batch 1800/2848 Loss: 0.0145
  Epoch [84/100] Batch 2000/2848 Loss: 0.0149
  Epoch [84/100] Batch 2200/2848 Loss: 0.0128
  Epoch [84/100] Batch 2400/2848 Loss: 0.0173
  Epoch [84/100] Batch 2600/2848 Loss: 0.0187
  Epoch [84/100] Batch 2800/2848 Loss: 0.0172
[EPOCH 84] Train: 0.0149 | Val: 0.0320 | LR: 0.000490 | Time: 368.1s
  Epoch [85/100] Batch 0/2848 Loss: 0.0163
  Epoch [85/100] Batch 200/2848 Loss: 0.0180
  Epoch [85/100] Batch 400/2848 Loss: 0.0106
  Epoch [85/100] Batch 600/2848 Loss: 0.0112
  Epoch [85/100] Batch 800/2848 Loss: 0.0169
  Epoch [85/100] Batch 1000/2848 Loss: 0.0189
  Epoch [85/100] Batch 1200/2848 Loss: 0.0126
  Epoch [85/100] Batch 1400/2848 Loss: 0.0138
  Epoch [85/100] Batch 1600/2848 Loss: 0.0191
  Epoch [85/100] Batch 1800/2848 Loss: 0.0133
  Epoch [85/100] Batch 2000/2848 Loss: 0.0136
  Epoch [85/100] Batch 2200/2848 Loss: 0.0109
  Epoch [85/100] Batch 2400/2848 Loss: 0.0159
  Epoch [85/100] Batch 2600/2848 Loss: 0.0116
  Epoch [85/100] Batch 2800/2848 Loss: 0.0205
[EPOCH 85] Train: 0.0149 | Val: 0.0313 | LR: 0.000343 | Time: 368.2s
  Epoch [86/100] Batch 0/2848 Loss: 0.0153
  Epoch [86/100] Batch 200/2848 Loss: 0.0147
  Epoch [86/100] Batch 400/2848 Loss: 0.0127
  Epoch [86/100] Batch 600/2848 Loss: 0.0157
  Epoch [86/100] Batch 800/2848 Loss: 0.0152
  Epoch [86/100] Batch 1000/2848 Loss: 0.0092
  Epoch [86/100] Batch 1200/2848 Loss: 0.0144
  Epoch [86/100] Batch 1400/2848 Loss: 0.0113
  Epoch [86/100] Batch 1600/2848 Loss: 0.0149
  Epoch [86/100] Batch 1800/2848 Loss: 0.0138
  Epoch [86/100] Batch 2000/2848 Loss: 0.0160
  Epoch [86/100] Batch 2200/2848 Loss: 0.0114
  Epoch [86/100] Batch 2400/2848 Loss: 0.0130
  Epoch [86/100] Batch 2600/2848 Loss: 0.0124
  Epoch [86/100] Batch 2800/2848 Loss: 0.0169
[EPOCH 86] Train: 0.0141 | Val: 0.0330 | LR: 0.000343 | Time: 368.3s
  Epoch [87/100] Batch 0/2848 Loss: 0.0157
  Epoch [87/100] Batch 200/2848 Loss: 0.0127
  Epoch [87/100] Batch 400/2848 Loss: 0.0144
  Epoch [87/100] Batch 600/2848 Loss: 0.0177
  Epoch [87/100] Batch 800/2848 Loss: 0.0152
  Epoch [87/100] Batch 1000/2848 Loss: 0.0118
  Epoch [87/100] Batch 1200/2848 Loss: 0.0181
  Epoch [87/100] Batch 1400/2848 Loss: 0.0092
  Epoch [87/100] Batch 1600/2848 Loss: 0.0123
  Epoch [87/100] Batch 1800/2848 Loss: 0.0150
  Epoch [87/100] Batch 2000/2848 Loss: 0.0144
  Epoch [87/100] Batch 2200/2848 Loss: 0.0143
  Epoch [87/100] Batch 2400/2848 Loss: 0.0123
  Epoch [87/100] Batch 2600/2848 Loss: 0.0186
  Epoch [87/100] Batch 2800/2848 Loss: 0.0132
[EPOCH 87] Train: 0.0141 | Val: 0.0311 | LR: 0.000343 | Time: 368.3s
  Epoch [88/100] Batch 0/2848 Loss: 0.0141
  Epoch [88/100] Batch 200/2848 Loss: 0.0100
  Epoch [88/100] Batch 400/2848 Loss: 0.0127
  Epoch [88/100] Batch 600/2848 Loss: 0.0151
  Epoch [88/100] Batch 800/2848 Loss: 0.0111
  Epoch [88/100] Batch 1000/2848 Loss: 0.0127
  Epoch [88/100] Batch 1200/2848 Loss: 0.0140
  Epoch [88/100] Batch 1400/2848 Loss: 0.0119
  Epoch [88/100] Batch 1600/2848 Loss: 0.0119
  Epoch [88/100] Batch 1800/2848 Loss: 0.0140
  Epoch [88/100] Batch 2000/2848 Loss: 0.0080
  Epoch [88/100] Batch 2200/2848 Loss: 0.0127
  Epoch [88/100] Batch 2400/2848 Loss: 0.0098
  Epoch [88/100] Batch 2600/2848 Loss: 0.0142
  Epoch [88/100] Batch 2800/2848 Loss: 0.0101
[EPOCH 88] Train: 0.0140 | Val: 0.0306 | LR: 0.000343 | Time: 368.2s
  Epoch [89/100] Batch 0/2848 Loss: 0.0116
  Epoch [89/100] Batch 200/2848 Loss: 0.0108
  Epoch [89/100] Batch 400/2848 Loss: 0.0091
  Epoch [89/100] Batch 600/2848 Loss: 0.0120
  Epoch [89/100] Batch 800/2848 Loss: 0.0175
  Epoch [89/100] Batch 1000/2848 Loss: 0.0122
  Epoch [89/100] Batch 1200/2848 Loss: 0.0120
  Epoch [89/100] Batch 1400/2848 Loss: 0.0094
  Epoch [89/100] Batch 1600/2848 Loss: 0.0151
  Epoch [89/100] Batch 1800/2848 Loss: 0.0116
  Epoch [89/100] Batch 2000/2848 Loss: 0.0121
  Epoch [89/100] Batch 2200/2848 Loss: 0.0095
  Epoch [89/100] Batch 2400/2848 Loss: 0.0136
  Epoch [89/100] Batch 2600/2848 Loss: 0.0140
  Epoch [89/100] Batch 2800/2848 Loss: 0.0183
[EPOCH 89] Train: 0.0139 | Val: 0.0311 | LR: 0.000343 | Time: 368.3s
  Epoch [90/100] Batch 0/2848 Loss: 0.0114
  Epoch [90/100] Batch 200/2848 Loss: 0.0142
  Epoch [90/100] Batch 400/2848 Loss: 0.0142
  Epoch [90/100] Batch 600/2848 Loss: 0.0158
  Epoch [90/100] Batch 800/2848 Loss: 0.0132
  Epoch [90/100] Batch 1000/2848 Loss: 0.0137
  Epoch [90/100] Batch 1200/2848 Loss: 0.0120
  Epoch [90/100] Batch 1400/2848 Loss: 0.0105
  Epoch [90/100] Batch 1600/2848 Loss: 0.0092
  Epoch [90/100] Batch 1800/2848 Loss: 0.0134
  Epoch [90/100] Batch 2000/2848 Loss: 0.0170
  Epoch [90/100] Batch 2200/2848 Loss: 0.0199
  Epoch [90/100] Batch 2400/2848 Loss: 0.0149
  Epoch [90/100] Batch 2600/2848 Loss: 0.0133
  Epoch [90/100] Batch 2800/2848 Loss: 0.0144
[EPOCH 90] Train: 0.0139 | Val: 0.0308 | LR: 0.000343 | Time: 368.5s
  Epoch [91/100] Batch 0/2848 Loss: 0.0108
  Epoch [91/100] Batch 200/2848 Loss: 0.0139
  Epoch [91/100] Batch 400/2848 Loss: 0.0125
  Epoch [91/100] Batch 600/2848 Loss: 0.0078
  Epoch [91/100] Batch 800/2848 Loss: 0.0111
  Epoch [91/100] Batch 1000/2848 Loss: 0.0108
  Epoch [91/100] Batch 1200/2848 Loss: 0.0107
  Epoch [91/100] Batch 1400/2848 Loss: 0.0146
  Epoch [91/100] Batch 1600/2848 Loss: 0.0195
  Epoch [91/100] Batch 1800/2848 Loss: 0.0160
  Epoch [91/100] Batch 2000/2848 Loss: 0.0160
  Epoch [91/100] Batch 2200/2848 Loss: 0.0191
  Epoch [91/100] Batch 2400/2848 Loss: 0.0137
  Epoch [91/100] Batch 2600/2848 Loss: 0.0096
  Epoch [91/100] Batch 2800/2848 Loss: 0.0161
[EPOCH 91] Train: 0.0139 | Val: 0.0314 | LR: 0.000343 | Time: 368.2s
  Epoch [92/100] Batch 0/2848 Loss: 0.0180
  Epoch [92/100] Batch 200/2848 Loss: 0.0139
  Epoch [92/100] Batch 400/2848 Loss: 0.0161
  Epoch [92/100] Batch 600/2848 Loss: 0.0107
  Epoch [92/100] Batch 800/2848 Loss: 0.0186
  Epoch [92/100] Batch 1000/2848 Loss: 0.0159
  Epoch [92/100] Batch 1200/2848 Loss: 0.0122
  Epoch [92/100] Batch 1400/2848 Loss: 0.0108
  Epoch [92/100] Batch 1600/2848 Loss: 0.0191
  Epoch [92/100] Batch 1800/2848 Loss: 0.0118
  Epoch [92/100] Batch 2000/2848 Loss: 0.0134
  Epoch [92/100] Batch 2200/2848 Loss: 0.0112
  Epoch [92/100] Batch 2400/2848 Loss: 0.0130
  Epoch [92/100] Batch 2600/2848 Loss: 0.0135
  Epoch [92/100] Batch 2800/2848 Loss: 0.0122
[EPOCH 92] Train: 0.0138 | Val: 0.0320 | LR: 0.000343 | Time: 367.9s
  Epoch [93/100] Batch 0/2848 Loss: 0.0130
  Epoch [93/100] Batch 200/2848 Loss: 0.0102
  Epoch [93/100] Batch 400/2848 Loss: 0.0121
  Epoch [93/100] Batch 600/2848 Loss: 0.0128
  Epoch [93/100] Batch 800/2848 Loss: 0.0183
  Epoch [93/100] Batch 1000/2848 Loss: 0.0144
  Epoch [93/100] Batch 1200/2848 Loss: 0.0118
  Epoch [93/100] Batch 1400/2848 Loss: 0.0107
  Epoch [93/100] Batch 1600/2848 Loss: 0.0162
  Epoch [93/100] Batch 1800/2848 Loss: 0.0098
  Epoch [93/100] Batch 2000/2848 Loss: 0.0164
  Epoch [93/100] Batch 2200/2848 Loss: 0.0125
  Epoch [93/100] Batch 2400/2848 Loss: 0.0153
  Epoch [93/100] Batch 2600/2848 Loss: 0.0137
  Epoch [93/100] Batch 2800/2848 Loss: 0.0133
[EPOCH 93] Train: 0.0138 | Val: 0.0309 | LR: 0.000343 | Time: 367.7s
  Epoch [94/100] Batch 0/2848 Loss: 0.0134
  Epoch [94/100] Batch 200/2848 Loss: 0.0124
  Epoch [94/100] Batch 400/2848 Loss: 0.0110
  Epoch [94/100] Batch 600/2848 Loss: 0.0115
  Epoch [94/100] Batch 800/2848 Loss: 0.0097
  Epoch [94/100] Batch 1000/2848 Loss: 0.0117
  Epoch [94/100] Batch 1200/2848 Loss: 0.0120
  Epoch [94/100] Batch 1400/2848 Loss: 0.0175
  Epoch [94/100] Batch 1600/2848 Loss: 0.0169
  Epoch [94/100] Batch 1800/2848 Loss: 0.0157
  Epoch [94/100] Batch 2000/2848 Loss: 0.0118
  Epoch [94/100] Batch 2200/2848 Loss: 0.0099
  Epoch [94/100] Batch 2400/2848 Loss: 0.0095
  Epoch [94/100] Batch 2600/2848 Loss: 0.0100
  Epoch [94/100] Batch 2800/2848 Loss: 0.0199
[EPOCH 94] Train: 0.0137 | Val: 0.0350 | LR: 0.000240 | Time: 366.9s
  Epoch [95/100] Batch 0/2848 Loss: 0.0172
  Epoch [95/100] Batch 200/2848 Loss: 0.0115
  Epoch [95/100] Batch 400/2848 Loss: 0.0122
  Epoch [95/100] Batch 600/2848 Loss: 0.0119
  Epoch [95/100] Batch 800/2848 Loss: 0.0155
  Epoch [95/100] Batch 1000/2848 Loss: 0.0124
  Epoch [95/100] Batch 1200/2848 Loss: 0.0106
  Epoch [95/100] Batch 1400/2848 Loss: 0.0143
  Epoch [95/100] Batch 1600/2848 Loss: 0.0117
  Epoch [95/100] Batch 1800/2848 Loss: 0.0083
  Epoch [95/100] Batch 2000/2848 Loss: 0.0124
  Epoch [95/100] Batch 2200/2848 Loss: 0.0137
  Epoch [95/100] Batch 2400/2848 Loss: 0.0161
  Epoch [95/100] Batch 2600/2848 Loss: 0.0152
  Epoch [95/100] Batch 2800/2848 Loss: 0.0115
[EPOCH 95] Train: 0.0132 | Val: 0.0311 | LR: 0.000240 | Time: 366.8s
  Epoch [96/100] Batch 0/2848 Loss: 0.0108
  Epoch [96/100] Batch 200/2848 Loss: 0.0155
  Epoch [96/100] Batch 400/2848 Loss: 0.0174
  Epoch [96/100] Batch 600/2848 Loss: 0.0136
  Epoch [96/100] Batch 800/2848 Loss: 0.0084
  Epoch [96/100] Batch 1000/2848 Loss: 0.0116
  Epoch [96/100] Batch 1200/2848 Loss: 0.0109
  Epoch [96/100] Batch 1400/2848 Loss: 0.0123
  Epoch [96/100] Batch 1600/2848 Loss: 0.0152
  Epoch [96/100] Batch 1800/2848 Loss: 0.0181
  Epoch [96/100] Batch 2000/2848 Loss: 0.0087
  Epoch [96/100] Batch 2200/2848 Loss: 0.0151
  Epoch [96/100] Batch 2400/2848 Loss: 0.0095
  Epoch [96/100] Batch 2600/2848 Loss: 0.0113
  Epoch [96/100] Batch 2800/2848 Loss: 0.0112
[EPOCH 96] Train: 0.0132 | Val: 0.0311 | LR: 0.000240 | Time: 367.0s
  Epoch [97/100] Batch 0/2848 Loss: 0.0110
  Epoch [97/100] Batch 200/2848 Loss: 0.0149
  Epoch [97/100] Batch 400/2848 Loss: 0.0099
  Epoch [97/100] Batch 600/2848 Loss: 0.0133
  Epoch [97/100] Batch 800/2848 Loss: 0.0178
  Epoch [97/100] Batch 1000/2848 Loss: 0.0121
  Epoch [97/100] Batch 1200/2848 Loss: 0.0134
  Epoch [97/100] Batch 1400/2848 Loss: 0.0109
  Epoch [97/100] Batch 1600/2848 Loss: 0.0159
  Epoch [97/100] Batch 1800/2848 Loss: 0.0147
  Epoch [97/100] Batch 2000/2848 Loss: 0.0165
  Epoch [97/100] Batch 2200/2848 Loss: 0.0123
  Epoch [97/100] Batch 2400/2848 Loss: 0.0157
  Epoch [97/100] Batch 2600/2848 Loss: 0.0141
  Epoch [97/100] Batch 2800/2848 Loss: 0.0105
[EPOCH 97] Train: 0.0132 | Val: 0.0311 | LR: 0.000240 | Time: 367.0s
  Epoch [98/100] Batch 0/2848 Loss: 0.0120
  Epoch [98/100] Batch 200/2848 Loss: 0.0099
  Epoch [98/100] Batch 400/2848 Loss: 0.0093
  Epoch [98/100] Batch 600/2848 Loss: 0.0120
  Epoch [98/100] Batch 800/2848 Loss: 0.0135
  Epoch [98/100] Batch 1000/2848 Loss: 0.0133
  Epoch [98/100] Batch 1200/2848 Loss: 0.0091
  Epoch [98/100] Batch 1400/2848 Loss: 0.0092
  Epoch [98/100] Batch 1600/2848 Loss: 0.0182
  Epoch [98/100] Batch 1800/2848 Loss: 0.0137
  Epoch [98/100] Batch 2000/2848 Loss: 0.0150
  Epoch [98/100] Batch 2200/2848 Loss: 0.0151
  Epoch [98/100] Batch 2400/2848 Loss: 0.0107
  Epoch [98/100] Batch 2600/2848 Loss: 0.0151
  Epoch [98/100] Batch 2800/2848 Loss: 0.0114
[EPOCH 98] Train: 0.0131 | Val: 0.0307 | LR: 0.000240 | Time: 367.0s
  Epoch [99/100] Batch 0/2848 Loss: 0.0139
  Epoch [99/100] Batch 200/2848 Loss: 0.0076
  Epoch [99/100] Batch 400/2848 Loss: 0.0113
  Epoch [99/100] Batch 600/2848 Loss: 0.0153
  Epoch [99/100] Batch 800/2848 Loss: 0.0106
  Epoch [99/100] Batch 1000/2848 Loss: 0.0110
  Epoch [99/100] Batch 1200/2848 Loss: 0.0134
  Epoch [99/100] Batch 1400/2848 Loss: 0.0164
  Epoch [99/100] Batch 1600/2848 Loss: 0.0115
  Epoch [99/100] Batch 1800/2848 Loss: 0.0149
  Epoch [99/100] Batch 2000/2848 Loss: 0.0102
  Epoch [99/100] Batch 2200/2848 Loss: 0.0210
  Epoch [99/100] Batch 2400/2848 Loss: 0.0122
  Epoch [99/100] Batch 2600/2848 Loss: 0.0136
  Epoch [99/100] Batch 2800/2848 Loss: 0.0132
[EPOCH 99] Train: 0.0131 | Val: 0.0311 | LR: 0.000240 | Time: 366.8s
  Epoch [100/100] Batch 0/2848 Loss: 0.0109
  Epoch [100/100] Batch 200/2848 Loss: 0.0088
  Epoch [100/100] Batch 400/2848 Loss: 0.0078
  Epoch [100/100] Batch 600/2848 Loss: 0.0149
  Epoch [100/100] Batch 800/2848 Loss: 0.0141
  Epoch [100/100] Batch 1000/2848 Loss: 0.0123
  Epoch [100/100] Batch 1200/2848 Loss: 0.0118
  Epoch [100/100] Batch 1400/2848 Loss: 0.0157
  Epoch [100/100] Batch 1600/2848 Loss: 0.0063
  Epoch [100/100] Batch 1800/2848 Loss: 0.0151
  Epoch [100/100] Batch 2000/2848 Loss: 0.0172
  Epoch [100/100] Batch 2200/2848 Loss: 0.0174
  Epoch [100/100] Batch 2400/2848 Loss: 0.0120
  Epoch [100/100] Batch 2600/2848 Loss: 0.0105
  Epoch [100/100] Batch 2800/2848 Loss: 0.0132
[EPOCH 100] Train: 0.0131 | Val: 0.0312 | LR: 0.000240 | Time: 367.6s

[DONE] 620.0 min. Mejor Val: 0.0303
