--- ENTRENAMIENTO EXP C (V10 + GAP, sin regularizacion): nmr_202k_v11c_gap_2ch_fm_19v ---
[INFO] Dispositivo: cuda
[INFO] Extrayendo formulas moleculares (C,H,N,O,S,Hal)...
[INFO] Formulas moleculares cargadas.
[INFO] Split congelado: SMILES invalidos=0 | train=187314 (leak removido=723) | val=14428
[INFO] Parametros totales del modelo: 222,883 (V10 original: ~8,603,299)
[INFO] Scheduler: patience=8, factor=0.7

[START] 100 epochs...
  Epoch [1/100] Batch 0/2927 Loss: 87.0129
  Epoch [1/100] Batch 200/2927 Loss: 0.6115
  Epoch [1/100] Batch 400/2927 Loss: 0.4292
  Epoch [1/100] Batch 600/2927 Loss: 0.2845
  Epoch [1/100] Batch 800/2927 Loss: 0.2770
  Epoch [1/100] Batch 1000/2927 Loss: 0.2884
  Epoch [1/100] Batch 1200/2927 Loss: 0.2224
  Epoch [1/100] Batch 1400/2927 Loss: 0.1993
  Epoch [1/100] Batch 1600/2927 Loss: 0.1644
  Epoch [1/100] Batch 1800/2927 Loss: 0.1741
  Epoch [1/100] Batch 2000/2927 Loss: 0.1870
  Epoch [1/100] Batch 2200/2927 Loss: 0.2030
  Epoch [1/100] Batch 2400/2927 Loss: 0.1600
  Epoch [1/100] Batch 2600/2927 Loss: 0.1586
  Epoch [1/100] Batch 2800/2927 Loss: 0.1706
[EPOCH 1] Train: 0.5100 | Val: 0.1257 | LR: 0.001000 | Time: 387.7s
[SAVE] Nuevo mejor modelo!
  Epoch [2/100] Batch 0/2927 Loss: 0.1417
  Epoch [2/100] Batch 200/2927 Loss: 0.1642
  Epoch [2/100] Batch 400/2927 Loss: 0.1207
  Epoch [2/100] Batch 600/2927 Loss: 0.1553
  Epoch [2/100] Batch 800/2927 Loss: 0.1260
  Epoch [2/100] Batch 1000/2927 Loss: 0.1409
  Epoch [2/100] Batch 1200/2927 Loss: 0.1600
  Epoch [2/100] Batch 1400/2927 Loss: 0.1159
  Epoch [2/100] Batch 1600/2927 Loss: 0.1549
  Epoch [2/100] Batch 1800/2927 Loss: 0.1225
  Epoch [2/100] Batch 2000/2927 Loss: 0.1230
  Epoch [2/100] Batch 2200/2927 Loss: 0.1215
  Epoch [2/100] Batch 2400/2927 Loss: 0.1284
  Epoch [2/100] Batch 2600/2927 Loss: 0.1468
  Epoch [2/100] Batch 2800/2927 Loss: 0.2256
[EPOCH 2] Train: 0.1329 | Val: 0.0934 | LR: 0.001000 | Time: 363.5s
[SAVE] Nuevo mejor modelo!
  Epoch [3/100] Batch 0/2927 Loss: 0.1011
  Epoch [3/100] Batch 200/2927 Loss: 0.0996
  Epoch [3/100] Batch 400/2927 Loss: 0.1044
  Epoch [3/100] Batch 600/2927 Loss: 0.0950
  Epoch [3/100] Batch 800/2927 Loss: 0.1124
  Epoch [3/100] Batch 1000/2927 Loss: 0.1049
  Epoch [3/100] Batch 1200/2927 Loss: 0.1223
  Epoch [3/100] Batch 1400/2927 Loss: 0.0955
  Epoch [3/100] Batch 1600/2927 Loss: 0.0839
  Epoch [3/100] Batch 1800/2927 Loss: 0.0938
  Epoch [3/100] Batch 2000/2927 Loss: 0.1001
  Epoch [3/100] Batch 2200/2927 Loss: 0.1216
  Epoch [3/100] Batch 2400/2927 Loss: 0.1102
  Epoch [3/100] Batch 2600/2927 Loss: 0.0946
  Epoch [3/100] Batch 2800/2927 Loss: 0.0858
[EPOCH 3] Train: 0.1084 | Val: 0.0805 | LR: 0.001000 | Time: 363.8s
[SAVE] Nuevo mejor modelo!
  Epoch [4/100] Batch 0/2927 Loss: 0.0860
  Epoch [4/100] Batch 200/2927 Loss: 0.0919
  Epoch [4/100] Batch 400/2927 Loss: 0.0794
  Epoch [4/100] Batch 600/2927 Loss: 0.1071
  Epoch [4/100] Batch 800/2927 Loss: 0.0824
  Epoch [4/100] Batch 1000/2927 Loss: 0.1037
  Epoch [4/100] Batch 1200/2927 Loss: 0.0892
  Epoch [4/100] Batch 1400/2927 Loss: 0.1070
  Epoch [4/100] Batch 1600/2927 Loss: 0.0993
  Epoch [4/100] Batch 1800/2927 Loss: 0.0884
  Epoch [4/100] Batch 2000/2927 Loss: 0.0831
  Epoch [4/100] Batch 2200/2927 Loss: 0.0724
  Epoch [4/100] Batch 2400/2927 Loss: 0.0929
  Epoch [4/100] Batch 2600/2927 Loss: 0.0986
  Epoch [4/100] Batch 2800/2927 Loss: 0.1170
[EPOCH 4] Train: 0.0952 | Val: 0.0719 | LR: 0.001000 | Time: 363.7s
[SAVE] Nuevo mejor modelo!
  Epoch [5/100] Batch 0/2927 Loss: 0.0744
  Epoch [5/100] Batch 200/2927 Loss: 0.0773
  Epoch [5/100] Batch 400/2927 Loss: 0.1035
  Epoch [5/100] Batch 600/2927 Loss: 0.1047
  Epoch [5/100] Batch 800/2927 Loss: 0.1110
  Epoch [5/100] Batch 1000/2927 Loss: 0.0817
  Epoch [5/100] Batch 1200/2927 Loss: 0.0846
  Epoch [5/100] Batch 1400/2927 Loss: 0.0890
  Epoch [5/100] Batch 1600/2927 Loss: 0.0718
  Epoch [5/100] Batch 1800/2927 Loss: 0.0761
  Epoch [5/100] Batch 2000/2927 Loss: 0.0689
  Epoch [5/100] Batch 2200/2927 Loss: 0.0777
  Epoch [5/100] Batch 2400/2927 Loss: 0.0902
  Epoch [5/100] Batch 2600/2927 Loss: 0.0821
  Epoch [5/100] Batch 2800/2927 Loss: 0.0753
[EPOCH 5] Train: 0.0855 | Val: 0.0685 | LR: 0.001000 | Time: 363.5s
[SAVE] Nuevo mejor modelo!
  Epoch [6/100] Batch 0/2927 Loss: 0.0836
  Epoch [6/100] Batch 200/2927 Loss: 0.0583
  Epoch [6/100] Batch 400/2927 Loss: 0.0821
  Epoch [6/100] Batch 600/2927 Loss: 0.0648
  Epoch [6/100] Batch 800/2927 Loss: 0.0785
  Epoch [6/100] Batch 1000/2927 Loss: 0.0922
  Epoch [6/100] Batch 1200/2927 Loss: 0.1001
  Epoch [6/100] Batch 1400/2927 Loss: 0.0709
  Epoch [6/100] Batch 1600/2927 Loss: 0.0849
  Epoch [6/100] Batch 1800/2927 Loss: 0.0941
  Epoch [6/100] Batch 2000/2927 Loss: 0.0688
  Epoch [6/100] Batch 2200/2927 Loss: 0.0904
  Epoch [6/100] Batch 2400/2927 Loss: 0.0833
  Epoch [6/100] Batch 2600/2927 Loss: 0.1314
  Epoch [6/100] Batch 2800/2927 Loss: 0.0640
[EPOCH 6] Train: 0.0773 | Val: 0.0679 | LR: 0.001000 | Time: 363.1s
[SAVE] Nuevo mejor modelo!
  Epoch [7/100] Batch 0/2927 Loss: 0.0793
  Epoch [7/100] Batch 200/2927 Loss: 0.0556
  Epoch [7/100] Batch 400/2927 Loss: 0.0735
  Epoch [7/100] Batch 600/2927 Loss: 0.0617
  Epoch [7/100] Batch 800/2927 Loss: 0.0588
  Epoch [7/100] Batch 1000/2927 Loss: 0.0684
  Epoch [7/100] Batch 1200/2927 Loss: 0.0671
  Epoch [7/100] Batch 1400/2927 Loss: 0.0625
  Epoch [7/100] Batch 1600/2927 Loss: 0.0889
  Epoch [7/100] Batch 1800/2927 Loss: 0.3165
  Epoch [7/100] Batch 2000/2927 Loss: 0.0519
  Epoch [7/100] Batch 2200/2927 Loss: 0.0742
  Epoch [7/100] Batch 2400/2927 Loss: 0.0787
  Epoch [7/100] Batch 2600/2927 Loss: 0.0668
  Epoch [7/100] Batch 2800/2927 Loss: 0.0729
[EPOCH 7] Train: 0.0702 | Val: 0.0666 | LR: 0.001000 | Time: 363.4s
[SAVE] Nuevo mejor modelo!
  Epoch [8/100] Batch 0/2927 Loss: 0.0715
  Epoch [8/100] Batch 200/2927 Loss: 0.0685
  Epoch [8/100] Batch 400/2927 Loss: 0.0577
  Epoch [8/100] Batch 600/2927 Loss: 0.0562
  Epoch [8/100] Batch 800/2927 Loss: 0.0706
  Epoch [8/100] Batch 1000/2927 Loss: 0.0656
  Epoch [8/100] Batch 1200/2927 Loss: 0.0761
  Epoch [8/100] Batch 1400/2927 Loss: 0.0537
  Epoch [8/100] Batch 1600/2927 Loss: 0.0662
  Epoch [8/100] Batch 1800/2927 Loss: 0.0543
  Epoch [8/100] Batch 2000/2927 Loss: 0.0523
  Epoch [8/100] Batch 2200/2927 Loss: 0.0479
  Epoch [8/100] Batch 2400/2927 Loss: 0.0411
  Epoch [8/100] Batch 2600/2927 Loss: 0.0674
  Epoch [8/100] Batch 2800/2927 Loss: 0.0685
[EPOCH 8] Train: 0.0650 | Val: 0.0535 | LR: 0.001000 | Time: 363.3s
[SAVE] Nuevo mejor modelo!
  Epoch [9/100] Batch 0/2927 Loss: 0.0530
  Epoch [9/100] Batch 200/2927 Loss: 0.0465
  Epoch [9/100] Batch 400/2927 Loss: 0.0544
  Epoch [9/100] Batch 600/2927 Loss: 0.0607
  Epoch [9/100] Batch 800/2927 Loss: 0.0471
  Epoch [9/100] Batch 1000/2927 Loss: 0.0579
  Epoch [9/100] Batch 1200/2927 Loss: 0.0724
  Epoch [9/100] Batch 1400/2927 Loss: 0.0454
  Epoch [9/100] Batch 1600/2927 Loss: 0.0515
  Epoch [9/100] Batch 1800/2927 Loss: 0.0613
  Epoch [9/100] Batch 2000/2927 Loss: 0.0535
  Epoch [9/100] Batch 2200/2927 Loss: 0.0601
  Epoch [9/100] Batch 2400/2927 Loss: 0.0519
  Epoch [9/100] Batch 2600/2927 Loss: 0.0643
  Epoch [9/100] Batch 2800/2927 Loss: 0.0565
[EPOCH 9] Train: 0.0608 | Val: 0.0507 | LR: 0.001000 | Time: 362.7s
[SAVE] Nuevo mejor modelo!
  Epoch [10/100] Batch 0/2927 Loss: 0.0530
  Epoch [10/100] Batch 200/2927 Loss: 0.0703
  Epoch [10/100] Batch 400/2927 Loss: 0.0725
  Epoch [10/100] Batch 600/2927 Loss: 0.0712
  Epoch [10/100] Batch 800/2927 Loss: 0.0544
  Epoch [10/100] Batch 1000/2927 Loss: 0.0527
  Epoch [10/100] Batch 1200/2927 Loss: 0.0617
  Epoch [10/100] Batch 1400/2927 Loss: 0.0649
  Epoch [10/100] Batch 1600/2927 Loss: 0.0609
  Epoch [10/100] Batch 1800/2927 Loss: 0.0629
  Epoch [10/100] Batch 2000/2927 Loss: 0.0604
  Epoch [10/100] Batch 2200/2927 Loss: 0.0903
  Epoch [10/100] Batch 2400/2927 Loss: 0.0547
  Epoch [10/100] Batch 2600/2927 Loss: 0.0584
  Epoch [10/100] Batch 2800/2927 Loss: 0.0712
[EPOCH 10] Train: 0.0583 | Val: 0.0490 | LR: 0.001000 | Time: 362.9s
[SAVE] Nuevo mejor modelo!
  Epoch [11/100] Batch 0/2927 Loss: 0.0597
  Epoch [11/100] Batch 200/2927 Loss: 0.0598
  Epoch [11/100] Batch 400/2927 Loss: 0.0588
  Epoch [11/100] Batch 600/2927 Loss: 0.0579
  Epoch [11/100] Batch 800/2927 Loss: 0.0511
  Epoch [11/100] Batch 1000/2927 Loss: 0.0506
  Epoch [11/100] Batch 1200/2927 Loss: 0.0459
  Epoch [11/100] Batch 1400/2927 Loss: 0.0733
  Epoch [11/100] Batch 1600/2927 Loss: 0.0724
  Epoch [11/100] Batch 1800/2927 Loss: 0.0418
  Epoch [11/100] Batch 2000/2927 Loss: 0.0474
  Epoch [11/100] Batch 2200/2927 Loss: 0.0485
  Epoch [11/100] Batch 2400/2927 Loss: 0.0549
  Epoch [11/100] Batch 2600/2927 Loss: 0.0668
  Epoch [11/100] Batch 2800/2927 Loss: 0.0510
[EPOCH 11] Train: 0.0555 | Val: 0.0476 | LR: 0.001000 | Time: 362.2s
[SAVE] Nuevo mejor modelo!
  Epoch [12/100] Batch 0/2927 Loss: 0.0520
  Epoch [12/100] Batch 200/2927 Loss: 0.0578
  Epoch [12/100] Batch 400/2927 Loss: 0.0502
  Epoch [12/100] Batch 600/2927 Loss: 0.0534
  Epoch [12/100] Batch 800/2927 Loss: 0.0535
  Epoch [12/100] Batch 1000/2927 Loss: 0.0480
  Epoch [12/100] Batch 1200/2927 Loss: 0.0637
  Epoch [12/100] Batch 1400/2927 Loss: 0.0486
  Epoch [12/100] Batch 1600/2927 Loss: 0.0587
  Epoch [12/100] Batch 1800/2927 Loss: 0.0447
  Epoch [12/100] Batch 2000/2927 Loss: 0.0659
  Epoch [12/100] Batch 2200/2927 Loss: 0.0471
  Epoch [12/100] Batch 2400/2927 Loss: 0.0463
  Epoch [12/100] Batch 2600/2927 Loss: 0.0460
  Epoch [12/100] Batch 2800/2927 Loss: 0.0613
[EPOCH 12] Train: 0.0538 | Val: 0.0457 | LR: 0.001000 | Time: 362.6s
[SAVE] Nuevo mejor modelo!
  Epoch [13/100] Batch 0/2927 Loss: 0.0426
  Epoch [13/100] Batch 200/2927 Loss: 0.0538
  Epoch [13/100] Batch 400/2927 Loss: 0.0478
  Epoch [13/100] Batch 600/2927 Loss: 0.0567
  Epoch [13/100] Batch 800/2927 Loss: 0.0554
  Epoch [13/100] Batch 1000/2927 Loss: 0.0422
  Epoch [13/100] Batch 1200/2927 Loss: 0.0573
  Epoch [13/100] Batch 1400/2927 Loss: 0.0516
  Epoch [13/100] Batch 1600/2927 Loss: 0.0591
  Epoch [13/100] Batch 1800/2927 Loss: 0.0539
  Epoch [13/100] Batch 2000/2927 Loss: 0.0565
  Epoch [13/100] Batch 2200/2927 Loss: 0.0523
  Epoch [13/100] Batch 2400/2927 Loss: 0.0597
  Epoch [13/100] Batch 2600/2927 Loss: 0.0431
  Epoch [13/100] Batch 2800/2927 Loss: 0.0490
[EPOCH 13] Train: 0.0525 | Val: 0.0476 | LR: 0.001000 | Time: 362.5s
  Epoch [14/100] Batch 0/2927 Loss: 0.0577
  Epoch [14/100] Batch 200/2927 Loss: 0.0457
  Epoch [14/100] Batch 400/2927 Loss: 0.0503
  Epoch [14/100] Batch 600/2927 Loss: 0.0464
  Epoch [14/100] Batch 800/2927 Loss: 0.0509
  Epoch [14/100] Batch 1000/2927 Loss: 0.0472
  Epoch [14/100] Batch 1200/2927 Loss: 0.0637
  Epoch [14/100] Batch 1400/2927 Loss: 0.0544
  Epoch [14/100] Batch 1600/2927 Loss: 0.0417
  Epoch [14/100] Batch 1800/2927 Loss: 0.0474
  Epoch [14/100] Batch 2000/2927 Loss: 0.0473
  Epoch [14/100] Batch 2200/2927 Loss: 0.0454
  Epoch [14/100] Batch 2400/2927 Loss: 0.0484
  Epoch [14/100] Batch 2600/2927 Loss: 0.0403
  Epoch [14/100] Batch 2800/2927 Loss: 0.0495
[EPOCH 14] Train: 0.0505 | Val: 0.0454 | LR: 0.001000 | Time: 362.4s
[SAVE] Nuevo mejor modelo!
  Epoch [15/100] Batch 0/2927 Loss: 0.0444
  Epoch [15/100] Batch 200/2927 Loss: 0.0541
  Epoch [15/100] Batch 400/2927 Loss: 0.0458
  Epoch [15/100] Batch 600/2927 Loss: 0.0566
  Epoch [15/100] Batch 800/2927 Loss: 0.0546
  Epoch [15/100] Batch 1000/2927 Loss: 0.0651
  Epoch [15/100] Batch 1200/2927 Loss: 0.0597
  Epoch [15/100] Batch 1400/2927 Loss: 0.0425
  Epoch [15/100] Batch 1600/2927 Loss: 0.0606
  Epoch [15/100] Batch 1800/2927 Loss: 0.0482
  Epoch [15/100] Batch 2000/2927 Loss: 0.0428
  Epoch [15/100] Batch 2200/2927 Loss: 0.0489
  Epoch [15/100] Batch 2400/2927 Loss: 0.0464
  Epoch [15/100] Batch 2600/2927 Loss: 0.0547
  Epoch [15/100] Batch 2800/2927 Loss: 0.0375
[EPOCH 15] Train: 0.0494 | Val: 0.0457 | LR: 0.001000 | Time: 362.5s
  Epoch [16/100] Batch 0/2927 Loss: 0.0531
  Epoch [16/100] Batch 200/2927 Loss: 0.0537
  Epoch [16/100] Batch 400/2927 Loss: 0.0404
  Epoch [16/100] Batch 600/2927 Loss: 0.0446
  Epoch [16/100] Batch 800/2927 Loss: 0.0490
  Epoch [16/100] Batch 1000/2927 Loss: 0.0429
  Epoch [16/100] Batch 1200/2927 Loss: 0.0383
  Epoch [16/100] Batch 1400/2927 Loss: 0.0452
  Epoch [16/100] Batch 1600/2927 Loss: 0.0526
  Epoch [16/100] Batch 1800/2927 Loss: 0.0431
  Epoch [16/100] Batch 2000/2927 Loss: 0.0452
  Epoch [16/100] Batch 2200/2927 Loss: 0.0524
  Epoch [16/100] Batch 2400/2927 Loss: 0.0493
  Epoch [16/100] Batch 2600/2927 Loss: 0.0553
  Epoch [16/100] Batch 2800/2927 Loss: 0.0507
[EPOCH 16] Train: 0.0480 | Val: 0.0439 | LR: 0.001000 | Time: 362.7s
[SAVE] Nuevo mejor modelo!
  Epoch [17/100] Batch 0/2927 Loss: 0.0394
  Epoch [17/100] Batch 200/2927 Loss: 0.0419
  Epoch [17/100] Batch 400/2927 Loss: 0.0477
  Epoch [17/100] Batch 600/2927 Loss: 0.0512
  Epoch [17/100] Batch 800/2927 Loss: 0.0416
  Epoch [17/100] Batch 1000/2927 Loss: 0.0428
  Epoch [17/100] Batch 1200/2927 Loss: 0.0505
  Epoch [17/100] Batch 1400/2927 Loss: 0.0465
  Epoch [17/100] Batch 1600/2927 Loss: 0.0717
  Epoch [17/100] Batch 1800/2927 Loss: 0.0421
  Epoch [17/100] Batch 2000/2927 Loss: 0.0569
  Epoch [17/100] Batch 2200/2927 Loss: 0.0519
  Epoch [17/100] Batch 2400/2927 Loss: 0.0604
  Epoch [17/100] Batch 2600/2927 Loss: 0.0570
  Epoch [17/100] Batch 2800/2927 Loss: 0.0470
[EPOCH 17] Train: 0.0473 | Val: 0.0440 | LR: 0.001000 | Time: 362.4s
  Epoch [18/100] Batch 0/2927 Loss: 0.0543
  Epoch [18/100] Batch 200/2927 Loss: 0.0637
  Epoch [18/100] Batch 400/2927 Loss: 0.0381
  Epoch [18/100] Batch 600/2927 Loss: 0.0495
  Epoch [18/100] Batch 800/2927 Loss: 0.0395
  Epoch [18/100] Batch 1000/2927 Loss: 0.0521
  Epoch [18/100] Batch 1200/2927 Loss: 0.0432
  Epoch [18/100] Batch 1400/2927 Loss: 0.0457
  Epoch [18/100] Batch 1600/2927 Loss: 0.0328
  Epoch [18/100] Batch 1800/2927 Loss: 0.0438
  Epoch [18/100] Batch 2000/2927 Loss: 0.0350
  Epoch [18/100] Batch 2200/2927 Loss: 0.0394
  Epoch [18/100] Batch 2400/2927 Loss: 0.0426
  Epoch [18/100] Batch 2600/2927 Loss: 0.0520
  Epoch [18/100] Batch 2800/2927 Loss: 0.0512
[EPOCH 18] Train: 0.0460 | Val: 0.0427 | LR: 0.001000 | Time: 362.1s
[SAVE] Nuevo mejor modelo!
  Epoch [19/100] Batch 0/2927 Loss: 0.0339
  Epoch [19/100] Batch 200/2927 Loss: 0.0350
  Epoch [19/100] Batch 400/2927 Loss: 0.0405
  Epoch [19/100] Batch 600/2927 Loss: 0.0377
  Epoch [19/100] Batch 800/2927 Loss: 0.0323
  Epoch [19/100] Batch 1000/2927 Loss: 0.0442
  Epoch [19/100] Batch 1200/2927 Loss: 0.0431
  Epoch [19/100] Batch 1400/2927 Loss: 0.0542
  Epoch [19/100] Batch 1600/2927 Loss: 0.0345
  Epoch [19/100] Batch 1800/2927 Loss: 0.0561
  Epoch [19/100] Batch 2000/2927 Loss: 0.0462
  Epoch [19/100] Batch 2200/2927 Loss: 0.0385
  Epoch [19/100] Batch 2400/2927 Loss: 0.0396
  Epoch [19/100] Batch 2600/2927 Loss: 0.0768
  Epoch [19/100] Batch 2800/2927 Loss: 0.0441
[EPOCH 19] Train: 0.0457 | Val: 0.0426 | LR: 0.001000 | Time: 362.8s
[SAVE] Nuevo mejor modelo!
  Epoch [20/100] Batch 0/2927 Loss: 0.0345
  Epoch [20/100] Batch 200/2927 Loss: 0.0449
  Epoch [20/100] Batch 400/2927 Loss: 0.0509
  Epoch [20/100] Batch 600/2927 Loss: 0.0366
  Epoch [20/100] Batch 800/2927 Loss: 0.0463
  Epoch [20/100] Batch 1000/2927 Loss: 0.0408
  Epoch [20/100] Batch 1200/2927 Loss: 0.0416
  Epoch [20/100] Batch 1400/2927 Loss: 0.0411
  Epoch [20/100] Batch 1600/2927 Loss: 0.0453
  Epoch [20/100] Batch 1800/2927 Loss: 0.0398
  Epoch [20/100] Batch 2000/2927 Loss: 0.0445
  Epoch [20/100] Batch 2200/2927 Loss: 0.0797
  Epoch [20/100] Batch 2400/2927 Loss: 0.0420
  Epoch [20/100] Batch 2600/2927 Loss: 0.0512
  Epoch [20/100] Batch 2800/2927 Loss: 0.0337
[EPOCH 20] Train: 0.0444 | Val: 0.0428 | LR: 0.001000 | Time: 362.7s
  Epoch [21/100] Batch 0/2927 Loss: 0.0401
  Epoch [21/100] Batch 200/2927 Loss: 0.0670
  Epoch [21/100] Batch 400/2927 Loss: 0.0491
  Epoch [21/100] Batch 600/2927 Loss: 0.0409
  Epoch [21/100] Batch 800/2927 Loss: 0.0423
  Epoch [21/100] Batch 1000/2927 Loss: 0.0475
  Epoch [21/100] Batch 1200/2927 Loss: 0.0508
  Epoch [21/100] Batch 1400/2927 Loss: 0.0437
  Epoch [21/100] Batch 1600/2927 Loss: 0.0506
  Epoch [21/100] Batch 1800/2927 Loss: 0.0368
  Epoch [21/100] Batch 2000/2927 Loss: 0.0579
  Epoch [21/100] Batch 2200/2927 Loss: 0.0474
  Epoch [21/100] Batch 2400/2927 Loss: 0.0479
  Epoch [21/100] Batch 2600/2927 Loss: 0.0540
  Epoch [21/100] Batch 2800/2927 Loss: 0.0457
[EPOCH 21] Train: 0.0441 | Val: 0.0452 | LR: 0.001000 | Time: 362.9s
  Epoch [22/100] Batch 0/2927 Loss: 0.0470
  Epoch [22/100] Batch 200/2927 Loss: 0.0351
  Epoch [22/100] Batch 400/2927 Loss: 0.0395
  Epoch [22/100] Batch 600/2927 Loss: 0.0373
  Epoch [22/100] Batch 800/2927 Loss: 0.0421
  Epoch [22/100] Batch 1000/2927 Loss: 0.0307
  Epoch [22/100] Batch 1200/2927 Loss: 0.0466
  Epoch [22/100] Batch 1400/2927 Loss: 0.0412
  Epoch [22/100] Batch 1600/2927 Loss: 0.0412
  Epoch [22/100] Batch 1800/2927 Loss: 0.0577
  Epoch [22/100] Batch 2000/2927 Loss: 0.0453
  Epoch [22/100] Batch 2200/2927 Loss: 0.0523
  Epoch [22/100] Batch 2400/2927 Loss: 0.0535
  Epoch [22/100] Batch 2600/2927 Loss: 0.0480
  Epoch [22/100] Batch 2800/2927 Loss: 0.0471
[EPOCH 22] Train: 0.0430 | Val: 0.0412 | LR: 0.001000 | Time: 363.1s
[SAVE] Nuevo mejor modelo!
  Epoch [23/100] Batch 0/2927 Loss: 0.0349
  Epoch [23/100] Batch 200/2927 Loss: 0.0419
  Epoch [23/100] Batch 400/2927 Loss: 0.0325
  Epoch [23/100] Batch 600/2927 Loss: 0.0400
  Epoch [23/100] Batch 800/2927 Loss: 0.0296
  Epoch [23/100] Batch 1000/2927 Loss: 0.0448
  Epoch [23/100] Batch 1200/2927 Loss: 0.0423
  Epoch [23/100] Batch 1400/2927 Loss: 0.0365
  Epoch [23/100] Batch 1600/2927 Loss: 0.0422
  Epoch [23/100] Batch 1800/2927 Loss: 0.0377
  Epoch [23/100] Batch 2000/2927 Loss: 0.0424
  Epoch [23/100] Batch 2200/2927 Loss: 0.0380
  Epoch [23/100] Batch 2400/2927 Loss: 0.0437
  Epoch [23/100] Batch 2600/2927 Loss: 0.0453
  Epoch [23/100] Batch 2800/2927 Loss: 0.0645
[EPOCH 23] Train: 0.0424 | Val: 0.0411 | LR: 0.001000 | Time: 363.1s
[SAVE] Nuevo mejor modelo!
  Epoch [24/100] Batch 0/2927 Loss: 0.0388
  Epoch [24/100] Batch 200/2927 Loss: 0.0668
  Epoch [24/100] Batch 400/2927 Loss: 0.0406
  Epoch [24/100] Batch 600/2927 Loss: 0.0331
  Epoch [24/100] Batch 800/2927 Loss: 0.0367
  Epoch [24/100] Batch 1000/2927 Loss: 0.0558
  Epoch [24/100] Batch 1200/2927 Loss: 0.0421
  Epoch [24/100] Batch 1400/2927 Loss: 0.0342
  Epoch [24/100] Batch 1600/2927 Loss: 0.0367
  Epoch [24/100] Batch 1800/2927 Loss: 0.0521
  Epoch [24/100] Batch 2000/2927 Loss: 0.1366
  Epoch [24/100] Batch 2200/2927 Loss: 0.0766
  Epoch [24/100] Batch 2400/2927 Loss: 0.0855
  Epoch [24/100] Batch 2600/2927 Loss: 0.0785
  Epoch [24/100] Batch 2800/2927 Loss: 0.0771
[EPOCH 24] Train: 0.0750 | Val: 0.0656 | LR: 0.001000 | Time: 361.3s
  Epoch [25/100] Batch 0/2927 Loss: 0.0878
  Epoch [25/100] Batch 200/2927 Loss: 0.0731
  Epoch [25/100] Batch 400/2927 Loss: 0.0586
  Epoch [25/100] Batch 600/2927 Loss: 0.0558
  Epoch [25/100] Batch 800/2927 Loss: 0.0403
  Epoch [25/100] Batch 1000/2927 Loss: 0.0567
  Epoch [25/100] Batch 1200/2927 Loss: 0.0512
  Epoch [25/100] Batch 1400/2927 Loss: 0.0453
  Epoch [25/100] Batch 1600/2927 Loss: 0.0688
  Epoch [25/100] Batch 1800/2927 Loss: 0.0620
  Epoch [25/100] Batch 2000/2927 Loss: 0.0365
  Epoch [25/100] Batch 2200/2927 Loss: 0.0423
  Epoch [25/100] Batch 2400/2927 Loss: 0.0379
  Epoch [25/100] Batch 2600/2927 Loss: 0.0453
  Epoch [25/100] Batch 2800/2927 Loss: 0.0486
[EPOCH 25] Train: 0.0548 | Val: 0.0481 | LR: 0.001000 | Time: 361.3s
  Epoch [26/100] Batch 0/2927 Loss: 0.0430
  Epoch [26/100] Batch 200/2927 Loss: 0.0953
  Epoch [26/100] Batch 400/2927 Loss: 0.0545
  Epoch [26/100] Batch 600/2927 Loss: 0.0372
  Epoch [26/100] Batch 800/2927 Loss: 0.0454
  Epoch [26/100] Batch 1000/2927 Loss: 0.0484
  Epoch [26/100] Batch 1200/2927 Loss: 0.0398
  Epoch [26/100] Batch 1400/2927 Loss: 0.0477
  Epoch [26/100] Batch 1600/2927 Loss: 0.0425
  Epoch [26/100] Batch 1800/2927 Loss: 0.0475
  Epoch [26/100] Batch 2000/2927 Loss: 0.0473
  Epoch [26/100] Batch 2200/2927 Loss: 0.0463
  Epoch [26/100] Batch 2400/2927 Loss: 0.0405
  Epoch [26/100] Batch 2600/2927 Loss: 0.0568
  Epoch [26/100] Batch 2800/2927 Loss: 0.0394
[EPOCH 26] Train: 0.0460 | Val: 0.0444 | LR: 0.001000 | Time: 361.5s
  Epoch [27/100] Batch 0/2927 Loss: 0.0314
  Epoch [27/100] Batch 200/2927 Loss: 0.0430
  Epoch [27/100] Batch 400/2927 Loss: 0.0438
  Epoch [27/100] Batch 600/2927 Loss: 0.0378
  Epoch [27/100] Batch 800/2927 Loss: 0.0377
  Epoch [27/100] Batch 1000/2927 Loss: 0.0458
  Epoch [27/100] Batch 1200/2927 Loss: 0.0606
  Epoch [27/100] Batch 1400/2927 Loss: 0.0558
  Epoch [27/100] Batch 1600/2927 Loss: 0.0450
  Epoch [27/100] Batch 1800/2927 Loss: 0.0501
  Epoch [27/100] Batch 2000/2927 Loss: 0.0448
  Epoch [27/100] Batch 2200/2927 Loss: 0.0606
  Epoch [27/100] Batch 2400/2927 Loss: 0.0597
  Epoch [27/100] Batch 2600/2927 Loss: 0.0470
  Epoch [27/100] Batch 2800/2927 Loss: 0.0487
[EPOCH 27] Train: 0.0435 | Val: 0.0428 | LR: 0.001000 | Time: 361.4s
  Epoch [28/100] Batch 0/2927 Loss: 0.0332
  Epoch [28/100] Batch 200/2927 Loss: 0.0473
  Epoch [28/100] Batch 400/2927 Loss: 0.0416
  Epoch [28/100] Batch 600/2927 Loss: 0.0456
  Epoch [28/100] Batch 800/2927 Loss: 0.0451
  Epoch [28/100] Batch 1000/2927 Loss: 0.0441
  Epoch [28/100] Batch 1200/2927 Loss: 0.0391
  Epoch [28/100] Batch 1400/2927 Loss: 0.0398
  Epoch [28/100] Batch 1600/2927 Loss: 0.0428
  Epoch [28/100] Batch 1800/2927 Loss: 0.0845
  Epoch [28/100] Batch 2000/2927 Loss: 0.0501
  Epoch [28/100] Batch 2200/2927 Loss: 0.0461
  Epoch [28/100] Batch 2400/2927 Loss: 0.0449
  Epoch [28/100] Batch 2600/2927 Loss: 0.0516
  Epoch [28/100] Batch 2800/2927 Loss: 0.0383
[EPOCH 28] Train: 0.0428 | Val: 0.0424 | LR: 0.001000 | Time: 361.3s
  Epoch [29/100] Batch 0/2927 Loss: 0.0343
  Epoch [29/100] Batch 200/2927 Loss: 0.0409
  Epoch [29/100] Batch 400/2927 Loss: 0.0365
  Epoch [29/100] Batch 600/2927 Loss: 0.0416
  Epoch [29/100] Batch 800/2927 Loss: 0.0368
  Epoch [29/100] Batch 1000/2927 Loss: 0.0364
  Epoch [29/100] Batch 1200/2927 Loss: 0.0389
  Epoch [29/100] Batch 1400/2927 Loss: 0.0426
  Epoch [29/100] Batch 1600/2927 Loss: 0.0324
  Epoch [29/100] Batch 1800/2927 Loss: 0.0301
  Epoch [29/100] Batch 2000/2927 Loss: 0.0457
  Epoch [29/100] Batch 2200/2927 Loss: 0.0351
  Epoch [29/100] Batch 2400/2927 Loss: 0.0405
  Epoch [29/100] Batch 2600/2927 Loss: 0.0383
  Epoch [29/100] Batch 2800/2927 Loss: 0.0451
[EPOCH 29] Train: 0.0404 | Val: 0.0406 | LR: 0.001000 | Time: 361.4s
[SAVE] Nuevo mejor modelo!
  Epoch [30/100] Batch 0/2927 Loss: 0.0443
  Epoch [30/100] Batch 200/2927 Loss: 0.0381
  Epoch [30/100] Batch 400/2927 Loss: 0.0459
  Epoch [30/100] Batch 600/2927 Loss: 0.0487
  Epoch [30/100] Batch 800/2927 Loss: 0.0420
  Epoch [30/100] Batch 1000/2927 Loss: 0.0453
  Epoch [30/100] Batch 1200/2927 Loss: 0.0406
  Epoch [30/100] Batch 1400/2927 Loss: 0.0293
  Epoch [30/100] Batch 1600/2927 Loss: 0.0388
  Epoch [30/100] Batch 1800/2927 Loss: 0.0355
  Epoch [30/100] Batch 2000/2927 Loss: 0.0375
  Epoch [30/100] Batch 2200/2927 Loss: 0.0294
  Epoch [30/100] Batch 2400/2927 Loss: 0.0405
  Epoch [30/100] Batch 2600/2927 Loss: 0.0434
  Epoch [30/100] Batch 2800/2927 Loss: 0.0396
[EPOCH 30] Train: 0.0398 | Val: 0.0404 | LR: 0.001000 | Time: 361.4s
[SAVE] Nuevo mejor modelo!
  Epoch [31/100] Batch 0/2927 Loss: 0.0452
  Epoch [31/100] Batch 200/2927 Loss: 0.0314
  Epoch [31/100] Batch 400/2927 Loss: 0.0379
  Epoch [31/100] Batch 600/2927 Loss: 0.0309
  Epoch [31/100] Batch 800/2927 Loss: 0.0406
  Epoch [31/100] Batch 1000/2927 Loss: 0.0327
  Epoch [31/100] Batch 1200/2927 Loss: 0.0400
  Epoch [31/100] Batch 1400/2927 Loss: 0.0435
  Epoch [31/100] Batch 1600/2927 Loss: 0.0403
  Epoch [31/100] Batch 1800/2927 Loss: 0.0349
  Epoch [31/100] Batch 2000/2927 Loss: 0.0409
  Epoch [31/100] Batch 2200/2927 Loss: 0.0367
  Epoch [31/100] Batch 2400/2927 Loss: 0.0366
  Epoch [31/100] Batch 2600/2927 Loss: 0.0373
  Epoch [31/100] Batch 2800/2927 Loss: 0.0390
[EPOCH 31] Train: 0.0390 | Val: 0.0414 | LR: 0.001000 | Time: 361.3s
  Epoch [32/100] Batch 0/2927 Loss: 0.0317
  Epoch [32/100] Batch 200/2927 Loss: 0.0423
  Epoch [32/100] Batch 400/2927 Loss: 0.0340
  Epoch [32/100] Batch 600/2927 Loss: 0.0251
  Epoch [32/100] Batch 800/2927 Loss: 0.0356
  Epoch [32/100] Batch 1000/2927 Loss: 0.0312
  Epoch [32/100] Batch 1200/2927 Loss: 0.0366
  Epoch [32/100] Batch 1400/2927 Loss: 0.0521
  Epoch [32/100] Batch 1600/2927 Loss: 0.0284
  Epoch [32/100] Batch 1800/2927 Loss: 0.0380
  Epoch [32/100] Batch 2000/2927 Loss: 0.0341
  Epoch [32/100] Batch 2200/2927 Loss: 0.0347
  Epoch [32/100] Batch 2400/2927 Loss: 0.0351
  Epoch [32/100] Batch 2600/2927 Loss: 0.0375
  Epoch [32/100] Batch 2800/2927 Loss: 0.0415
[EPOCH 32] Train: 0.0387 | Val: 0.0396 | LR: 0.001000 | Time: 361.4s
[SAVE] Nuevo mejor modelo!
  Epoch [33/100] Batch 0/2927 Loss: 0.0263
  Epoch [33/100] Batch 200/2927 Loss: 0.0351
  Epoch [33/100] Batch 400/2927 Loss: 0.0406
  Epoch [33/100] Batch 600/2927 Loss: 0.0334
  Epoch [33/100] Batch 800/2927 Loss: 0.0326
  Epoch [33/100] Batch 1000/2927 Loss: 0.0385
  Epoch [33/100] Batch 1200/2927 Loss: 0.0413
  Epoch [33/100] Batch 1400/2927 Loss: 0.0332
  Epoch [33/100] Batch 1600/2927 Loss: 0.0367
  Epoch [33/100] Batch 1800/2927 Loss: 0.0510
  Epoch [33/100] Batch 2000/2927 Loss: 0.0367
  Epoch [33/100] Batch 2200/2927 Loss: 0.0577
  Epoch [33/100] Batch 2400/2927 Loss: 0.0567
  Epoch [33/100] Batch 2600/2927 Loss: 0.0406
  Epoch [33/100] Batch 2800/2927 Loss: 0.0507
[EPOCH 33] Train: 0.0380 | Val: 0.0397 | LR: 0.001000 | Time: 361.5s
  Epoch [34/100] Batch 0/2927 Loss: 0.0289
  Epoch [34/100] Batch 200/2927 Loss: 0.0357
  Epoch [34/100] Batch 400/2927 Loss: 0.0297
  Epoch [34/100] Batch 600/2927 Loss: 0.0428
  Epoch [34/100] Batch 800/2927 Loss: 0.0334
  Epoch [34/100] Batch 1000/2927 Loss: 0.0405
  Epoch [34/100] Batch 1200/2927 Loss: 0.0362
  Epoch [34/100] Batch 1400/2927 Loss: 0.0354
  Epoch [34/100] Batch 1600/2927 Loss: 0.0375
  Epoch [34/100] Batch 1800/2927 Loss: 0.0402
  Epoch [34/100] Batch 2000/2927 Loss: 0.0530
  Epoch [34/100] Batch 2200/2927 Loss: 0.1118
  Epoch [34/100] Batch 2400/2927 Loss: 0.0421
  Epoch [34/100] Batch 2600/2927 Loss: 0.0368
  Epoch [34/100] Batch 2800/2927 Loss: 0.0287
[EPOCH 34] Train: 0.0376 | Val: 0.0400 | LR: 0.001000 | Time: 361.2s
  Epoch [35/100] Batch 0/2927 Loss: 0.0271
  Epoch [35/100] Batch 200/2927 Loss: 0.0272
  Epoch [35/100] Batch 400/2927 Loss: 0.0328
  Epoch [35/100] Batch 600/2927 Loss: 0.0319
  Epoch [35/100] Batch 800/2927 Loss: 0.0620
  Epoch [35/100] Batch 1000/2927 Loss: 0.0373
  Epoch [35/100] Batch 1200/2927 Loss: 0.0286
  Epoch [35/100] Batch 1400/2927 Loss: 0.0299
  Epoch [35/100] Batch 1600/2927 Loss: 0.0450
  Epoch [35/100] Batch 1800/2927 Loss: 0.0389
  Epoch [35/100] Batch 2000/2927 Loss: 0.0352
  Epoch [35/100] Batch 2200/2927 Loss: 0.0445
  Epoch [35/100] Batch 2400/2927 Loss: 0.0527
  Epoch [35/100] Batch 2600/2927 Loss: 0.0514
  Epoch [35/100] Batch 2800/2927 Loss: 0.0386
[EPOCH 35] Train: 0.0371 | Val: 0.0401 | LR: 0.001000 | Time: 361.4s
  Epoch [36/100] Batch 0/2927 Loss: 0.0387
  Epoch [36/100] Batch 200/2927 Loss: 0.0296
  Epoch [36/100] Batch 400/2927 Loss: 0.0451
  Epoch [36/100] Batch 600/2927 Loss: 0.0298
  Epoch [36/100] Batch 800/2927 Loss: 0.0330
  Epoch [36/100] Batch 1000/2927 Loss: 0.0336
  Epoch [36/100] Batch 1200/2927 Loss: 0.0385
  Epoch [36/100] Batch 1400/2927 Loss: 0.0323
  Epoch [36/100] Batch 1600/2927 Loss: 0.0391
  Epoch [36/100] Batch 1800/2927 Loss: 0.0262
  Epoch [36/100] Batch 2000/2927 Loss: 0.0596
  Epoch [36/100] Batch 2200/2927 Loss: 0.0363
  Epoch [36/100] Batch 2400/2927 Loss: 0.0443
  Epoch [36/100] Batch 2600/2927 Loss: 0.0323
  Epoch [36/100] Batch 2800/2927 Loss: 0.0313
[EPOCH 36] Train: 0.0365 | Val: 0.0391 | LR: 0.001000 | Time: 361.5s
[SAVE] Nuevo mejor modelo!
  Epoch [37/100] Batch 0/2927 Loss: 0.0284
  Epoch [37/100] Batch 200/2927 Loss: 0.0385
  Epoch [37/100] Batch 400/2927 Loss: 0.0311
  Epoch [37/100] Batch 600/2927 Loss: 0.0271
  Epoch [37/100] Batch 800/2927 Loss: 0.0321
  Epoch [37/100] Batch 1000/2927 Loss: 0.0351
  Epoch [37/100] Batch 1200/2927 Loss: 0.0370
  Epoch [37/100] Batch 1400/2927 Loss: 0.0383
  Epoch [37/100] Batch 1600/2927 Loss: 0.0307
  Epoch [37/100] Batch 1800/2927 Loss: 0.0390
  Epoch [37/100] Batch 2000/2927 Loss: 0.0443
  Epoch [37/100] Batch 2200/2927 Loss: 0.0408
  Epoch [37/100] Batch 2400/2927 Loss: 0.0365
  Epoch [37/100] Batch 2600/2927 Loss: 0.0360
  Epoch [37/100] Batch 2800/2927 Loss: 0.0355
[EPOCH 37] Train: 0.0363 | Val: 0.0387 | LR: 0.001000 | Time: 361.7s
[SAVE] Nuevo mejor modelo!
  Epoch [38/100] Batch 0/2927 Loss: 0.0364
  Epoch [38/100] Batch 200/2927 Loss: 0.0393
  Epoch [38/100] Batch 400/2927 Loss: 0.0291
  Epoch [38/100] Batch 600/2927 Loss: 0.0389
  Epoch [38/100] Batch 800/2927 Loss: 0.0259
  Epoch [38/100] Batch 1000/2927 Loss: 0.0350
  Epoch [38/100] Batch 1200/2927 Loss: 0.0358
  Epoch [38/100] Batch 1400/2927 Loss: 0.0355
  Epoch [38/100] Batch 1600/2927 Loss: 0.0300
  Epoch [38/100] Batch 1800/2927 Loss: 0.0367
  Epoch [38/100] Batch 2000/2927 Loss: 0.0221
  Epoch [38/100] Batch 2200/2927 Loss: 0.0314
  Epoch [38/100] Batch 2400/2927 Loss: 0.0475
  Epoch [38/100] Batch 2600/2927 Loss: 0.0353
  Epoch [38/100] Batch 2800/2927 Loss: 0.0332
[EPOCH 38] Train: 0.0359 | Val: 0.0403 | LR: 0.001000 | Time: 361.6s
  Epoch [39/100] Batch 0/2927 Loss: 0.0346
  Epoch [39/100] Batch 200/2927 Loss: 0.0349
  Epoch [39/100] Batch 400/2927 Loss: 0.0428
  Epoch [39/100] Batch 600/2927 Loss: 0.0403
  Epoch [39/100] Batch 800/2927 Loss: 0.0337
  Epoch [39/100] Batch 1000/2927 Loss: 0.0309
  Epoch [39/100] Batch 1200/2927 Loss: 0.0359
  Epoch [39/100] Batch 1400/2927 Loss: 0.0447
  Epoch [39/100] Batch 1600/2927 Loss: 0.0338
  Epoch [39/100] Batch 1800/2927 Loss: 0.0352
  Epoch [39/100] Batch 2000/2927 Loss: 0.0477
  Epoch [39/100] Batch 2200/2927 Loss: 0.0470
  Epoch [39/100] Batch 2400/2927 Loss: 0.0342
  Epoch [39/100] Batch 2600/2927 Loss: 0.0378
  Epoch [39/100] Batch 2800/2927 Loss: 0.0304
[EPOCH 39] Train: 0.0357 | Val: 0.0414 | LR: 0.001000 | Time: 361.6s
  Epoch [40/100] Batch 0/2927 Loss: 0.0316
  Epoch [40/100] Batch 200/2927 Loss: 0.0345
  Epoch [40/100] Batch 400/2927 Loss: 0.0275
  Epoch [40/100] Batch 600/2927 Loss: 0.0365
  Epoch [40/100] Batch 800/2927 Loss: 0.0356
  Epoch [40/100] Batch 1000/2927 Loss: 0.0257
  Epoch [40/100] Batch 1200/2927 Loss: 0.0313
  Epoch [40/100] Batch 1400/2927 Loss: 0.0335
  Epoch [40/100] Batch 1600/2927 Loss: 0.0328
  Epoch [40/100] Batch 1800/2927 Loss: 0.0262
  Epoch [40/100] Batch 2000/2927 Loss: 0.0452
  Epoch [40/100] Batch 2200/2927 Loss: 0.0389
  Epoch [40/100] Batch 2400/2927 Loss: 0.0438
  Epoch [40/100] Batch 2600/2927 Loss: 0.0363
  Epoch [40/100] Batch 2800/2927 Loss: 0.0409
[EPOCH 40] Train: 0.0353 | Val: 0.0390 | LR: 0.001000 | Time: 361.5s
  Epoch [41/100] Batch 0/2927 Loss: 0.0354
  Epoch [41/100] Batch 200/2927 Loss: 0.0288
  Epoch [41/100] Batch 400/2927 Loss: 0.0279
  Epoch [41/100] Batch 600/2927 Loss: 0.0336
  Epoch [41/100] Batch 800/2927 Loss: 0.0299
  Epoch [41/100] Batch 1000/2927 Loss: 0.0316
  Epoch [41/100] Batch 1200/2927 Loss: 0.0435
  Epoch [41/100] Batch 1400/2927 Loss: 0.0337
  Epoch [41/100] Batch 1600/2927 Loss: 0.0363
  Epoch [41/100] Batch 1800/2927 Loss: 0.0340
  Epoch [41/100] Batch 2000/2927 Loss: 0.0357
  Epoch [41/100] Batch 2200/2927 Loss: 0.0336
  Epoch [41/100] Batch 2400/2927 Loss: 0.0385
  Epoch [41/100] Batch 2600/2927 Loss: 0.0318
  Epoch [41/100] Batch 2800/2927 Loss: 0.0300
[EPOCH 41] Train: 0.0348 | Val: 0.0391 | LR: 0.001000 | Time: 361.4s
  Epoch [42/100] Batch 0/2927 Loss: 0.0288
  Epoch [42/100] Batch 200/2927 Loss: 0.0321
  Epoch [42/100] Batch 400/2927 Loss: 0.0263
  Epoch [42/100] Batch 600/2927 Loss: 0.0212
  Epoch [42/100] Batch 800/2927 Loss: 0.0448
  Epoch [42/100] Batch 1000/2927 Loss: 0.0383
  Epoch [42/100] Batch 1200/2927 Loss: 0.0296
  Epoch [42/100] Batch 1400/2927 Loss: 0.0377
  Epoch [42/100] Batch 1600/2927 Loss: 0.0351
  Epoch [42/100] Batch 1800/2927 Loss: 0.0343
  Epoch [42/100] Batch 2000/2927 Loss: 0.0336
  Epoch [42/100] Batch 2200/2927 Loss: 0.0312
  Epoch [42/100] Batch 2400/2927 Loss: 0.0330
  Epoch [42/100] Batch 2600/2927 Loss: 0.0332
  Epoch [42/100] Batch 2800/2927 Loss: 0.0392
[EPOCH 42] Train: 0.0347 | Val: 0.0391 | LR: 0.001000 | Time: 361.3s
  Epoch [43/100] Batch 0/2927 Loss: 0.0362
  Epoch [43/100] Batch 200/2927 Loss: 0.0317
  Epoch [43/100] Batch 400/2927 Loss: 0.0279
  Epoch [43/100] Batch 600/2927 Loss: 0.0300
  Epoch [43/100] Batch 800/2927 Loss: 0.0359
  Epoch [43/100] Batch 1000/2927 Loss: 0.0424
  Epoch [43/100] Batch 1200/2927 Loss: 0.0314
  Epoch [43/100] Batch 1400/2927 Loss: 0.0563
  Epoch [43/100] Batch 1600/2927 Loss: 0.0291
  Epoch [43/100] Batch 1800/2927 Loss: 0.0343
  Epoch [43/100] Batch 2000/2927 Loss: 0.0490
  Epoch [43/100] Batch 2200/2927 Loss: 0.0379
  Epoch [43/100] Batch 2400/2927 Loss: 0.0366
  Epoch [43/100] Batch 2600/2927 Loss: 0.0254
  Epoch [43/100] Batch 2800/2927 Loss: 0.0276
[EPOCH 43] Train: 0.0343 | Val: 0.0393 | LR: 0.001000 | Time: 361.4s
  Epoch [44/100] Batch 0/2927 Loss: 0.0314
  Epoch [44/100] Batch 200/2927 Loss: 0.0360
  Epoch [44/100] Batch 400/2927 Loss: 0.0333
  Epoch [44/100] Batch 600/2927 Loss: 0.0366
  Epoch [44/100] Batch 800/2927 Loss: 0.0369
  Epoch [44/100] Batch 1000/2927 Loss: 0.0340
  Epoch [44/100] Batch 1200/2927 Loss: 0.0305
  Epoch [44/100] Batch 1400/2927 Loss: 0.0370
  Epoch [44/100] Batch 1600/2927 Loss: 0.0236
  Epoch [44/100] Batch 1800/2927 Loss: 0.0335
  Epoch [44/100] Batch 2000/2927 Loss: 0.0507
  Epoch [44/100] Batch 2200/2927 Loss: 0.0395
  Epoch [44/100] Batch 2400/2927 Loss: 0.0311
  Epoch [44/100] Batch 2600/2927 Loss: 0.0390
  Epoch [44/100] Batch 2800/2927 Loss: 0.0309
[EPOCH 44] Train: 0.0341 | Val: 0.0387 | LR: 0.001000 | Time: 361.3s
[SAVE] Nuevo mejor modelo!
  Epoch [45/100] Batch 0/2927 Loss: 0.0313
  Epoch [45/100] Batch 200/2927 Loss: 0.0332
  Epoch [45/100] Batch 400/2927 Loss: 0.0296
  Epoch [45/100] Batch 600/2927 Loss: 0.0213
  Epoch [45/100] Batch 800/2927 Loss: 0.0434
  Epoch [45/100] Batch 1000/2927 Loss: 0.0229
  Epoch [45/100] Batch 1200/2927 Loss: 0.0444
  Epoch [45/100] Batch 1400/2927 Loss: 0.0390
  Epoch [45/100] Batch 1600/2927 Loss: 0.0319
  Epoch [45/100] Batch 1800/2927 Loss: 0.0413
  Epoch [45/100] Batch 2000/2927 Loss: 0.0229
  Epoch [45/100] Batch 2200/2927 Loss: 0.0339
  Epoch [45/100] Batch 2400/2927 Loss: 0.0364
  Epoch [45/100] Batch 2600/2927 Loss: 0.0358
  Epoch [45/100] Batch 2800/2927 Loss: 0.0264
[EPOCH 45] Train: 0.0339 | Val: 0.0401 | LR: 0.001000 | Time: 361.5s
  Epoch [46/100] Batch 0/2927 Loss: 0.0343
  Epoch [46/100] Batch 200/2927 Loss: 0.0338
  Epoch [46/100] Batch 400/2927 Loss: 0.0313
  Epoch [46/100] Batch 600/2927 Loss: 0.0313
  Epoch [46/100] Batch 800/2927 Loss: 0.0254
  Epoch [46/100] Batch 1000/2927 Loss: 0.0292
  Epoch [46/100] Batch 1200/2927 Loss: 0.0306
  Epoch [46/100] Batch 1400/2927 Loss: 0.0390
  Epoch [46/100] Batch 1600/2927 Loss: 0.0241
  Epoch [46/100] Batch 1800/2927 Loss: 0.0464
  Epoch [46/100] Batch 2000/2927 Loss: 0.0279
  Epoch [46/100] Batch 2200/2927 Loss: 0.0360
  Epoch [46/100] Batch 2400/2927 Loss: 0.0352
  Epoch [46/100] Batch 2600/2927 Loss: 0.0318
  Epoch [46/100] Batch 2800/2927 Loss: 0.0332
[EPOCH 46] Train: 0.0340 | Val: 0.0387 | LR: 0.001000 | Time: 361.6s
  Epoch [47/100] Batch 0/2927 Loss: 0.0391
  Epoch [47/100] Batch 200/2927 Loss: 0.0318
  Epoch [47/100] Batch 400/2927 Loss: 0.0301
  Epoch [47/100] Batch 600/2927 Loss: 0.0247
  Epoch [47/100] Batch 800/2927 Loss: 0.0355
  Epoch [47/100] Batch 1000/2927 Loss: 0.0349
  Epoch [47/100] Batch 1200/2927 Loss: 0.0385
  Epoch [47/100] Batch 1400/2927 Loss: 0.0326
  Epoch [47/100] Batch 1600/2927 Loss: 0.0316
  Epoch [47/100] Batch 1800/2927 Loss: 0.0330
  Epoch [47/100] Batch 2000/2927 Loss: 0.0327
  Epoch [47/100] Batch 2200/2927 Loss: 0.0312
  Epoch [47/100] Batch 2400/2927 Loss: 0.0346
  Epoch [47/100] Batch 2600/2927 Loss: 0.0321
  Epoch [47/100] Batch 2800/2927 Loss: 0.0313
[EPOCH 47] Train: 0.0329 | Val: 0.0383 | LR: 0.001000 | Time: 361.6s
[SAVE] Nuevo mejor modelo!
  Epoch [48/100] Batch 0/2927 Loss: 0.0315
  Epoch [48/100] Batch 200/2927 Loss: 0.0269
  Epoch [48/100] Batch 400/2927 Loss: 0.0383
  Epoch [48/100] Batch 600/2927 Loss: 0.0351
  Epoch [48/100] Batch 800/2927 Loss: 0.0313
  Epoch [48/100] Batch 1000/2927 Loss: 0.0450
  Epoch [48/100] Batch 1200/2927 Loss: 0.0340
  Epoch [48/100] Batch 1400/2927 Loss: 0.0325
  Epoch [48/100] Batch 1600/2927 Loss: 0.0305
  Epoch [48/100] Batch 1800/2927 Loss: 0.0400
  Epoch [48/100] Batch 2000/2927 Loss: 0.0352
  Epoch [48/100] Batch 2200/2927 Loss: 0.0298
  Epoch [48/100] Batch 2400/2927 Loss: 0.0273
  Epoch [48/100] Batch 2600/2927 Loss: 0.0287
  Epoch [48/100] Batch 2800/2927 Loss: 0.0379
[EPOCH 48] Train: 0.0331 | Val: 0.0389 | LR: 0.001000 | Time: 361.5s
  Epoch [49/100] Batch 0/2927 Loss: 0.0288
  Epoch [49/100] Batch 200/2927 Loss: 0.0497
  Epoch [49/100] Batch 400/2927 Loss: 0.0311
  Epoch [49/100] Batch 600/2927 Loss: 0.0400
  Epoch [49/100] Batch 800/2927 Loss: 0.0430
  Epoch [49/100] Batch 1000/2927 Loss: 0.0326
  Epoch [49/100] Batch 1200/2927 Loss: 0.0234
  Epoch [49/100] Batch 1400/2927 Loss: 0.0338
  Epoch [49/100] Batch 1600/2927 Loss: 0.0332
  Epoch [49/100] Batch 1800/2927 Loss: 0.0345
  Epoch [49/100] Batch 2000/2927 Loss: 0.0378
  Epoch [49/100] Batch 2200/2927 Loss: 0.0277
  Epoch [49/100] Batch 2400/2927 Loss: 0.0407
  Epoch [49/100] Batch 2600/2927 Loss: 0.0279
  Epoch [49/100] Batch 2800/2927 Loss: 0.0427
[EPOCH 49] Train: 0.0327 | Val: 0.0392 | LR: 0.001000 | Time: 361.3s
  Epoch [50/100] Batch 0/2927 Loss: 0.0312
  Epoch [50/100] Batch 200/2927 Loss: 0.0269
  Epoch [50/100] Batch 400/2927 Loss: 0.0271
  Epoch [50/100] Batch 600/2927 Loss: 0.0258
  Epoch [50/100] Batch 800/2927 Loss: 0.0301
  Epoch [50/100] Batch 1000/2927 Loss: 0.0308
  Epoch [50/100] Batch 1200/2927 Loss: 0.0259
  Epoch [50/100] Batch 1400/2927 Loss: 0.0333
  Epoch [50/100] Batch 1600/2927 Loss: 0.0391
  Epoch [50/100] Batch 1800/2927 Loss: 0.0317
  Epoch [50/100] Batch 2000/2927 Loss: 0.0245
  Epoch [50/100] Batch 2200/2927 Loss: 0.0308
  Epoch [50/100] Batch 2400/2927 Loss: 0.0380
  Epoch [50/100] Batch 2600/2927 Loss: 0.0386
  Epoch [50/100] Batch 2800/2927 Loss: 0.0418
[EPOCH 50] Train: 0.0328 | Val: 0.0388 | LR: 0.001000 | Time: 361.4s
  Epoch [51/100] Batch 0/2927 Loss: 0.0368
  Epoch [51/100] Batch 200/2927 Loss: 0.0348
  Epoch [51/100] Batch 400/2927 Loss: 0.0376
  Epoch [51/100] Batch 600/2927 Loss: 0.0303
  Epoch [51/100] Batch 800/2927 Loss: 0.0354
  Epoch [51/100] Batch 1000/2927 Loss: 0.0336
  Epoch [51/100] Batch 1200/2927 Loss: 0.0325
  Epoch [51/100] Batch 1400/2927 Loss: 0.0395
  Epoch [51/100] Batch 1600/2927 Loss: 0.0357
  Epoch [51/100] Batch 1800/2927 Loss: 0.0434
  Epoch [51/100] Batch 2000/2927 Loss: 0.0417
  Epoch [51/100] Batch 2200/2927 Loss: 0.0242
  Epoch [51/100] Batch 2400/2927 Loss: 0.0304
  Epoch [51/100] Batch 2600/2927 Loss: 0.0380
  Epoch [51/100] Batch 2800/2927 Loss: 0.0399
[EPOCH 51] Train: 0.0323 | Val: 0.0382 | LR: 0.001000 | Time: 361.5s
[SAVE] Nuevo mejor modelo!
  Epoch [52/100] Batch 0/2927 Loss: 0.0254
  Epoch [52/100] Batch 200/2927 Loss: 0.0244
  Epoch [52/100] Batch 400/2927 Loss: 0.0331
  Epoch [52/100] Batch 600/2927 Loss: 0.0338
  Epoch [52/100] Batch 800/2927 Loss: 0.0253
  Epoch [52/100] Batch 1000/2927 Loss: 0.0286
  Epoch [52/100] Batch 1200/2927 Loss: 0.0378
  Epoch [52/100] Batch 1400/2927 Loss: 0.0407
  Epoch [52/100] Batch 1600/2927 Loss: 0.0300
  Epoch [52/100] Batch 1800/2927 Loss: 0.0501
  Epoch [52/100] Batch 2000/2927 Loss: 0.0352
  Epoch [52/100] Batch 2200/2927 Loss: 0.0241
  Epoch [52/100] Batch 2400/2927 Loss: 0.0292
  Epoch [52/100] Batch 2600/2927 Loss: 0.0421
  Epoch [52/100] Batch 2800/2927 Loss: 0.0349
[EPOCH 52] Train: 0.0321 | Val: 0.0374 | LR: 0.001000 | Time: 361.9s
[SAVE] Nuevo mejor modelo!
  Epoch [53/100] Batch 0/2927 Loss: 0.0306
  Epoch [53/100] Batch 200/2927 Loss: 0.0292
  Epoch [53/100] Batch 400/2927 Loss: 0.0284
  Epoch [53/100] Batch 600/2927 Loss: 0.0287
  Epoch [53/100] Batch 800/2927 Loss: 0.0296
  Epoch [53/100] Batch 1000/2927 Loss: 0.0358
  Epoch [53/100] Batch 1200/2927 Loss: 0.0308
  Epoch [53/100] Batch 1400/2927 Loss: 0.0354
  Epoch [53/100] Batch 1600/2927 Loss: 0.0299
  Epoch [53/100] Batch 1800/2927 Loss: 0.0350
  Epoch [53/100] Batch 2000/2927 Loss: 0.0300
  Epoch [53/100] Batch 2200/2927 Loss: 0.0297
  Epoch [53/100] Batch 2400/2927 Loss: 0.0298
  Epoch [53/100] Batch 2600/2927 Loss: 0.0335
  Epoch [53/100] Batch 2800/2927 Loss: 0.0339
[EPOCH 53] Train: 0.0322 | Val: 0.0385 | LR: 0.001000 | Time: 361.8s
  Epoch [54/100] Batch 0/2927 Loss: 0.0338
  Epoch [54/100] Batch 200/2927 Loss: 0.0255
  Epoch [54/100] Batch 400/2927 Loss: 0.0266
  Epoch [54/100] Batch 600/2927 Loss: 0.0279
  Epoch [54/100] Batch 800/2927 Loss: 0.0324
  Epoch [54/100] Batch 1000/2927 Loss: 0.0240
  Epoch [54/100] Batch 1200/2927 Loss: 0.0347
  Epoch [54/100] Batch 1400/2927 Loss: 0.0336
  Epoch [54/100] Batch 1600/2927 Loss: 0.0280
  Epoch [54/100] Batch 1800/2927 Loss: 0.0484
  Epoch [54/100] Batch 2000/2927 Loss: 0.0340
  Epoch [54/100] Batch 2200/2927 Loss: 0.0301
  Epoch [54/100] Batch 2400/2927 Loss: 0.0352
  Epoch [54/100] Batch 2600/2927 Loss: 0.0306
  Epoch [54/100] Batch 2800/2927 Loss: 0.0357
[EPOCH 54] Train: 0.0316 | Val: 0.0391 | LR: 0.001000 | Time: 361.7s
  Epoch [55/100] Batch 0/2927 Loss: 0.0362
  Epoch [55/100] Batch 200/2927 Loss: 0.0260
  Epoch [55/100] Batch 400/2927 Loss: 0.0299
  Epoch [55/100] Batch 600/2927 Loss: 0.0343
  Epoch [55/100] Batch 800/2927 Loss: 0.0400
  Epoch [55/100] Batch 1000/2927 Loss: 0.0316
  Epoch [55/100] Batch 1200/2927 Loss: 0.0316
  Epoch [55/100] Batch 1400/2927 Loss: 0.0216
  Epoch [55/100] Batch 1600/2927 Loss: 0.0398
  Epoch [55/100] Batch 1800/2927 Loss: 0.0329
  Epoch [55/100] Batch 2000/2927 Loss: 0.0283
  Epoch [55/100] Batch 2200/2927 Loss: 0.0337
  Epoch [55/100] Batch 2400/2927 Loss: 0.0392
  Epoch [55/100] Batch 2600/2927 Loss: 0.0301
  Epoch [55/100] Batch 2800/2927 Loss: 0.0388
[EPOCH 55] Train: 0.0318 | Val: 0.0414 | LR: 0.001000 | Time: 361.6s
  Epoch [56/100] Batch 0/2927 Loss: 0.0368
  Epoch [56/100] Batch 200/2927 Loss: 0.0289
  Epoch [56/100] Batch 400/2927 Loss: 0.0307
  Epoch [56/100] Batch 600/2927 Loss: 0.0244
  Epoch [56/100] Batch 800/2927 Loss: 0.0366
  Epoch [56/100] Batch 1000/2927 Loss: 0.0353
  Epoch [56/100] Batch 1200/2927 Loss: 0.0359
  Epoch [56/100] Batch 1400/2927 Loss: 0.0298
  Epoch [56/100] Batch 1600/2927 Loss: 0.0340
  Epoch [56/100] Batch 1800/2927 Loss: 0.0305
  Epoch [56/100] Batch 2000/2927 Loss: 0.0566
  Epoch [56/100] Batch 2200/2927 Loss: 0.0326
  Epoch [56/100] Batch 2400/2927 Loss: 0.0311
  Epoch [56/100] Batch 2600/2927 Loss: 0.0374
  Epoch [56/100] Batch 2800/2927 Loss: 0.0276
[EPOCH 56] Train: 0.0312 | Val: 0.0375 | LR: 0.001000 | Time: 361.6s
  Epoch [57/100] Batch 0/2927 Loss: 0.0246
  Epoch [57/100] Batch 200/2927 Loss: 0.0223
  Epoch [57/100] Batch 400/2927 Loss: 0.0199
  Epoch [57/100] Batch 600/2927 Loss: 0.0322
  Epoch [57/100] Batch 800/2927 Loss: 0.0333
  Epoch [57/100] Batch 1000/2927 Loss: 0.0271
  Epoch [57/100] Batch 1200/2927 Loss: 0.0253
  Epoch [57/100] Batch 1400/2927 Loss: 0.0362
  Epoch [57/100] Batch 1600/2927 Loss: 0.0328
  Epoch [57/100] Batch 1800/2927 Loss: 0.0390
  Epoch [57/100] Batch 2000/2927 Loss: 0.0346
  Epoch [57/100] Batch 2200/2927 Loss: 0.0276
  Epoch [57/100] Batch 2400/2927 Loss: 0.0448
  Epoch [57/100] Batch 2600/2927 Loss: 0.0293
  Epoch [57/100] Batch 2800/2927 Loss: 0.0333
[EPOCH 57] Train: 0.0312 | Val: 0.0580 | LR: 0.001000 | Time: 361.6s
  Epoch [58/100] Batch 0/2927 Loss: 0.0641
  Epoch [58/100] Batch 200/2927 Loss: 0.0248
  Epoch [58/100] Batch 400/2927 Loss: 0.0379
  Epoch [58/100] Batch 600/2927 Loss: 0.0294
  Epoch [58/100] Batch 800/2927 Loss: 0.0278
  Epoch [58/100] Batch 1000/2927 Loss: 0.0322
  Epoch [58/100] Batch 1200/2927 Loss: 0.0291
  Epoch [58/100] Batch 1400/2927 Loss: 0.0288
  Epoch [58/100] Batch 1600/2927 Loss: 0.0369
  Epoch [58/100] Batch 1800/2927 Loss: 0.0406
  Epoch [58/100] Batch 2000/2927 Loss: 0.0293
  Epoch [58/100] Batch 2200/2927 Loss: 0.0255
  Epoch [58/100] Batch 2400/2927 Loss: 0.0328
  Epoch [58/100] Batch 2600/2927 Loss: 0.0323
  Epoch [58/100] Batch 2800/2927 Loss: 0.0395
[EPOCH 58] Train: 0.0309 | Val: 0.0410 | LR: 0.001000 | Time: 361.7s
  Epoch [59/100] Batch 0/2927 Loss: 0.0324
  Epoch [59/100] Batch 200/2927 Loss: 0.0405
  Epoch [59/100] Batch 400/2927 Loss: 0.0260
  Epoch [59/100] Batch 600/2927 Loss: 0.0314
  Epoch [59/100] Batch 800/2927 Loss: 0.0285
  Epoch [59/100] Batch 1000/2927 Loss: 0.0341
  Epoch [59/100] Batch 1200/2927 Loss: 0.0249
  Epoch [59/100] Batch 1400/2927 Loss: 0.0317
  Epoch [59/100] Batch 1600/2927 Loss: 0.0275
  Epoch [59/100] Batch 1800/2927 Loss: 0.0346
  Epoch [59/100] Batch 2000/2927 Loss: 0.0265
  Epoch [59/100] Batch 2200/2927 Loss: 0.0401
  Epoch [59/100] Batch 2400/2927 Loss: 0.0381
  Epoch [59/100] Batch 2600/2927 Loss: 0.0375
  Epoch [59/100] Batch 2800/2927 Loss: 0.0204
[EPOCH 59] Train: 0.0308 | Val: 0.0479 | LR: 0.001000 | Time: 361.5s
  Epoch [60/100] Batch 0/2927 Loss: 0.0379
  Epoch [60/100] Batch 200/2927 Loss: 0.0319
  Epoch [60/100] Batch 400/2927 Loss: 0.0253
  Epoch [60/100] Batch 600/2927 Loss: 0.0355
  Epoch [60/100] Batch 800/2927 Loss: 0.0288
  Epoch [60/100] Batch 1000/2927 Loss: 0.0243
  Epoch [60/100] Batch 1200/2927 Loss: 0.0315
  Epoch [60/100] Batch 1400/2927 Loss: 0.0366
  Epoch [60/100] Batch 1600/2927 Loss: 0.0242
  Epoch [60/100] Batch 1800/2927 Loss: 0.0279
  Epoch [60/100] Batch 2000/2927 Loss: 0.0369
  Epoch [60/100] Batch 2200/2927 Loss: 0.0250
  Epoch [60/100] Batch 2400/2927 Loss: 0.0296
  Epoch [60/100] Batch 2600/2927 Loss: 0.0217
  Epoch [60/100] Batch 2800/2927 Loss: 0.0323
[EPOCH 60] Train: 0.0305 | Val: 0.0394 | LR: 0.001000 | Time: 361.5s
  Epoch [61/100] Batch 0/2927 Loss: 0.0215
  Epoch [61/100] Batch 200/2927 Loss: 0.0232
  Epoch [61/100] Batch 400/2927 Loss: 0.0282
  Epoch [61/100] Batch 600/2927 Loss: 0.0254
  Epoch [61/100] Batch 800/2927 Loss: 0.0264
  Epoch [61/100] Batch 1000/2927 Loss: 0.0319
  Epoch [61/100] Batch 1200/2927 Loss: 0.0271
  Epoch [61/100] Batch 1400/2927 Loss: 0.0247
  Epoch [61/100] Batch 1600/2927 Loss: 0.0316
  Epoch [61/100] Batch 1800/2927 Loss: 0.0361
  Epoch [61/100] Batch 2000/2927 Loss: 0.0357
  Epoch [61/100] Batch 2200/2927 Loss: 0.0252
  Epoch [61/100] Batch 2400/2927 Loss: 0.0367
  Epoch [61/100] Batch 2600/2927 Loss: 0.0241
  Epoch [61/100] Batch 2800/2927 Loss: 0.0288
[EPOCH 61] Train: 0.0305 | Val: 0.0377 | LR: 0.000700 | Time: 361.4s
  Epoch [62/100] Batch 0/2927 Loss: 0.0213
  Epoch [62/100] Batch 200/2927 Loss: 0.0256
  Epoch [62/100] Batch 400/2927 Loss: 0.0291
  Epoch [62/100] Batch 600/2927 Loss: 0.0281
  Epoch [62/100] Batch 800/2927 Loss: 0.0264
  Epoch [62/100] Batch 1000/2927 Loss: 0.0224
  Epoch [62/100] Batch 1200/2927 Loss: 0.0271
  Epoch [62/100] Batch 1400/2927 Loss: 0.0272
  Epoch [62/100] Batch 1600/2927 Loss: 0.0237
  Epoch [62/100] Batch 1800/2927 Loss: 0.0254
  Epoch [62/100] Batch 2000/2927 Loss: 0.0263
  Epoch [62/100] Batch 2200/2927 Loss: 0.0244
  Epoch [62/100] Batch 2400/2927 Loss: 0.0326
  Epoch [62/100] Batch 2600/2927 Loss: 0.0337
  Epoch [62/100] Batch 2800/2927 Loss: 0.0309
[EPOCH 62] Train: 0.0273 | Val: 0.0383 | LR: 0.000700 | Time: 361.7s
  Epoch [63/100] Batch 0/2927 Loss: 0.0279
  Epoch [63/100] Batch 200/2927 Loss: 0.0250
  Epoch [63/100] Batch 400/2927 Loss: 0.0267
  Epoch [63/100] Batch 600/2927 Loss: 0.0266
  Epoch [63/100] Batch 800/2927 Loss: 0.0245
  Epoch [63/100] Batch 1000/2927 Loss: 0.0230
  Epoch [63/100] Batch 1200/2927 Loss: 0.0228
  Epoch [63/100] Batch 1400/2927 Loss: 0.0289
  Epoch [63/100] Batch 1600/2927 Loss: 0.0272
  Epoch [63/100] Batch 1800/2927 Loss: 0.0297
  Epoch [63/100] Batch 2000/2927 Loss: 0.0260
  Epoch [63/100] Batch 2200/2927 Loss: 0.0328
  Epoch [63/100] Batch 2400/2927 Loss: 0.0304
  Epoch [63/100] Batch 2600/2927 Loss: 0.0247
  Epoch [63/100] Batch 2800/2927 Loss: 0.0395
[EPOCH 63] Train: 0.0271 | Val: 0.0418 | LR: 0.000700 | Time: 361.7s
  Epoch [64/100] Batch 0/2927 Loss: 0.0368
  Epoch [64/100] Batch 200/2927 Loss: 0.0223
  Epoch [64/100] Batch 400/2927 Loss: 0.0482
  Epoch [64/100] Batch 600/2927 Loss: 0.0318
  Epoch [64/100] Batch 800/2927 Loss: 0.0271
  Epoch [64/100] Batch 1000/2927 Loss: 0.0308
  Epoch [64/100] Batch 1200/2927 Loss: 0.0287
  Epoch [64/100] Batch 1400/2927 Loss: 0.0243
  Epoch [64/100] Batch 1600/2927 Loss: 0.0234
  Epoch [64/100] Batch 1800/2927 Loss: 0.0228
  Epoch [64/100] Batch 2000/2927 Loss: 0.0274
  Epoch [64/100] Batch 2200/2927 Loss: 0.0272
  Epoch [64/100] Batch 2400/2927 Loss: 0.0254
  Epoch [64/100] Batch 2600/2927 Loss: 0.0332
  Epoch [64/100] Batch 2800/2927 Loss: 0.0292
[EPOCH 64] Train: 0.0271 | Val: 0.0378 | LR: 0.000700 | Time: 361.6s
  Epoch [65/100] Batch 0/2927 Loss: 0.0265
  Epoch [65/100] Batch 200/2927 Loss: 0.0266
  Epoch [65/100] Batch 400/2927 Loss: 0.0282
  Epoch [65/100] Batch 600/2927 Loss: 0.0270
  Epoch [65/100] Batch 800/2927 Loss: 0.0257
  Epoch [65/100] Batch 1000/2927 Loss: 0.0233
  Epoch [65/100] Batch 1200/2927 Loss: 0.0204
  Epoch [65/100] Batch 1400/2927 Loss: 0.0425
  Epoch [65/100] Batch 1600/2927 Loss: 0.0179
  Epoch [65/100] Batch 1800/2927 Loss: 0.0214
  Epoch [65/100] Batch 2000/2927 Loss: 0.0347
  Epoch [65/100] Batch 2200/2927 Loss: 0.0214
  Epoch [65/100] Batch 2400/2927 Loss: 0.0251
  Epoch [65/100] Batch 2600/2927 Loss: 0.0348
  Epoch [65/100] Batch 2800/2927 Loss: 0.0262
[EPOCH 65] Train: 0.0269 | Val: 0.0379 | LR: 0.000700 | Time: 361.6s
  Epoch [66/100] Batch 0/2927 Loss: 0.0291
  Epoch [66/100] Batch 200/2927 Loss: 0.0246
  Epoch [66/100] Batch 400/2927 Loss: 0.0240
  Epoch [66/100] Batch 600/2927 Loss: 0.0336
  Epoch [66/100] Batch 800/2927 Loss: 0.0316
  Epoch [66/100] Batch 1000/2927 Loss: 0.0294
  Epoch [66/100] Batch 1200/2927 Loss: 0.0247
  Epoch [66/100] Batch 1400/2927 Loss: 0.0287
  Epoch [66/100] Batch 1600/2927 Loss: 0.0223
  Epoch [66/100] Batch 1800/2927 Loss: 0.0329
  Epoch [66/100] Batch 2000/2927 Loss: 0.0269
  Epoch [66/100] Batch 2200/2927 Loss: 0.0219
  Epoch [66/100] Batch 2400/2927 Loss: 0.0291
  Epoch [66/100] Batch 2600/2927 Loss: 0.0262
  Epoch [66/100] Batch 2800/2927 Loss: 0.0286
[EPOCH 66] Train: 0.0267 | Val: 0.0373 | LR: 0.000700 | Time: 361.8s
[SAVE] Nuevo mejor modelo!
  Epoch [67/100] Batch 0/2927 Loss: 0.0247
  Epoch [67/100] Batch 200/2927 Loss: 0.0169
  Epoch [67/100] Batch 400/2927 Loss: 0.0277
  Epoch [67/100] Batch 600/2927 Loss: 0.0253
  Epoch [67/100] Batch 800/2927 Loss: 0.0276
  Epoch [67/100] Batch 1000/2927 Loss: 0.0297
  Epoch [67/100] Batch 1200/2927 Loss: 0.0304
  Epoch [67/100] Batch 1400/2927 Loss: 0.0220
  Epoch [67/100] Batch 1600/2927 Loss: 0.0240
  Epoch [67/100] Batch 1800/2927 Loss: 0.0293
  Epoch [67/100] Batch 2000/2927 Loss: 0.0240
  Epoch [67/100] Batch 2200/2927 Loss: 0.0345
  Epoch [67/100] Batch 2400/2927 Loss: 0.0259
  Epoch [67/100] Batch 2600/2927 Loss: 0.0377
  Epoch [67/100] Batch 2800/2927 Loss: 0.0262
[EPOCH 67] Train: 0.0267 | Val: 0.0373 | LR: 0.000700 | Time: 361.7s
[SAVE] Nuevo mejor modelo!
  Epoch [68/100] Batch 0/2927 Loss: 0.0257
  Epoch [68/100] Batch 200/2927 Loss: 0.0212
  Epoch [68/100] Batch 400/2927 Loss: 0.0250
  Epoch [68/100] Batch 600/2927 Loss: 0.0221
  Epoch [68/100] Batch 800/2927 Loss: 0.0206
  Epoch [68/100] Batch 1000/2927 Loss: 0.0287
  Epoch [68/100] Batch 1200/2927 Loss: 0.0219
  Epoch [68/100] Batch 1400/2927 Loss: 0.0221
  Epoch [68/100] Batch 1600/2927 Loss: 0.0260
  Epoch [68/100] Batch 1800/2927 Loss: 0.0231
  Epoch [68/100] Batch 2000/2927 Loss: 0.0295
  Epoch [68/100] Batch 2200/2927 Loss: 0.0234
  Epoch [68/100] Batch 2400/2927 Loss: 0.0227
  Epoch [68/100] Batch 2600/2927 Loss: 0.0342
  Epoch [68/100] Batch 2800/2927 Loss: 0.0308
[EPOCH 68] Train: 0.0265 | Val: 0.0370 | LR: 0.000700 | Time: 361.7s
[SAVE] Nuevo mejor modelo!
  Epoch [69/100] Batch 0/2927 Loss: 0.0192
  Epoch [69/100] Batch 200/2927 Loss: 0.0256
  Epoch [69/100] Batch 400/2927 Loss: 0.0239
  Epoch [69/100] Batch 600/2927 Loss: 0.0210
  Epoch [69/100] Batch 800/2927 Loss: 0.0307
  Epoch [69/100] Batch 1000/2927 Loss: 0.0268
  Epoch [69/100] Batch 1200/2927 Loss: 0.0200
  Epoch [69/100] Batch 1400/2927 Loss: 0.0238
  Epoch [69/100] Batch 1600/2927 Loss: 0.0319
  Epoch [69/100] Batch 1800/2927 Loss: 0.0252
  Epoch [69/100] Batch 2000/2927 Loss: 0.0208
  Epoch [69/100] Batch 2200/2927 Loss: 0.0282
  Epoch [69/100] Batch 2400/2927 Loss: 0.0324
  Epoch [69/100] Batch 2600/2927 Loss: 0.0320
  Epoch [69/100] Batch 2800/2927 Loss: 0.0246
[EPOCH 69] Train: 0.0264 | Val: 0.0383 | LR: 0.000700 | Time: 361.9s
  Epoch [70/100] Batch 0/2927 Loss: 0.0249
  Epoch [70/100] Batch 200/2927 Loss: 0.0298
  Epoch [70/100] Batch 400/2927 Loss: 0.0284
  Epoch [70/100] Batch 600/2927 Loss: 0.0185
  Epoch [70/100] Batch 800/2927 Loss: 0.0365
  Epoch [70/100] Batch 1000/2927 Loss: 0.0328
  Epoch [70/100] Batch 1200/2927 Loss: 0.0213
  Epoch [70/100] Batch 1400/2927 Loss: 0.0235
  Epoch [70/100] Batch 1600/2927 Loss: 0.0328
  Epoch [70/100] Batch 1800/2927 Loss: 0.0278
  Epoch [70/100] Batch 2000/2927 Loss: 0.0265
  Epoch [70/100] Batch 2200/2927 Loss: 0.0253
  Epoch [70/100] Batch 2400/2927 Loss: 0.0284
  Epoch [70/100] Batch 2600/2927 Loss: 0.0263
  Epoch [70/100] Batch 2800/2927 Loss: 0.0302
[EPOCH 70] Train: 0.0264 | Val: 0.0386 | LR: 0.000700 | Time: 361.9s
  Epoch [71/100] Batch 0/2927 Loss: 0.0280
  Epoch [71/100] Batch 200/2927 Loss: 0.0241
  Epoch [71/100] Batch 400/2927 Loss: 0.0281
  Epoch [71/100] Batch 600/2927 Loss: 0.0345
  Epoch [71/100] Batch 800/2927 Loss: 0.0251
  Epoch [71/100] Batch 1000/2927 Loss: 0.0260
  Epoch [71/100] Batch 1200/2927 Loss: 0.0254
  Epoch [71/100] Batch 1400/2927 Loss: 0.0276
  Epoch [71/100] Batch 1600/2927 Loss: 0.0183
  Epoch [71/100] Batch 1800/2927 Loss: 0.0331
  Epoch [71/100] Batch 2000/2927 Loss: 0.0270
  Epoch [71/100] Batch 2200/2927 Loss: 0.0259
  Epoch [71/100] Batch 2400/2927 Loss: 0.0259
  Epoch [71/100] Batch 2600/2927 Loss: 0.0305
  Epoch [71/100] Batch 2800/2927 Loss: 0.0278
[EPOCH 71] Train: 0.0262 | Val: 0.0377 | LR: 0.000700 | Time: 362.0s
  Epoch [72/100] Batch 0/2927 Loss: 0.0233
  Epoch [72/100] Batch 200/2927 Loss: 0.0309
  Epoch [72/100] Batch 400/2927 Loss: 0.0274
  Epoch [72/100] Batch 600/2927 Loss: 0.0208
  Epoch [72/100] Batch 800/2927 Loss: 0.0328
  Epoch [72/100] Batch 1000/2927 Loss: 0.0235
  Epoch [72/100] Batch 1200/2927 Loss: 0.0195
  Epoch [72/100] Batch 1400/2927 Loss: 0.0260
  Epoch [72/100] Batch 1600/2927 Loss: 0.0246
  Epoch [72/100] Batch 1800/2927 Loss: 0.0265
  Epoch [72/100] Batch 2000/2927 Loss: 0.0242
  Epoch [72/100] Batch 2200/2927 Loss: 0.0208
  Epoch [72/100] Batch 2400/2927 Loss: 0.0279
  Epoch [72/100] Batch 2600/2927 Loss: 0.0242
  Epoch [72/100] Batch 2800/2927 Loss: 0.0183
[EPOCH 72] Train: 0.0262 | Val: 0.0382 | LR: 0.000700 | Time: 362.0s
  Epoch [73/100] Batch 0/2927 Loss: 0.0265
  Epoch [73/100] Batch 200/2927 Loss: 0.0323
  Epoch [73/100] Batch 400/2927 Loss: 0.0206
  Epoch [73/100] Batch 600/2927 Loss: 0.0262
  Epoch [73/100] Batch 800/2927 Loss: 0.0292
  Epoch [73/100] Batch 1000/2927 Loss: 0.0277
  Epoch [73/100] Batch 1200/2927 Loss: 0.0303
  Epoch [73/100] Batch 1400/2927 Loss: 0.0372
  Epoch [73/100] Batch 1600/2927 Loss: 0.0210
  Epoch [73/100] Batch 1800/2927 Loss: 0.0295
  Epoch [73/100] Batch 2000/2927 Loss: 0.0275
  Epoch [73/100] Batch 2200/2927 Loss: 0.0344
  Epoch [73/100] Batch 2400/2927 Loss: 0.0186
  Epoch [73/100] Batch 2600/2927 Loss: 0.0370
  Epoch [73/100] Batch 2800/2927 Loss: 0.0261
[EPOCH 73] Train: 0.0260 | Val: 0.0396 | LR: 0.000700 | Time: 361.9s
  Epoch [74/100] Batch 0/2927 Loss: 0.0282
  Epoch [74/100] Batch 200/2927 Loss: 0.0200
  Epoch [74/100] Batch 400/2927 Loss: 0.0339
  Epoch [74/100] Batch 600/2927 Loss: 0.0236
  Epoch [74/100] Batch 800/2927 Loss: 0.0238
  Epoch [74/100] Batch 1000/2927 Loss: 0.0246
  Epoch [74/100] Batch 1200/2927 Loss: 0.0222
  Epoch [74/100] Batch 1400/2927 Loss: 0.0284
  Epoch [74/100] Batch 1600/2927 Loss: 0.0138
  Epoch [74/100] Batch 1800/2927 Loss: 0.0242
  Epoch [74/100] Batch 2000/2927 Loss: 0.0238
  Epoch [74/100] Batch 2200/2927 Loss: 0.0212
  Epoch [74/100] Batch 2400/2927 Loss: 0.0248
  Epoch [74/100] Batch 2600/2927 Loss: 0.0287
  Epoch [74/100] Batch 2800/2927 Loss: 0.0346
[EPOCH 74] Train: 0.0260 | Val: 0.0373 | LR: 0.000700 | Time: 361.9s
  Epoch [75/100] Batch 0/2927 Loss: 0.0227
  Epoch [75/100] Batch 200/2927 Loss: 0.0303
  Epoch [75/100] Batch 400/2927 Loss: 0.0279
  Epoch [75/100] Batch 600/2927 Loss: 0.0229
  Epoch [75/100] Batch 800/2927 Loss: 0.0220
  Epoch [75/100] Batch 1000/2927 Loss: 0.0218
  Epoch [75/100] Batch 1200/2927 Loss: 0.0305
  Epoch [75/100] Batch 1400/2927 Loss: 0.0230
  Epoch [75/100] Batch 1600/2927 Loss: 0.0231
  Epoch [75/100] Batch 1800/2927 Loss: 0.0272
  Epoch [75/100] Batch 2000/2927 Loss: 0.0226
  Epoch [75/100] Batch 2200/2927 Loss: 0.0299
  Epoch [75/100] Batch 2400/2927 Loss: 0.0300
  Epoch [75/100] Batch 2600/2927 Loss: 0.0277
  Epoch [75/100] Batch 2800/2927 Loss: 0.0292
[EPOCH 75] Train: 0.0258 | Val: 0.0381 | LR: 0.000700 | Time: 362.0s
  Epoch [76/100] Batch 0/2927 Loss: 0.0211
  Epoch [76/100] Batch 200/2927 Loss: 0.0276
  Epoch [76/100] Batch 400/2927 Loss: 0.0225
  Epoch [76/100] Batch 600/2927 Loss: 0.0324
  Epoch [76/100] Batch 800/2927 Loss: 0.0267
  Epoch [76/100] Batch 1000/2927 Loss: 0.0175
  Epoch [76/100] Batch 1200/2927 Loss: 0.0292
  Epoch [76/100] Batch 1400/2927 Loss: 0.0249
  Epoch [76/100] Batch 1600/2927 Loss: 0.0294
  Epoch [76/100] Batch 1800/2927 Loss: 0.0302
  Epoch [76/100] Batch 2000/2927 Loss: 0.0337
  Epoch [76/100] Batch 2200/2927 Loss: 0.0278
  Epoch [76/100] Batch 2400/2927 Loss: 0.0254
  Epoch [76/100] Batch 2600/2927 Loss: 0.0233
  Epoch [76/100] Batch 2800/2927 Loss: 0.0361
[EPOCH 76] Train: 0.0258 | Val: 0.0384 | LR: 0.000700 | Time: 361.9s
  Epoch [77/100] Batch 0/2927 Loss: 0.0300
  Epoch [77/100] Batch 200/2927 Loss: 0.0249
  Epoch [77/100] Batch 400/2927 Loss: 0.0259
  Epoch [77/100] Batch 600/2927 Loss: 0.0259
  Epoch [77/100] Batch 800/2927 Loss: 0.0242
  Epoch [77/100] Batch 1000/2927 Loss: 0.0264
  Epoch [77/100] Batch 1200/2927 Loss: 0.0244
  Epoch [77/100] Batch 1400/2927 Loss: 0.0263
  Epoch [77/100] Batch 1600/2927 Loss: 0.0255
  Epoch [77/100] Batch 1800/2927 Loss: 0.0244
  Epoch [77/100] Batch 2000/2927 Loss: 0.0267
  Epoch [77/100] Batch 2200/2927 Loss: 0.0222
  Epoch [77/100] Batch 2400/2927 Loss: 0.0273
  Epoch [77/100] Batch 2600/2927 Loss: 0.0284
  Epoch [77/100] Batch 2800/2927 Loss: 0.0209
[EPOCH 77] Train: 0.0257 | Val: 0.0379 | LR: 0.000490 | Time: 361.9s
  Epoch [78/100] Batch 0/2927 Loss: 0.0276
  Epoch [78/100] Batch 200/2927 Loss: 0.0242
  Epoch [78/100] Batch 400/2927 Loss: 0.0230
  Epoch [78/100] Batch 600/2927 Loss: 0.0169
  Epoch [78/100] Batch 800/2927 Loss: 0.0282
  Epoch [78/100] Batch 1000/2927 Loss: 0.0182
  Epoch [78/100] Batch 1200/2927 Loss: 0.0298
  Epoch [78/100] Batch 1400/2927 Loss: 0.0173
  Epoch [78/100] Batch 1600/2927 Loss: 0.0304
  Epoch [78/100] Batch 1800/2927 Loss: 0.0229
  Epoch [78/100] Batch 2000/2927 Loss: 0.0211
  Epoch [78/100] Batch 2200/2927 Loss: 0.0246
  Epoch [78/100] Batch 2400/2927 Loss: 0.0219
  Epoch [78/100] Batch 2600/2927 Loss: 0.0298
  Epoch [78/100] Batch 2800/2927 Loss: 0.0217
[EPOCH 78] Train: 0.0237 | Val: 0.0387 | LR: 0.000490 | Time: 361.7s
  Epoch [79/100] Batch 0/2927 Loss: 0.0282
  Epoch [79/100] Batch 200/2927 Loss: 0.0182
  Epoch [79/100] Batch 400/2927 Loss: 0.0234
  Epoch [79/100] Batch 600/2927 Loss: 0.0298
  Epoch [79/100] Batch 800/2927 Loss: 0.0187
  Epoch [79/100] Batch 1000/2927 Loss: 0.0219
  Epoch [79/100] Batch 1200/2927 Loss: 0.0235
  Epoch [79/100] Batch 1400/2927 Loss: 0.0255
  Epoch [79/100] Batch 1600/2927 Loss: 0.0182
  Epoch [79/100] Batch 1800/2927 Loss: 0.0229
  Epoch [79/100] Batch 2000/2927 Loss: 0.0308
  Epoch [79/100] Batch 2200/2927 Loss: 0.0238
  Epoch [79/100] Batch 2400/2927 Loss: 0.0206
  Epoch [79/100] Batch 2600/2927 Loss: 0.0245
  Epoch [79/100] Batch 2800/2927 Loss: 0.0227
[EPOCH 79] Train: 0.0237 | Val: 0.0371 | LR: 0.000490 | Time: 361.8s
  Epoch [80/100] Batch 0/2927 Loss: 0.0191
  Epoch [80/100] Batch 200/2927 Loss: 0.0241
  Epoch [80/100] Batch 400/2927 Loss: 0.0162
  Epoch [80/100] Batch 600/2927 Loss: 0.0268
  Epoch [80/100] Batch 800/2927 Loss: 0.0210
  Epoch [80/100] Batch 1000/2927 Loss: 0.0251
  Epoch [80/100] Batch 1200/2927 Loss: 0.0217
  Epoch [80/100] Batch 1400/2927 Loss: 0.0350
  Epoch [80/100] Batch 1600/2927 Loss: 0.0220
  Epoch [80/100] Batch 1800/2927 Loss: 0.0254
  Epoch [80/100] Batch 2000/2927 Loss: 0.0290
  Epoch [80/100] Batch 2200/2927 Loss: 0.0271
  Epoch [80/100] Batch 2400/2927 Loss: 0.0250
  Epoch [80/100] Batch 2600/2927 Loss: 0.0265
  Epoch [80/100] Batch 2800/2927 Loss: 0.0217
[EPOCH 80] Train: 0.0235 | Val: 0.0375 | LR: 0.000490 | Time: 362.2s
  Epoch [81/100] Batch 0/2927 Loss: 0.0238
  Epoch [81/100] Batch 200/2927 Loss: 0.0267
  Epoch [81/100] Batch 400/2927 Loss: 0.0245
  Epoch [81/100] Batch 600/2927 Loss: 0.0250
  Epoch [81/100] Batch 800/2927 Loss: 0.0245
  Epoch [81/100] Batch 1000/2927 Loss: 0.0262
  Epoch [81/100] Batch 1200/2927 Loss: 0.0248
  Epoch [81/100] Batch 1400/2927 Loss: 0.0160
  Epoch [81/100] Batch 1600/2927 Loss: 0.0231
  Epoch [81/100] Batch 1800/2927 Loss: 0.0201
  Epoch [81/100] Batch 2000/2927 Loss: 0.0240
  Epoch [81/100] Batch 2200/2927 Loss: 0.0254
  Epoch [81/100] Batch 2400/2927 Loss: 0.0252
  Epoch [81/100] Batch 2600/2927 Loss: 0.0260
  Epoch [81/100] Batch 2800/2927 Loss: 0.0315
[EPOCH 81] Train: 0.0234 | Val: 0.0374 | LR: 0.000490 | Time: 362.1s
  Epoch [82/100] Batch 0/2927 Loss: 0.0271
  Epoch [82/100] Batch 200/2927 Loss: 0.0182
  Epoch [82/100] Batch 400/2927 Loss: 0.0204
  Epoch [82/100] Batch 600/2927 Loss: 0.0218
  Epoch [82/100] Batch 800/2927 Loss: 0.0282
  Epoch [82/100] Batch 1000/2927 Loss: 0.0263
  Epoch [82/100] Batch 1200/2927 Loss: 0.0223
  Epoch [82/100] Batch 1400/2927 Loss: 0.0198
  Epoch [82/100] Batch 1600/2927 Loss: 0.0238
  Epoch [82/100] Batch 1800/2927 Loss: 0.0252
  Epoch [82/100] Batch 2000/2927 Loss: 0.0295
  Epoch [82/100] Batch 2200/2927 Loss: 0.0196
  Epoch [82/100] Batch 2400/2927 Loss: 0.0203
  Epoch [82/100] Batch 2600/2927 Loss: 0.0231
  Epoch [82/100] Batch 2800/2927 Loss: 0.0315
[EPOCH 82] Train: 0.0233 | Val: 0.0378 | LR: 0.000490 | Time: 362.0s
  Epoch [83/100] Batch 0/2927 Loss: 0.0210
  Epoch [83/100] Batch 200/2927 Loss: 0.0245
  Epoch [83/100] Batch 400/2927 Loss: 0.0183
  Epoch [83/100] Batch 600/2927 Loss: 0.0312
  Epoch [83/100] Batch 800/2927 Loss: 0.0160
  Epoch [83/100] Batch 1000/2927 Loss: 0.0218
  Epoch [83/100] Batch 1200/2927 Loss: 0.0346
  Epoch [83/100] Batch 1400/2927 Loss: 0.0198
  Epoch [83/100] Batch 1600/2927 Loss: 0.0261
  Epoch [83/100] Batch 1800/2927 Loss: 0.0306
  Epoch [83/100] Batch 2000/2927 Loss: 0.0270
  Epoch [83/100] Batch 2200/2927 Loss: 0.0254
  Epoch [83/100] Batch 2400/2927 Loss: 0.0206
  Epoch [83/100] Batch 2600/2927 Loss: 0.0225
  Epoch [83/100] Batch 2800/2927 Loss: 0.0236
[EPOCH 83] Train: 0.0232 | Val: 0.0381 | LR: 0.000490 | Time: 361.9s
  Epoch [84/100] Batch 0/2927 Loss: 0.0327
  Epoch [84/100] Batch 200/2927 Loss: 0.0201
  Epoch [84/100] Batch 400/2927 Loss: 0.0277
  Epoch [84/100] Batch 600/2927 Loss: 0.0275
  Epoch [84/100] Batch 800/2927 Loss: 0.0194
  Epoch [84/100] Batch 1000/2927 Loss: 0.0288
  Epoch [84/100] Batch 1200/2927 Loss: 0.0175
  Epoch [84/100] Batch 1400/2927 Loss: 0.0207
  Epoch [84/100] Batch 1600/2927 Loss: 0.0255
  Epoch [84/100] Batch 1800/2927 Loss: 0.0211
  Epoch [84/100] Batch 2000/2927 Loss: 0.0196
  Epoch [84/100] Batch 2200/2927 Loss: 0.0240
  Epoch [84/100] Batch 2400/2927 Loss: 0.0289
  Epoch [84/100] Batch 2600/2927 Loss: 0.0203
  Epoch [84/100] Batch 2800/2927 Loss: 0.0262
[EPOCH 84] Train: 0.0232 | Val: 0.0373 | LR: 0.000490 | Time: 361.7s
  Epoch [85/100] Batch 0/2927 Loss: 0.0258
  Epoch [85/100] Batch 200/2927 Loss: 0.0278
  Epoch [85/100] Batch 400/2927 Loss: 0.0269
  Epoch [85/100] Batch 600/2927 Loss: 0.0153
  Epoch [85/100] Batch 800/2927 Loss: 0.0305
  Epoch [85/100] Batch 1000/2927 Loss: 0.0347
  Epoch [85/100] Batch 1200/2927 Loss: 0.0226
  Epoch [85/100] Batch 1400/2927 Loss: 0.0247
  Epoch [85/100] Batch 1600/2927 Loss: 0.0232
  Epoch [85/100] Batch 1800/2927 Loss: 0.0254
  Epoch [85/100] Batch 2000/2927 Loss: 0.0201
  Epoch [85/100] Batch 2200/2927 Loss: 0.0256
  Epoch [85/100] Batch 2400/2927 Loss: 0.0326
  Epoch [85/100] Batch 2600/2927 Loss: 0.0175
  Epoch [85/100] Batch 2800/2927 Loss: 0.0210
[EPOCH 85] Train: 0.0231 | Val: 0.0383 | LR: 0.000490 | Time: 361.9s
  Epoch [86/100] Batch 0/2927 Loss: 0.0216
  Epoch [86/100] Batch 200/2927 Loss: 0.0250
  Epoch [86/100] Batch 400/2927 Loss: 0.0264
  Epoch [86/100] Batch 600/2927 Loss: 0.0276
  Epoch [86/100] Batch 800/2927 Loss: 0.0249
  Epoch [86/100] Batch 1000/2927 Loss: 0.0278
  Epoch [86/100] Batch 1200/2927 Loss: 0.0270
  Epoch [86/100] Batch 1400/2927 Loss: 0.0176
  Epoch [86/100] Batch 1600/2927 Loss: 0.0268
  Epoch [86/100] Batch 1800/2927 Loss: 0.0201
  Epoch [86/100] Batch 2000/2927 Loss: 0.0440
  Epoch [86/100] Batch 2200/2927 Loss: 0.0293
  Epoch [86/100] Batch 2400/2927 Loss: 0.0212
  Epoch [86/100] Batch 2600/2927 Loss: 0.0247
  Epoch [86/100] Batch 2800/2927 Loss: 0.0292
[EPOCH 86] Train: 0.0231 | Val: 0.0377 | LR: 0.000343 | Time: 362.3s
  Epoch [87/100] Batch 0/2927 Loss: 0.0215
  Epoch [87/100] Batch 200/2927 Loss: 0.0211
  Epoch [87/100] Batch 400/2927 Loss: 0.0241
  Epoch [87/100] Batch 600/2927 Loss: 0.0163
  Epoch [87/100] Batch 800/2927 Loss: 0.0185
  Epoch [87/100] Batch 1000/2927 Loss: 0.0175
  Epoch [87/100] Batch 1200/2927 Loss: 0.0184
  Epoch [87/100] Batch 1400/2927 Loss: 0.0174
  Epoch [87/100] Batch 1600/2927 Loss: 0.0206
  Epoch [87/100] Batch 1800/2927 Loss: 0.0178
  Epoch [87/100] Batch 2000/2927 Loss: 0.0224
  Epoch [87/100] Batch 2200/2927 Loss: 0.0193
  Epoch [87/100] Batch 2400/2927 Loss: 0.0197
  Epoch [87/100] Batch 2600/2927 Loss: 0.0234
  Epoch [87/100] Batch 2800/2927 Loss: 0.0190
[EPOCH 87] Train: 0.0218 | Val: 0.0374 | LR: 0.000343 | Time: 361.9s
  Epoch [88/100] Batch 0/2927 Loss: 0.0186
  Epoch [88/100] Batch 200/2927 Loss: 0.0233
  Epoch [88/100] Batch 400/2927 Loss: 0.0195
  Epoch [88/100] Batch 600/2927 Loss: 0.0196
  Epoch [88/100] Batch 800/2927 Loss: 0.0199
  Epoch [88/100] Batch 1000/2927 Loss: 0.0208
  Epoch [88/100] Batch 1200/2927 Loss: 0.0227
  Epoch [88/100] Batch 1400/2927 Loss: 0.0174
  Epoch [88/100] Batch 1600/2927 Loss: 0.0176
  Epoch [88/100] Batch 1800/2927 Loss: 0.0160
  Epoch [88/100] Batch 2000/2927 Loss: 0.0277
  Epoch [88/100] Batch 2200/2927 Loss: 0.0225
  Epoch [88/100] Batch 2400/2927 Loss: 0.0253
  Epoch [88/100] Batch 2600/2927 Loss: 0.0231
  Epoch [88/100] Batch 2800/2927 Loss: 0.0192
[EPOCH 88] Train: 0.0218 | Val: 0.0376 | LR: 0.000343 | Time: 361.8s
  Epoch [89/100] Batch 0/2927 Loss: 0.0182
  Epoch [89/100] Batch 200/2927 Loss: 0.0235
  Epoch [89/100] Batch 400/2927 Loss: 0.0178
  Epoch [89/100] Batch 600/2927 Loss: 0.0164
  Epoch [89/100] Batch 800/2927 Loss: 0.0174
  Epoch [89/100] Batch 1000/2927 Loss: 0.0218
  Epoch [89/100] Batch 1200/2927 Loss: 0.0280
  Epoch [89/100] Batch 1400/2927 Loss: 0.0202
  Epoch [89/100] Batch 1600/2927 Loss: 0.0171
  Epoch [89/100] Batch 1800/2927 Loss: 0.0185
  Epoch [89/100] Batch 2000/2927 Loss: 0.0232
  Epoch [89/100] Batch 2200/2927 Loss: 0.0204
  Epoch [89/100] Batch 2400/2927 Loss: 0.0188
  Epoch [89/100] Batch 2600/2927 Loss: 0.0226
  Epoch [89/100] Batch 2800/2927 Loss: 0.0183
[EPOCH 89] Train: 0.0217 | Val: 0.0375 | LR: 0.000343 | Time: 361.7s
  Epoch [90/100] Batch 0/2927 Loss: 0.0165
  Epoch [90/100] Batch 200/2927 Loss: 0.0211
  Epoch [90/100] Batch 400/2927 Loss: 0.0117
  Epoch [90/100] Batch 600/2927 Loss: 0.0216
  Epoch [90/100] Batch 800/2927 Loss: 0.0224
  Epoch [90/100] Batch 1000/2927 Loss: 0.0173
  Epoch [90/100] Batch 1200/2927 Loss: 0.0292
  Epoch [90/100] Batch 1400/2927 Loss: 0.0191
  Epoch [90/100] Batch 1600/2927 Loss: 0.0303
  Epoch [90/100] Batch 1800/2927 Loss: 0.0187
  Epoch [90/100] Batch 2000/2927 Loss: 0.0270
  Epoch [90/100] Batch 2200/2927 Loss: 0.0166
  Epoch [90/100] Batch 2400/2927 Loss: 0.0253
  Epoch [90/100] Batch 2600/2927 Loss: 0.0255
  Epoch [90/100] Batch 2800/2927 Loss: 0.0272
[EPOCH 90] Train: 0.0216 | Val: 0.0379 | LR: 0.000343 | Time: 361.7s
  Epoch [91/100] Batch 0/2927 Loss: 0.0166
  Epoch [91/100] Batch 200/2927 Loss: 0.0205
  Epoch [91/100] Batch 400/2927 Loss: 0.0261
  Epoch [91/100] Batch 600/2927 Loss: 0.0211
  Epoch [91/100] Batch 800/2927 Loss: 0.0223
  Epoch [91/100] Batch 1000/2927 Loss: 0.0186
  Epoch [91/100] Batch 1200/2927 Loss: 0.0239
  Epoch [91/100] Batch 1400/2927 Loss: 0.0184
  Epoch [91/100] Batch 1600/2927 Loss: 0.0168
  Epoch [91/100] Batch 1800/2927 Loss: 0.0187
  Epoch [91/100] Batch 2000/2927 Loss: 0.0222
  Epoch [91/100] Batch 2200/2927 Loss: 0.0199
  Epoch [91/100] Batch 2400/2927 Loss: 0.0196
  Epoch [91/100] Batch 2600/2927 Loss: 0.0223
  Epoch [91/100] Batch 2800/2927 Loss: 0.0165
[EPOCH 91] Train: 0.0216 | Val: 0.0376 | LR: 0.000343 | Time: 361.6s
  Epoch [92/100] Batch 0/2927 Loss: 0.0154
  Epoch [92/100] Batch 200/2927 Loss: 0.0225
  Epoch [92/100] Batch 400/2927 Loss: 0.0189
  Epoch [92/100] Batch 600/2927 Loss: 0.0223
  Epoch [92/100] Batch 800/2927 Loss: 0.0212
  Epoch [92/100] Batch 1000/2927 Loss: 0.0214
  Epoch [92/100] Batch 1200/2927 Loss: 0.0269
  Epoch [92/100] Batch 1400/2927 Loss: 0.0275
  Epoch [92/100] Batch 1600/2927 Loss: 0.0251
  Epoch [92/100] Batch 1800/2927 Loss: 0.0183
  Epoch [92/100] Batch 2000/2927 Loss: 0.0213
  Epoch [92/100] Batch 2200/2927 Loss: 0.0179
  Epoch [92/100] Batch 2400/2927 Loss: 0.0176
  Epoch [92/100] Batch 2600/2927 Loss: 0.0181
  Epoch [92/100] Batch 2800/2927 Loss: 0.0231
[EPOCH 92] Train: 0.0215 | Val: 0.0374 | LR: 0.000343 | Time: 361.7s
  Epoch [93/100] Batch 0/2927 Loss: 0.0186
  Epoch [93/100] Batch 200/2927 Loss: 0.0209
  Epoch [93/100] Batch 400/2927 Loss: 0.0211
  Epoch [93/100] Batch 600/2927 Loss: 0.0243
  Epoch [93/100] Batch 800/2927 Loss: 0.0162
  Epoch [93/100] Batch 1000/2927 Loss: 0.0223
  Epoch [93/100] Batch 1200/2927 Loss: 0.0252
  Epoch [93/100] Batch 1400/2927 Loss: 0.0175
  Epoch [93/100] Batch 1600/2927 Loss: 0.0226
  Epoch [93/100] Batch 1800/2927 Loss: 0.0219
  Epoch [93/100] Batch 2000/2927 Loss: 0.0167
  Epoch [93/100] Batch 2200/2927 Loss: 0.0272
  Epoch [93/100] Batch 2400/2927 Loss: 0.0218
  Epoch [93/100] Batch 2600/2927 Loss: 0.0222
  Epoch [93/100] Batch 2800/2927 Loss: 0.0184
[EPOCH 93] Train: 0.0215 | Val: 0.0376 | LR: 0.000343 | Time: 361.8s
  Epoch [94/100] Batch 0/2927 Loss: 0.0178
  Epoch [94/100] Batch 200/2927 Loss: 0.0221
  Epoch [94/100] Batch 400/2927 Loss: 0.0215
  Epoch [94/100] Batch 600/2927 Loss: 0.0134
  Epoch [94/100] Batch 800/2927 Loss: 0.0210
  Epoch [94/100] Batch 1000/2927 Loss: 0.0204
  Epoch [94/100] Batch 1200/2927 Loss: 0.0211
  Epoch [94/100] Batch 1400/2927 Loss: 0.0211
  Epoch [94/100] Batch 1600/2927 Loss: 0.0263
  Epoch [94/100] Batch 1800/2927 Loss: 0.0214
  Epoch [94/100] Batch 2000/2927 Loss: 0.0281
  Epoch [94/100] Batch 2200/2927 Loss: 0.0171
  Epoch [94/100] Batch 2400/2927 Loss: 0.0236
  Epoch [94/100] Batch 2600/2927 Loss: 0.0191
  Epoch [94/100] Batch 2800/2927 Loss: 0.0159
[EPOCH 94] Train: 0.0215 | Val: 0.0386 | LR: 0.000343 | Time: 361.7s
  Epoch [95/100] Batch 0/2927 Loss: 0.0173
  Epoch [95/100] Batch 200/2927 Loss: 0.0262
  Epoch [95/100] Batch 400/2927 Loss: 0.0235
  Epoch [95/100] Batch 600/2927 Loss: 0.0233
  Epoch [95/100] Batch 800/2927 Loss: 0.0186
  Epoch [95/100] Batch 1000/2927 Loss: 0.0194
  Epoch [95/100] Batch 1200/2927 Loss: 0.0212
  Epoch [95/100] Batch 1400/2927 Loss: 0.0160
  Epoch [95/100] Batch 1600/2927 Loss: 0.0155
  Epoch [95/100] Batch 1800/2927 Loss: 0.0242
  Epoch [95/100] Batch 2000/2927 Loss: 0.0230
  Epoch [95/100] Batch 2200/2927 Loss: 0.0252
  Epoch [95/100] Batch 2400/2927 Loss: 0.0184
  Epoch [95/100] Batch 2600/2927 Loss: 0.0204
  Epoch [95/100] Batch 2800/2927 Loss: 0.0190
[EPOCH 95] Train: 0.0214 | Val: 0.0380 | LR: 0.000240 | Time: 361.9s
  Epoch [96/100] Batch 0/2927 Loss: 0.0255
  Epoch [96/100] Batch 200/2927 Loss: 0.0150
  Epoch [96/100] Batch 400/2927 Loss: 0.0209
  Epoch [96/100] Batch 600/2927 Loss: 0.0219
  Epoch [96/100] Batch 800/2927 Loss: 0.0160
  Epoch [96/100] Batch 1000/2927 Loss: 0.0730
  Epoch [96/100] Batch 1200/2927 Loss: 0.0221
  Epoch [96/100] Batch 1400/2927 Loss: 0.0134
  Epoch [96/100] Batch 1600/2927 Loss: 0.0253
  Epoch [96/100] Batch 1800/2927 Loss: 0.0211
  Epoch [96/100] Batch 2000/2927 Loss: 0.0219
  Epoch [96/100] Batch 2200/2927 Loss: 0.0186
  Epoch [96/100] Batch 2400/2927 Loss: 0.0269
  Epoch [96/100] Batch 2600/2927 Loss: 0.0228
  Epoch [96/100] Batch 2800/2927 Loss: 0.0187
[EPOCH 96] Train: 0.0205 | Val: 0.0381 | LR: 0.000240 | Time: 361.8s
  Epoch [97/100] Batch 0/2927 Loss: 0.0167
  Epoch [97/100] Batch 200/2927 Loss: 0.0220
  Epoch [97/100] Batch 400/2927 Loss: 0.0234
  Epoch [97/100] Batch 600/2927 Loss: 0.0231
  Epoch [97/100] Batch 800/2927 Loss: 0.0215
  Epoch [97/100] Batch 1000/2927 Loss: 0.0231
  Epoch [97/100] Batch 1200/2927 Loss: 0.0199
  Epoch [97/100] Batch 1400/2927 Loss: 0.0235
  Epoch [97/100] Batch 1600/2927 Loss: 0.0250
  Epoch [97/100] Batch 1800/2927 Loss: 0.0179
  Epoch [97/100] Batch 2000/2927 Loss: 0.0143
  Epoch [97/100] Batch 2200/2927 Loss: 0.0235
  Epoch [97/100] Batch 2400/2927 Loss: 0.0263
  Epoch [97/100] Batch 2600/2927 Loss: 0.0188
  Epoch [97/100] Batch 2800/2927 Loss: 0.0205
[EPOCH 97] Train: 0.0205 | Val: 0.0378 | LR: 0.000240 | Time: 361.9s
  Epoch [98/100] Batch 0/2927 Loss: 0.0163
  Epoch [98/100] Batch 200/2927 Loss: 0.0277
  Epoch [98/100] Batch 400/2927 Loss: 0.0146
  Epoch [98/100] Batch 600/2927 Loss: 0.0164
  Epoch [98/100] Batch 800/2927 Loss: 0.0230
  Epoch [98/100] Batch 1000/2927 Loss: 0.0246
  Epoch [98/100] Batch 1200/2927 Loss: 0.0237
  Epoch [98/100] Batch 1400/2927 Loss: 0.0215
  Epoch [98/100] Batch 1600/2927 Loss: 0.0192
  Epoch [98/100] Batch 1800/2927 Loss: 0.0167
  Epoch [98/100] Batch 2000/2927 Loss: 0.0273
  Epoch [98/100] Batch 2200/2927 Loss: 0.0172
  Epoch [98/100] Batch 2400/2927 Loss: 0.0171
  Epoch [98/100] Batch 2600/2927 Loss: 0.0280
  Epoch [98/100] Batch 2800/2927 Loss: 0.0223
[EPOCH 98] Train: 0.0204 | Val: 0.0378 | LR: 0.000240 | Time: 362.0s
  Epoch [99/100] Batch 0/2927 Loss: 0.0185
  Epoch [99/100] Batch 200/2927 Loss: 0.0177
  Epoch [99/100] Batch 400/2927 Loss: 0.0206
  Epoch [99/100] Batch 600/2927 Loss: 0.0173
  Epoch [99/100] Batch 800/2927 Loss: 0.0202
  Epoch [99/100] Batch 1000/2927 Loss: 0.0258
  Epoch [99/100] Batch 1200/2927 Loss: 0.0141
  Epoch [99/100] Batch 1400/2927 Loss: 0.0278
  Epoch [99/100] Batch 1600/2927 Loss: 0.0184
  Epoch [99/100] Batch 1800/2927 Loss: 0.0189
  Epoch [99/100] Batch 2000/2927 Loss: 0.0241
  Epoch [99/100] Batch 2200/2927 Loss: 0.0222
  Epoch [99/100] Batch 2400/2927 Loss: 0.0221
  Epoch [99/100] Batch 2600/2927 Loss: 0.0210
  Epoch [99/100] Batch 2800/2927 Loss: 0.0227
[EPOCH 99] Train: 0.0204 | Val: 0.0387 | LR: 0.000240 | Time: 361.8s
  Epoch [100/100] Batch 0/2927 Loss: 0.0181
  Epoch [100/100] Batch 200/2927 Loss: 0.0154
  Epoch [100/100] Batch 400/2927 Loss: 0.0156
  Epoch [100/100] Batch 600/2927 Loss: 0.0174
  Epoch [100/100] Batch 800/2927 Loss: 0.0226
  Epoch [100/100] Batch 1000/2927 Loss: 0.0217
  Epoch [100/100] Batch 1200/2927 Loss: 0.0249
  Epoch [100/100] Batch 1400/2927 Loss: 0.0188
  Epoch [100/100] Batch 1600/2927 Loss: 0.0229
  Epoch [100/100] Batch 1800/2927 Loss: 0.0205
  Epoch [100/100] Batch 2000/2927 Loss: 0.0205
  Epoch [100/100] Batch 2200/2927 Loss: 0.0192
  Epoch [100/100] Batch 2400/2927 Loss: 0.0167
  Epoch [100/100] Batch 2600/2927 Loss: 0.0183
  Epoch [100/100] Batch 2800/2927 Loss: 0.0229
[EPOCH 100] Train: 0.0203 | Val: 0.0378 | LR: 0.000240 | Time: 361.8s

[DONE] 603.7 min. Mejor Val: 0.0370
