--- ENTRENAMIENTO EXP E FASE 3 (settransformer): nmr_202k_e3_settransformer_scaling_25pct ---
[INFO] Dispositivo: cuda
[INFO] Extrayendo formulas moleculares (C,H,N,O,S,Hal)...
[INFO] Formulas moleculares cargadas.
[INFO] Split congelado: SMILES invalidos=0 | train=46828 (leak removido=723, train_fraction=0.25) | val=14428
[INFO] Parametros totales del modelo (settransformer): 70,163 (chico por diseno; V10 ~8,603,299)
[INFO] Scheduler: patience=8, factor=0.7

[START] 100 epochs...
  Epoch [1/100] Batch 0/732 Loss: 34.7808
  Epoch [1/100] Batch 200/732 Loss: 0.6309
  Epoch [1/100] Batch 400/732 Loss: 0.4136
  Epoch [1/100] Batch 600/732 Loss: 0.3633
[EPOCH 1] Train: 0.7735 | Val: 0.2342 | LR: 0.001000 | Time: 7.0s
[SAVE] Nuevo mejor modelo!
  Epoch [2/100] Batch 0/732 Loss: 0.2355
  Epoch [2/100] Batch 200/732 Loss: 0.2390
  Epoch [2/100] Batch 400/732 Loss: 0.2189
  Epoch [2/100] Batch 600/732 Loss: 0.1964
[EPOCH 2] Train: 0.2268 | Val: 0.1658 | LR: 0.001000 | Time: 6.4s
[SAVE] Nuevo mejor modelo!
  Epoch [3/100] Batch 0/732 Loss: 0.1749
  Epoch [3/100] Batch 200/732 Loss: 0.1574
  Epoch [3/100] Batch 400/732 Loss: 0.1491
  Epoch [3/100] Batch 600/732 Loss: 0.1761
[EPOCH 3] Train: 0.1747 | Val: 0.1311 | LR: 0.001000 | Time: 6.4s
[SAVE] Nuevo mejor modelo!
  Epoch [4/100] Batch 0/732 Loss: 0.1693
  Epoch [4/100] Batch 200/732 Loss: 0.1399
  Epoch [4/100] Batch 400/732 Loss: 0.1067
  Epoch [4/100] Batch 600/732 Loss: 0.1175
[EPOCH 4] Train: 0.1258 | Val: 0.0862 | LR: 0.001000 | Time: 6.4s
[SAVE] Nuevo mejor modelo!
  Epoch [5/100] Batch 0/732 Loss: 0.1463
  Epoch [5/100] Batch 200/732 Loss: 0.1164
  Epoch [5/100] Batch 400/732 Loss: 0.0771
  Epoch [5/100] Batch 600/732 Loss: 0.1206
[EPOCH 5] Train: 0.0970 | Val: 0.0786 | LR: 0.001000 | Time: 6.4s
[SAVE] Nuevo mejor modelo!
  Epoch [6/100] Batch 0/732 Loss: 0.1027
  Epoch [6/100] Batch 200/732 Loss: 0.0791
  Epoch [6/100] Batch 400/732 Loss: 0.0749
  Epoch [6/100] Batch 600/732 Loss: 0.0735
[EPOCH 6] Train: 0.0807 | Val: 0.0815 | LR: 0.001000 | Time: 6.5s
  Epoch [7/100] Batch 0/732 Loss: 0.1109
  Epoch [7/100] Batch 200/732 Loss: 0.0646
  Epoch [7/100] Batch 400/732 Loss: 0.0789
  Epoch [7/100] Batch 600/732 Loss: 0.0761
[EPOCH 7] Train: 0.0703 | Val: 0.0609 | LR: 0.001000 | Time: 6.5s
[SAVE] Nuevo mejor modelo!
  Epoch [8/100] Batch 0/732 Loss: 0.0636
  Epoch [8/100] Batch 200/732 Loss: 0.0573
  Epoch [8/100] Batch 400/732 Loss: 0.0558
  Epoch [8/100] Batch 600/732 Loss: 0.0584
[EPOCH 8] Train: 0.0644 | Val: 0.0463 | LR: 0.001000 | Time: 6.4s
[SAVE] Nuevo mejor modelo!
  Epoch [9/100] Batch 0/732 Loss: 0.0579
  Epoch [9/100] Batch 200/732 Loss: 0.0546
  Epoch [9/100] Batch 400/732 Loss: 0.0572
  Epoch [9/100] Batch 600/732 Loss: 0.0662
[EPOCH 9] Train: 0.0596 | Val: 0.0452 | LR: 0.001000 | Time: 6.5s
[SAVE] Nuevo mejor modelo!
  Epoch [10/100] Batch 0/732 Loss: 0.0391
  Epoch [10/100] Batch 200/732 Loss: 0.0479
  Epoch [10/100] Batch 400/732 Loss: 0.0542
  Epoch [10/100] Batch 600/732 Loss: 0.0462
[EPOCH 10] Train: 0.0564 | Val: 0.0491 | LR: 0.001000 | Time: 6.5s
  Epoch [11/100] Batch 0/732 Loss: 0.0538
  Epoch [11/100] Batch 200/732 Loss: 0.0553
  Epoch [11/100] Batch 400/732 Loss: 0.0419
  Epoch [11/100] Batch 600/732 Loss: 0.0511
[EPOCH 11] Train: 0.0512 | Val: 0.0411 | LR: 0.001000 | Time: 6.5s
[SAVE] Nuevo mejor modelo!
  Epoch [12/100] Batch 0/732 Loss: 0.0441
  Epoch [12/100] Batch 200/732 Loss: 0.0594
  Epoch [12/100] Batch 400/732 Loss: 0.0455
  Epoch [12/100] Batch 600/732 Loss: 0.0555
[EPOCH 12] Train: 0.0510 | Val: 0.0382 | LR: 0.001000 | Time: 6.5s
[SAVE] Nuevo mejor modelo!
  Epoch [13/100] Batch 0/732 Loss: 0.0365
  Epoch [13/100] Batch 200/732 Loss: 0.0537
  Epoch [13/100] Batch 400/732 Loss: 0.0502
  Epoch [13/100] Batch 600/732 Loss: 0.0519
[EPOCH 13] Train: 0.0472 | Val: 0.0387 | LR: 0.001000 | Time: 6.5s
  Epoch [14/100] Batch 0/732 Loss: 0.0414
  Epoch [14/100] Batch 200/732 Loss: 0.0384
  Epoch [14/100] Batch 400/732 Loss: 0.0420
  Epoch [14/100] Batch 600/732 Loss: 0.0433
[EPOCH 14] Train: 0.0455 | Val: 0.0370 | LR: 0.001000 | Time: 6.5s
[SAVE] Nuevo mejor modelo!
  Epoch [15/100] Batch 0/732 Loss: 0.0405
  Epoch [15/100] Batch 200/732 Loss: 0.0464
  Epoch [15/100] Batch 400/732 Loss: 0.0494
  Epoch [15/100] Batch 600/732 Loss: 0.0282
[EPOCH 15] Train: 0.0444 | Val: 0.0359 | LR: 0.001000 | Time: 6.5s
[SAVE] Nuevo mejor modelo!
  Epoch [16/100] Batch 0/732 Loss: 0.0390
  Epoch [16/100] Batch 200/732 Loss: 0.0367
  Epoch [16/100] Batch 400/732 Loss: 0.0556
  Epoch [16/100] Batch 600/732 Loss: 0.0463
[EPOCH 16] Train: 0.0424 | Val: 0.0308 | LR: 0.001000 | Time: 6.5s
[SAVE] Nuevo mejor modelo!
  Epoch [17/100] Batch 0/732 Loss: 0.0425
  Epoch [17/100] Batch 200/732 Loss: 0.0404
  Epoch [17/100] Batch 400/732 Loss: 0.0453
  Epoch [17/100] Batch 600/732 Loss: 0.0418
[EPOCH 17] Train: 0.0414 | Val: 0.0334 | LR: 0.001000 | Time: 6.5s
  Epoch [18/100] Batch 0/732 Loss: 0.0563
  Epoch [18/100] Batch 200/732 Loss: 0.0346
  Epoch [18/100] Batch 400/732 Loss: 0.0488
  Epoch [18/100] Batch 600/732 Loss: 0.0502
[EPOCH 18] Train: 0.0399 | Val: 0.0293 | LR: 0.001000 | Time: 6.5s
[SAVE] Nuevo mejor modelo!
  Epoch [19/100] Batch 0/732 Loss: 0.0327
  Epoch [19/100] Batch 200/732 Loss: 0.0365
  Epoch [19/100] Batch 400/732 Loss: 0.0354
  Epoch [19/100] Batch 600/732 Loss: 0.0541
[EPOCH 19] Train: 0.0384 | Val: 0.0283 | LR: 0.001000 | Time: 6.5s
[SAVE] Nuevo mejor modelo!
  Epoch [20/100] Batch 0/732 Loss: 0.0279
  Epoch [20/100] Batch 200/732 Loss: 0.0560
  Epoch [20/100] Batch 400/732 Loss: 0.0292
  Epoch [20/100] Batch 600/732 Loss: 0.0626
[EPOCH 20] Train: 0.0377 | Val: 0.0285 | LR: 0.001000 | Time: 6.5s
  Epoch [21/100] Batch 0/732 Loss: 0.0325
  Epoch [21/100] Batch 200/732 Loss: 0.0351
  Epoch [21/100] Batch 400/732 Loss: 0.0359
  Epoch [21/100] Batch 600/732 Loss: 0.0362
[EPOCH 21] Train: 0.0381 | Val: 0.0365 | LR: 0.001000 | Time: 6.5s
  Epoch [22/100] Batch 0/732 Loss: 0.0392
  Epoch [22/100] Batch 200/732 Loss: 0.0342
  Epoch [22/100] Batch 400/732 Loss: 0.0297
  Epoch [22/100] Batch 600/732 Loss: 0.0405
[EPOCH 22] Train: 0.0355 | Val: 0.0309 | LR: 0.001000 | Time: 6.5s
  Epoch [23/100] Batch 0/732 Loss: 0.0353
  Epoch [23/100] Batch 200/732 Loss: 0.0388
  Epoch [23/100] Batch 400/732 Loss: 0.0287
  Epoch [23/100] Batch 600/732 Loss: 0.0324
[EPOCH 23] Train: 0.0350 | Val: 0.0259 | LR: 0.001000 | Time: 6.5s
[SAVE] Nuevo mejor modelo!
  Epoch [24/100] Batch 0/732 Loss: 0.0358
  Epoch [24/100] Batch 200/732 Loss: 0.0314
  Epoch [24/100] Batch 400/732 Loss: 0.0324
  Epoch [24/100] Batch 600/732 Loss: 0.0235
[EPOCH 24] Train: 0.0344 | Val: 0.0257 | LR: 0.001000 | Time: 6.5s
[SAVE] Nuevo mejor modelo!
  Epoch [25/100] Batch 0/732 Loss: 0.0300
  Epoch [25/100] Batch 200/732 Loss: 0.0465
  Epoch [25/100] Batch 400/732 Loss: 0.0292
  Epoch [25/100] Batch 600/732 Loss: 0.0303
[EPOCH 25] Train: 0.0343 | Val: 0.0252 | LR: 0.001000 | Time: 6.6s
[SAVE] Nuevo mejor modelo!
  Epoch [26/100] Batch 0/732 Loss: 0.0328
  Epoch [26/100] Batch 200/732 Loss: 0.0292
  Epoch [26/100] Batch 400/732 Loss: 0.0364
  Epoch [26/100] Batch 600/732 Loss: 0.0319
[EPOCH 26] Train: 0.0332 | Val: 0.0267 | LR: 0.001000 | Time: 6.5s
  Epoch [27/100] Batch 0/732 Loss: 0.0367
  Epoch [27/100] Batch 200/732 Loss: 0.0281
  Epoch [27/100] Batch 400/732 Loss: 0.0395
  Epoch [27/100] Batch 600/732 Loss: 0.0280
[EPOCH 27] Train: 0.0324 | Val: 0.0282 | LR: 0.001000 | Time: 6.5s
  Epoch [28/100] Batch 0/732 Loss: 0.0313
  Epoch [28/100] Batch 200/732 Loss: 0.0361
  Epoch [28/100] Batch 400/732 Loss: 0.0349
  Epoch [28/100] Batch 600/732 Loss: 0.0254
[EPOCH 28] Train: 0.0320 | Val: 0.0281 | LR: 0.001000 | Time: 6.6s
  Epoch [29/100] Batch 0/732 Loss: 0.0266
  Epoch [29/100] Batch 200/732 Loss: 0.0680
  Epoch [29/100] Batch 400/732 Loss: 0.0313
  Epoch [29/100] Batch 600/732 Loss: 0.0201
[EPOCH 29] Train: 0.0311 | Val: 0.0271 | LR: 0.001000 | Time: 6.5s
  Epoch [30/100] Batch 0/732 Loss: 0.0296
  Epoch [30/100] Batch 200/732 Loss: 0.0315
  Epoch [30/100] Batch 400/732 Loss: 0.0367
  Epoch [30/100] Batch 600/732 Loss: 0.0342
[EPOCH 30] Train: 0.0311 | Val: 0.0239 | LR: 0.001000 | Time: 6.6s
[SAVE] Nuevo mejor modelo!
  Epoch [31/100] Batch 0/732 Loss: 0.0360
  Epoch [31/100] Batch 200/732 Loss: 0.0643
  Epoch [31/100] Batch 400/732 Loss: 0.0243
  Epoch [31/100] Batch 600/732 Loss: 0.0300
[EPOCH 31] Train: 0.0307 | Val: 0.0230 | LR: 0.001000 | Time: 6.6s
[SAVE] Nuevo mejor modelo!
  Epoch [32/100] Batch 0/732 Loss: 0.0238
  Epoch [32/100] Batch 200/732 Loss: 0.0296
  Epoch [32/100] Batch 400/732 Loss: 0.0282
  Epoch [32/100] Batch 600/732 Loss: 0.0398
[EPOCH 32] Train: 0.0305 | Val: 0.0231 | LR: 0.001000 | Time: 6.6s
  Epoch [33/100] Batch 0/732 Loss: 0.0257
  Epoch [33/100] Batch 200/732 Loss: 0.0221
  Epoch [33/100] Batch 400/732 Loss: 0.0301
  Epoch [33/100] Batch 600/732 Loss: 0.0346
[EPOCH 33] Train: 0.0295 | Val: 0.0224 | LR: 0.001000 | Time: 6.6s
[SAVE] Nuevo mejor modelo!
  Epoch [34/100] Batch 0/732 Loss: 0.0237
  Epoch [34/100] Batch 200/732 Loss: 0.0240
  Epoch [34/100] Batch 400/732 Loss: 0.0212
  Epoch [34/100] Batch 600/732 Loss: 0.0204
[EPOCH 34] Train: 0.0283 | Val: 0.0232 | LR: 0.001000 | Time: 6.6s
  Epoch [35/100] Batch 0/732 Loss: 0.0219
  Epoch [35/100] Batch 200/732 Loss: 0.0250
  Epoch [35/100] Batch 400/732 Loss: 0.0298
  Epoch [35/100] Batch 600/732 Loss: 0.0257
[EPOCH 35] Train: 0.0288 | Val: 0.0221 | LR: 0.001000 | Time: 6.6s
[SAVE] Nuevo mejor modelo!
  Epoch [36/100] Batch 0/732 Loss: 0.0279
  Epoch [36/100] Batch 200/732 Loss: 0.0190
  Epoch [36/100] Batch 400/732 Loss: 0.0225
  Epoch [36/100] Batch 600/732 Loss: 0.0230
[EPOCH 36] Train: 0.0284 | Val: 0.0207 | LR: 0.001000 | Time: 6.6s
[SAVE] Nuevo mejor modelo!
  Epoch [37/100] Batch 0/732 Loss: 0.0196
  Epoch [37/100] Batch 200/732 Loss: 0.0309
  Epoch [37/100] Batch 400/732 Loss: 0.0279
  Epoch [37/100] Batch 600/732 Loss: 0.0313
[EPOCH 37] Train: 0.0296 | Val: 0.0206 | LR: 0.001000 | Time: 6.6s
[SAVE] Nuevo mejor modelo!
  Epoch [38/100] Batch 0/732 Loss: 0.0158
  Epoch [38/100] Batch 200/732 Loss: 0.0267
  Epoch [38/100] Batch 400/732 Loss: 0.0206
  Epoch [38/100] Batch 600/732 Loss: 0.0179
[EPOCH 38] Train: 0.0262 | Val: 0.0209 | LR: 0.001000 | Time: 6.6s
  Epoch [39/100] Batch 0/732 Loss: 0.0245
  Epoch [39/100] Batch 200/732 Loss: 0.0219
  Epoch [39/100] Batch 400/732 Loss: 0.0271
  Epoch [39/100] Batch 600/732 Loss: 0.0348
[EPOCH 39] Train: 0.0277 | Val: 0.0232 | LR: 0.001000 | Time: 6.6s
  Epoch [40/100] Batch 0/732 Loss: 0.0253
  Epoch [40/100] Batch 200/732 Loss: 0.0266
  Epoch [40/100] Batch 400/732 Loss: 0.0553
  Epoch [40/100] Batch 600/732 Loss: 0.0255
[EPOCH 40] Train: 0.0258 | Val: 0.0202 | LR: 0.001000 | Time: 6.6s
[SAVE] Nuevo mejor modelo!
  Epoch [41/100] Batch 0/732 Loss: 0.0257
  Epoch [41/100] Batch 200/732 Loss: 0.0394
  Epoch [41/100] Batch 400/732 Loss: 0.0303
  Epoch [41/100] Batch 600/732 Loss: 0.0423
[EPOCH 41] Train: 0.0279 | Val: 0.0208 | LR: 0.001000 | Time: 6.6s
  Epoch [42/100] Batch 0/732 Loss: 0.0252
  Epoch [42/100] Batch 200/732 Loss: 0.0213
  Epoch [42/100] Batch 400/732 Loss: 0.0244
  Epoch [42/100] Batch 600/732 Loss: 0.0244
[EPOCH 42] Train: 0.0252 | Val: 0.0240 | LR: 0.001000 | Time: 6.6s
  Epoch [43/100] Batch 0/732 Loss: 0.0241
  Epoch [43/100] Batch 200/732 Loss: 0.0319
  Epoch [43/100] Batch 400/732 Loss: 0.0308
  Epoch [43/100] Batch 600/732 Loss: 0.0236
[EPOCH 43] Train: 0.0267 | Val: 0.0200 | LR: 0.001000 | Time: 6.6s
[SAVE] Nuevo mejor modelo!
  Epoch [44/100] Batch 0/732 Loss: 0.0218
  Epoch [44/100] Batch 200/732 Loss: 0.0197
  Epoch [44/100] Batch 400/732 Loss: 0.0290
  Epoch [44/100] Batch 600/732 Loss: 0.0207
[EPOCH 44] Train: 0.0247 | Val: 0.0198 | LR: 0.001000 | Time: 6.6s
[SAVE] Nuevo mejor modelo!
  Epoch [45/100] Batch 0/732 Loss: 0.0131
  Epoch [45/100] Batch 200/732 Loss: 0.0189
  Epoch [45/100] Batch 400/732 Loss: 0.0242
  Epoch [45/100] Batch 600/732 Loss: 0.0347
[EPOCH 45] Train: 0.0260 | Val: 0.0209 | LR: 0.001000 | Time: 6.6s
  Epoch [46/100] Batch 0/732 Loss: 0.0219
  Epoch [46/100] Batch 200/732 Loss: 0.0181
  Epoch [46/100] Batch 400/732 Loss: 0.0188
  Epoch [46/100] Batch 600/732 Loss: 0.0293
[EPOCH 46] Train: 0.0249 | Val: 0.0202 | LR: 0.001000 | Time: 6.6s
  Epoch [47/100] Batch 0/732 Loss: 0.0161
  Epoch [47/100] Batch 200/732 Loss: 0.0206
  Epoch [47/100] Batch 400/732 Loss: 0.0366
  Epoch [47/100] Batch 600/732 Loss: 0.0279
[EPOCH 47] Train: 0.0252 | Val: 0.0204 | LR: 0.001000 | Time: 6.6s
  Epoch [48/100] Batch 0/732 Loss: 0.0220
  Epoch [48/100] Batch 200/732 Loss: 0.0161
  Epoch [48/100] Batch 400/732 Loss: 0.0261
  Epoch [48/100] Batch 600/732 Loss: 0.0413
[EPOCH 48] Train: 0.0250 | Val: 0.0185 | LR: 0.001000 | Time: 6.6s
[SAVE] Nuevo mejor modelo!
  Epoch [49/100] Batch 0/732 Loss: 0.0151
  Epoch [49/100] Batch 200/732 Loss: 0.0239
  Epoch [49/100] Batch 400/732 Loss: 0.0175
  Epoch [49/100] Batch 600/732 Loss: 0.0191
[EPOCH 49] Train: 0.0240 | Val: 0.0187 | LR: 0.001000 | Time: 6.7s
  Epoch [50/100] Batch 0/732 Loss: 0.0167
  Epoch [50/100] Batch 200/732 Loss: 0.0192
  Epoch [50/100] Batch 400/732 Loss: 0.0202
  Epoch [50/100] Batch 600/732 Loss: 0.0296
[EPOCH 50] Train: 0.0255 | Val: 0.0188 | LR: 0.001000 | Time: 6.6s
  Epoch [51/100] Batch 0/732 Loss: 0.0238
  Epoch [51/100] Batch 200/732 Loss: 0.0174
  Epoch [51/100] Batch 400/732 Loss: 0.0204
  Epoch [51/100] Batch 600/732 Loss: 0.0262
[EPOCH 51] Train: 0.0233 | Val: 0.0348 | LR: 0.001000 | Time: 6.5s
  Epoch [52/100] Batch 0/732 Loss: 0.0396
  Epoch [52/100] Batch 200/732 Loss: 0.0212
  Epoch [52/100] Batch 400/732 Loss: 0.0145
  Epoch [52/100] Batch 600/732 Loss: 0.0182
[EPOCH 52] Train: 0.0245 | Val: 0.0183 | LR: 0.001000 | Time: 6.6s
[SAVE] Nuevo mejor modelo!
  Epoch [53/100] Batch 0/732 Loss: 0.0243
  Epoch [53/100] Batch 200/732 Loss: 0.0203
  Epoch [53/100] Batch 400/732 Loss: 0.0235
  Epoch [53/100] Batch 600/732 Loss: 0.0201
[EPOCH 53] Train: 0.0225 | Val: 0.0195 | LR: 0.001000 | Time: 6.5s
  Epoch [54/100] Batch 0/732 Loss: 0.0271
  Epoch [54/100] Batch 200/732 Loss: 0.0165
  Epoch [54/100] Batch 400/732 Loss: 0.0259
  Epoch [54/100] Batch 600/732 Loss: 0.0187
[EPOCH 54] Train: 0.0233 | Val: 0.0185 | LR: 0.001000 | Time: 6.6s
  Epoch [55/100] Batch 0/732 Loss: 0.0131
  Epoch [55/100] Batch 200/732 Loss: 0.0192
  Epoch [55/100] Batch 400/732 Loss: 0.0249
  Epoch [55/100] Batch 600/732 Loss: 0.0281
[EPOCH 55] Train: 0.0236 | Val: 0.0220 | LR: 0.001000 | Time: 6.6s
  Epoch [56/100] Batch 0/732 Loss: 0.0254
  Epoch [56/100] Batch 200/732 Loss: 0.0307
  Epoch [56/100] Batch 400/732 Loss: 0.0318
  Epoch [56/100] Batch 600/732 Loss: 0.0241
[EPOCH 56] Train: 0.0228 | Val: 0.0182 | LR: 0.001000 | Time: 6.6s
[SAVE] Nuevo mejor modelo!
  Epoch [57/100] Batch 0/732 Loss: 0.0178
  Epoch [57/100] Batch 200/732 Loss: 0.0245
  Epoch [57/100] Batch 400/732 Loss: 0.0151
  Epoch [57/100] Batch 600/732 Loss: 0.0258
[EPOCH 57] Train: 0.0224 | Val: 0.0175 | LR: 0.001000 | Time: 6.6s
[SAVE] Nuevo mejor modelo!
  Epoch [58/100] Batch 0/732 Loss: 0.0240
  Epoch [58/100] Batch 200/732 Loss: 0.0214
  Epoch [58/100] Batch 400/732 Loss: 0.0316
  Epoch [58/100] Batch 600/732 Loss: 0.0248
[EPOCH 58] Train: 0.0240 | Val: 0.0177 | LR: 0.001000 | Time: 6.6s
  Epoch [59/100] Batch 0/732 Loss: 0.0188
  Epoch [59/100] Batch 200/732 Loss: 0.0216
  Epoch [59/100] Batch 400/732 Loss: 0.0161
  Epoch [59/100] Batch 600/732 Loss: 0.0198
[EPOCH 59] Train: 0.0215 | Val: 0.0176 | LR: 0.001000 | Time: 6.6s
  Epoch [60/100] Batch 0/732 Loss: 0.0157
  Epoch [60/100] Batch 200/732 Loss: 0.0173
  Epoch [60/100] Batch 400/732 Loss: 0.0228
  Epoch [60/100] Batch 600/732 Loss: 0.0194
[EPOCH 60] Train: 0.0232 | Val: 0.0177 | LR: 0.001000 | Time: 6.6s
  Epoch [61/100] Batch 0/732 Loss: 0.0162
  Epoch [61/100] Batch 200/732 Loss: 0.0335
  Epoch [61/100] Batch 400/732 Loss: 0.0155
  Epoch [61/100] Batch 600/732 Loss: 0.0189
[EPOCH 61] Train: 0.0243 | Val: 0.0169 | LR: 0.001000 | Time: 6.6s
[SAVE] Nuevo mejor modelo!
  Epoch [62/100] Batch 0/732 Loss: 0.0167
  Epoch [62/100] Batch 200/732 Loss: 0.0223
  Epoch [62/100] Batch 400/732 Loss: 0.0222
  Epoch [62/100] Batch 600/732 Loss: 0.0310
[EPOCH 62] Train: 0.0207 | Val: 0.0179 | LR: 0.001000 | Time: 6.6s
  Epoch [63/100] Batch 0/732 Loss: 0.0212
  Epoch [63/100] Batch 200/732 Loss: 0.0145
  Epoch [63/100] Batch 400/732 Loss: 0.0237
  Epoch [63/100] Batch 600/732 Loss: 0.0168
[EPOCH 63] Train: 0.0218 | Val: 0.0170 | LR: 0.001000 | Time: 6.6s
  Epoch [64/100] Batch 0/732 Loss: 0.0168
  Epoch [64/100] Batch 200/732 Loss: 0.0202
  Epoch [64/100] Batch 400/732 Loss: 0.0171
  Epoch [64/100] Batch 600/732 Loss: 0.0188
[EPOCH 64] Train: 0.0206 | Val: 0.0198 | LR: 0.001000 | Time: 6.6s
  Epoch [65/100] Batch 0/732 Loss: 0.0277
  Epoch [65/100] Batch 200/732 Loss: 0.0250
  Epoch [65/100] Batch 400/732 Loss: 0.0153
  Epoch [65/100] Batch 600/732 Loss: 0.0246
[EPOCH 65] Train: 0.0216 | Val: 0.0183 | LR: 0.001000 | Time: 6.6s
  Epoch [66/100] Batch 0/732 Loss: 0.0298
  Epoch [66/100] Batch 200/732 Loss: 0.0178
  Epoch [66/100] Batch 400/732 Loss: 0.0205
  Epoch [66/100] Batch 600/732 Loss: 0.0132
[EPOCH 66] Train: 0.0219 | Val: 0.0190 | LR: 0.001000 | Time: 6.7s
  Epoch [67/100] Batch 0/732 Loss: 0.0230
  Epoch [67/100] Batch 200/732 Loss: 0.0218
  Epoch [67/100] Batch 400/732 Loss: 0.0139
  Epoch [67/100] Batch 600/732 Loss: 0.0229
[EPOCH 67] Train: 0.0214 | Val: 0.0169 | LR: 0.001000 | Time: 6.6s
[SAVE] Nuevo mejor modelo!
  Epoch [68/100] Batch 0/732 Loss: 0.0246
  Epoch [68/100] Batch 200/732 Loss: 0.0183
  Epoch [68/100] Batch 400/732 Loss: 0.0239
  Epoch [68/100] Batch 600/732 Loss: 0.0172
[EPOCH 68] Train: 0.0219 | Val: 0.0182 | LR: 0.001000 | Time: 6.6s
  Epoch [69/100] Batch 0/732 Loss: 0.0138
  Epoch [69/100] Batch 200/732 Loss: 0.0144
  Epoch [69/100] Batch 400/732 Loss: 0.0297
  Epoch [69/100] Batch 600/732 Loss: 0.0195
[EPOCH 69] Train: 0.0202 | Val: 0.0166 | LR: 0.001000 | Time: 6.6s
[SAVE] Nuevo mejor modelo!
  Epoch [70/100] Batch 0/732 Loss: 0.0151
  Epoch [70/100] Batch 200/732 Loss: 0.0165
  Epoch [70/100] Batch 400/732 Loss: 0.0240
  Epoch [70/100] Batch 600/732 Loss: 0.0217
[EPOCH 70] Train: 0.0199 | Val: 0.0166 | LR: 0.001000 | Time: 6.6s
  Epoch [71/100] Batch 0/732 Loss: 0.0145
  Epoch [71/100] Batch 200/732 Loss: 0.0155
  Epoch [71/100] Batch 400/732 Loss: 0.0153
  Epoch [71/100] Batch 600/732 Loss: 0.0198
[EPOCH 71] Train: 0.0208 | Val: 0.0171 | LR: 0.001000 | Time: 6.6s
  Epoch [72/100] Batch 0/732 Loss: 0.0111
  Epoch [72/100] Batch 200/732 Loss: 0.0288
  Epoch [72/100] Batch 400/732 Loss: 0.0167
  Epoch [72/100] Batch 600/732 Loss: 0.0163
[EPOCH 72] Train: 0.0217 | Val: 0.0163 | LR: 0.001000 | Time: 6.6s
[SAVE] Nuevo mejor modelo!
  Epoch [73/100] Batch 0/732 Loss: 0.0191
  Epoch [73/100] Batch 200/732 Loss: 0.0180
  Epoch [73/100] Batch 400/732 Loss: 0.0208
  Epoch [73/100] Batch 600/732 Loss: 0.0131
[EPOCH 73] Train: 0.0196 | Val: 0.0164 | LR: 0.001000 | Time: 6.6s
  Epoch [74/100] Batch 0/732 Loss: 0.0264
  Epoch [74/100] Batch 200/732 Loss: 0.0332
  Epoch [74/100] Batch 400/732 Loss: 0.0189
  Epoch [74/100] Batch 600/732 Loss: 0.0146
[EPOCH 74] Train: 0.0219 | Val: 0.0166 | LR: 0.001000 | Time: 6.6s
  Epoch [75/100] Batch 0/732 Loss: 0.0148
  Epoch [75/100] Batch 200/732 Loss: 0.0133
  Epoch [75/100] Batch 400/732 Loss: 0.0248
  Epoch [75/100] Batch 600/732 Loss: 0.0191
[EPOCH 75] Train: 0.0202 | Val: 0.0192 | LR: 0.001000 | Time: 6.6s
  Epoch [76/100] Batch 0/732 Loss: 0.0178
  Epoch [76/100] Batch 200/732 Loss: 0.0122
  Epoch [76/100] Batch 400/732 Loss: 0.0311
  Epoch [76/100] Batch 600/732 Loss: 0.0176
[EPOCH 76] Train: 0.0201 | Val: 0.0177 | LR: 0.001000 | Time: 6.6s
  Epoch [77/100] Batch 0/732 Loss: 0.0175
  Epoch [77/100] Batch 200/732 Loss: 0.0100
  Epoch [77/100] Batch 400/732 Loss: 0.0264
  Epoch [77/100] Batch 600/732 Loss: 0.0211
[EPOCH 77] Train: 0.0197 | Val: 0.0164 | LR: 0.001000 | Time: 6.7s
  Epoch [78/100] Batch 0/732 Loss: 0.0208
  Epoch [78/100] Batch 200/732 Loss: 0.0266
  Epoch [78/100] Batch 400/732 Loss: 0.0167
  Epoch [78/100] Batch 600/732 Loss: 0.0234
[EPOCH 78] Train: 0.0194 | Val: 0.0158 | LR: 0.001000 | Time: 6.7s
[SAVE] Nuevo mejor modelo!
  Epoch [79/100] Batch 0/732 Loss: 0.0150
  Epoch [79/100] Batch 200/732 Loss: 0.0324
  Epoch [79/100] Batch 400/732 Loss: 0.0232
  Epoch [79/100] Batch 600/732 Loss: 0.0242
[EPOCH 79] Train: 0.0198 | Val: 0.0164 | LR: 0.001000 | Time: 6.7s
  Epoch [80/100] Batch 0/732 Loss: 0.0131
  Epoch [80/100] Batch 200/732 Loss: 0.0175
  Epoch [80/100] Batch 400/732 Loss: 0.0229
  Epoch [80/100] Batch 600/732 Loss: 0.0146
[EPOCH 80] Train: 0.0196 | Val: 0.0152 | LR: 0.001000 | Time: 6.6s
[SAVE] Nuevo mejor modelo!
  Epoch [81/100] Batch 0/732 Loss: 0.0262
  Epoch [81/100] Batch 200/732 Loss: 0.0206
  Epoch [81/100] Batch 400/732 Loss: 0.0148
  Epoch [81/100] Batch 600/732 Loss: 0.0176
[EPOCH 81] Train: 0.0193 | Val: 0.0162 | LR: 0.001000 | Time: 6.6s
  Epoch [82/100] Batch 0/732 Loss: 0.0166
  Epoch [82/100] Batch 200/732 Loss: 0.0125
  Epoch [82/100] Batch 400/732 Loss: 0.0156
  Epoch [82/100] Batch 600/732 Loss: 0.0253
[EPOCH 82] Train: 0.0196 | Val: 0.0161 | LR: 0.001000 | Time: 6.6s
  Epoch [83/100] Batch 0/732 Loss: 0.0206
  Epoch [83/100] Batch 200/732 Loss: 0.0188
  Epoch [83/100] Batch 400/732 Loss: 0.0195
  Epoch [83/100] Batch 600/732 Loss: 0.0110
[EPOCH 83] Train: 0.0187 | Val: 0.0189 | LR: 0.001000 | Time: 6.6s
  Epoch [84/100] Batch 0/732 Loss: 0.0268
  Epoch [84/100] Batch 200/732 Loss: 0.0156
  Epoch [84/100] Batch 400/732 Loss: 0.0151
  Epoch [84/100] Batch 600/732 Loss: 0.0218
[EPOCH 84] Train: 0.0193 | Val: 0.0164 | LR: 0.001000 | Time: 6.6s
  Epoch [85/100] Batch 0/732 Loss: 0.0131
  Epoch [85/100] Batch 200/732 Loss: 0.0224
  Epoch [85/100] Batch 400/732 Loss: 0.0129
  Epoch [85/100] Batch 600/732 Loss: 0.0225
[EPOCH 85] Train: 0.0196 | Val: 0.0192 | LR: 0.001000 | Time: 6.6s
  Epoch [86/100] Batch 0/732 Loss: 0.0141
  Epoch [86/100] Batch 200/732 Loss: 0.0215
  Epoch [86/100] Batch 400/732 Loss: 0.0258
  Epoch [86/100] Batch 600/732 Loss: 0.0187
[EPOCH 86] Train: 0.0183 | Val: 0.0160 | LR: 0.001000 | Time: 6.6s
  Epoch [87/100] Batch 0/732 Loss: 0.0200
  Epoch [87/100] Batch 200/732 Loss: 0.0186
  Epoch [87/100] Batch 400/732 Loss: 0.0178
  Epoch [87/100] Batch 600/732 Loss: 0.0211
[EPOCH 87] Train: 0.0192 | Val: 0.0163 | LR: 0.001000 | Time: 6.7s
  Epoch [88/100] Batch 0/732 Loss: 0.0316
  Epoch [88/100] Batch 200/732 Loss: 0.0135
  Epoch [88/100] Batch 400/732 Loss: 0.0235
  Epoch [88/100] Batch 600/732 Loss: 0.0258
[EPOCH 88] Train: 0.0191 | Val: 0.0154 | LR: 0.001000 | Time: 6.7s
  Epoch [89/100] Batch 0/732 Loss: 0.0209
  Epoch [89/100] Batch 200/732 Loss: 0.0223
  Epoch [89/100] Batch 400/732 Loss: 0.0220
  Epoch [89/100] Batch 600/732 Loss: 0.0157
[EPOCH 89] Train: 0.0192 | Val: 0.0155 | LR: 0.000700 | Time: 6.7s
  Epoch [90/100] Batch 0/732 Loss: 0.0167
  Epoch [90/100] Batch 200/732 Loss: 0.0157
  Epoch [90/100] Batch 400/732 Loss: 0.0156
  Epoch [90/100] Batch 600/732 Loss: 0.0091
[EPOCH 90] Train: 0.0156 | Val: 0.0142 | LR: 0.000700 | Time: 6.7s
[SAVE] Nuevo mejor modelo!
  Epoch [91/100] Batch 0/732 Loss: 0.0152
  Epoch [91/100] Batch 200/732 Loss: 0.0126
  Epoch [91/100] Batch 400/732 Loss: 0.0184
  Epoch [91/100] Batch 600/732 Loss: 0.0129
[EPOCH 91] Train: 0.0161 | Val: 0.0150 | LR: 0.000700 | Time: 6.7s
  Epoch [92/100] Batch 0/732 Loss: 0.0107
  Epoch [92/100] Batch 200/732 Loss: 0.0150
  Epoch [92/100] Batch 400/732 Loss: 0.0118
  Epoch [92/100] Batch 600/732 Loss: 0.0167
[EPOCH 92] Train: 0.0166 | Val: 0.0143 | LR: 0.000700 | Time: 6.7s
  Epoch [93/100] Batch 0/732 Loss: 0.0090
  Epoch [93/100] Batch 200/732 Loss: 0.0172
  Epoch [93/100] Batch 400/732 Loss: 0.0189
  Epoch [93/100] Batch 600/732 Loss: 0.0142
[EPOCH 93] Train: 0.0160 | Val: 0.0149 | LR: 0.000700 | Time: 6.7s
  Epoch [94/100] Batch 0/732 Loss: 0.0248
  Epoch [94/100] Batch 200/732 Loss: 0.0198
  Epoch [94/100] Batch 400/732 Loss: 0.0191
  Epoch [94/100] Batch 600/732 Loss: 0.0145
[EPOCH 94] Train: 0.0161 | Val: 0.0141 | LR: 0.000700 | Time: 6.7s
[SAVE] Nuevo mejor modelo!
  Epoch [95/100] Batch 0/732 Loss: 0.0132
  Epoch [95/100] Batch 200/732 Loss: 0.0174
  Epoch [95/100] Batch 400/732 Loss: 0.0155
  Epoch [95/100] Batch 600/732 Loss: 0.0096
[EPOCH 95] Train: 0.0160 | Val: 0.0151 | LR: 0.000700 | Time: 6.6s
  Epoch [96/100] Batch 0/732 Loss: 0.0171
  Epoch [96/100] Batch 200/732 Loss: 0.0106
  Epoch [96/100] Batch 400/732 Loss: 0.0156
  Epoch [96/100] Batch 600/732 Loss: 0.0137
[EPOCH 96] Train: 0.0158 | Val: 0.0141 | LR: 0.000700 | Time: 6.7s
  Epoch [97/100] Batch 0/732 Loss: 0.0127
  Epoch [97/100] Batch 200/732 Loss: 0.0191
  Epoch [97/100] Batch 400/732 Loss: 0.0121
  Epoch [97/100] Batch 600/732 Loss: 0.0122
[EPOCH 97] Train: 0.0162 | Val: 0.0143 | LR: 0.000700 | Time: 6.7s
  Epoch [98/100] Batch 0/732 Loss: 0.0083
  Epoch [98/100] Batch 200/732 Loss: 0.0136
  Epoch [98/100] Batch 400/732 Loss: 0.0174
  Epoch [98/100] Batch 600/732 Loss: 0.0131
[EPOCH 98] Train: 0.0159 | Val: 0.0143 | LR: 0.000700 | Time: 6.7s
  Epoch [99/100] Batch 0/732 Loss: 0.0103
  Epoch [99/100] Batch 200/732 Loss: 0.0190
  Epoch [99/100] Batch 400/732 Loss: 0.0141
  Epoch [99/100] Batch 600/732 Loss: 0.0164
[EPOCH 99] Train: 0.0161 | Val: 0.0138 | LR: 0.000700 | Time: 6.7s
[SAVE] Nuevo mejor modelo!
  Epoch [100/100] Batch 0/732 Loss: 0.0155
  Epoch [100/100] Batch 200/732 Loss: 0.0156
  Epoch [100/100] Batch 400/732 Loss: 0.0162
  Epoch [100/100] Batch 600/732 Loss: 0.0155
[EPOCH 100] Train: 0.0155 | Val: 0.0170 | LR: 0.000700 | Time: 6.7s

[DONE] 11.0 min. Mejor Val: 0.0138
