--- ENTRENAMIENTO EXP E FASE 3 (settransformer): nmr_202k_e3_settransformer_scaling_10pct ---
[INFO] Dispositivo: cuda
[INFO] Extrayendo formulas moleculares (C,H,N,O,S,Hal)...
[INFO] Formulas moleculares cargadas.
[INFO] Split congelado: SMILES invalidos=0 | train=18731 (leak removido=723, train_fraction=0.1) | val=14428
[INFO] Parametros totales del modelo (settransformer): 70,163 (chico por diseno; V10 ~8,603,299)
[INFO] Scheduler: patience=8, factor=0.7

[START] 100 epochs...
  Epoch [1/100] Batch 0/293 Loss: 47.2982
  Epoch [1/100] Batch 200/293 Loss: 0.6738
[EPOCH 1] Train: 1.4485 | Val: 0.4006 | LR: 0.001000 | Time: 3.7s
[SAVE] Nuevo mejor modelo!
  Epoch [2/100] Batch 0/293 Loss: 0.4130
  Epoch [2/100] Batch 200/293 Loss: 0.3540
[EPOCH 2] Train: 0.3994 | Val: 0.3232 | LR: 0.001000 | Time: 3.1s
[SAVE] Nuevo mejor modelo!
  Epoch [3/100] Batch 0/293 Loss: 0.4427
  Epoch [3/100] Batch 200/293 Loss: 0.3262
[EPOCH 3] Train: 0.3390 | Val: 0.2305 | LR: 0.001000 | Time: 3.1s
[SAVE] Nuevo mejor modelo!
  Epoch [4/100] Batch 0/293 Loss: 0.3332
  Epoch [4/100] Batch 200/293 Loss: 0.2153
[EPOCH 4] Train: 0.2491 | Val: 0.2123 | LR: 0.001000 | Time: 3.1s
[SAVE] Nuevo mejor modelo!
  Epoch [5/100] Batch 0/293 Loss: 0.2423
  Epoch [5/100] Batch 200/293 Loss: 0.1867
[EPOCH 5] Train: 0.2226 | Val: 0.1753 | LR: 0.001000 | Time: 3.1s
[SAVE] Nuevo mejor modelo!
  Epoch [6/100] Batch 0/293 Loss: 0.1878
  Epoch [6/100] Batch 200/293 Loss: 0.2358
[EPOCH 6] Train: 0.1994 | Val: 0.1651 | LR: 0.001000 | Time: 3.1s
[SAVE] Nuevo mejor modelo!
  Epoch [7/100] Batch 0/293 Loss: 0.2587
  Epoch [7/100] Batch 200/293 Loss: 0.2036
[EPOCH 7] Train: 0.1818 | Val: 0.1433 | LR: 0.001000 | Time: 3.1s
[SAVE] Nuevo mejor modelo!
  Epoch [8/100] Batch 0/293 Loss: 0.1438
  Epoch [8/100] Batch 200/293 Loss: 0.1303
[EPOCH 8] Train: 0.1562 | Val: 0.1170 | LR: 0.001000 | Time: 3.1s
[SAVE] Nuevo mejor modelo!
  Epoch [9/100] Batch 0/293 Loss: 0.1377
  Epoch [9/100] Batch 200/293 Loss: 0.1534
[EPOCH 9] Train: 0.1395 | Val: 0.1047 | LR: 0.001000 | Time: 3.1s
[SAVE] Nuevo mejor modelo!
  Epoch [10/100] Batch 0/293 Loss: 0.1066
  Epoch [10/100] Batch 200/293 Loss: 0.0923
[EPOCH 10] Train: 0.1199 | Val: 0.1216 | LR: 0.001000 | Time: 3.1s
  Epoch [11/100] Batch 0/293 Loss: 0.1214
  Epoch [11/100] Batch 200/293 Loss: 0.1028
[EPOCH 11] Train: 0.1080 | Val: 0.0822 | LR: 0.001000 | Time: 3.1s
[SAVE] Nuevo mejor modelo!
  Epoch [12/100] Batch 0/293 Loss: 0.0782
  Epoch [12/100] Batch 200/293 Loss: 0.0987
[EPOCH 12] Train: 0.1009 | Val: 0.0788 | LR: 0.001000 | Time: 3.1s
[SAVE] Nuevo mejor modelo!
  Epoch [13/100] Batch 0/293 Loss: 0.0917
  Epoch [13/100] Batch 200/293 Loss: 0.0929
[EPOCH 13] Train: 0.0939 | Val: 0.0744 | LR: 0.001000 | Time: 3.1s
[SAVE] Nuevo mejor modelo!
  Epoch [14/100] Batch 0/293 Loss: 0.0906
  Epoch [14/100] Batch 200/293 Loss: 0.0899
[EPOCH 14] Train: 0.0869 | Val: 0.0868 | LR: 0.001000 | Time: 3.1s
  Epoch [15/100] Batch 0/293 Loss: 0.0863
  Epoch [15/100] Batch 200/293 Loss: 0.0763
[EPOCH 15] Train: 0.0829 | Val: 0.0915 | LR: 0.001000 | Time: 3.1s
  Epoch [16/100] Batch 0/293 Loss: 0.1340
  Epoch [16/100] Batch 200/293 Loss: 0.0819
[EPOCH 16] Train: 0.0821 | Val: 0.0682 | LR: 0.001000 | Time: 3.1s
[SAVE] Nuevo mejor modelo!
  Epoch [17/100] Batch 0/293 Loss: 0.0782
  Epoch [17/100] Batch 200/293 Loss: 0.0785
[EPOCH 17] Train: 0.0716 | Val: 0.0633 | LR: 0.001000 | Time: 3.1s
[SAVE] Nuevo mejor modelo!
  Epoch [18/100] Batch 0/293 Loss: 0.0653
  Epoch [18/100] Batch 200/293 Loss: 0.0735
[EPOCH 18] Train: 0.0702 | Val: 0.0578 | LR: 0.001000 | Time: 3.1s
[SAVE] Nuevo mejor modelo!
  Epoch [19/100] Batch 0/293 Loss: 0.0612
  Epoch [19/100] Batch 200/293 Loss: 0.0653
[EPOCH 19] Train: 0.0680 | Val: 0.0608 | LR: 0.001000 | Time: 3.1s
  Epoch [20/100] Batch 0/293 Loss: 0.0775
  Epoch [20/100] Batch 200/293 Loss: 0.0580
[EPOCH 20] Train: 0.0651 | Val: 0.0541 | LR: 0.001000 | Time: 3.1s
[SAVE] Nuevo mejor modelo!
  Epoch [21/100] Batch 0/293 Loss: 0.0653
  Epoch [21/100] Batch 200/293 Loss: 0.0664
[EPOCH 21] Train: 0.0593 | Val: 0.0473 | LR: 0.001000 | Time: 3.1s
[SAVE] Nuevo mejor modelo!
  Epoch [22/100] Batch 0/293 Loss: 0.0674
  Epoch [22/100] Batch 200/293 Loss: 0.0656
[EPOCH 22] Train: 0.0581 | Val: 0.0456 | LR: 0.001000 | Time: 3.1s
[SAVE] Nuevo mejor modelo!
  Epoch [23/100] Batch 0/293 Loss: 0.0638
  Epoch [23/100] Batch 200/293 Loss: 0.0532
[EPOCH 23] Train: 0.0581 | Val: 0.0504 | LR: 0.001000 | Time: 3.1s
  Epoch [24/100] Batch 0/293 Loss: 0.0572
  Epoch [24/100] Batch 200/293 Loss: 0.0742
[EPOCH 24] Train: 0.0557 | Val: 0.0662 | LR: 0.001000 | Time: 3.1s
  Epoch [25/100] Batch 0/293 Loss: 0.0764
  Epoch [25/100] Batch 200/293 Loss: 0.0411
[EPOCH 25] Train: 0.0549 | Val: 0.0466 | LR: 0.001000 | Time: 3.1s
  Epoch [26/100] Batch 0/293 Loss: 0.0624
  Epoch [26/100] Batch 200/293 Loss: 0.0457
[EPOCH 26] Train: 0.0541 | Val: 0.0457 | LR: 0.001000 | Time: 3.1s
  Epoch [27/100] Batch 0/293 Loss: 0.0550
  Epoch [27/100] Batch 200/293 Loss: 0.0705
[EPOCH 27] Train: 0.0519 | Val: 0.0402 | LR: 0.001000 | Time: 3.1s
[SAVE] Nuevo mejor modelo!
  Epoch [28/100] Batch 0/293 Loss: 0.0429
  Epoch [28/100] Batch 200/293 Loss: 0.0486
[EPOCH 28] Train: 0.0511 | Val: 0.0598 | LR: 0.001000 | Time: 3.1s
  Epoch [29/100] Batch 0/293 Loss: 0.0666
  Epoch [29/100] Batch 200/293 Loss: 0.0560
[EPOCH 29] Train: 0.0517 | Val: 0.0453 | LR: 0.001000 | Time: 3.1s
  Epoch [30/100] Batch 0/293 Loss: 0.0402
  Epoch [30/100] Batch 200/293 Loss: 0.0426
[EPOCH 30] Train: 0.0500 | Val: 0.0381 | LR: 0.001000 | Time: 3.1s
[SAVE] Nuevo mejor modelo!
  Epoch [31/100] Batch 0/293 Loss: 0.0456
  Epoch [31/100] Batch 200/293 Loss: 0.0403
[EPOCH 31] Train: 0.0468 | Val: 0.0408 | LR: 0.001000 | Time: 3.1s
  Epoch [32/100] Batch 0/293 Loss: 0.0368
  Epoch [32/100] Batch 200/293 Loss: 0.0490
[EPOCH 32] Train: 0.0457 | Val: 0.0405 | LR: 0.001000 | Time: 3.1s
  Epoch [33/100] Batch 0/293 Loss: 0.0433
  Epoch [33/100] Batch 200/293 Loss: 0.0340
[EPOCH 33] Train: 0.0469 | Val: 0.0362 | LR: 0.001000 | Time: 3.1s
[SAVE] Nuevo mejor modelo!
  Epoch [34/100] Batch 0/293 Loss: 0.0485
  Epoch [34/100] Batch 200/293 Loss: 0.0341
[EPOCH 34] Train: 0.0487 | Val: 0.0359 | LR: 0.001000 | Time: 3.1s
[SAVE] Nuevo mejor modelo!
  Epoch [35/100] Batch 0/293 Loss: 0.0405
  Epoch [35/100] Batch 200/293 Loss: 0.0401
[EPOCH 35] Train: 0.0431 | Val: 0.0398 | LR: 0.001000 | Time: 3.1s
  Epoch [36/100] Batch 0/293 Loss: 0.0466
  Epoch [36/100] Batch 200/293 Loss: 0.0351
[EPOCH 36] Train: 0.0447 | Val: 0.0406 | LR: 0.001000 | Time: 3.1s
  Epoch [37/100] Batch 0/293 Loss: 0.0472
  Epoch [37/100] Batch 200/293 Loss: 0.0379
[EPOCH 37] Train: 0.0450 | Val: 0.0371 | LR: 0.001000 | Time: 3.1s
  Epoch [38/100] Batch 0/293 Loss: 0.0362
  Epoch [38/100] Batch 200/293 Loss: 0.0403
[EPOCH 38] Train: 0.0443 | Val: 0.0359 | LR: 0.001000 | Time: 3.1s
[SAVE] Nuevo mejor modelo!
  Epoch [39/100] Batch 0/293 Loss: 0.0425
  Epoch [39/100] Batch 200/293 Loss: 0.0493
[EPOCH 39] Train: 0.0424 | Val: 0.0345 | LR: 0.001000 | Time: 3.1s
[SAVE] Nuevo mejor modelo!
  Epoch [40/100] Batch 0/293 Loss: 0.0409
  Epoch [40/100] Batch 200/293 Loss: 0.0293
[EPOCH 40] Train: 0.0391 | Val: 0.0329 | LR: 0.001000 | Time: 3.1s
[SAVE] Nuevo mejor modelo!
  Epoch [41/100] Batch 0/293 Loss: 0.0327
  Epoch [41/100] Batch 200/293 Loss: 0.0420
[EPOCH 41] Train: 0.0575 | Val: 0.0356 | LR: 0.001000 | Time: 3.1s
  Epoch [42/100] Batch 0/293 Loss: 0.0413
  Epoch [42/100] Batch 200/293 Loss: 0.0393
[EPOCH 42] Train: 0.0366 | Val: 0.0298 | LR: 0.001000 | Time: 3.1s
[SAVE] Nuevo mejor modelo!
  Epoch [43/100] Batch 0/293 Loss: 0.0323
  Epoch [43/100] Batch 200/293 Loss: 0.0357
[EPOCH 43] Train: 0.0360 | Val: 0.0326 | LR: 0.001000 | Time: 3.1s
  Epoch [44/100] Batch 0/293 Loss: 0.0336
  Epoch [44/100] Batch 200/293 Loss: 0.0348
[EPOCH 44] Train: 0.0380 | Val: 0.0315 | LR: 0.001000 | Time: 3.1s
  Epoch [45/100] Batch 0/293 Loss: 0.0303
  Epoch [45/100] Batch 200/293 Loss: 0.0270
[EPOCH 45] Train: 0.0367 | Val: 0.0336 | LR: 0.001000 | Time: 3.1s
  Epoch [46/100] Batch 0/293 Loss: 0.0400
  Epoch [46/100] Batch 200/293 Loss: 0.0577
[EPOCH 46] Train: 0.0381 | Val: 0.0386 | LR: 0.001000 | Time: 3.1s
  Epoch [47/100] Batch 0/293 Loss: 0.0400
  Epoch [47/100] Batch 200/293 Loss: 0.0361
[EPOCH 47] Train: 0.0362 | Val: 0.0319 | LR: 0.001000 | Time: 3.2s
  Epoch [48/100] Batch 0/293 Loss: 0.0326
  Epoch [48/100] Batch 200/293 Loss: 0.0384
[EPOCH 48] Train: 0.0389 | Val: 0.0393 | LR: 0.001000 | Time: 3.2s
  Epoch [49/100] Batch 0/293 Loss: 0.0615
  Epoch [49/100] Batch 200/293 Loss: 0.0269
[EPOCH 49] Train: 0.0357 | Val: 0.0497 | LR: 0.001000 | Time: 3.2s
  Epoch [50/100] Batch 0/293 Loss: 0.0546
  Epoch [50/100] Batch 200/293 Loss: 0.0394
[EPOCH 50] Train: 0.0339 | Val: 0.0282 | LR: 0.001000 | Time: 3.1s
[SAVE] Nuevo mejor modelo!
  Epoch [51/100] Batch 0/293 Loss: 0.0346
  Epoch [51/100] Batch 200/293 Loss: 0.0272
[EPOCH 51] Train: 0.0369 | Val: 0.0305 | LR: 0.001000 | Time: 3.2s
  Epoch [52/100] Batch 0/293 Loss: 0.0326
  Epoch [52/100] Batch 200/293 Loss: 0.0362
[EPOCH 52] Train: 0.0380 | Val: 0.0275 | LR: 0.001000 | Time: 3.2s
[SAVE] Nuevo mejor modelo!
  Epoch [53/100] Batch 0/293 Loss: 0.0306
  Epoch [53/100] Batch 200/293 Loss: 0.0324
[EPOCH 53] Train: 0.0323 | Val: 0.0283 | LR: 0.001000 | Time: 3.1s
  Epoch [54/100] Batch 0/293 Loss: 0.0331
  Epoch [54/100] Batch 200/293 Loss: 0.0363
[EPOCH 54] Train: 0.0379 | Val: 0.0275 | LR: 0.001000 | Time: 3.1s
  Epoch [55/100] Batch 0/293 Loss: 0.0293
  Epoch [55/100] Batch 200/293 Loss: 0.0310
[EPOCH 55] Train: 0.0314 | Val: 0.0303 | LR: 0.001000 | Time: 3.2s
  Epoch [56/100] Batch 0/293 Loss: 0.0374
  Epoch [56/100] Batch 200/293 Loss: 0.0366
[EPOCH 56] Train: 0.0328 | Val: 0.0294 | LR: 0.001000 | Time: 3.1s
  Epoch [57/100] Batch 0/293 Loss: 0.0380
  Epoch [57/100] Batch 200/293 Loss: 0.0398
[EPOCH 57] Train: 0.0359 | Val: 0.0272 | LR: 0.001000 | Time: 3.2s
[SAVE] Nuevo mejor modelo!
  Epoch [58/100] Batch 0/293 Loss: 0.0325
  Epoch [58/100] Batch 200/293 Loss: 0.0321
[EPOCH 58] Train: 0.0327 | Val: 0.0288 | LR: 0.001000 | Time: 3.2s
  Epoch [59/100] Batch 0/293 Loss: 0.0215
  Epoch [59/100] Batch 200/293 Loss: 0.0269
[EPOCH 59] Train: 0.0347 | Val: 0.0275 | LR: 0.001000 | Time: 3.2s
  Epoch [60/100] Batch 0/293 Loss: 0.0377
  Epoch [60/100] Batch 200/293 Loss: 0.0272
[EPOCH 60] Train: 0.0320 | Val: 0.0264 | LR: 0.001000 | Time: 3.2s
[SAVE] Nuevo mejor modelo!
  Epoch [61/100] Batch 0/293 Loss: 0.0287
  Epoch [61/100] Batch 200/293 Loss: 0.0381
[EPOCH 61] Train: 0.0317 | Val: 0.0395 | LR: 0.001000 | Time: 3.1s
  Epoch [62/100] Batch 0/293 Loss: 0.0630
  Epoch [62/100] Batch 200/293 Loss: 0.0362
[EPOCH 62] Train: 0.0314 | Val: 0.0350 | LR: 0.001000 | Time: 3.2s
  Epoch [63/100] Batch 0/293 Loss: 0.0398
  Epoch [63/100] Batch 200/293 Loss: 0.0276
[EPOCH 63] Train: 0.0352 | Val: 0.0268 | LR: 0.001000 | Time: 3.2s
  Epoch [64/100] Batch 0/293 Loss: 0.0253
  Epoch [64/100] Batch 200/293 Loss: 0.0329
[EPOCH 64] Train: 0.0319 | Val: 0.0282 | LR: 0.001000 | Time: 3.2s
  Epoch [65/100] Batch 0/293 Loss: 0.0279
  Epoch [65/100] Batch 200/293 Loss: 0.0297
[EPOCH 65] Train: 0.0284 | Val: 0.0282 | LR: 0.001000 | Time: 3.2s
  Epoch [66/100] Batch 0/293 Loss: 0.0283
  Epoch [66/100] Batch 200/293 Loss: 0.0474
[EPOCH 66] Train: 0.0320 | Val: 0.0256 | LR: 0.001000 | Time: 3.2s
[SAVE] Nuevo mejor modelo!
  Epoch [67/100] Batch 0/293 Loss: 0.0304
  Epoch [67/100] Batch 200/293 Loss: 0.0239
[EPOCH 67] Train: 0.0297 | Val: 0.0261 | LR: 0.001000 | Time: 3.2s
  Epoch [68/100] Batch 0/293 Loss: 0.0322
  Epoch [68/100] Batch 200/293 Loss: 0.0263
[EPOCH 68] Train: 0.0356 | Val: 0.0288 | LR: 0.001000 | Time: 3.2s
  Epoch [69/100] Batch 0/293 Loss: 0.0308
  Epoch [69/100] Batch 200/293 Loss: 0.0283
[EPOCH 69] Train: 0.0275 | Val: 0.0251 | LR: 0.001000 | Time: 3.2s
[SAVE] Nuevo mejor modelo!
  Epoch [70/100] Batch 0/293 Loss: 0.0226
  Epoch [70/100] Batch 200/293 Loss: 0.0203
[EPOCH 70] Train: 0.0313 | Val: 0.0274 | LR: 0.001000 | Time: 3.2s
  Epoch [71/100] Batch 0/293 Loss: 0.0251
  Epoch [71/100] Batch 200/293 Loss: 0.0322
[EPOCH 71] Train: 0.0283 | Val: 0.0291 | LR: 0.001000 | Time: 3.2s
  Epoch [72/100] Batch 0/293 Loss: 0.0295
  Epoch [72/100] Batch 200/293 Loss: 0.0239
[EPOCH 72] Train: 0.0277 | Val: 0.0245 | LR: 0.001000 | Time: 3.2s
[SAVE] Nuevo mejor modelo!
  Epoch [73/100] Batch 0/293 Loss: 0.0208
  Epoch [73/100] Batch 200/293 Loss: 0.0282
[EPOCH 73] Train: 0.0286 | Val: 0.0245 | LR: 0.001000 | Time: 3.2s
[SAVE] Nuevo mejor modelo!
  Epoch [74/100] Batch 0/293 Loss: 0.0243
  Epoch [74/100] Batch 200/293 Loss: 0.0440
[EPOCH 74] Train: 0.0362 | Val: 0.0232 | LR: 0.001000 | Time: 3.2s
[SAVE] Nuevo mejor modelo!
  Epoch [75/100] Batch 0/293 Loss: 0.0217
  Epoch [75/100] Batch 200/293 Loss: 0.0264
[EPOCH 75] Train: 0.0262 | Val: 0.0242 | LR: 0.001000 | Time: 3.2s
  Epoch [76/100] Batch 0/293 Loss: 0.0267
  Epoch [76/100] Batch 200/293 Loss: 0.0351
[EPOCH 76] Train: 0.0283 | Val: 0.0231 | LR: 0.001000 | Time: 3.2s
[SAVE] Nuevo mejor modelo!
  Epoch [77/100] Batch 0/293 Loss: 0.0211
  Epoch [77/100] Batch 200/293 Loss: 0.0368
[EPOCH 77] Train: 0.0297 | Val: 0.0247 | LR: 0.001000 | Time: 3.2s
  Epoch [78/100] Batch 0/293 Loss: 0.0210
  Epoch [78/100] Batch 200/293 Loss: 0.0242
[EPOCH 78] Train: 0.0271 | Val: 0.0252 | LR: 0.001000 | Time: 3.2s
  Epoch [79/100] Batch 0/293 Loss: 0.0290
  Epoch [79/100] Batch 200/293 Loss: 0.0255
[EPOCH 79] Train: 0.0286 | Val: 0.0242 | LR: 0.001000 | Time: 3.2s
  Epoch [80/100] Batch 0/293 Loss: 0.0232
  Epoch [80/100] Batch 200/293 Loss: 0.0209
[EPOCH 80] Train: 0.0268 | Val: 0.0252 | LR: 0.001000 | Time: 3.2s
  Epoch [81/100] Batch 0/293 Loss: 0.0351
  Epoch [81/100] Batch 200/293 Loss: 0.0194
[EPOCH 81] Train: 0.0297 | Val: 0.0232 | LR: 0.001000 | Time: 3.2s
  Epoch [82/100] Batch 0/293 Loss: 0.0194
  Epoch [82/100] Batch 200/293 Loss: 0.0255
[EPOCH 82] Train: 0.0293 | Val: 0.0267 | LR: 0.001000 | Time: 3.2s
  Epoch [83/100] Batch 0/293 Loss: 0.0269
  Epoch [83/100] Batch 200/293 Loss: 0.0207
[EPOCH 83] Train: 0.0250 | Val: 0.0251 | LR: 0.001000 | Time: 3.2s
  Epoch [84/100] Batch 0/293 Loss: 0.0261
  Epoch [84/100] Batch 200/293 Loss: 0.0263
[EPOCH 84] Train: 0.0300 | Val: 0.0255 | LR: 0.001000 | Time: 3.2s
  Epoch [85/100] Batch 0/293 Loss: 0.0324
  Epoch [85/100] Batch 200/293 Loss: 0.0279
[EPOCH 85] Train: 0.0254 | Val: 0.0222 | LR: 0.001000 | Time: 3.2s
[SAVE] Nuevo mejor modelo!
  Epoch [86/100] Batch 0/293 Loss: 0.0296
  Epoch [86/100] Batch 200/293 Loss: 0.0206
[EPOCH 86] Train: 0.0273 | Val: 0.0226 | LR: 0.001000 | Time: 3.2s
  Epoch [87/100] Batch 0/293 Loss: 0.0215
  Epoch [87/100] Batch 200/293 Loss: 0.0231
[EPOCH 87] Train: 0.0283 | Val: 0.0294 | LR: 0.001000 | Time: 3.2s
  Epoch [88/100] Batch 0/293 Loss: 0.0266
  Epoch [88/100] Batch 200/293 Loss: 0.0267
[EPOCH 88] Train: 0.0254 | Val: 0.0265 | LR: 0.001000 | Time: 3.2s
  Epoch [89/100] Batch 0/293 Loss: 0.0263
  Epoch [89/100] Batch 200/293 Loss: 0.0256
[EPOCH 89] Train: 0.0258 | Val: 0.0309 | LR: 0.001000 | Time: 3.2s
  Epoch [90/100] Batch 0/293 Loss: 0.0364
  Epoch [90/100] Batch 200/293 Loss: 0.0302
[EPOCH 90] Train: 0.0279 | Val: 0.0233 | LR: 0.001000 | Time: 3.2s
  Epoch [91/100] Batch 0/293 Loss: 0.0213
  Epoch [91/100] Batch 200/293 Loss: 0.0253
[EPOCH 91] Train: 0.0255 | Val: 0.0275 | LR: 0.001000 | Time: 3.2s
  Epoch [92/100] Batch 0/293 Loss: 0.0362
  Epoch [92/100] Batch 200/293 Loss: 0.0230
[EPOCH 92] Train: 0.0263 | Val: 0.0243 | LR: 0.001000 | Time: 3.2s
  Epoch [93/100] Batch 0/293 Loss: 0.0254
  Epoch [93/100] Batch 200/293 Loss: 0.0187
[EPOCH 93] Train: 0.0250 | Val: 0.0229 | LR: 0.001000 | Time: 3.2s
  Epoch [94/100] Batch 0/293 Loss: 0.0204
  Epoch [94/100] Batch 200/293 Loss: 0.0197
[EPOCH 94] Train: 0.0261 | Val: 0.0233 | LR: 0.000700 | Time: 3.2s
  Epoch [95/100] Batch 0/293 Loss: 0.0165
  Epoch [95/100] Batch 200/293 Loss: 0.0259
[EPOCH 95] Train: 0.0215 | Val: 0.0216 | LR: 0.000700 | Time: 3.2s
[SAVE] Nuevo mejor modelo!
  Epoch [96/100] Batch 0/293 Loss: 0.0222
  Epoch [96/100] Batch 200/293 Loss: 0.0181
[EPOCH 96] Train: 0.0212 | Val: 0.0210 | LR: 0.000700 | Time: 3.2s
[SAVE] Nuevo mejor modelo!
  Epoch [97/100] Batch 0/293 Loss: 0.0167
  Epoch [97/100] Batch 200/293 Loss: 0.0289
[EPOCH 97] Train: 0.0221 | Val: 0.0209 | LR: 0.000700 | Time: 3.2s
[SAVE] Nuevo mejor modelo!
  Epoch [98/100] Batch 0/293 Loss: 0.0138
  Epoch [98/100] Batch 200/293 Loss: 0.0212
[EPOCH 98] Train: 0.0222 | Val: 0.0209 | LR: 0.000700 | Time: 3.2s
[SAVE] Nuevo mejor modelo!
  Epoch [99/100] Batch 0/293 Loss: 0.0219
  Epoch [99/100] Batch 200/293 Loss: 0.0195
[EPOCH 99] Train: 0.0242 | Val: 0.0207 | LR: 0.000700 | Time: 3.2s
[SAVE] Nuevo mejor modelo!
  Epoch [100/100] Batch 0/293 Loss: 0.0180
  Epoch [100/100] Batch 200/293 Loss: 0.0279
[EPOCH 100] Train: 0.0214 | Val: 0.0203 | LR: 0.000700 | Time: 3.2s
[SAVE] Nuevo mejor modelo!

[DONE] 5.3 min. Mejor Val: 0.0203
